[ 2017-12-28T09:41:13+08:00 ] ::1 /wms/qwadmin/index/index.html
INFO: [ app_init ] --START--
INFO: Run Behavior\BuildLiteBehavior [ RunTime:0.000028s ]
INFO: [ app_init ] --END-- [ RunTime:0.000562s ]
INFO: [ app_begin ] --START--
INFO: Run Behavior\ReadHtmlCacheBehavior [ RunTime:0.001587s ]
INFO: [ app_begin ] --END-- [ RunTime:0.002094s ]
NOTIC: [8] A session had already been started - ignoring session_start() E:\php\Apache24\htdocs\wms\App\Qwadmin\Controller\ComController.class.php 第 112 行.

[ 2017-12-28T09:41:13+08:00 ] ::1 /wms/index.php/Qwadmin/login/index.html
INFO: [ app_init ] --START--
INFO: Run Behavior\BuildLiteBehavior [ RunTime:0.000025s ]
INFO: [ app_init ] --END-- [ RunTime:0.000367s ]
INFO: [ app_begin ] --START--
INFO: Run Behavior\ReadHtmlCacheBehavior [ RunTime:0.000662s ]
INFO: [ app_begin ] --END-- [ RunTime:0.000783s ]
NOTIC: [8] A session had already been started - ignoring session_start() E:\php\Apache24\htdocs\wms\App\Qwadmin\Controller\ComController.class.php 第 112 行.
INFO: [ view_parse ] --START--
INFO: [ template_filter ] --START--
INFO: Run Behavior\ContentReplaceBehavior [ RunTime:0.000106s ]
INFO: [ template_filter ] --END-- [ RunTime:0.000245s ]
NOTIC: [8] Undefined variable: current E:\php\Apache24\htdocs\wms\App\Runtime\Cache\Qwadmin\3ec037c4eac547117970073708a020a7.php 第 6 行.
INFO: Run Behavior\ParseTemplateBehavior [ RunTime:0.026478s ]
INFO: [ view_parse ] --END-- [ RunTime:0.026602s ]
INFO: [ view_filter ] --START--
INFO: Run Behavior\WriteHtmlCacheBehavior [ RunTime:0.000300s ]
INFO: [ view_filter ] --END-- [ RunTime:0.000405s ]
INFO: [ app_end ] --START--
INFO: Run Behavior\ShowPageTraceBehavior [ RunTime:0.000541s ]
INFO: [ app_end ] --END-- [ RunTime:0.000657s ]

[ 2017-12-28T09:41:13+08:00 ] ::1 /wms/index.php/Qwadmin/login/verify.html
INFO: [ app_init ] --START--
INFO: Run Behavior\BuildLiteBehavior [ RunTime:0.000021s ]
INFO: [ app_init ] --END-- [ RunTime:0.000347s ]
INFO: [ app_begin ] --START--
INFO: Run Behavior\ReadHtmlCacheBehavior [ RunTime:0.000374s ]
INFO: [ app_begin ] --END-- [ RunTime:0.000479s ]
INFO: [ app_end ] --START--
INFO: Run Behavior\ShowPageTraceBehavior [ RunTime:0.000579s ]
INFO: [ app_end ] --END-- [ RunTime:0.000705s ]

[ 2017-12-28T09:41:20+08:00 ] ::1 /wms/index.php/Qwadmin/login/login.html
INFO: [ app_init ] --START--
INFO: Run Behavior\BuildLiteBehavior [ RunTime:0.000027s ]
INFO: [ app_init ] --END-- [ RunTime:0.000583s ]
INFO: [ app_begin ] --START--
INFO: Run Behavior\ReadHtmlCacheBehavior [ RunTime:0.000659s ]
INFO: [ app_begin ] --END-- [ RunTime:0.000794s ]
SQL: SHOW COLUMNS FROM `qw_member` [ RunTime:0.0053s ]
SQL: SELECT `uid`,`user` FROM `qw_member` WHERE `user` = 'admin' AND `password` = '66d6a1c8748025462128dc75bf5ae8d1' LIMIT 1   [ RunTime:0.0012s ]
NOTIC: [8] A session had already been started - ignoring session_start() E:\php\Apache24\htdocs\wms\App\Qwadmin\Controller\LoginController.class.php 第 51 行.
SQL: SHOW COLUMNS FROM `qw_log` [ RunTime:0.0322s ]
NOTIC: [8] A session had already been started - ignoring session_start() E:\php\Apache24\htdocs\wms\App\Qwadmin\Common\function.php 第 12 行.
SQL: SHOW COLUMNS FROM `qw_member` [ RunTime:0.0059s ]
SQL: SELECT `user` FROM `qw_member` WHERE `uid` = 1 LIMIT 1   [ RunTime:0.0004s ]
SQL: INSERT INTO `qw_log` (`name`,`t`,`ip`,`log`) VALUES ('admin','1514425280','::1','登录成功。') [ RunTime:0.0109s ]

[ 2017-12-28T09:41:21+08:00 ] ::1 /wms/index.php/Qwadmin/index/index.html
INFO: [ app_init ] --START--
INFO: Run Behavior\BuildLiteBehavior [ RunTime:0.000024s ]
INFO: [ app_init ] --END-- [ RunTime:0.000354s ]
INFO: [ app_begin ] --START--
INFO: Run Behavior\ReadHtmlCacheBehavior [ RunTime:0.000349s ]
INFO: [ app_begin ] --END-- [ RunTime:0.000461s ]
NOTIC: [8] A session had already been started - ignoring session_start() E:\php\Apache24\htdocs\wms\App\Qwadmin\Controller\ComController.class.php 第 112 行.
SQL: SHOW COLUMNS FROM `qw_member` [ RunTime:0.0032s ]
SQL: SELECT * FROM `qw_member` WHERE `uid` = 1 LIMIT 1   [ RunTime:0.0009s ]
SQL: SELECT * FROM qw_auth_group g left join qw_auth_group_access a on g.id=a.group_id where a.uid=1 [ RunTime:0.0007s ]
SQL: SHOW COLUMNS FROM `qw_member` [ RunTime:0.0037s ]
SQL: SELECT * FROM `qw_member` WHERE `uid` = 1 LIMIT 1   [ RunTime:0.0011s ]
SQL: SELECT s.id,s.title,s.name,s.tips,s.pid,p.pid as ppid,p.title as ptitle FROM qw_auth_rule s left join qw_auth_rule p on p.id=s.pid where s.name='Index/index' [ RunTime:0.0008s ]
SQL: SHOW COLUMNS FROM `qw_auth_rule` [ RunTime:0.0045s ]
SQL: SELECT `id`,`title`,`pid`,`name`,`icon` FROM `qw_auth_rule` WHERE ( islink=1   ) ORDER BY o ASC  [ RunTime:0.0011s ]
SQL: select guage_id,guage_name from qw_guage where guage_type=0 [ RunTime:0.1391s ]
SQL: select guage_id,guage_name from qw_guage where guage_type=1 [ RunTime:0.0005s ]
SQL: select guage_id,guage_name from qw_guage where guage_type=2 [ RunTime:0.0004s ]
SQL: SHOW COLUMNS FROM `qw_meteorology_scen` [ RunTime:0.0053s ]
SQL: SHOW COLUMNS FROM `qw_temp_scen` [ RunTime:0.0056s ]
SQL: SHOW COLUMNS FROM `qw_scenario` [ RunTime:0.0071s ]
SQL: SELECT `scen_id`,`scen_name` FROM `qw_scenario` WHERE ( scen_type=1 )  [ RunTime:0.0015s ]
SQL: SELECT `scen_id`,`scen_name` FROM `qw_meteorology_scen`  [ RunTime:0.0003s ]
SQL: SELECT `scen_id`,`scen_name` FROM `qw_temp_scen`  [ RunTime:0.0003s ]
INFO: [ view_parse ] --START--
INFO: [ template_filter ] --START--
INFO: Run Behavior\ContentReplaceBehavior [ RunTime:0.000257s ]
INFO: [ template_filter ] --END-- [ RunTime:0.000365s ]
INFO: Run Behavior\ParseTemplateBehavior [ RunTime:0.039792s ]
INFO: [ view_parse ] --END-- [ RunTime:0.039936s ]
INFO: [ view_filter ] --START--
INFO: Run Behavior\WriteHtmlCacheBehavior [ RunTime:0.000297s ]
INFO: [ view_filter ] --END-- [ RunTime:0.000392s ]
INFO: [ app_end ] --START--
INFO: Run Behavior\ShowPageTraceBehavior [ RunTime:0.000443s ]
INFO: [ app_end ] --END-- [ RunTime:0.000543s ]

[ 2017-12-28T09:41:22+08:00 ] ::1 /wms/index.php/Qwadmin/login/login.html
INFO: [ app_init ] --START--
INFO: Run Behavior\BuildLiteBehavior [ RunTime:0.000041s ]
INFO: [ app_init ] --END-- [ RunTime:0.001258s ]
INFO: [ app_begin ] --START--
INFO: Run Behavior\ReadHtmlCacheBehavior [ RunTime:0.000578s ]
INFO: [ app_begin ] --END-- [ RunTime:0.000718s ]
SQL: SHOW COLUMNS FROM `qw_member` [ RunTime:0.0032s ]
SQL: SELECT `uid`,`user` FROM `qw_member` WHERE `user` = 'admin' AND `password` = '66d6a1c8748025462128dc75bf5ae8d1' LIMIT 1   [ RunTime:0.0004s ]
NOTIC: [8] A session had already been started - ignoring session_start() E:\php\Apache24\htdocs\wms\App\Qwadmin\Controller\LoginController.class.php 第 51 行.
SQL: SHOW COLUMNS FROM `qw_log` [ RunTime:0.0041s ]
NOTIC: [8] A session had already been started - ignoring session_start() E:\php\Apache24\htdocs\wms\App\Qwadmin\Common\function.php 第 12 行.
SQL: SHOW COLUMNS FROM `qw_member` [ RunTime:0.0057s ]
SQL: SELECT `user` FROM `qw_member` WHERE `uid` = 1 LIMIT 1   [ RunTime:0.0015s ]
SQL: INSERT INTO `qw_log` (`name`,`t`,`ip`,`log`) VALUES ('admin','1514425282','::1','登录成功。') [ RunTime:0.0004s ]

[ 2017-12-28T09:41:23+08:00 ] ::1 /wms/index.php/Qwadmin/index/index.html
INFO: [ app_init ] --START--
INFO: Run Behavior\BuildLiteBehavior [ RunTime:0.000031s ]
INFO: [ app_init ] --END-- [ RunTime:0.000452s ]
INFO: [ app_begin ] --START--
INFO: Run Behavior\ReadHtmlCacheBehavior [ RunTime:0.000432s ]
INFO: [ app_begin ] --END-- [ RunTime:0.000570s ]
NOTIC: [8] A session had already been started - ignoring session_start() E:\php\Apache24\htdocs\wms\App\Qwadmin\Controller\ComController.class.php 第 112 行.
SQL: SHOW COLUMNS FROM `qw_member` [ RunTime:0.0083s ]
SQL: SELECT * FROM `qw_member` WHERE `uid` = 1 LIMIT 1   [ RunTime:0.0018s ]
SQL: SELECT * FROM qw_auth_group g left join qw_auth_group_access a on g.id=a.group_id where a.uid=1 [ RunTime:0.0005s ]
SQL: SHOW COLUMNS FROM `qw_member` [ RunTime:0.0046s ]
SQL: SELECT * FROM `qw_member` WHERE `uid` = 1 LIMIT 1   [ RunTime:0.0013s ]
SQL: SELECT s.id,s.title,s.name,s.tips,s.pid,p.pid as ppid,p.title as ptitle FROM qw_auth_rule s left join qw_auth_rule p on p.id=s.pid where s.name='Index/index' [ RunTime:0.0005s ]
SQL: SHOW COLUMNS FROM `qw_auth_rule` [ RunTime:0.0042s ]
SQL: SELECT `id`,`title`,`pid`,`name`,`icon` FROM `qw_auth_rule` WHERE ( islink=1   ) ORDER BY o ASC  [ RunTime:0.0013s ]
SQL: select guage_id,guage_name from qw_guage where guage_type=0 [ RunTime:0.0006s ]
SQL: select guage_id,guage_name from qw_guage where guage_type=1 [ RunTime:0.0005s ]
SQL: select guage_id,guage_name from qw_guage where guage_type=2 [ RunTime:0.0004s ]
SQL: SHOW COLUMNS FROM `qw_meteorology_scen` [ RunTime:0.0046s ]
SQL: SHOW COLUMNS FROM `qw_temp_scen` [ RunTime:0.0052s ]
SQL: SHOW COLUMNS FROM `qw_scenario` [ RunTime:0.0035s ]
SQL: SELECT `scen_id`,`scen_name` FROM `qw_scenario` WHERE ( scen_type=1 )  [ RunTime:0.0003s ]
SQL: SELECT `scen_id`,`scen_name` FROM `qw_meteorology_scen`  [ RunTime:0.0002s ]
SQL: SELECT `scen_id`,`scen_name` FROM `qw_temp_scen`  [ RunTime:0.0003s ]
INFO: [ view_parse ] --START--
INFO: [ template_filter ] --START--
INFO: Run Behavior\ContentReplaceBehavior [ RunTime:0.000227s ]
INFO: [ template_filter ] --END-- [ RunTime:0.000336s ]
INFO: Run Behavior\ParseTemplateBehavior [ RunTime:0.035397s ]
INFO: [ view_parse ] --END-- [ RunTime:0.035510s ]
INFO: [ view_filter ] --START--
INFO: Run Behavior\WriteHtmlCacheBehavior [ RunTime:0.000283s ]
INFO: [ view_filter ] --END-- [ RunTime:0.000377s ]
INFO: [ app_end ] --START--
INFO: Run Behavior\ShowPageTraceBehavior [ RunTime:0.000501s ]
INFO: [ app_end ] --END-- [ RunTime:0.000628s ]

[ 2017-12-28T09:41:25+08:00 ] ::1 /wms/qwadmin/index/getdatas?pvar=1&guage=1&scens=1
INFO: [ app_init ] --START--
INFO: Run Behavior\BuildLiteBehavior [ RunTime:0.000143s ]
INFO: [ app_init ] --END-- [ RunTime:0.000770s ]
INFO: [ app_begin ] --START--
INFO: Run Behavior\ReadHtmlCacheBehavior [ RunTime:0.000489s ]
INFO: [ app_begin ] --END-- [ RunTime:0.000606s ]
NOTIC: [8] A session had already been started - ignoring session_start() E:\php\Apache24\htdocs\wms\App\Qwadmin\Controller\ComController.class.php 第 112 行.
SQL: SHOW COLUMNS FROM `qw_member` [ RunTime:0.0054s ]
SQL: SELECT * FROM `qw_member` WHERE `uid` = 1 LIMIT 1   [ RunTime:0.0011s ]
SQL: SELECT * FROM qw_auth_group g left join qw_auth_group_access a on g.id=a.group_id where a.uid=1 [ RunTime:0.0005s ]
SQL: SHOW COLUMNS FROM `qw_member` [ RunTime:0.0031s ]
SQL: SELECT * FROM `qw_member` WHERE `uid` = 1 LIMIT 1   [ RunTime:0.0004s ]
SQL: SELECT s.id,s.title,s.name,s.tips,s.pid,p.pid as ppid,p.title as ptitle FROM qw_auth_rule s left join qw_auth_rule p on p.id=s.pid where s.name='Index/getdatas' [ RunTime:0.0003s ]
NOTIC: [8] Undefined offset: 0 E:\php\Apache24\htdocs\wms\App\Qwadmin\Controller\ComController.class.php 第 61 行.
SQL: SHOW COLUMNS FROM `qw_auth_rule` [ RunTime:0.0029s ]
SQL: SELECT `id`,`title`,`pid`,`name`,`icon` FROM `qw_auth_rule` WHERE ( islink=1   ) ORDER BY o ASC  [ RunTime:0.0010s ]

[ 2017-12-28T09:41:32+08:00 ] ::1 /wms/index.php/Qwadmin/Menu/index.html
INFO: [ app_init ] --START--
INFO: Run Behavior\BuildLiteBehavior [ RunTime:0.000026s ]
INFO: [ app_init ] --END-- [ RunTime:0.000362s ]
INFO: [ app_begin ] --START--
INFO: Run Behavior\ReadHtmlCacheBehavior [ RunTime:0.000438s ]
INFO: [ app_begin ] --END-- [ RunTime:0.000583s ]
NOTIC: [8] A session had already been started - ignoring session_start() E:\php\Apache24\htdocs\wms\App\Qwadmin\Controller\ComController.class.php 第 112 行.
SQL: SHOW COLUMNS FROM `qw_member` [ RunTime:0.0034s ]
SQL: SELECT * FROM `qw_member` WHERE `uid` = 1 LIMIT 1   [ RunTime:0.0010s ]
SQL: SELECT * FROM qw_auth_group g left join qw_auth_group_access a on g.id=a.group_id where a.uid=1 [ RunTime:0.0004s ]
SQL: SHOW COLUMNS FROM `qw_member` [ RunTime:0.0035s ]
SQL: SELECT * FROM `qw_member` WHERE `uid` = 1 LIMIT 1   [ RunTime:0.0011s ]
SQL: SELECT s.id,s.title,s.name,s.tips,s.pid,p.pid as ppid,p.title as ptitle FROM qw_auth_rule s left join qw_auth_rule p on p.id=s.pid where s.name='Menu/index' [ RunTime:0.0004s ]
SQL: SHOW COLUMNS FROM `qw_auth_rule` [ RunTime:0.0032s ]
SQL: SELECT `id`,`title`,`pid`,`name`,`icon` FROM `qw_auth_rule` WHERE ( islink=1   ) ORDER BY o ASC  [ RunTime:0.0006s ]
SQL: SELECT COUNT(*) AS tp_count FROM `qw_auth_rule` LIMIT 1   [ RunTime:0.0002s ]
SQL: SELECT * FROM `qw_auth_rule` ORDER BY o asc  [ RunTime:0.0009s ]
INFO: [ view_parse ] --START--
INFO: [ template_filter ] --START--
INFO: Run Behavior\ContentReplaceBehavior [ RunTime:0.000186s ]
INFO: [ template_filter ] --END-- [ RunTime:0.000347s ]
NOTIC: [8] Undefined variable: page E:\php\Apache24\htdocs\wms\App\Runtime\Cache\Qwadmin\eb4ac1ef728a7e35df7d77a31dc742f3.php 第 473 行.
INFO: Run Behavior\ParseTemplateBehavior [ RunTime:0.058087s ]
INFO: [ view_parse ] --END-- [ RunTime:0.058233s ]
INFO: [ view_filter ] --START--
INFO: Run Behavior\WriteHtmlCacheBehavior [ RunTime:0.000465s ]
INFO: [ view_filter ] --END-- [ RunTime:0.000577s ]
INFO: [ app_end ] --START--
INFO: Run Behavior\ShowPageTraceBehavior [ RunTime:0.000668s ]
INFO: [ app_end ] --END-- [ RunTime:0.000875s ]

[ 2017-12-28T09:43:27+08:00 ] ::1 /wms/index.php/Qwadmin/Pointsource/index.html
INFO: [ app_init ] --START--
INFO: Run Behavior\BuildLiteBehavior [ RunTime:0.000022s ]
INFO: [ app_init ] --END-- [ RunTime:0.000429s ]
INFO: [ app_begin ] --START--
INFO: Run Behavior\ReadHtmlCacheBehavior [ RunTime:0.000514s ]
INFO: [ app_begin ] --END-- [ RunTime:0.000617s ]
NOTIC: [8] A session had already been started - ignoring session_start() E:\php\Apache24\htdocs\wms\App\Qwadmin\Controller\ComController.class.php 第 112 行.
SQL: SHOW COLUMNS FROM `qw_member` [ RunTime:0.0081s ]
SQL: SELECT * FROM `qw_member` WHERE `uid` = 1 LIMIT 1   [ RunTime:0.0009s ]
SQL: SELECT * FROM qw_auth_group g left join qw_auth_group_access a on g.id=a.group_id where a.uid=1 [ RunTime:0.0008s ]
SQL: SHOW COLUMNS FROM `qw_member` [ RunTime:0.0057s ]
SQL: SELECT * FROM `qw_member` WHERE `uid` = 1 LIMIT 1   [ RunTime:0.0011s ]
SQL: SELECT s.id,s.title,s.name,s.tips,s.pid,p.pid as ppid,p.title as ptitle FROM qw_auth_rule s left join qw_auth_rule p on p.id=s.pid where s.name='Pointsource/index' [ RunTime:0.0006s ]
SQL: SHOW COLUMNS FROM `qw_auth_rule` [ RunTime:0.0055s ]
SQL: SELECT `id`,`title`,`pid`,`name`,`icon` FROM `qw_auth_rule` WHERE ( islink=1   ) ORDER BY o ASC  [ RunTime:0.0021s ]
INFO: [ view_parse ] --START--
INFO: [ template_filter ] --START--
INFO: Run Behavior\ContentReplaceBehavior [ RunTime:0.000291s ]
INFO: [ template_filter ] --END-- [ RunTime:0.000443s ]
INFO: Run Behavior\ParseTemplateBehavior [ RunTime:0.077464s ]
INFO: [ view_parse ] --END-- [ RunTime:0.077659s ]
INFO: [ view_filter ] --START--
INFO: Run Behavior\WriteHtmlCacheBehavior [ RunTime:0.000476s ]
INFO: [ view_filter ] --END-- [ RunTime:0.000612s ]
INFO: [ app_end ] --START--
INFO: Run Behavior\ShowPageTraceBehavior [ RunTime:0.000628s ]
INFO: [ app_end ] --END-- [ RunTime:0.000772s ]

[ 2017-12-28T09:43:29+08:00 ] ::1 /wms/index.php/Qwadmin/Scen/ldata.html?_search=false&nd=1514425407931&rows=10&page=1&sidx=&sord=asc
INFO: [ app_init ] --START--
INFO: Run Behavior\BuildLiteBehavior [ RunTime:0.000041s ]
INFO: [ app_init ] --END-- [ RunTime:0.000504s ]
INFO: [ app_begin ] --START--
INFO: Run Behavior\ReadHtmlCacheBehavior [ RunTime:0.000406s ]
INFO: [ app_begin ] --END-- [ RunTime:0.000566s ]
NOTIC: [8] A session had already been started - ignoring session_start() E:\php\Apache24\htdocs\wms\App\Qwadmin\Controller\ComController.class.php 第 112 行.
SQL: SHOW COLUMNS FROM `qw_member` [ RunTime:0.0076s ]
SQL: SELECT * FROM `qw_member` WHERE `uid` = 1 LIMIT 1   [ RunTime:0.0010s ]
SQL: SELECT * FROM qw_auth_group g left join qw_auth_group_access a on g.id=a.group_id where a.uid=1 [ RunTime:0.0007s ]
SQL: SHOW COLUMNS FROM `qw_member` [ RunTime:0.0050s ]
SQL: SELECT * FROM `qw_member` WHERE `uid` = 1 LIMIT 1   [ RunTime:0.0015s ]
SQL: SELECT s.id,s.title,s.name,s.tips,s.pid,p.pid as ppid,p.title as ptitle FROM qw_auth_rule s left join qw_auth_rule p on p.id=s.pid where s.name='Scen/ldata' [ RunTime:0.0005s ]
NOTIC: [8] Undefined offset: 0 E:\php\Apache24\htdocs\wms\App\Qwadmin\Controller\ComController.class.php 第 61 行.
SQL: SHOW COLUMNS FROM `qw_auth_rule` [ RunTime:0.0050s ]
SQL: SELECT `id`,`title`,`pid`,`name`,`icon` FROM `qw_auth_rule` WHERE ( islink=1   ) ORDER BY o ASC  [ RunTime:0.0018s ]
SQL: SHOW COLUMNS FROM `qw_meteorology_scen` [ RunTime:0.0047s ]
SQL: SELECT scen_id id,`scen_name`,`scen_type`,`scen_method`,`scen_value`,`scen_file`,`scen_desc`,`scen_createdate`,`scen_modifieddate`,`scen_id_fk`,`scen_target` FROM `qw_meteorology_scen` LIMIT 0,10   [ RunTime:0.0015s ]
SQL: SELECT COUNT(*) AS tp_count FROM `qw_meteorology_scen` LIMIT 1   [ RunTime:0.0003s ]

[ 2017-12-28T15:43:52+08:00 ] ::1 /wms/qwadmin/index/index.html
INFO: [ app_init ] --START--
INFO: Run Behavior\BuildLiteBehavior [ RunTime:0.000026s ]
INFO: [ app_init ] --END-- [ RunTime:0.000443s ]
INFO: [ app_begin ] --START--
INFO: Run Behavior\ReadHtmlCacheBehavior [ RunTime:0.000589s ]
INFO: [ app_begin ] --END-- [ RunTime:0.000733s ]
NOTIC: [8] A session had already been started - ignoring session_start() E:\php\Apache24\htdocs\wms\App\Qwadmin\Controller\ComController.class.php 第 112 行.

[ 2017-12-28T15:43:52+08:00 ] ::1 /wms/index.php/Qwadmin/login/index.html
INFO: [ app_init ] --START--
INFO: Run Behavior\BuildLiteBehavior [ RunTime:0.000069s ]
INFO: [ app_init ] --END-- [ RunTime:0.001014s ]
INFO: [ app_begin ] --START--
INFO: Run Behavior\ReadHtmlCacheBehavior [ RunTime:0.001290s ]
INFO: [ app_begin ] --END-- [ RunTime:0.001640s ]
NOTIC: [8] A session had already been started - ignoring session_start() E:\php\Apache24\htdocs\wms\App\Qwadmin\Controller\ComController.class.php 第 112 行.
INFO: [ view_parse ] --START--
INFO: [ template_filter ] --START--
INFO: Run Behavior\ContentReplaceBehavior [ RunTime:0.000270s ]
INFO: [ template_filter ] --END-- [ RunTime:0.000619s ]
NOTIC: [8] Undefined variable: current E:\php\Apache24\htdocs\wms\App\Runtime\Cache\Qwadmin\3ec037c4eac547117970073708a020a7.php 第 6 行.
INFO: Run Behavior\ParseTemplateBehavior [ RunTime:0.083345s ]
INFO: [ view_parse ] --END-- [ RunTime:0.083688s ]
INFO: [ view_filter ] --START--
INFO: Run Behavior\WriteHtmlCacheBehavior [ RunTime:0.000860s ]
INFO: [ view_filter ] --END-- [ RunTime:0.001172s ]
INFO: [ app_end ] --START--
INFO: Run Behavior\ShowPageTraceBehavior [ RunTime:0.001419s ]
INFO: [ app_end ] --END-- [ RunTime:0.001754s ]

[ 2017-12-28T15:43:53+08:00 ] ::1 /wms/index.php/Qwadmin/login/verify.html
INFO: [ app_init ] --START--
INFO: Run Behavior\BuildLiteBehavior [ RunTime:0.000042s ]
INFO: [ app_init ] --END-- [ RunTime:0.000703s ]
INFO: [ app_begin ] --START--
INFO: Run Behavior\ReadHtmlCacheBehavior [ RunTime:0.000698s ]
INFO: [ app_begin ] --END-- [ RunTime:0.000912s ]
INFO: [ app_end ] --START--
INFO: Run Behavior\ShowPageTraceBehavior [ RunTime:0.000959s ]
INFO: [ app_end ] --END-- [ RunTime:0.001183s ]

[ 2017-12-28T15:43:59+08:00 ] ::1 /wms/index.php/Qwadmin/login/login.html
INFO: [ app_init ] --START--
INFO: Run Behavior\BuildLiteBehavior [ RunTime:0.000027s ]
INFO: [ app_init ] --END-- [ RunTime:0.000418s ]
INFO: [ app_begin ] --START--
INFO: Run Behavior\ReadHtmlCacheBehavior [ RunTime:0.000424s ]
INFO: [ app_begin ] --END-- [ RunTime:0.000562s ]
SQL: SHOW COLUMNS FROM `qw_member` [ RunTime:0.0065s ]
SQL: SELECT `uid`,`user` FROM `qw_member` WHERE `user` = 'admin' AND `password` = '66d6a1c8748025462128dc75bf5ae8d1' LIMIT 1   [ RunTime:0.0012s ]
NOTIC: [8] A session had already been started - ignoring session_start() E:\php\Apache24\htdocs\wms\App\Qwadmin\Controller\LoginController.class.php 第 51 行.
SQL: SHOW COLUMNS FROM `qw_log` [ RunTime:0.0409s ]
NOTIC: [8] A session had already been started - ignoring session_start() E:\php\Apache24\htdocs\wms\App\Qwadmin\Common\function.php 第 12 行.
SQL: SHOW COLUMNS FROM `qw_member` [ RunTime:0.0049s ]
SQL: SELECT `user` FROM `qw_member` WHERE `uid` = 1 LIMIT 1   [ RunTime:0.0007s ]
SQL: INSERT INTO `qw_log` (`name`,`t`,`ip`,`log`) VALUES ('admin','1514447039','::1','登录成功。') [ RunTime:0.0175s ]

[ 2017-12-28T15:44:00+08:00 ] ::1 /wms/index.php/Qwadmin/index/index.html
INFO: [ app_init ] --START--
INFO: Run Behavior\BuildLiteBehavior [ RunTime:0.000077s ]
INFO: [ app_init ] --END-- [ RunTime:0.001138s ]
INFO: [ app_begin ] --START--
INFO: Run Behavior\ReadHtmlCacheBehavior [ RunTime:0.001444s ]
INFO: [ app_begin ] --END-- [ RunTime:0.001903s ]
NOTIC: [8] A session had already been started - ignoring session_start() E:\php\Apache24\htdocs\wms\App\Qwadmin\Controller\ComController.class.php 第 112 行.
SQL: SHOW COLUMNS FROM `qw_member` [ RunTime:0.0052s ]
SQL: SELECT * FROM `qw_member` WHERE `uid` = 1 LIMIT 1   [ RunTime:0.0010s ]
SQL: SELECT * FROM qw_auth_group g left join qw_auth_group_access a on g.id=a.group_id where a.uid=1 [ RunTime:0.0020s ]
SQL: SHOW COLUMNS FROM `qw_member` [ RunTime:0.0045s ]
SQL: SELECT * FROM `qw_member` WHERE `uid` = 1 LIMIT 1   [ RunTime:0.0007s ]
SQL: SELECT s.id,s.title,s.name,s.tips,s.pid,p.pid as ppid,p.title as ptitle FROM qw_auth_rule s left join qw_auth_rule p on p.id=s.pid where s.name='Index/index' [ RunTime:0.0020s ]
SQL: SHOW COLUMNS FROM `qw_auth_rule` [ RunTime:0.0047s ]
SQL: SELECT `id`,`title`,`pid`,`name`,`icon` FROM `qw_auth_rule` WHERE ( islink=1   ) ORDER BY o ASC  [ RunTime:0.0014s ]
SQL: select guage_id,guage_name from qw_guage where guage_type=0 [ RunTime:0.0387s ]
SQL: select guage_id,guage_name from qw_guage where guage_type=1 [ RunTime:0.0010s ]
SQL: select guage_id,guage_name from qw_guage where guage_type=2 [ RunTime:0.0007s ]
SQL: SHOW COLUMNS FROM `qw_meteorology_scen` [ RunTime:0.0065s ]
SQL: SHOW COLUMNS FROM `qw_temp_scen` [ RunTime:0.0053s ]
SQL: SHOW COLUMNS FROM `qw_scenario` [ RunTime:0.0069s ]
SQL: SELECT `scen_id`,`scen_name` FROM `qw_scenario` WHERE ( scen_type=1 )  [ RunTime:0.0008s ]
SQL: SELECT `scen_id`,`scen_name` FROM `qw_meteorology_scen`  [ RunTime:0.0006s ]
SQL: SELECT `scen_id`,`scen_name` FROM `qw_temp_scen`  [ RunTime:0.0007s ]
INFO: [ view_parse ] --START--
INFO: [ template_filter ] --START--
INFO: Run Behavior\ContentReplaceBehavior [ RunTime:0.000629s ]
INFO: [ template_filter ] --END-- [ RunTime:0.000987s ]
INFO: Run Behavior\ParseTemplateBehavior [ RunTime:0.090187s ]
INFO: [ view_parse ] --END-- [ RunTime:0.090445s ]
INFO: [ view_filter ] --START--
INFO: Run Behavior\WriteHtmlCacheBehavior [ RunTime:0.000496s ]
INFO: [ view_filter ] --END-- [ RunTime:0.000633s ]
INFO: [ app_end ] --START--
INFO: Run Behavior\ShowPageTraceBehavior [ RunTime:0.000657s ]
INFO: [ app_end ] --END-- [ RunTime:0.000803s ]

[ 2017-12-28T15:44:02+08:00 ] ::1 /wms/qwadmin/index/getdatas?pvar=1&guage=1&scens=1
INFO: [ app_init ] --START--
INFO: Run Behavior\BuildLiteBehavior [ RunTime:0.000048s ]
INFO: [ app_init ] --END-- [ RunTime:0.000779s ]
INFO: [ app_begin ] --START--
INFO: Run Behavior\ReadHtmlCacheBehavior [ RunTime:0.000529s ]
INFO: [ app_begin ] --END-- [ RunTime:0.000671s ]
NOTIC: [8] A session had already been started - ignoring session_start() E:\php\Apache24\htdocs\wms\App\Qwadmin\Controller\ComController.class.php 第 112 行.
SQL: SHOW COLUMNS FROM `qw_member` [ RunTime:0.0048s ]
SQL: SELECT * FROM `qw_member` WHERE `uid` = 1 LIMIT 1   [ RunTime:0.0009s ]
SQL: SELECT * FROM qw_auth_group g left join qw_auth_group_access a on g.id=a.group_id where a.uid=1 [ RunTime:0.0007s ]
SQL: SHOW COLUMNS FROM `qw_member` [ RunTime:0.0048s ]
SQL: SELECT * FROM `qw_member` WHERE `uid` = 1 LIMIT 1   [ RunTime:0.0007s ]
SQL: SELECT s.id,s.title,s.name,s.tips,s.pid,p.pid as ppid,p.title as ptitle FROM qw_auth_rule s left join qw_auth_rule p on p.id=s.pid where s.name='Index/getdatas' [ RunTime:0.0009s ]
NOTIC: [8] Undefined offset: 0 E:\php\Apache24\htdocs\wms\App\Qwadmin\Controller\ComController.class.php 第 61 行.
SQL: SHOW COLUMNS FROM `qw_auth_rule` [ RunTime:0.0093s ]
SQL: SELECT `id`,`title`,`pid`,`name`,`icon` FROM `qw_auth_rule` WHERE ( islink=1   ) ORDER BY o ASC  [ RunTime:0.0013s ]

[ 2017-12-28T15:44:37+08:00 ] ::1 /wms/index.php/Qwadmin/Pointsource/readconfig.html
INFO: [ app_init ] --START--
INFO: Run Behavior\BuildLiteBehavior [ RunTime:0.000024s ]
INFO: [ app_init ] --END-- [ RunTime:0.000349s ]
INFO: [ app_begin ] --START--
INFO: Run Behavior\ReadHtmlCacheBehavior [ RunTime:0.000374s ]
INFO: [ app_begin ] --END-- [ RunTime:0.000488s ]
NOTIC: [8] A session had already been started - ignoring session_start() E:\php\Apache24\htdocs\wms\App\Qwadmin\Controller\ComController.class.php 第 112 行.
SQL: SHOW COLUMNS FROM `qw_member` [ RunTime:0.0052s ]
SQL: SELECT * FROM `qw_member` WHERE `uid` = 1 LIMIT 1   [ RunTime:0.0009s ]
SQL: SELECT * FROM qw_auth_group g left join qw_auth_group_access a on g.id=a.group_id where a.uid=1 [ RunTime:0.0008s ]
SQL: SHOW COLUMNS FROM `qw_member` [ RunTime:0.0050s ]
SQL: SELECT * FROM `qw_member` WHERE `uid` = 1 LIMIT 1   [ RunTime:0.0008s ]
SQL: SELECT s.id,s.title,s.name,s.tips,s.pid,p.pid as ppid,p.title as ptitle FROM qw_auth_rule s left join qw_auth_rule p on p.id=s.pid where s.name='Pointsource/readconfig' [ RunTime:0.0009s ]
NOTIC: [8] Undefined offset: 0 E:\php\Apache24\htdocs\wms\App\Qwadmin\Controller\ComController.class.php 第 61 行.
SQL: SHOW COLUMNS FROM `qw_auth_rule` [ RunTime:0.0052s ]
SQL: SELECT `id`,`title`,`pid`,`name`,`icon` FROM `qw_auth_rule` WHERE ( islink=1   ) ORDER BY o ASC  [ RunTime:0.0013s ]

[ 2017-12-28T15:45:23+08:00 ] ::1 /wms/index.php/Qwadmin/Pointsource/readconfig.html
INFO: [ app_init ] --START--
INFO: Run Behavior\BuildLiteBehavior [ RunTime:0.000068s ]
INFO: [ app_init ] --END-- [ RunTime:0.001025s ]
INFO: [ app_begin ] --START--
INFO: Run Behavior\ReadHtmlCacheBehavior [ RunTime:0.001114s ]
INFO: [ app_begin ] --END-- [ RunTime:0.001463s ]
NOTIC: [8] A session had already been started - ignoring session_start() E:\php\Apache24\htdocs\wms\App\Qwadmin\Controller\ComController.class.php 第 112 行.
SQL: SHOW COLUMNS FROM `qw_member` [ RunTime:0.0052s ]
SQL: SELECT * FROM `qw_member` WHERE `uid` = 1 LIMIT 1   [ RunTime:0.0009s ]
SQL: SELECT * FROM qw_auth_group g left join qw_auth_group_access a on g.id=a.group_id where a.uid=1 [ RunTime:0.0008s ]
SQL: SHOW COLUMNS FROM `qw_member` [ RunTime:0.0093s ]
SQL: SELECT * FROM `qw_member` WHERE `uid` = 1 LIMIT 1   [ RunTime:0.0008s ]
SQL: SELECT s.id,s.title,s.name,s.tips,s.pid,p.pid as ppid,p.title as ptitle FROM qw_auth_rule s left join qw_auth_rule p on p.id=s.pid where s.name='Pointsource/readconfig' [ RunTime:0.0008s ]
NOTIC: [8] Undefined offset: 0 E:\php\Apache24\htdocs\wms\App\Qwadmin\Controller\ComController.class.php 第 61 行.
SQL: SHOW COLUMNS FROM `qw_auth_rule` [ RunTime:0.0049s ]
SQL: SELECT `id`,`title`,`pid`,`name`,`icon` FROM `qw_auth_rule` WHERE ( islink=1   ) ORDER BY o ASC  [ RunTime:0.0014s ]

[ 2017-12-28T15:45:32+08:00 ] ::1 /wms/index.php/Qwadmin/Pointsource/readconfig.html
INFO: [ app_init ] --START--
INFO: Run Behavior\BuildLiteBehavior [ RunTime:0.000067s ]
INFO: [ app_init ] --END-- [ RunTime:0.001016s ]
INFO: [ app_begin ] --START--
INFO: Run Behavior\ReadHtmlCacheBehavior [ RunTime:0.001098s ]
INFO: [ app_begin ] --END-- [ RunTime:0.001450s ]
NOTIC: [8] A session had already been started - ignoring session_start() E:\php\Apache24\htdocs\wms\App\Qwadmin\Controller\ComController.class.php 第 112 行.
SQL: SHOW COLUMNS FROM `qw_member` [ RunTime:0.0019s ]
SQL: SELECT * FROM `qw_member` WHERE `uid` = 1 LIMIT 1   [ RunTime:0.0003s ]
SQL: SELECT * FROM qw_auth_group g left join qw_auth_group_access a on g.id=a.group_id where a.uid=1 [ RunTime:0.0002s ]
SQL: SHOW COLUMNS FROM `qw_member` [ RunTime:0.0018s ]
SQL: SELECT * FROM `qw_member` WHERE `uid` = 1 LIMIT 1   [ RunTime:0.0003s ]
SQL: SELECT s.id,s.title,s.name,s.tips,s.pid,p.pid as ppid,p.title as ptitle FROM qw_auth_rule s left join qw_auth_rule p on p.id=s.pid where s.name='Pointsource/readconfig' [ RunTime:0.0002s ]
NOTIC: [8] Undefined offset: 0 E:\php\Apache24\htdocs\wms\App\Qwadmin\Controller\ComController.class.php 第 61 行.
SQL: SHOW COLUMNS FROM `qw_auth_rule` [ RunTime:0.0020s ]
SQL: SELECT `id`,`title`,`pid`,`name`,`icon` FROM `qw_auth_rule` WHERE ( islink=1   ) ORDER BY o ASC  [ RunTime:0.0005s ]

[ 2017-12-28T15:51:53+08:00 ] ::1 /wms/index.php/Qwadmin/Pointsource/readconfig.html
INFO: [ app_init ] --START--
INFO: Run Behavior\BuildLiteBehavior [ RunTime:0.000132s ]
INFO: [ app_init ] --END-- [ RunTime:0.001449s ]
INFO: [ app_begin ] --START--
INFO: Run Behavior\ReadHtmlCacheBehavior [ RunTime:0.001237s ]
INFO: [ app_begin ] --END-- [ RunTime:0.001822s ]
NOTIC: [8] A session had already been started - ignoring session_start() E:\php\Apache24\htdocs\wms\App\Qwadmin\Controller\ComController.class.php 第 112 行.
SQL: SHOW COLUMNS FROM `qw_member` [ RunTime:0.0023s ]
SQL: SELECT * FROM `qw_member` WHERE `uid` = 1 LIMIT 1   [ RunTime:0.0005s ]
SQL: SELECT * FROM qw_auth_group g left join qw_auth_group_access a on g.id=a.group_id where a.uid=1 [ RunTime:0.0004s ]
SQL: SHOW COLUMNS FROM `qw_member` [ RunTime:0.0022s ]
SQL: SELECT * FROM `qw_member` WHERE `uid` = 1 LIMIT 1   [ RunTime:0.0004s ]
SQL: SELECT s.id,s.title,s.name,s.tips,s.pid,p.pid as ppid,p.title as ptitle FROM qw_auth_rule s left join qw_auth_rule p on p.id=s.pid where s.name='Pointsource/readconfig' [ RunTime:0.0003s ]
NOTIC: [8] Undefined offset: 0 E:\php\Apache24\htdocs\wms\App\Qwadmin\Controller\ComController.class.php 第 61 行.
SQL: SHOW COLUMNS FROM `qw_auth_rule` [ RunTime:0.0022s ]
SQL: SELECT `id`,`title`,`pid`,`name`,`icon` FROM `qw_auth_rule` WHERE ( islink=1   ) ORDER BY o ASC  [ RunTime:0.0007s ]

[ 2017-12-28T15:52:07+08:00 ] ::1 /wms/index.php/Qwadmin/Pointsource/readconfig.html
INFO: [ app_init ] --START--
INFO: Run Behavior\BuildLiteBehavior [ RunTime:0.000076s ]
INFO: [ app_init ] --END-- [ RunTime:0.000916s ]
INFO: [ app_begin ] --START--
INFO: Run Behavior\ReadHtmlCacheBehavior [ RunTime:0.000929s ]
INFO: [ app_begin ] --END-- [ RunTime:0.001293s ]
NOTIC: [8] A session had already been started - ignoring session_start() E:\php\Apache24\htdocs\wms\App\Qwadmin\Controller\ComController.class.php 第 112 行.
SQL: SHOW COLUMNS FROM `qw_member` [ RunTime:0.0062s ]
SQL: SELECT * FROM `qw_member` WHERE `uid` = 1 LIMIT 1   [ RunTime:0.0012s ]
SQL: SELECT * FROM qw_auth_group g left join qw_auth_group_access a on g.id=a.group_id where a.uid=1 [ RunTime:0.0020s ]
SQL: SHOW COLUMNS FROM `qw_member` [ RunTime:0.0049s ]
SQL: SELECT * FROM `qw_member` WHERE `uid` = 1 LIMIT 1   [ RunTime:0.0008s ]
SQL: SELECT s.id,s.title,s.name,s.tips,s.pid,p.pid as ppid,p.title as ptitle FROM qw_auth_rule s left join qw_auth_rule p on p.id=s.pid where s.name='Pointsource/readconfig' [ RunTime:0.0019s ]
NOTIC: [8] Undefined offset: 0 E:\php\Apache24\htdocs\wms\App\Qwadmin\Controller\ComController.class.php 第 61 行.
SQL: SHOW COLUMNS FROM `qw_auth_rule` [ RunTime:0.0048s ]
SQL: SELECT `id`,`title`,`pid`,`name`,`icon` FROM `qw_auth_rule` WHERE ( islink=1   ) ORDER BY o ASC  [ RunTime:0.0015s ]

[ 2017-12-28T15:53:09+08:00 ] ::1 /wms/index.php/Qwadmin/Pointsource/readconfig.html
INFO: [ app_init ] --START--
INFO: Run Behavior\BuildLiteBehavior [ RunTime:0.000048s ]
INFO: [ app_init ] --END-- [ RunTime:0.000534s ]
INFO: [ app_begin ] --START--
INFO: Run Behavior\ReadHtmlCacheBehavior [ RunTime:0.000476s ]
INFO: [ app_begin ] --END-- [ RunTime:0.000701s ]
NOTIC: [8] A session had already been started - ignoring session_start() E:\php\Apache24\htdocs\wms\App\Qwadmin\Controller\ComController.class.php 第 112 行.
SQL: SHOW COLUMNS FROM `qw_member` [ RunTime:0.0056s ]
SQL: SELECT * FROM `qw_member` WHERE `uid` = 1 LIMIT 1   [ RunTime:0.0010s ]
SQL: SELECT * FROM qw_auth_group g left join qw_auth_group_access a on g.id=a.group_id where a.uid=1 [ RunTime:0.0010s ]
SQL: SHOW COLUMNS FROM `qw_member` [ RunTime:0.0051s ]
SQL: SELECT * FROM `qw_member` WHERE `uid` = 1 LIMIT 1   [ RunTime:0.0008s ]
SQL: SELECT s.id,s.title,s.name,s.tips,s.pid,p.pid as ppid,p.title as ptitle FROM qw_auth_rule s left join qw_auth_rule p on p.id=s.pid where s.name='Pointsource/readconfig' [ RunTime:0.0010s ]
NOTIC: [8] Undefined offset: 0 E:\php\Apache24\htdocs\wms\App\Qwadmin\Controller\ComController.class.php 第 61 行.
SQL: SHOW COLUMNS FROM `qw_auth_rule` [ RunTime:0.0048s ]
SQL: SELECT `id`,`title`,`pid`,`name`,`icon` FROM `qw_auth_rule` WHERE ( islink=1   ) ORDER BY o ASC  [ RunTime:0.0014s ]

[ 2017-12-28T15:59:15+08:00 ] ::1 /wms/index.php/Qwadmin/Pointsource/readconfig.html
INFO: [ app_init ] --START--
INFO: Run Behavior\BuildLiteBehavior [ RunTime:0.000080s ]
INFO: [ app_init ] --END-- [ RunTime:0.000948s ]
INFO: [ app_begin ] --START--
INFO: Run Behavior\ReadHtmlCacheBehavior [ RunTime:0.000925s ]
INFO: [ app_begin ] --END-- [ RunTime:0.001298s ]
NOTIC: [8] A session had already been started - ignoring session_start() E:\php\Apache24\htdocs\wms\App\Qwadmin\Controller\ComController.class.php 第 112 行.
SQL: SHOW COLUMNS FROM `qw_member` [ RunTime:0.0057s ]
SQL: SELECT * FROM `qw_member` WHERE `uid` = 1 LIMIT 1   [ RunTime:0.0009s ]
SQL: SELECT * FROM qw_auth_group g left join qw_auth_group_access a on g.id=a.group_id where a.uid=1 [ RunTime:0.0008s ]
SQL: SHOW COLUMNS FROM `qw_member` [ RunTime:0.0048s ]
SQL: SELECT * FROM `qw_member` WHERE `uid` = 1 LIMIT 1   [ RunTime:0.0008s ]
SQL: SELECT s.id,s.title,s.name,s.tips,s.pid,p.pid as ppid,p.title as ptitle FROM qw_auth_rule s left join qw_auth_rule p on p.id=s.pid where s.name='Pointsource/readconfig' [ RunTime:0.0009s ]
NOTIC: [8] Undefined offset: 0 E:\php\Apache24\htdocs\wms\App\Qwadmin\Controller\ComController.class.php 第 61 行.
SQL: SHOW COLUMNS FROM `qw_auth_rule` [ RunTime:0.0048s ]
SQL: SELECT `id`,`title`,`pid`,`name`,`icon` FROM `qw_auth_rule` WHERE ( islink=1   ) ORDER BY o ASC  [ RunTime:0.0015s ]

