[ 2018-02-24T11:52:10+08:00 ] ::1 /wms/qwadmin/index/index.html
INFO: [ app_init ] --START--
INFO: Run Behavior\BuildLiteBehavior [ RunTime:0.000030s ]
INFO: [ app_init ] --END-- [ RunTime:0.001684s ]
INFO: [ app_begin ] --START--
INFO: Run Behavior\ReadHtmlCacheBehavior [ RunTime:0.001336s ]
INFO: [ app_begin ] --END-- [ RunTime:0.001483s ]
NOTIC: [8] A session had already been started - ignoring session_start() E:\php\Apache24\htdocs\wms\App\Qwadmin\Controller\ComController.class.php 第 112 行.

[ 2018-02-24T11:52:11+08:00 ] ::1 /wms/index.php/Qwadmin/login/index.html
INFO: [ app_init ] --START--
INFO: Run Behavior\BuildLiteBehavior [ RunTime:0.000033s ]
INFO: [ app_init ] --END-- [ RunTime:0.000889s ]
INFO: [ app_begin ] --START--
INFO: Run Behavior\ReadHtmlCacheBehavior [ RunTime:0.000802s ]
INFO: [ app_begin ] --END-- [ RunTime:0.000960s ]
NOTIC: [8] A session had already been started - ignoring session_start() E:\php\Apache24\htdocs\wms\App\Qwadmin\Controller\ComController.class.php 第 112 行.
INFO: [ view_parse ] --START--
INFO: [ template_filter ] --START--
INFO: Run Behavior\ContentReplaceBehavior [ RunTime:0.000093s ]
INFO: [ template_filter ] --END-- [ RunTime:0.000209s ]
NOTIC: [8] Undefined variable: current E:\php\Apache24\htdocs\wms\App\Runtime\Cache\Qwadmin\3ec037c4eac547117970073708a020a7.php 第 6 行.
INFO: Run Behavior\ParseTemplateBehavior [ RunTime:0.103194s ]
INFO: [ view_parse ] --END-- [ RunTime:0.103385s ]
INFO: [ view_filter ] --START--
INFO: Run Behavior\WriteHtmlCacheBehavior [ RunTime:0.001764s ]
INFO: [ view_filter ] --END-- [ RunTime:0.002114s ]
INFO: [ app_end ] --START--
INFO: Run Behavior\ShowPageTraceBehavior [ RunTime:0.002352s ]
INFO: [ app_end ] --END-- [ RunTime:0.003016s ]

[ 2018-02-24T11:52:11+08:00 ] ::1 /wms/index.php/Qwadmin/login/verify.html
INFO: [ app_init ] --START--
INFO: Run Behavior\BuildLiteBehavior [ RunTime:0.000024s ]
INFO: [ app_init ] --END-- [ RunTime:0.000744s ]
INFO: [ app_begin ] --START--
INFO: Run Behavior\ReadHtmlCacheBehavior [ RunTime:0.000676s ]
INFO: [ app_begin ] --END-- [ RunTime:0.000799s ]
INFO: [ app_end ] --START--
INFO: Run Behavior\ShowPageTraceBehavior [ RunTime:0.000799s ]
INFO: [ app_end ] --END-- [ RunTime:0.000920s ]

[ 2018-02-24T11:52:13+08:00 ] ::1 /wms/index.php/Qwadmin/login/login.html
INFO: [ app_init ] --START--
INFO: Run Behavior\BuildLiteBehavior [ RunTime:0.000022s ]
INFO: [ app_init ] --END-- [ RunTime:0.000499s ]
INFO: [ app_begin ] --START--
INFO: Run Behavior\ReadHtmlCacheBehavior [ RunTime:0.000600s ]
INFO: [ app_begin ] --END-- [ RunTime:0.000707s ]
SQL: SHOW COLUMNS FROM `qw_member` [ RunTime:0.0605s ]
SQL: SELECT `uid`,`user` FROM `qw_member` WHERE `user` = 'admin' AND `password` = '66d6a1c8748025462128dc75bf5ae8d1' LIMIT 1   [ RunTime:0.0019s ]
NOTIC: [8] A session had already been started - ignoring session_start() E:\php\Apache24\htdocs\wms\App\Qwadmin\Controller\LoginController.class.php 第 51 行.
SQL: SHOW COLUMNS FROM `qw_log` [ RunTime:0.0390s ]
NOTIC: [8] A session had already been started - ignoring session_start() E:\php\Apache24\htdocs\wms\App\Qwadmin\Common\function.php 第 12 行.
SQL: SHOW COLUMNS FROM `qw_member` [ RunTime:0.0087s ]
SQL: SELECT `user` FROM `qw_member` WHERE `uid` = 1 LIMIT 1   [ RunTime:0.0011s ]
SQL: INSERT INTO `qw_log` (`name`,`t`,`ip`,`log`) VALUES ('admin','1519444333','::1','登录成功。') [ RunTime:0.0449s ]

[ 2018-02-24T11:52:15+08:00 ] ::1 /wms/index.php/Qwadmin/index/index.html
INFO: [ app_init ] --START--
INFO: Run Behavior\BuildLiteBehavior [ RunTime:0.000050s ]
INFO: [ app_init ] --END-- [ RunTime:0.001122s ]
INFO: [ app_begin ] --START--
INFO: Run Behavior\ReadHtmlCacheBehavior [ RunTime:0.000825s ]
INFO: [ app_begin ] --END-- [ RunTime:0.000968s ]
NOTIC: [8] A session had already been started - ignoring session_start() E:\php\Apache24\htdocs\wms\App\Qwadmin\Controller\ComController.class.php 第 112 行.
SQL: SHOW COLUMNS FROM `qw_member` [ RunTime:0.0029s ]
SQL: SELECT * FROM `qw_member` WHERE `uid` = 1 LIMIT 1   [ RunTime:0.0006s ]
SQL: SELECT * FROM qw_auth_group g left join qw_auth_group_access a on g.id=a.group_id where a.uid=1 [ RunTime:0.0779s ]
SQL: SHOW COLUMNS FROM `qw_member` [ RunTime:0.0085s ]
SQL: SELECT * FROM `qw_member` WHERE `uid` = 1 LIMIT 1   [ RunTime:0.0019s ]
SQL: SELECT s.id,s.title,s.name,s.tips,s.pid,p.pid as ppid,p.title as ptitle FROM qw_auth_rule s left join qw_auth_rule p on p.id=s.pid where s.name='Index/index' [ RunTime:0.0070s ]
SQL: SHOW COLUMNS FROM `qw_auth_rule` [ RunTime:0.0079s ]
SQL: SELECT `id`,`title`,`pid`,`name`,`icon` FROM `qw_auth_rule` WHERE ( islink=1   ) ORDER BY o ASC  [ RunTime:0.0031s ]
SQL: select guage_id,guage_name from qw_guage where guage_type=0 [ RunTime:0.0478s ]
SQL: select guage_id,guage_name from qw_guage where guage_type=1 [ RunTime:0.0010s ]
SQL: select guage_id,guage_name from qw_guage where guage_type=2 [ RunTime:0.0008s ]
SQL: SHOW COLUMNS FROM `qw_meteorology_scen` [ RunTime:0.0371s ]
SQL: SHOW COLUMNS FROM `qw_temp_scen` [ RunTime:0.0443s ]
SQL: SHOW COLUMNS FROM `qw_scenario` [ RunTime:0.0408s ]
SQL: SELECT `scen_id`,`scen_name` FROM `qw_scenario`  [ RunTime:0.0026s ]
SQL: SELECT `scen_id`,`scen_name` FROM `qw_meteorology_scen` WHERE ( idata=1 )  [ RunTime:0.0007s ]
SQL: SELECT `scen_id`,`scen_name` FROM `qw_temp_scen` WHERE ( idata=1 )  [ RunTime:0.0007s ]
INFO: [ view_parse ] --START--
INFO: [ template_filter ] --START--
INFO: Run Behavior\ContentReplaceBehavior [ RunTime:0.000541s ]
INFO: [ template_filter ] --END-- [ RunTime:0.000785s ]
INFO: Run Behavior\ParseTemplateBehavior [ RunTime:0.338756s ]
INFO: [ view_parse ] --END-- [ RunTime:0.339032s ]
INFO: [ view_filter ] --START--
INFO: Run Behavior\WriteHtmlCacheBehavior [ RunTime:0.000698s ]
INFO: [ view_filter ] --END-- [ RunTime:0.000838s ]
INFO: [ app_end ] --START--
INFO: Run Behavior\ShowPageTraceBehavior [ RunTime:0.000861s ]
INFO: [ app_end ] --END-- [ RunTime:0.001015s ]

[ 2018-02-24T11:52:16+08:00 ] ::1 /wms/index.php/Qwadmin/login/login.html
INFO: [ app_init ] --START--
INFO: Run Behavior\BuildLiteBehavior [ RunTime:0.000032s ]
INFO: [ app_init ] --END-- [ RunTime:0.000758s ]
INFO: [ app_begin ] --START--
INFO: Run Behavior\ReadHtmlCacheBehavior [ RunTime:0.000691s ]
INFO: [ app_begin ] --END-- [ RunTime:0.000829s ]
SQL: SHOW COLUMNS FROM `qw_member` [ RunTime:0.0055s ]
SQL: SELECT `uid`,`user` FROM `qw_member` WHERE `user` = 'admin' AND `password` = '66d6a1c8748025462128dc75bf5ae8d1' LIMIT 1   [ RunTime:0.0010s ]
NOTIC: [8] A session had already been started - ignoring session_start() E:\php\Apache24\htdocs\wms\App\Qwadmin\Controller\LoginController.class.php 第 51 行.
SQL: SHOW COLUMNS FROM `qw_log` [ RunTime:0.0049s ]
NOTIC: [8] A session had already been started - ignoring session_start() E:\php\Apache24\htdocs\wms\App\Qwadmin\Common\function.php 第 12 行.
SQL: SHOW COLUMNS FROM `qw_member` [ RunTime:0.0059s ]
SQL: SELECT `user` FROM `qw_member` WHERE `uid` = 1 LIMIT 1   [ RunTime:0.0014s ]
SQL: INSERT INTO `qw_log` (`name`,`t`,`ip`,`log`) VALUES ('admin','1519444336','::1','登录成功。') [ RunTime:0.0005s ]

[ 2018-02-24T11:52:17+08:00 ] ::1 /wms/index.php/Qwadmin/index/index.html
INFO: [ app_init ] --START--
INFO: Run Behavior\BuildLiteBehavior [ RunTime:0.000022s ]
INFO: [ app_init ] --END-- [ RunTime:0.000560s ]
INFO: [ app_begin ] --START--
INFO: Run Behavior\ReadHtmlCacheBehavior [ RunTime:0.000858s ]
INFO: [ app_begin ] --END-- [ RunTime:0.001138s ]
NOTIC: [8] A session had already been started - ignoring session_start() E:\php\Apache24\htdocs\wms\App\Qwadmin\Controller\ComController.class.php 第 112 行.
SQL: SHOW COLUMNS FROM `qw_member` [ RunTime:0.0043s ]
SQL: SELECT * FROM `qw_member` WHERE `uid` = 1 LIMIT 1   [ RunTime:0.0009s ]
SQL: SELECT * FROM qw_auth_group g left join qw_auth_group_access a on g.id=a.group_id where a.uid=1 [ RunTime:0.0004s ]
SQL: SHOW COLUMNS FROM `qw_member` [ RunTime:0.0046s ]
SQL: SELECT * FROM `qw_member` WHERE `uid` = 1 LIMIT 1   [ RunTime:0.0010s ]
SQL: SELECT s.id,s.title,s.name,s.tips,s.pid,p.pid as ppid,p.title as ptitle FROM qw_auth_rule s left join qw_auth_rule p on p.id=s.pid where s.name='Index/index' [ RunTime:0.0005s ]
SQL: SHOW COLUMNS FROM `qw_auth_rule` [ RunTime:0.0045s ]
SQL: SELECT `id`,`title`,`pid`,`name`,`icon` FROM `qw_auth_rule` WHERE ( islink=1   ) ORDER BY o ASC  [ RunTime:0.0010s ]
SQL: select guage_id,guage_name from qw_guage where guage_type=0 [ RunTime:0.0005s ]
SQL: select guage_id,guage_name from qw_guage where guage_type=1 [ RunTime:0.0003s ]
SQL: select guage_id,guage_name from qw_guage where guage_type=2 [ RunTime:0.0003s ]
SQL: SHOW COLUMNS FROM `qw_meteorology_scen` [ RunTime:0.0037s ]
SQL: SHOW COLUMNS FROM `qw_temp_scen` [ RunTime:0.0039s ]
SQL: SHOW COLUMNS FROM `qw_scenario` [ RunTime:0.0037s ]
SQL: SELECT `scen_id`,`scen_name` FROM `qw_scenario`  [ RunTime:0.0007s ]
SQL: SELECT `scen_id`,`scen_name` FROM `qw_meteorology_scen` WHERE ( idata=1 )  [ RunTime:0.0003s ]
SQL: SELECT `scen_id`,`scen_name` FROM `qw_temp_scen` WHERE ( idata=1 )  [ RunTime:0.0003s ]
INFO: [ view_parse ] --START--
INFO: [ template_filter ] --START--
INFO: Run Behavior\ContentReplaceBehavior [ RunTime:0.000443s ]
INFO: [ template_filter ] --END-- [ RunTime:0.000771s ]
INFO: Run Behavior\ParseTemplateBehavior [ RunTime:0.038965s ]
INFO: [ view_parse ] --END-- [ RunTime:0.039075s ]
INFO: [ view_filter ] --START--
INFO: Run Behavior\WriteHtmlCacheBehavior [ RunTime:0.000602s ]
INFO: [ view_filter ] --END-- [ RunTime:0.000698s ]
INFO: [ app_end ] --START--
INFO: Run Behavior\ShowPageTraceBehavior [ RunTime:0.000807s ]
INFO: [ app_end ] --END-- [ RunTime:0.000920s ]

[ 2018-02-24T11:52:20+08:00 ] ::1 /wms/qwadmin/index/getdatas?pvar=1&guage=1&scens=2
INFO: [ app_init ] --START--
INFO: Run Behavior\BuildLiteBehavior [ RunTime:0.000035s ]
INFO: [ app_init ] --END-- [ RunTime:0.001194s ]
INFO: [ app_begin ] --START--
INFO: Run Behavior\ReadHtmlCacheBehavior [ RunTime:0.000547s ]
INFO: [ app_begin ] --END-- [ RunTime:0.000686s ]
NOTIC: [8] A session had already been started - ignoring session_start() E:\php\Apache24\htdocs\wms\App\Qwadmin\Controller\ComController.class.php 第 112 行.
SQL: SHOW COLUMNS FROM `qw_member` [ RunTime:0.0037s ]
SQL: SELECT * FROM `qw_member` WHERE `uid` = 1 LIMIT 1   [ RunTime:0.0005s ]
SQL: SELECT * FROM qw_auth_group g left join qw_auth_group_access a on g.id=a.group_id where a.uid=1 [ RunTime:0.0004s ]
SQL: SHOW COLUMNS FROM `qw_member` [ RunTime:0.0027s ]
SQL: SELECT * FROM `qw_member` WHERE `uid` = 1 LIMIT 1   [ RunTime:0.0007s ]
SQL: SELECT s.id,s.title,s.name,s.tips,s.pid,p.pid as ppid,p.title as ptitle FROM qw_auth_rule s left join qw_auth_rule p on p.id=s.pid where s.name='Index/getdatas' [ RunTime:0.0004s ]
NOTIC: [8] Undefined offset: 0 E:\php\Apache24\htdocs\wms\App\Qwadmin\Controller\ComController.class.php 第 61 行.
SQL: SHOW COLUMNS FROM `qw_auth_rule` [ RunTime:0.0033s ]
SQL: SELECT `id`,`title`,`pid`,`name`,`icon` FROM `qw_auth_rule` WHERE ( islink=1   ) ORDER BY o ASC  [ RunTime:0.0009s ]
SQL: SHOW COLUMNS FROM `qw_scenario` [ RunTime:0.0049s ]
SQL: SELECT `scen_name`,`scen_type`,`scen_desc`,`is_base` FROM `qw_scenario` WHERE ( scen_id in(2) )  [ RunTime:0.0004s ]

[ 2018-02-24T11:52:26+08:00 ] ::1 /wms/index.php/Qwadmin/HMS/index.html
INFO: [ app_init ] --START--
INFO: Run Behavior\BuildLiteBehavior [ RunTime:0.000028s ]
INFO: [ app_init ] --END-- [ RunTime:0.000659s ]
INFO: [ app_begin ] --START--
INFO: Run Behavior\ReadHtmlCacheBehavior [ RunTime:0.000664s ]
INFO: [ app_begin ] --END-- [ RunTime:0.000801s ]
NOTIC: [8] A session had already been started - ignoring session_start() E:\php\Apache24\htdocs\wms\App\Qwadmin\Controller\ComController.class.php 第 112 行.
SQL: SHOW COLUMNS FROM `qw_member` [ RunTime:0.0084s ]
SQL: SELECT * FROM `qw_member` WHERE `uid` = 1 LIMIT 1   [ RunTime:0.0018s ]
SQL: SELECT * FROM qw_auth_group g left join qw_auth_group_access a on g.id=a.group_id where a.uid=1 [ RunTime:0.0009s ]
SQL: SHOW COLUMNS FROM `qw_member` [ RunTime:0.0078s ]
SQL: SELECT * FROM `qw_member` WHERE `uid` = 1 LIMIT 1   [ RunTime:0.0019s ]
SQL: SELECT s.id,s.title,s.name,s.tips,s.pid,p.pid as ppid,p.title as ptitle FROM qw_auth_rule s left join qw_auth_rule p on p.id=s.pid where s.name='HMS/index' [ RunTime:0.0010s ]
SQL: SHOW COLUMNS FROM `qw_auth_rule` [ RunTime:0.0079s ]
SQL: SELECT `id`,`title`,`pid`,`name`,`icon` FROM `qw_auth_rule` WHERE ( islink=1   ) ORDER BY o ASC  [ RunTime:0.0030s ]
SQL: SHOW COLUMNS FROM `qw_hec_pcpguages` [ RunTime:0.0775s ]
SQL: SELECT * FROM `qw_hec_pcpguages`  [ RunTime:0.0018s ]
SQL: SHOW COLUMNS FROM `qw_hec_flowgagues` [ RunTime:0.0300s ]
SQL: SELECT * FROM `qw_hec_flowgagues`  [ RunTime:0.0016s ]
SQL: SHOW COLUMNS FROM `qw_hecprojects` [ RunTime:0.0549s ]
NOTIC: [8] Undefined variable: page E:\php\Apache24\htdocs\wms\App\Qwadmin\Controller\HMSController.class.php 第 34 行.
NOTIC: [8] Undefined variable: rows E:\php\Apache24\htdocs\wms\App\Qwadmin\Controller\HMSController.class.php 第 34 行.
NOTIC: [8] Undefined index: limit E:\php\Apache24\htdocs\wms\ThinkPHP\Library\Think\Db\Driver.class.php 第 950 行.
SQL: SELECT `id`,`projectname`,`outputfile`,`opathname`,`starttime`,`endtime`,`interval`,`ipcppathname`,`inputfile`,`iflowpathname` FROM `qw_hecprojects` ORDER BY id desc LIMIT 0,20   [ RunTime:0.0012s ]
INFO: [ view_parse ] --START--
INFO: [ template_filter ] --START--
INFO: Run Behavior\ContentReplaceBehavior [ RunTime:0.000527s ]
INFO: [ template_filter ] --END-- [ RunTime:0.000808s ]
INFO: Run Behavior\ParseTemplateBehavior [ RunTime:0.153280s ]
INFO: [ view_parse ] --END-- [ RunTime:0.153534s ]
INFO: [ view_filter ] --START--
INFO: Run Behavior\WriteHtmlCacheBehavior [ RunTime:0.000918s ]
INFO: [ view_filter ] --END-- [ RunTime:0.001120s ]
INFO: [ app_end ] --START--
INFO: Run Behavior\ShowPageTraceBehavior [ RunTime:0.001180s ]
INFO: [ app_end ] --END-- [ RunTime:0.001391s ]

[ 2018-02-24T11:52:28+08:00 ] ::1 /wms/qwadmin/HMS/retrievepcpData?id=1&guages=1&type=1
INFO: [ app_init ] --START--
INFO: Run Behavior\BuildLiteBehavior [ RunTime:0.000026s ]
INFO: [ app_init ] --END-- [ RunTime:0.000625s ]
INFO: [ app_begin ] --START--
INFO: Run Behavior\ReadHtmlCacheBehavior [ RunTime:0.000628s ]
INFO: [ app_begin ] --END-- [ RunTime:0.000731s ]
NOTIC: [8] A session had already been started - ignoring session_start() E:\php\Apache24\htdocs\wms\App\Qwadmin\Controller\ComController.class.php 第 112 行.
SQL: SHOW COLUMNS FROM `qw_member` [ RunTime:0.0079s ]
SQL: SELECT * FROM `qw_member` WHERE `uid` = 1 LIMIT 1   [ RunTime:0.0022s ]
SQL: SELECT * FROM qw_auth_group g left join qw_auth_group_access a on g.id=a.group_id where a.uid=1 [ RunTime:0.0008s ]
SQL: SHOW COLUMNS FROM `qw_member` [ RunTime:0.0079s ]
SQL: SELECT * FROM `qw_member` WHERE `uid` = 1 LIMIT 1   [ RunTime:0.0020s ]
SQL: SELECT s.id,s.title,s.name,s.tips,s.pid,p.pid as ppid,p.title as ptitle FROM qw_auth_rule s left join qw_auth_rule p on p.id=s.pid where s.name='HMS/retrievepcpData' [ RunTime:0.0010s ]
NOTIC: [8] Undefined offset: 0 E:\php\Apache24\htdocs\wms\App\Qwadmin\Controller\ComController.class.php 第 61 行.
SQL: SHOW COLUMNS FROM `qw_auth_rule` [ RunTime:0.0073s ]
SQL: SELECT `id`,`title`,`pid`,`name`,`icon` FROM `qw_auth_rule` WHERE ( islink=1   ) ORDER BY o ASC  [ RunTime:0.0018s ]
SQL: SHOW COLUMNS FROM `qw_hecprojects` [ RunTime:0.0054s ]
SQL: SELECT * FROM `qw_hecprojects` WHERE ( id=1 ) LIMIT 1   [ RunTime:0.0014s ]
SQL: SHOW COLUMNS FROM `qw_hec_pcpguages` [ RunTime:0.0051s ]
SQL: SELECT `name` FROM `qw_hec_pcpguages` WHERE ( id in(1) )  [ RunTime:0.0012s ]

[ 2018-02-24T11:52:30+08:00 ] ::1 /wms/index.php/Qwadmin/HMS/getRows.html?_search=false&nd=1519444347478&rows=10&page=1&sidx=&sord=asc
INFO: [ app_init ] --START--
INFO: Run Behavior\BuildLiteBehavior [ RunTime:0.000024s ]
INFO: [ app_init ] --END-- [ RunTime:0.000643s ]
INFO: [ app_begin ] --START--
INFO: Run Behavior\ReadHtmlCacheBehavior [ RunTime:0.000638s ]
INFO: [ app_begin ] --END-- [ RunTime:0.000743s ]
NOTIC: [8] A session had already been started - ignoring session_start() E:\php\Apache24\htdocs\wms\App\Qwadmin\Controller\ComController.class.php 第 112 行.
SQL: SHOW COLUMNS FROM `qw_member` [ RunTime:0.0034s ]
SQL: SELECT * FROM `qw_member` WHERE `uid` = 1 LIMIT 1   [ RunTime:0.0008s ]
SQL: SELECT * FROM qw_auth_group g left join qw_auth_group_access a on g.id=a.group_id where a.uid=1 [ RunTime:0.0003s ]
SQL: SHOW COLUMNS FROM `qw_member` [ RunTime:0.0031s ]
SQL: SELECT * FROM `qw_member` WHERE `uid` = 1 LIMIT 1   [ RunTime:0.0006s ]
SQL: SELECT s.id,s.title,s.name,s.tips,s.pid,p.pid as ppid,p.title as ptitle FROM qw_auth_rule s left join qw_auth_rule p on p.id=s.pid where s.name='HMS/getRows' [ RunTime:0.0004s ]
NOTIC: [8] Undefined offset: 0 E:\php\Apache24\htdocs\wms\App\Qwadmin\Controller\ComController.class.php 第 61 行.
SQL: SHOW COLUMNS FROM `qw_auth_rule` [ RunTime:0.0081s ]
SQL: SELECT `id`,`title`,`pid`,`name`,`icon` FROM `qw_auth_rule` WHERE ( islink=1   ) ORDER BY o ASC  [ RunTime:0.0011s ]
SQL: SHOW COLUMNS FROM `qw_hecprojects` [ RunTime:0.0031s ]
SQL: SELECT `id`,`projectname`,`outputfile`,`opathname`,`starttime`,`endtime`,`interval`,`ipcppathname`,`inputfile`,`iflowpathname` FROM `qw_hecprojects` ORDER BY id desc LIMIT 0,10   [ RunTime:0.0006s ]
SQL: SELECT COUNT(*) AS tp_count FROM `qw_hecprojects` LIMIT 1   [ RunTime:0.0003s ]

[ 2018-02-24T11:52:31+08:00 ] ::1 /wms/qwadmin/HMS/retrieveflowData?id=1&guages=1&type=1
INFO: [ app_init ] --START--
INFO: Run Behavior\BuildLiteBehavior [ RunTime:0.000064s ]
INFO: [ app_init ] --END-- [ RunTime:0.001450s ]
INFO: [ app_begin ] --START--
INFO: Run Behavior\ReadHtmlCacheBehavior [ RunTime:0.001587s ]
INFO: [ app_begin ] --END-- [ RunTime:0.001863s ]
NOTIC: [8] A session had already been started - ignoring session_start() E:\php\Apache24\htdocs\wms\App\Qwadmin\Controller\ComController.class.php 第 112 行.
SQL: SHOW COLUMNS FROM `qw_member` [ RunTime:0.0032s ]
SQL: SELECT * FROM `qw_member` WHERE `uid` = 1 LIMIT 1   [ RunTime:0.0007s ]
SQL: SELECT * FROM qw_auth_group g left join qw_auth_group_access a on g.id=a.group_id where a.uid=1 [ RunTime:0.0003s ]
SQL: SHOW COLUMNS FROM `qw_member` [ RunTime:0.0031s ]
SQL: SELECT * FROM `qw_member` WHERE `uid` = 1 LIMIT 1   [ RunTime:0.0010s ]
SQL: SELECT s.id,s.title,s.name,s.tips,s.pid,p.pid as ppid,p.title as ptitle FROM qw_auth_rule s left join qw_auth_rule p on p.id=s.pid where s.name='HMS/retrieveflowData' [ RunTime:0.0004s ]
NOTIC: [8] Undefined offset: 0 E:\php\Apache24\htdocs\wms\App\Qwadmin\Controller\ComController.class.php 第 61 行.
SQL: SHOW COLUMNS FROM `qw_auth_rule` [ RunTime:0.0037s ]
SQL: SELECT `id`,`title`,`pid`,`name`,`icon` FROM `qw_auth_rule` WHERE ( islink=1   ) ORDER BY o ASC  [ RunTime:0.0015s ]
SQL: SHOW COLUMNS FROM `qw_hecprojects` [ RunTime:0.0034s ]
SQL: SELECT * FROM `qw_hecprojects` WHERE ( id=1 ) LIMIT 1   [ RunTime:0.0009s ]
SQL: SHOW COLUMNS FROM `qw_hec_flowgagues` [ RunTime:0.0033s ]
SQL: SELECT `name`,`type`,`oname` FROM `qw_hec_flowgagues` WHERE ( id in(1) )  [ RunTime:0.0012s ]

[ 2018-02-24T16:36:07+08:00 ] ::1 /wms/qwadmin/HMS/retrieveflowData?id=1&guages=1&type=1
INFO: [ app_init ] --START--
INFO: Run Behavior\BuildLiteBehavior [ RunTime:0.000021s ]
INFO: [ app_init ] --END-- [ RunTime:0.000588s ]
INFO: [ app_begin ] --START--
INFO: Run Behavior\ReadHtmlCacheBehavior [ RunTime:0.000718s ]
INFO: [ app_begin ] --END-- [ RunTime:0.000807s ]
NOTIC: [8] A session had already been started - ignoring session_start() E:\php\Apache24\htdocs\wms\App\Qwadmin\Controller\ComController.class.php 第 112 行.
SQL: SHOW COLUMNS FROM `qw_member` [ RunTime:0.0034s ]
SQL: SELECT * FROM `qw_member` WHERE `uid` = 1 LIMIT 1   [ RunTime:0.0005s ]
SQL: SELECT * FROM qw_auth_group g left join qw_auth_group_access a on g.id=a.group_id where a.uid=1 [ RunTime:0.0003s ]
SQL: SHOW COLUMNS FROM `qw_member` [ RunTime:0.0029s ]
SQL: SELECT * FROM `qw_member` WHERE `uid` = 1 LIMIT 1   [ RunTime:0.0006s ]
SQL: SELECT s.id,s.title,s.name,s.tips,s.pid,p.pid as ppid,p.title as ptitle FROM qw_auth_rule s left join qw_auth_rule p on p.id=s.pid where s.name='HMS/retrieveflowData' [ RunTime:0.0004s ]
NOTIC: [8] Undefined offset: 0 E:\php\Apache24\htdocs\wms\App\Qwadmin\Controller\ComController.class.php 第 61 行.
SQL: SHOW COLUMNS FROM `qw_auth_rule` [ RunTime:0.0032s ]
SQL: SELECT `id`,`title`,`pid`,`name`,`icon` FROM `qw_auth_rule` WHERE ( islink=1   ) ORDER BY o ASC  [ RunTime:0.0009s ]
SQL: SHOW COLUMNS FROM `qw_hecprojects` [ RunTime:0.0029s ]
SQL: SELECT * FROM `qw_hecprojects` WHERE ( id=1 ) LIMIT 1   [ RunTime:0.0008s ]
SQL: SHOW COLUMNS FROM `qw_hec_flowgagues` [ RunTime:0.0028s ]
SQL: SELECT `name`,`type`,`oname` FROM `qw_hec_flowgagues` WHERE ( id in(1) )  [ RunTime:0.0007s ]

[ 2018-02-24T16:36:08+08:00 ] ::1 /wms/qwadmin/HMS/retrievepcpData?id=1&guages=1&type=1
INFO: [ app_init ] --START--
INFO: Run Behavior\BuildLiteBehavior [ RunTime:0.000021s ]
INFO: [ app_init ] --END-- [ RunTime:0.000565s ]
INFO: [ app_begin ] --START--
INFO: Run Behavior\ReadHtmlCacheBehavior [ RunTime:0.000690s ]
INFO: [ app_begin ] --END-- [ RunTime:0.000791s ]
NOTIC: [8] A session had already been started - ignoring session_start() E:\php\Apache24\htdocs\wms\App\Qwadmin\Controller\ComController.class.php 第 112 行.
SQL: SHOW COLUMNS FROM `qw_member` [ RunTime:0.0034s ]
SQL: SELECT * FROM `qw_member` WHERE `uid` = 1 LIMIT 1   [ RunTime:0.0006s ]
SQL: SELECT * FROM qw_auth_group g left join qw_auth_group_access a on g.id=a.group_id where a.uid=1 [ RunTime:0.0003s ]
SQL: SHOW COLUMNS FROM `qw_member` [ RunTime:0.0028s ]
SQL: SELECT * FROM `qw_member` WHERE `uid` = 1 LIMIT 1   [ RunTime:0.0007s ]
SQL: SELECT s.id,s.title,s.name,s.tips,s.pid,p.pid as ppid,p.title as ptitle FROM qw_auth_rule s left join qw_auth_rule p on p.id=s.pid where s.name='HMS/retrievepcpData' [ RunTime:0.0004s ]
NOTIC: [8] Undefined offset: 0 E:\php\Apache24\htdocs\wms\App\Qwadmin\Controller\ComController.class.php 第 61 行.
SQL: SHOW COLUMNS FROM `qw_auth_rule` [ RunTime:0.0029s ]
SQL: SELECT `id`,`title`,`pid`,`name`,`icon` FROM `qw_auth_rule` WHERE ( islink=1   ) ORDER BY o ASC  [ RunTime:0.0009s ]
SQL: SHOW COLUMNS FROM `qw_hecprojects` [ RunTime:0.0026s ]
SQL: SELECT * FROM `qw_hecprojects` WHERE ( id=1 ) LIMIT 1   [ RunTime:0.0007s ]
SQL: SHOW COLUMNS FROM `qw_hec_pcpguages` [ RunTime:0.0027s ]
SQL: SELECT `name` FROM `qw_hec_pcpguages` WHERE ( id in(1) )  [ RunTime:0.0007s ]

[ 2018-02-24T16:36:12+08:00 ] ::1 /wms/qwadmin/HMS/retrieveflowData?id=1&guages=1&type=1
INFO: [ app_init ] --START--
INFO: Run Behavior\BuildLiteBehavior [ RunTime:0.000025s ]
INFO: [ app_init ] --END-- [ RunTime:0.000572s ]
INFO: [ app_begin ] --START--
INFO: Run Behavior\ReadHtmlCacheBehavior [ RunTime:0.000638s ]
INFO: [ app_begin ] --END-- [ RunTime:0.000777s ]
NOTIC: [8] A session had already been started - ignoring session_start() E:\php\Apache24\htdocs\wms\App\Qwadmin\Controller\ComController.class.php 第 112 行.
SQL: SHOW COLUMNS FROM `qw_member` [ RunTime:0.0085s ]
SQL: SELECT * FROM `qw_member` WHERE `uid` = 1 LIMIT 1   [ RunTime:0.0013s ]
SQL: SELECT * FROM qw_auth_group g left join qw_auth_group_access a on g.id=a.group_id where a.uid=1 [ RunTime:0.0005s ]
SQL: SHOW COLUMNS FROM `qw_member` [ RunTime:0.0051s ]
SQL: SELECT * FROM `qw_member` WHERE `uid` = 1 LIMIT 1   [ RunTime:0.0014s ]
SQL: SELECT s.id,s.title,s.name,s.tips,s.pid,p.pid as ppid,p.title as ptitle FROM qw_auth_rule s left join qw_auth_rule p on p.id=s.pid where s.name='HMS/retrieveflowData' [ RunTime:0.0006s ]
NOTIC: [8] Undefined offset: 0 E:\php\Apache24\htdocs\wms\App\Qwadmin\Controller\ComController.class.php 第 61 行.
SQL: SHOW COLUMNS FROM `qw_auth_rule` [ RunTime:0.0052s ]
SQL: SELECT `id`,`title`,`pid`,`name`,`icon` FROM `qw_auth_rule` WHERE ( islink=1   ) ORDER BY o ASC  [ RunTime:0.0020s ]
SQL: SHOW COLUMNS FROM `qw_hecprojects` [ RunTime:0.0054s ]
SQL: SELECT * FROM `qw_hecprojects` WHERE ( id=1 ) LIMIT 1   [ RunTime:0.0011s ]
SQL: SHOW COLUMNS FROM `qw_hec_flowgagues` [ RunTime:0.0028s ]
SQL: SELECT `name`,`type`,`oname` FROM `qw_hec_flowgagues` WHERE ( id in(1) )  [ RunTime:0.0006s ]

[ 2018-02-24T16:36:13+08:00 ] ::1 /wms/qwadmin/HMS/retrievepcpData?id=1&guages=1&type=1
INFO: [ app_init ] --START--
INFO: Run Behavior\BuildLiteBehavior [ RunTime:0.000023s ]
INFO: [ app_init ] --END-- [ RunTime:0.000433s ]
INFO: [ app_begin ] --START--
INFO: Run Behavior\ReadHtmlCacheBehavior [ RunTime:0.000538s ]
INFO: [ app_begin ] --END-- [ RunTime:0.000657s ]
NOTIC: [8] A session had already been started - ignoring session_start() E:\php\Apache24\htdocs\wms\App\Qwadmin\Controller\ComController.class.php 第 112 行.
SQL: SHOW COLUMNS FROM `qw_member` [ RunTime:0.0079s ]
SQL: SELECT * FROM `qw_member` WHERE `uid` = 1 LIMIT 1   [ RunTime:0.0019s ]
SQL: SELECT * FROM qw_auth_group g left join qw_auth_group_access a on g.id=a.group_id where a.uid=1 [ RunTime:0.0008s ]
SQL: SHOW COLUMNS FROM `qw_member` [ RunTime:0.0079s ]
SQL: SELECT * FROM `qw_member` WHERE `uid` = 1 LIMIT 1   [ RunTime:0.0017s ]
SQL: SELECT s.id,s.title,s.name,s.tips,s.pid,p.pid as ppid,p.title as ptitle FROM qw_auth_rule s left join qw_auth_rule p on p.id=s.pid where s.name='HMS/retrievepcpData' [ RunTime:0.0005s ]
NOTIC: [8] Undefined offset: 0 E:\php\Apache24\htdocs\wms\App\Qwadmin\Controller\ComController.class.php 第 61 行.
SQL: SHOW COLUMNS FROM `qw_auth_rule` [ RunTime:0.0044s ]
SQL: SELECT `id`,`title`,`pid`,`name`,`icon` FROM `qw_auth_rule` WHERE ( islink=1   ) ORDER BY o ASC  [ RunTime:0.0016s ]
SQL: SHOW COLUMNS FROM `qw_hecprojects` [ RunTime:0.0045s ]
SQL: SELECT * FROM `qw_hecprojects` WHERE ( id=1 ) LIMIT 1   [ RunTime:0.0015s ]
SQL: SHOW COLUMNS FROM `qw_hec_pcpguages` [ RunTime:0.0045s ]
SQL: SELECT `name` FROM `qw_hec_pcpguages` WHERE ( id in(1) )  [ RunTime:0.0012s ]

[ 2018-02-24T16:36:21+08:00 ] ::1 /wms/qwadmin/HMS/retrieveflowData?id=1&guages=1&type=1
INFO: [ app_init ] --START--
INFO: Run Behavior\BuildLiteBehavior [ RunTime:0.000025s ]
INFO: [ app_init ] --END-- [ RunTime:0.000557s ]
INFO: [ app_begin ] --START--
INFO: Run Behavior\ReadHtmlCacheBehavior [ RunTime:0.000705s ]
INFO: [ app_begin ] --END-- [ RunTime:0.000807s ]
NOTIC: [8] A session had already been started - ignoring session_start() E:\php\Apache24\htdocs\wms\App\Qwadmin\Controller\ComController.class.php 第 112 行.
SQL: SHOW COLUMNS FROM `qw_member` [ RunTime:0.0082s ]
SQL: SELECT * FROM `qw_member` WHERE `uid` = 1 LIMIT 1   [ RunTime:0.0024s ]
SQL: SELECT * FROM qw_auth_group g left join qw_auth_group_access a on g.id=a.group_id where a.uid=1 [ RunTime:0.0008s ]
SQL: SHOW COLUMNS FROM `qw_member` [ RunTime:0.0079s ]
SQL: SELECT * FROM `qw_member` WHERE `uid` = 1 LIMIT 1   [ RunTime:0.0024s ]
SQL: SELECT s.id,s.title,s.name,s.tips,s.pid,p.pid as ppid,p.title as ptitle FROM qw_auth_rule s left join qw_auth_rule p on p.id=s.pid where s.name='HMS/retrieveflowData' [ RunTime:0.0011s ]
NOTIC: [8] Undefined offset: 0 E:\php\Apache24\htdocs\wms\App\Qwadmin\Controller\ComController.class.php 第 61 行.
SQL: SHOW COLUMNS FROM `qw_auth_rule` [ RunTime:0.0063s ]
SQL: SELECT `id`,`title`,`pid`,`name`,`icon` FROM `qw_auth_rule` WHERE ( islink=1   ) ORDER BY o ASC  [ RunTime:0.0016s ]
SQL: SHOW COLUMNS FROM `qw_hecprojects` [ RunTime:0.0047s ]
SQL: SELECT * FROM `qw_hecprojects` WHERE ( id=1 ) LIMIT 1   [ RunTime:0.0013s ]
SQL: SHOW COLUMNS FROM `qw_hec_flowgagues` [ RunTime:0.0042s ]
SQL: SELECT `name`,`type`,`oname` FROM `qw_hec_flowgagues` WHERE ( id in(1) )  [ RunTime:0.0010s ]

[ 2018-02-24T16:36:22+08:00 ] ::1 /wms/qwadmin/HMS/retrievepcpData?id=1&guages=1&type=1
INFO: [ app_init ] --START--
INFO: Run Behavior\BuildLiteBehavior [ RunTime:0.000026s ]
INFO: [ app_init ] --END-- [ RunTime:0.000493s ]
INFO: [ app_begin ] --START--
INFO: Run Behavior\ReadHtmlCacheBehavior [ RunTime:0.000570s ]
INFO: [ app_begin ] --END-- [ RunTime:0.000675s ]
NOTIC: [8] A session had already been started - ignoring session_start() E:\php\Apache24\htdocs\wms\App\Qwadmin\Controller\ComController.class.php 第 112 行.
SQL: SHOW COLUMNS FROM `qw_member` [ RunTime:0.0044s ]
SQL: SELECT * FROM `qw_member` WHERE `uid` = 1 LIMIT 1   [ RunTime:0.0008s ]
SQL: SELECT * FROM qw_auth_group g left join qw_auth_group_access a on g.id=a.group_id where a.uid=1 [ RunTime:0.0004s ]
SQL: SHOW COLUMNS FROM `qw_member` [ RunTime:0.0038s ]
SQL: SELECT * FROM `qw_member` WHERE `uid` = 1 LIMIT 1   [ RunTime:0.0010s ]
SQL: SELECT s.id,s.title,s.name,s.tips,s.pid,p.pid as ppid,p.title as ptitle FROM qw_auth_rule s left join qw_auth_rule p on p.id=s.pid where s.name='HMS/retrievepcpData' [ RunTime:0.0005s ]
NOTIC: [8] Undefined offset: 0 E:\php\Apache24\htdocs\wms\App\Qwadmin\Controller\ComController.class.php 第 61 行.
SQL: SHOW COLUMNS FROM `qw_auth_rule` [ RunTime:0.0044s ]
SQL: SELECT `id`,`title`,`pid`,`name`,`icon` FROM `qw_auth_rule` WHERE ( islink=1   ) ORDER BY o ASC  [ RunTime:0.0013s ]
SQL: SHOW COLUMNS FROM `qw_hecprojects` [ RunTime:0.0039s ]
SQL: SELECT * FROM `qw_hecprojects` WHERE ( id=1 ) LIMIT 1   [ RunTime:0.0010s ]
SQL: SHOW COLUMNS FROM `qw_hec_pcpguages` [ RunTime:0.0041s ]
SQL: SELECT `name` FROM `qw_hec_pcpguages` WHERE ( id in(1) )  [ RunTime:0.0010s ]

[ 2018-02-24T16:36:25+08:00 ] ::1 /wms/qwadmin/HMS/retrieveflowData?id=1&guages=1&type=1
INFO: [ app_init ] --START--
INFO: Run Behavior\BuildLiteBehavior [ RunTime:0.000024s ]
INFO: [ app_init ] --END-- [ RunTime:0.000570s ]
INFO: [ app_begin ] --START--
INFO: Run Behavior\ReadHtmlCacheBehavior [ RunTime:0.000694s ]
INFO: [ app_begin ] --END-- [ RunTime:0.000829s ]
NOTIC: [8] A session had already been started - ignoring session_start() E:\php\Apache24\htdocs\wms\App\Qwadmin\Controller\ComController.class.php 第 112 行.
SQL: SHOW COLUMNS FROM `qw_member` [ RunTime:0.0084s ]
SQL: SELECT * FROM `qw_member` WHERE `uid` = 1 LIMIT 1   [ RunTime:0.0016s ]
SQL: SELECT * FROM qw_auth_group g left join qw_auth_group_access a on g.id=a.group_id where a.uid=1 [ RunTime:0.0006s ]
SQL: SHOW COLUMNS FROM `qw_member` [ RunTime:0.0057s ]
SQL: SELECT * FROM `qw_member` WHERE `uid` = 1 LIMIT 1   [ RunTime:0.0014s ]
SQL: SELECT s.id,s.title,s.name,s.tips,s.pid,p.pid as ppid,p.title as ptitle FROM qw_auth_rule s left join qw_auth_rule p on p.id=s.pid where s.name='HMS/retrieveflowData' [ RunTime:0.0006s ]
NOTIC: [8] Undefined offset: 0 E:\php\Apache24\htdocs\wms\App\Qwadmin\Controller\ComController.class.php 第 61 行.
SQL: SHOW COLUMNS FROM `qw_auth_rule` [ RunTime:0.0060s ]
SQL: SELECT `id`,`title`,`pid`,`name`,`icon` FROM `qw_auth_rule` WHERE ( islink=1   ) ORDER BY o ASC  [ RunTime:0.0022s ]
SQL: SHOW COLUMNS FROM `qw_hecprojects` [ RunTime:0.0058s ]
SQL: SELECT * FROM `qw_hecprojects` WHERE ( id=1 ) LIMIT 1   [ RunTime:0.0014s ]
SQL: SHOW COLUMNS FROM `qw_hec_flowgagues` [ RunTime:0.0054s ]
SQL: SELECT `name`,`type`,`oname` FROM `qw_hec_flowgagues` WHERE ( id in(1) )  [ RunTime:0.0013s ]

[ 2018-02-24T16:36:26+08:00 ] ::1 /wms/qwadmin/HMS/retrievepcpData?id=1&guages=1&type=1
INFO: [ app_init ] --START--
INFO: Run Behavior\BuildLiteBehavior [ RunTime:0.000024s ]
INFO: [ app_init ] --END-- [ RunTime:0.000581s ]
INFO: [ app_begin ] --START--
INFO: Run Behavior\ReadHtmlCacheBehavior [ RunTime:0.000603s ]
INFO: [ app_begin ] --END-- [ RunTime:0.000766s ]
NOTIC: [8] A session had already been started - ignoring session_start() E:\php\Apache24\htdocs\wms\App\Qwadmin\Controller\ComController.class.php 第 112 行.
SQL: SHOW COLUMNS FROM `qw_member` [ RunTime:0.0086s ]
SQL: SELECT * FROM `qw_member` WHERE `uid` = 1 LIMIT 1   [ RunTime:0.0018s ]
SQL: SELECT * FROM qw_auth_group g left join qw_auth_group_access a on g.id=a.group_id where a.uid=1 [ RunTime:0.0008s ]
SQL: SHOW COLUMNS FROM `qw_member` [ RunTime:0.0078s ]
SQL: SELECT * FROM `qw_member` WHERE `uid` = 1 LIMIT 1   [ RunTime:0.0013s ]
SQL: SELECT s.id,s.title,s.name,s.tips,s.pid,p.pid as ppid,p.title as ptitle FROM qw_auth_rule s left join qw_auth_rule p on p.id=s.pid where s.name='HMS/retrievepcpData' [ RunTime:0.0006s ]
NOTIC: [8] Undefined offset: 0 E:\php\Apache24\htdocs\wms\App\Qwadmin\Controller\ComController.class.php 第 61 行.
SQL: SHOW COLUMNS FROM `qw_auth_rule` [ RunTime:0.0059s ]
SQL: SELECT `id`,`title`,`pid`,`name`,`icon` FROM `qw_auth_rule` WHERE ( islink=1   ) ORDER BY o ASC  [ RunTime:0.0022s ]
SQL: SHOW COLUMNS FROM `qw_hecprojects` [ RunTime:0.0054s ]
SQL: SELECT * FROM `qw_hecprojects` WHERE ( id=1 ) LIMIT 1   [ RunTime:0.0015s ]
SQL: SHOW COLUMNS FROM `qw_hec_pcpguages` [ RunTime:0.0054s ]
SQL: SELECT `name` FROM `qw_hec_pcpguages` WHERE ( id in(1) )  [ RunTime:0.0009s ]

[ 2018-02-24T16:36:27+08:00 ] ::1 /wms/qwadmin/HMS/retrievepcpData?id=1&guages=1&type=1
INFO: [ app_init ] --START--
INFO: Run Behavior\BuildLiteBehavior [ RunTime:0.000023s ]
INFO: [ app_init ] --END-- [ RunTime:0.000444s ]
INFO: [ app_begin ] --START--
INFO: Run Behavior\ReadHtmlCacheBehavior [ RunTime:0.000502s ]
INFO: [ app_begin ] --END-- [ RunTime:0.000615s ]
NOTIC: [8] A session had already been started - ignoring session_start() E:\php\Apache24\htdocs\wms\App\Qwadmin\Controller\ComController.class.php 第 112 行.
SQL: SHOW COLUMNS FROM `qw_member` [ RunTime:0.0033s ]
SQL: SELECT * FROM `qw_member` WHERE `uid` = 1 LIMIT 1   [ RunTime:0.0007s ]
SQL: SELECT * FROM qw_auth_group g left join qw_auth_group_access a on g.id=a.group_id where a.uid=1 [ RunTime:0.0004s ]
SQL: SHOW COLUMNS FROM `qw_member` [ RunTime:0.0034s ]
SQL: SELECT * FROM `qw_member` WHERE `uid` = 1 LIMIT 1   [ RunTime:0.0006s ]
SQL: SELECT s.id,s.title,s.name,s.tips,s.pid,p.pid as ppid,p.title as ptitle FROM qw_auth_rule s left join qw_auth_rule p on p.id=s.pid where s.name='HMS/retrievepcpData' [ RunTime:0.0004s ]
NOTIC: [8] Undefined offset: 0 E:\php\Apache24\htdocs\wms\App\Qwadmin\Controller\ComController.class.php 第 61 行.
SQL: SHOW COLUMNS FROM `qw_auth_rule` [ RunTime:0.0034s ]
SQL: SELECT `id`,`title`,`pid`,`name`,`icon` FROM `qw_auth_rule` WHERE ( islink=1   ) ORDER BY o ASC  [ RunTime:0.0009s ]
SQL: SHOW COLUMNS FROM `qw_hecprojects` [ RunTime:0.0031s ]
SQL: SELECT * FROM `qw_hecprojects` WHERE ( id=1 ) LIMIT 1   [ RunTime:0.0006s ]
SQL: SHOW COLUMNS FROM `qw_hec_pcpguages` [ RunTime:0.0081s ]
SQL: SELECT `name` FROM `qw_hec_pcpguages` WHERE ( id in(1) )  [ RunTime:0.0006s ]

[ 2018-02-24T16:36:29+08:00 ] ::1 /wms/qwadmin/HMS/retrieveflowData?id=1&guages=1&type=1
INFO: [ app_init ] --START--
INFO: Run Behavior\BuildLiteBehavior [ RunTime:0.000023s ]
INFO: [ app_init ] --END-- [ RunTime:0.000509s ]
INFO: [ app_begin ] --START--
INFO: Run Behavior\ReadHtmlCacheBehavior [ RunTime:0.000611s ]
INFO: [ app_begin ] --END-- [ RunTime:0.000709s ]
NOTIC: [8] A session had already been started - ignoring session_start() E:\php\Apache24\htdocs\wms\App\Qwadmin\Controller\ComController.class.php 第 112 行.
SQL: SHOW COLUMNS FROM `qw_member` [ RunTime:0.0079s ]
SQL: SELECT * FROM `qw_member` WHERE `uid` = 1 LIMIT 1   [ RunTime:0.0020s ]
SQL: SELECT * FROM qw_auth_group g left join qw_auth_group_access a on g.id=a.group_id where a.uid=1 [ RunTime:0.0008s ]
SQL: SHOW COLUMNS FROM `qw_member` [ RunTime:0.0077s ]
SQL: SELECT * FROM `qw_member` WHERE `uid` = 1 LIMIT 1   [ RunTime:0.0021s ]
SQL: SELECT s.id,s.title,s.name,s.tips,s.pid,p.pid as ppid,p.title as ptitle FROM qw_auth_rule s left join qw_auth_rule p on p.id=s.pid where s.name='HMS/retrieveflowData' [ RunTime:0.0010s ]
NOTIC: [8] Undefined offset: 0 E:\php\Apache24\htdocs\wms\App\Qwadmin\Controller\ComController.class.php 第 61 行.
SQL: SHOW COLUMNS FROM `qw_auth_rule` [ RunTime:0.0077s ]
SQL: SELECT `id`,`title`,`pid`,`name`,`icon` FROM `qw_auth_rule` WHERE ( islink=1   ) ORDER BY o ASC  [ RunTime:0.0030s ]
SQL: SHOW COLUMNS FROM `qw_hecprojects` [ RunTime:0.0072s ]
SQL: SELECT * FROM `qw_hecprojects` WHERE ( id=1 ) LIMIT 1   [ RunTime:0.0013s ]
SQL: SHOW COLUMNS FROM `qw_hec_flowgagues` [ RunTime:0.0039s ]
SQL: SELECT `name`,`type`,`oname` FROM `qw_hec_flowgagues` WHERE ( id in(1) )  [ RunTime:0.0010s ]

[ 2018-02-24T16:36:30+08:00 ] ::1 /wms/qwadmin/HMS/retrievepcpData?id=1&guages=1&type=1
INFO: [ app_init ] --START--
INFO: Run Behavior\BuildLiteBehavior [ RunTime:0.000028s ]
INFO: [ app_init ] --END-- [ RunTime:0.000519s ]
INFO: [ app_begin ] --START--
INFO: Run Behavior\ReadHtmlCacheBehavior [ RunTime:0.000675s ]
INFO: [ app_begin ] --END-- [ RunTime:0.000813s ]
NOTIC: [8] A session had already been started - ignoring session_start() E:\php\Apache24\htdocs\wms\App\Qwadmin\Controller\ComController.class.php 第 112 行.
SQL: SHOW COLUMNS FROM `qw_member` [ RunTime:0.0084s ]
SQL: SELECT * FROM `qw_member` WHERE `uid` = 1 LIMIT 1   [ RunTime:0.0020s ]
SQL: SELECT * FROM qw_auth_group g left join qw_auth_group_access a on g.id=a.group_id where a.uid=1 [ RunTime:0.0008s ]
SQL: SHOW COLUMNS FROM `qw_member` [ RunTime:0.0079s ]
SQL: SELECT * FROM `qw_member` WHERE `uid` = 1 LIMIT 1   [ RunTime:0.0020s ]
SQL: SELECT s.id,s.title,s.name,s.tips,s.pid,p.pid as ppid,p.title as ptitle FROM qw_auth_rule s left join qw_auth_rule p on p.id=s.pid where s.name='HMS/retrievepcpData' [ RunTime:0.0006s ]
NOTIC: [8] Undefined offset: 0 E:\php\Apache24\htdocs\wms\App\Qwadmin\Controller\ComController.class.php 第 61 行.
SQL: SHOW COLUMNS FROM `qw_auth_rule` [ RunTime:0.0055s ]
SQL: SELECT `id`,`title`,`pid`,`name`,`icon` FROM `qw_auth_rule` WHERE ( islink=1   ) ORDER BY o ASC  [ RunTime:0.0020s ]
SQL: SHOW COLUMNS FROM `qw_hecprojects` [ RunTime:0.0050s ]
SQL: SELECT * FROM `qw_hecprojects` WHERE ( id=1 ) LIMIT 1   [ RunTime:0.0017s ]
SQL: SHOW COLUMNS FROM `qw_hec_pcpguages` [ RunTime:0.0048s ]
SQL: SELECT `name` FROM `qw_hec_pcpguages` WHERE ( id in(1) )  [ RunTime:0.0013s ]

[ 2018-02-24T16:36:31+08:00 ] ::1 /wms/qwadmin/HMS/retrieveflowData?id=1&guages=1&type=1
INFO: [ app_init ] --START--
INFO: Run Behavior\BuildLiteBehavior [ RunTime:0.000028s ]
INFO: [ app_init ] --END-- [ RunTime:0.000555s ]
INFO: [ app_begin ] --START--
INFO: Run Behavior\ReadHtmlCacheBehavior [ RunTime:0.001126s ]
INFO: [ app_begin ] --END-- [ RunTime:0.001260s ]
NOTIC: [8] A session had already been started - ignoring session_start() E:\php\Apache24\htdocs\wms\App\Qwadmin\Controller\ComController.class.php 第 112 行.
SQL: SHOW COLUMNS FROM `qw_member` [ RunTime:0.0085s ]
SQL: SELECT * FROM `qw_member` WHERE `uid` = 1 LIMIT 1   [ RunTime:0.0023s ]
SQL: SELECT * FROM qw_auth_group g left join qw_auth_group_access a on g.id=a.group_id where a.uid=1 [ RunTime:0.0008s ]
SQL: SHOW COLUMNS FROM `qw_member` [ RunTime:0.0148s ]
SQL: SELECT * FROM `qw_member` WHERE `uid` = 1 LIMIT 1   [ RunTime:0.0020s ]
SQL: SELECT s.id,s.title,s.name,s.tips,s.pid,p.pid as ppid,p.title as ptitle FROM qw_auth_rule s left join qw_auth_rule p on p.id=s.pid where s.name='HMS/retrieveflowData' [ RunTime:0.0009s ]
NOTIC: [8] Undefined offset: 0 E:\php\Apache24\htdocs\wms\App\Qwadmin\Controller\ComController.class.php 第 61 行.
SQL: SHOW COLUMNS FROM `qw_auth_rule` [ RunTime:0.0078s ]
SQL: SELECT `id`,`title`,`pid`,`name`,`icon` FROM `qw_auth_rule` WHERE ( islink=1   ) ORDER BY o ASC  [ RunTime:0.0029s ]
SQL: SHOW COLUMNS FROM `qw_hecprojects` [ RunTime:0.0074s ]
SQL: SELECT * FROM `qw_hecprojects` WHERE ( id=1 ) LIMIT 1   [ RunTime:0.0012s ]
SQL: SHOW COLUMNS FROM `qw_hec_flowgagues` [ RunTime:0.0039s ]
SQL: SELECT `name`,`type`,`oname` FROM `qw_hec_flowgagues` WHERE ( id in(1) )  [ RunTime:0.0010s ]

[ 2018-02-24T16:36:32+08:00 ] ::1 /wms/qwadmin/HMS/retrievepcpData?id=1&guages=1,4&type=1
INFO: [ app_init ] --START--
INFO: Run Behavior\BuildLiteBehavior [ RunTime:0.000023s ]
INFO: [ app_init ] --END-- [ RunTime:0.000538s ]
INFO: [ app_begin ] --START--
INFO: Run Behavior\ReadHtmlCacheBehavior [ RunTime:0.000922s ]
INFO: [ app_begin ] --END-- [ RunTime:0.001039s ]
NOTIC: [8] A session had already been started - ignoring session_start() E:\php\Apache24\htdocs\wms\App\Qwadmin\Controller\ComController.class.php 第 112 行.
SQL: SHOW COLUMNS FROM `qw_member` [ RunTime:0.0040s ]
SQL: SELECT * FROM `qw_member` WHERE `uid` = 1 LIMIT 1   [ RunTime:0.0006s ]
SQL: SELECT * FROM qw_auth_group g left join qw_auth_group_access a on g.id=a.group_id where a.uid=1 [ RunTime:0.0015s ]
SQL: SHOW COLUMNS FROM `qw_member` [ RunTime:0.0103s ]
SQL: SELECT * FROM `qw_member` WHERE `uid` = 1 LIMIT 1   [ RunTime:0.0009s ]
SQL: SELECT s.id,s.title,s.name,s.tips,s.pid,p.pid as ppid,p.title as ptitle FROM qw_auth_rule s left join qw_auth_rule p on p.id=s.pid where s.name='HMS/retrievepcpData' [ RunTime:0.0014s ]
NOTIC: [8] Undefined offset: 0 E:\php\Apache24\htdocs\wms\App\Qwadmin\Controller\ComController.class.php 第 61 行.
SQL: SHOW COLUMNS FROM `qw_auth_rule` [ RunTime:0.0030s ]
SQL: SELECT `id`,`title`,`pid`,`name`,`icon` FROM `qw_auth_rule` WHERE ( islink=1   ) ORDER BY o ASC  [ RunTime:0.0012s ]
SQL: SHOW COLUMNS FROM `qw_hecprojects` [ RunTime:0.0033s ]
SQL: SELECT * FROM `qw_hecprojects` WHERE ( id=1 ) LIMIT 1   [ RunTime:0.0014s ]
SQL: SHOW COLUMNS FROM `qw_hec_pcpguages` [ RunTime:0.0033s ]
SQL: SELECT `name` FROM `qw_hec_pcpguages` WHERE ( id in(1,4) )  [ RunTime:0.0009s ]

[ 2018-02-24T16:40:26+08:00 ] ::1 /wms/index.php/Qwadmin/HMS/index.html
INFO: [ app_init ] --START--
INFO: Run Behavior\BuildLiteBehavior [ RunTime:0.000027s ]
INFO: [ app_init ] --END-- [ RunTime:0.000570s ]
INFO: [ app_begin ] --START--
INFO: Run Behavior\ReadHtmlCacheBehavior [ RunTime:0.000838s ]
INFO: [ app_begin ] --END-- [ RunTime:0.000962s ]
NOTIC: [8] A session had already been started - ignoring session_start() E:\php\Apache24\htdocs\wms\App\Qwadmin\Controller\ComController.class.php 第 112 行.
SQL: SHOW COLUMNS FROM `qw_member` [ RunTime:0.0085s ]
SQL: SELECT * FROM `qw_member` WHERE `uid` = 1 LIMIT 1   [ RunTime:0.0018s ]
SQL: SELECT * FROM qw_auth_group g left join qw_auth_group_access a on g.id=a.group_id where a.uid=1 [ RunTime:0.0009s ]
SQL: SHOW COLUMNS FROM `qw_member` [ RunTime:0.0083s ]
SQL: SELECT * FROM `qw_member` WHERE `uid` = 1 LIMIT 1   [ RunTime:0.0018s ]
SQL: SELECT s.id,s.title,s.name,s.tips,s.pid,p.pid as ppid,p.title as ptitle FROM qw_auth_rule s left join qw_auth_rule p on p.id=s.pid where s.name='HMS/index' [ RunTime:0.0013s ]
SQL: SHOW COLUMNS FROM `qw_auth_rule` [ RunTime:0.0043s ]
SQL: SELECT `id`,`title`,`pid`,`name`,`icon` FROM `qw_auth_rule` WHERE ( islink=1   ) ORDER BY o ASC  [ RunTime:0.0013s ]
SQL: SHOW COLUMNS FROM `qw_hec_pcpguages` [ RunTime:0.0040s ]
SQL: SELECT * FROM `qw_hec_pcpguages`  [ RunTime:0.0011s ]
SQL: SHOW COLUMNS FROM `qw_hec_flowgagues` [ RunTime:0.0041s ]
SQL: SELECT * FROM `qw_hec_flowgagues`  [ RunTime:0.0010s ]
SQL: SHOW COLUMNS FROM `qw_hecprojects` [ RunTime:0.0041s ]
NOTIC: [8] Undefined variable: page E:\php\Apache24\htdocs\wms\App\Qwadmin\Controller\HMSController.class.php 第 34 行.
NOTIC: [8] Undefined variable: rows E:\php\Apache24\htdocs\wms\App\Qwadmin\Controller\HMSController.class.php 第 34 行.
NOTIC: [8] Undefined index: limit E:\php\Apache24\htdocs\wms\ThinkPHP\Library\Think\Db\Driver.class.php 第 950 行.
SQL: SELECT `id`,`projectname`,`outputfile`,`opathname`,`starttime`,`endtime`,`interval`,`ipcppathname`,`inputfile`,`iflowpathname` FROM `qw_hecprojects` ORDER BY id desc LIMIT 0,20   [ RunTime:0.0006s ]
INFO: [ view_parse ] --START--
INFO: [ template_filter ] --START--
INFO: Run Behavior\ContentReplaceBehavior [ RunTime:0.000527s ]
INFO: [ template_filter ] --END-- [ RunTime:0.000747s ]
INFO: Run Behavior\ParseTemplateBehavior [ RunTime:0.083124s ]
INFO: [ view_parse ] --END-- [ RunTime:0.083285s ]
INFO: [ view_filter ] --START--
INFO: Run Behavior\WriteHtmlCacheBehavior [ RunTime:0.000541s ]
INFO: [ view_filter ] --END-- [ RunTime:0.000658s ]
INFO: [ app_end ] --START--
INFO: Run Behavior\ShowPageTraceBehavior [ RunTime:0.000669s ]
INFO: [ app_end ] --END-- [ RunTime:0.000785s ]

[ 2018-02-24T16:40:28+08:00 ] ::1 /wms/index.php/Qwadmin/HMS/getRows.html?_search=false&nd=1519461627113&rows=10&page=1&sidx=&sord=asc
INFO: [ app_init ] --START--
INFO: Run Behavior\BuildLiteBehavior [ RunTime:0.000027s ]
INFO: [ app_init ] --END-- [ RunTime:0.000503s ]
INFO: [ app_begin ] --START--
INFO: Run Behavior\ReadHtmlCacheBehavior [ RunTime:0.000841s ]
INFO: [ app_begin ] --END-- [ RunTime:0.001081s ]
NOTIC: [8] A session had already been started - ignoring session_start() E:\php\Apache24\htdocs\wms\App\Qwadmin\Controller\ComController.class.php 第 112 行.
SQL: SHOW COLUMNS FROM `qw_member` [ RunTime:0.0082s ]
SQL: SELECT * FROM `qw_member` WHERE `uid` = 1 LIMIT 1   [ RunTime:0.0018s ]
SQL: SELECT * FROM qw_auth_group g left join qw_auth_group_access a on g.id=a.group_id where a.uid=1 [ RunTime:0.0008s ]
SQL: SHOW COLUMNS FROM `qw_member` [ RunTime:0.0070s ]
SQL: SELECT * FROM `qw_member` WHERE `uid` = 1 LIMIT 1   [ RunTime:0.0017s ]
SQL: SELECT s.id,s.title,s.name,s.tips,s.pid,p.pid as ppid,p.title as ptitle FROM qw_auth_rule s left join qw_auth_rule p on p.id=s.pid where s.name='HMS/getRows' [ RunTime:0.0009s ]
NOTIC: [8] Undefined offset: 0 E:\php\Apache24\htdocs\wms\App\Qwadmin\Controller\ComController.class.php 第 61 行.
SQL: SHOW COLUMNS FROM `qw_auth_rule` [ RunTime:0.0070s ]
SQL: SELECT `id`,`title`,`pid`,`name`,`icon` FROM `qw_auth_rule` WHERE ( islink=1   ) ORDER BY o ASC  [ RunTime:0.0019s ]
SQL: SHOW COLUMNS FROM `qw_hecprojects` [ RunTime:0.0046s ]
SQL: SELECT `id`,`projectname`,`outputfile`,`opathname`,`starttime`,`endtime`,`interval`,`ipcppathname`,`inputfile`,`iflowpathname` FROM `qw_hecprojects` ORDER BY id desc LIMIT 0,10   [ RunTime:0.0009s ]
SQL: SELECT COUNT(*) AS tp_count FROM `qw_hecprojects` LIMIT 1   [ RunTime:0.0004s ]

[ 2018-02-24T16:40:29+08:00 ] ::1 /wms/qwadmin/HMS/retrieveflowData?id=1&guages=1&type=1
INFO: [ app_init ] --START--
INFO: Run Behavior\BuildLiteBehavior [ RunTime:0.000034s ]
INFO: [ app_init ] --END-- [ RunTime:0.000830s ]
INFO: [ app_begin ] --START--
INFO: Run Behavior\ReadHtmlCacheBehavior [ RunTime:0.000803s ]
INFO: [ app_begin ] --END-- [ RunTime:0.000974s ]
NOTIC: [8] A session had already been started - ignoring session_start() E:\php\Apache24\htdocs\wms\App\Qwadmin\Controller\ComController.class.php 第 112 行.
SQL: SHOW COLUMNS FROM `qw_member` [ RunTime:0.0083s ]
SQL: SELECT * FROM `qw_member` WHERE `uid` = 1 LIMIT 1   [ RunTime:0.0022s ]
SQL: SELECT * FROM qw_auth_group g left join qw_auth_group_access a on g.id=a.group_id where a.uid=1 [ RunTime:0.0009s ]
SQL: SHOW COLUMNS FROM `qw_member` [ RunTime:0.0081s ]
SQL: SELECT * FROM `qw_member` WHERE `uid` = 1 LIMIT 1   [ RunTime:0.0017s ]
SQL: SELECT s.id,s.title,s.name,s.tips,s.pid,p.pid as ppid,p.title as ptitle FROM qw_auth_rule s left join qw_auth_rule p on p.id=s.pid where s.name='HMS/retrieveflowData' [ RunTime:0.0006s ]
NOTIC: [8] Undefined offset: 0 E:\php\Apache24\htdocs\wms\App\Qwadmin\Controller\ComController.class.php 第 61 行.
SQL: SHOW COLUMNS FROM `qw_auth_rule` [ RunTime:0.0043s ]
SQL: SELECT `id`,`title`,`pid`,`name`,`icon` FROM `qw_auth_rule` WHERE ( islink=1   ) ORDER BY o ASC  [ RunTime:0.0017s ]
SQL: SHOW COLUMNS FROM `qw_hecprojects` [ RunTime:0.0044s ]
SQL: SELECT * FROM `qw_hecprojects` WHERE ( id=1 ) LIMIT 1   [ RunTime:0.0012s ]
SQL: SHOW COLUMNS FROM `qw_hec_flowgagues` [ RunTime:0.0051s ]
SQL: SELECT `name`,`type`,`oname` FROM `qw_hec_flowgagues` WHERE ( id in(1) )  [ RunTime:0.0011s ]

[ 2018-02-24T16:40:30+08:00 ] ::1 /wms/qwadmin/HMS/retrievepcpData?id=1&guages=1&type=1
INFO: [ app_init ] --START--
INFO: Run Behavior\BuildLiteBehavior [ RunTime:0.000026s ]
INFO: [ app_init ] --END-- [ RunTime:0.000602s ]
INFO: [ app_begin ] --START--
INFO: Run Behavior\ReadHtmlCacheBehavior [ RunTime:0.000685s ]
INFO: [ app_begin ] --END-- [ RunTime:0.000782s ]
NOTIC: [8] A session had already been started - ignoring session_start() E:\php\Apache24\htdocs\wms\App\Qwadmin\Controller\ComController.class.php 第 112 行.
SQL: SHOW COLUMNS FROM `qw_member` [ RunTime:0.0071s ]
SQL: SELECT * FROM `qw_member` WHERE `uid` = 1 LIMIT 1   [ RunTime:0.0016s ]
SQL: SELECT * FROM qw_auth_group g left join qw_auth_group_access a on g.id=a.group_id where a.uid=1 [ RunTime:0.0010s ]
SQL: SHOW COLUMNS FROM `qw_member` [ RunTime:0.0144s ]
SQL: SELECT * FROM `qw_member` WHERE `uid` = 1 LIMIT 1   [ RunTime:0.0008s ]
SQL: SELECT s.id,s.title,s.name,s.tips,s.pid,p.pid as ppid,p.title as ptitle FROM qw_auth_rule s left join qw_auth_rule p on p.id=s.pid where s.name='HMS/retrievepcpData' [ RunTime:0.0004s ]
NOTIC: [8] Undefined offset: 0 E:\php\Apache24\htdocs\wms\App\Qwadmin\Controller\ComController.class.php 第 61 行.
SQL: SHOW COLUMNS FROM `qw_auth_rule` [ RunTime:0.0032s ]
SQL: SELECT `id`,`title`,`pid`,`name`,`icon` FROM `qw_auth_rule` WHERE ( islink=1   ) ORDER BY o ASC  [ RunTime:0.0012s ]
SQL: SHOW COLUMNS FROM `qw_hecprojects` [ RunTime:0.0035s ]
SQL: SELECT * FROM `qw_hecprojects` WHERE ( id=1 ) LIMIT 1   [ RunTime:0.0006s ]
SQL: SHOW COLUMNS FROM `qw_hec_pcpguages` [ RunTime:0.0027s ]
SQL: SELECT `name` FROM `qw_hec_pcpguages` WHERE ( id in(1) )  [ RunTime:0.0007s ]

[ 2018-02-24T16:40:35+08:00 ] ::1 /wms/index.php/Qwadmin/HMS/forcast.html
INFO: [ app_init ] --START--
INFO: Run Behavior\BuildLiteBehavior [ RunTime:0.000023s ]
INFO: [ app_init ] --END-- [ RunTime:0.000519s ]
INFO: [ app_begin ] --START--
INFO: Run Behavior\ReadHtmlCacheBehavior [ RunTime:0.000537s ]
INFO: [ app_begin ] --END-- [ RunTime:0.000644s ]
NOTIC: [8] A session had already been started - ignoring session_start() E:\php\Apache24\htdocs\wms\App\Qwadmin\Controller\ComController.class.php 第 112 行.
SQL: SHOW COLUMNS FROM `qw_member` [ RunTime:0.0035s ]
SQL: SELECT * FROM `qw_member` WHERE `uid` = 1 LIMIT 1   [ RunTime:0.0006s ]
SQL: SELECT * FROM qw_auth_group g left join qw_auth_group_access a on g.id=a.group_id where a.uid=1 [ RunTime:0.0002s ]
SQL: SHOW COLUMNS FROM `qw_member` [ RunTime:0.0028s ]
SQL: SELECT * FROM `qw_member` WHERE `uid` = 1 LIMIT 1   [ RunTime:0.0007s ]
SQL: SELECT s.id,s.title,s.name,s.tips,s.pid,p.pid as ppid,p.title as ptitle FROM qw_auth_rule s left join qw_auth_rule p on p.id=s.pid where s.name='HMS/forcast' [ RunTime:0.0003s ]
SQL: SHOW COLUMNS FROM `qw_auth_rule` [ RunTime:0.0035s ]
SQL: SELECT `id`,`title`,`pid`,`name`,`icon` FROM `qw_auth_rule` WHERE ( islink=1   ) ORDER BY o ASC  [ RunTime:0.0011s ]
ERR: 非法操作:forcast

[ 2018-02-24T17:09:19+08:00 ] ::1 /wms/index.php/Qwadmin/variable/index.html
INFO: [ app_init ] --START--
INFO: Run Behavior\BuildLiteBehavior [ RunTime:0.000024s ]
INFO: [ app_init ] --END-- [ RunTime:0.000555s ]
INFO: [ app_begin ] --START--
INFO: Run Behavior\ReadHtmlCacheBehavior [ RunTime:0.000699s ]
INFO: [ app_begin ] --END-- [ RunTime:0.000818s ]
NOTIC: [8] A session had already been started - ignoring session_start() E:\php\Apache24\htdocs\wms\App\Qwadmin\Controller\ComController.class.php 第 112 行.
SQL: SHOW COLUMNS FROM `qw_member` [ RunTime:0.0060s ]
SQL: SELECT * FROM `qw_member` WHERE `uid` = 1 LIMIT 1   [ RunTime:0.0012s ]
SQL: SELECT * FROM qw_auth_group g left join qw_auth_group_access a on g.id=a.group_id where a.uid=1 [ RunTime:0.0026s ]
SQL: SHOW COLUMNS FROM `qw_member` [ RunTime:0.0039s ]
SQL: SELECT * FROM `qw_member` WHERE `uid` = 1 LIMIT 1   [ RunTime:0.0007s ]
SQL: SELECT s.id,s.title,s.name,s.tips,s.pid,p.pid as ppid,p.title as ptitle FROM qw_auth_rule s left join qw_auth_rule p on p.id=s.pid where s.name='Variable/index' [ RunTime:0.0013s ]
SQL: SHOW COLUMNS FROM `qw_auth_rule` [ RunTime:0.0031s ]
SQL: SELECT `id`,`title`,`pid`,`name`,`icon` FROM `qw_auth_rule` WHERE ( islink=1   ) ORDER BY o ASC  [ RunTime:0.0010s ]
SQL: SHOW COLUMNS FROM `qw_setting` [ RunTime:0.0038s ]
SQL: SELECT * FROM `qw_setting` WHERE ( type=1 )  [ RunTime:0.0324s ]
INFO: [ view_parse ] --START--
INFO: [ template_filter ] --START--
INFO: Run Behavior\ContentReplaceBehavior [ RunTime:0.000202s ]
INFO: [ template_filter ] --END-- [ RunTime:0.000359s ]
INFO: Run Behavior\ParseTemplateBehavior [ RunTime:0.097599s ]
INFO: [ view_parse ] --END-- [ RunTime:0.097721s ]
INFO: [ view_filter ] --START--
INFO: Run Behavior\WriteHtmlCacheBehavior [ RunTime:0.000636s ]
INFO: [ view_filter ] --END-- [ RunTime:0.000758s ]
INFO: [ app_end ] --START--
INFO: Run Behavior\ShowPageTraceBehavior [ RunTime:0.000936s ]
INFO: [ app_end ] --END-- [ RunTime:0.001126s ]

