[ 2018-03-25T14:57:04+08:00 ] ::1 /wms/qwadmin/index/index.html
INFO: [ app_init ] --START--
INFO: Run Behavior\BuildLiteBehavior [ RunTime:0.000033s ]
INFO: [ app_init ] --END-- [ RunTime:0.001324s ]
INFO: [ app_begin ] --START--
INFO: Run Behavior\ReadHtmlCacheBehavior [ RunTime:0.001179s ]
INFO: [ app_begin ] --END-- [ RunTime:0.001353s ]
NOTIC: [8] A session had already been started - ignoring session_start() E:\php\Apache24\htdocs\wms\App\Qwadmin\Controller\ComController.class.php ç¬¬ 112 è¡Œ.

[ 2018-03-25T14:57:04+08:00 ] ::1 /wms/index.php/Qwadmin/login/index.html
INFO: [ app_init ] --START--
INFO: Run Behavior\BuildLiteBehavior [ RunTime:0.000023s ]
INFO: [ app_init ] --END-- [ RunTime:0.000361s ]
INFO: [ app_begin ] --START--
INFO: Run Behavior\ReadHtmlCacheBehavior [ RunTime:0.000410s ]
INFO: [ app_begin ] --END-- [ RunTime:0.000516s ]
NOTIC: [8] A session had already been started - ignoring session_start() E:\php\Apache24\htdocs\wms\App\Qwadmin\Controller\ComController.class.php ç¬¬ 112 è¡Œ.
INFO: [ view_parse ] --START--
INFO: [ template_filter ] --START--
INFO: Run Behavior\ContentReplaceBehavior [ RunTime:0.000088s ]
INFO: [ template_filter ] --END-- [ RunTime:0.000242s ]
NOTIC: [8] Undefined variable: current E:\php\Apache24\htdocs\wms\App\Runtime\Cache\Qwadmin\3ec037c4eac547117970073708a020a7.php ç¬¬ 6 è¡Œ.
INFO: Run Behavior\ParseTemplateBehavior [ RunTime:0.055184s ]
INFO: [ view_parse ] --END-- [ RunTime:0.055305s ]
INFO: [ view_filter ] --START--
INFO: Run Behavior\WriteHtmlCacheBehavior [ RunTime:0.001040s ]
INFO: [ view_filter ] --END-- [ RunTime:0.001142s ]
INFO: [ app_end ] --START--
INFO: Run Behavior\ShowPageTraceBehavior [ RunTime:0.001400s ]
INFO: [ app_end ] --END-- [ RunTime:0.001510s ]

[ 2018-03-25T14:57:04+08:00 ] ::1 /wms/index.php/Qwadmin/login/verify.html
INFO: [ app_init ] --START--
INFO: Run Behavior\BuildLiteBehavior [ RunTime:0.000022s ]
INFO: [ app_init ] --END-- [ RunTime:0.000337s ]
INFO: [ app_begin ] --START--
INFO: Run Behavior\ReadHtmlCacheBehavior [ RunTime:0.000376s ]
INFO: [ app_begin ] --END-- [ RunTime:0.000487s ]
INFO: [ app_end ] --START--
INFO: Run Behavior\ShowPageTraceBehavior [ RunTime:0.000662s ]
INFO: [ app_end ] --END-- [ RunTime:0.000821s ]

[ 2018-03-25T14:57:11+08:00 ] ::1 /wms/index.php/Qwadmin/login/login.html
INFO: [ app_init ] --START--
INFO: Run Behavior\BuildLiteBehavior [ RunTime:0.000023s ]
INFO: [ app_init ] --END-- [ RunTime:0.000344s ]
INFO: [ app_begin ] --START--
INFO: Run Behavior\ReadHtmlCacheBehavior [ RunTime:0.000356s ]
INFO: [ app_begin ] --END-- [ RunTime:0.000468s ]
ERR: SQLSTATE[HY000] [2002] ÓÉÓÚÄ¿±ê¼ÆËã»ú»ý¼«¾Ü¾ø£¬ÎÞ·¨Á¬½Ó¡£


