[ 2018-02-28T14:32:03+08:00 ] ::1 /wms/qwadmin/index/index.html
INFO: [ app_init ] --START--
INFO: Run Behavior\BuildLiteBehavior [ RunTime:0.000023s ]
INFO: [ app_init ] --END-- [ RunTime:0.000394s ]
INFO: [ app_begin ] --START--
INFO: Run Behavior\ReadHtmlCacheBehavior [ RunTime:0.000448s ]
INFO: [ app_begin ] --END-- [ RunTime:0.000556s ]
NOTIC: [8] A session had already been started - ignoring session_start() E:\php\Apache24\htdocs\wms\App\Qwadmin\Controller\ComController.class.php 第 112 行.

[ 2018-02-28T14:32:03+08:00 ] ::1 /wms/index.php/Qwadmin/login/index.html
INFO: [ app_init ] --START--
INFO: Run Behavior\BuildLiteBehavior [ RunTime:0.000056s ]
INFO: [ app_init ] --END-- [ RunTime:0.000842s ]
INFO: [ app_begin ] --START--
INFO: Run Behavior\ReadHtmlCacheBehavior [ RunTime:0.000941s ]
INFO: [ app_begin ] --END-- [ RunTime:0.001230s ]
NOTIC: [8] A session had already been started - ignoring session_start() E:\php\Apache24\htdocs\wms\App\Qwadmin\Controller\ComController.class.php 第 112 行.
INFO: [ view_parse ] --START--
INFO: [ template_filter ] --START--
INFO: Run Behavior\ContentReplaceBehavior [ RunTime:0.000222s ]
INFO: [ template_filter ] --END-- [ RunTime:0.000500s ]
NOTIC: [8] Undefined variable: current E:\php\Apache24\htdocs\wms\App\Runtime\Cache\Qwadmin\3ec037c4eac547117970073708a020a7.php 第 6 行.
INFO: Run Behavior\ParseTemplateBehavior [ RunTime:0.043536s ]
INFO: [ view_parse ] --END-- [ RunTime:0.043814s ]
INFO: [ view_filter ] --START--
INFO: Run Behavior\WriteHtmlCacheBehavior [ RunTime:0.000720s ]
INFO: [ view_filter ] --END-- [ RunTime:0.000974s ]
INFO: [ app_end ] --START--
INFO: Run Behavior\ShowPageTraceBehavior [ RunTime:0.001384s ]
INFO: [ app_end ] --END-- [ RunTime:0.001878s ]

[ 2018-02-28T14:32:03+08:00 ] ::1 /wms/index.php/Qwadmin/login/verify.html
INFO: [ app_init ] --START--
INFO: Run Behavior\BuildLiteBehavior [ RunTime:0.000022s ]
INFO: [ app_init ] --END-- [ RunTime:0.000320s ]
INFO: [ app_begin ] --START--
INFO: Run Behavior\ReadHtmlCacheBehavior [ RunTime:0.000338s ]
INFO: [ app_begin ] --END-- [ RunTime:0.000441s ]
INFO: [ app_end ] --START--
INFO: Run Behavior\ShowPageTraceBehavior [ RunTime:0.000486s ]
INFO: [ app_end ] --END-- [ RunTime:0.000596s ]

[ 2018-02-28T14:32:05+08:00 ] ::1 /wms/index.php/Qwadmin/login/login.html
INFO: [ app_init ] --START--
INFO: Run Behavior\BuildLiteBehavior [ RunTime:0.000022s ]
INFO: [ app_init ] --END-- [ RunTime:0.000322s ]
INFO: [ app_begin ] --START--
INFO: Run Behavior\ReadHtmlCacheBehavior [ RunTime:0.000335s ]
INFO: [ app_begin ] --END-- [ RunTime:0.000443s ]
SQL: SHOW COLUMNS FROM `qw_member` [ RunTime:0.0079s ]
SQL: SELECT `uid`,`user` FROM `qw_member` WHERE `user` = 'admin' AND `password` = '66d6a1c8748025462128dc75bf5ae8d1' LIMIT 1   [ RunTime:0.0009s ]
NOTIC: [8] A session had already been started - ignoring session_start() E:\php\Apache24\htdocs\wms\App\Qwadmin\Controller\LoginController.class.php 第 51 行.
SQL: SHOW COLUMNS FROM `qw_log` [ RunTime:0.0465s ]
NOTIC: [8] A session had already been started - ignoring session_start() E:\php\Apache24\htdocs\wms\App\Qwadmin\Common\function.php 第 12 行.
SQL: SHOW COLUMNS FROM `qw_member` [ RunTime:0.0063s ]
SQL: SELECT `user` FROM `qw_member` WHERE `uid` = 1 LIMIT 1   [ RunTime:0.0008s ]
SQL: INSERT INTO `qw_log` (`name`,`t`,`ip`,`log`) VALUES ('admin','1519799525','::1','登录成功。') [ RunTime:0.0318s ]

[ 2018-02-28T14:32:06+08:00 ] ::1 /wms/index.php/Qwadmin/index/index.html
INFO: [ app_init ] --START--
INFO: Run Behavior\BuildLiteBehavior [ RunTime:0.000037s ]
INFO: [ app_init ] --END-- [ RunTime:0.000642s ]
INFO: [ app_begin ] --START--
INFO: Run Behavior\ReadHtmlCacheBehavior [ RunTime:0.000711s ]
INFO: [ app_begin ] --END-- [ RunTime:0.000892s ]
NOTIC: [8] A session had already been started - ignoring session_start() E:\php\Apache24\htdocs\wms\App\Qwadmin\Controller\ComController.class.php 第 112 行.
SQL: SHOW COLUMNS FROM `qw_member` [ RunTime:0.0058s ]
SQL: SELECT * FROM `qw_member` WHERE `uid` = 1 LIMIT 1   [ RunTime:0.0009s ]
SQL: SELECT * FROM qw_auth_group g left join qw_auth_group_access a on g.id=a.group_id where a.uid=1 [ RunTime:0.0028s ]
SQL: SHOW COLUMNS FROM `qw_member` [ RunTime:0.0059s ]
SQL: SELECT * FROM `qw_member` WHERE `uid` = 1 LIMIT 1   [ RunTime:0.0007s ]
SQL: SELECT s.id,s.title,s.name,s.tips,s.pid,p.pid as ppid,p.title as ptitle FROM qw_auth_rule s left join qw_auth_rule p on p.id=s.pid where s.name='Index/index' [ RunTime:0.0025s ]
SQL: SHOW COLUMNS FROM `qw_auth_rule` [ RunTime:0.0027s ]
SQL: SELECT `id`,`title`,`pid`,`name`,`icon` FROM `qw_auth_rule` WHERE ( islink=1   ) ORDER BY o ASC  [ RunTime:0.0009s ]
SQL: select guage_id,guage_name from qw_guage where guage_type=0 [ RunTime:0.0341s ]
SQL: select guage_id,guage_name from qw_guage where guage_type=1 [ RunTime:0.0004s ]
SQL: select guage_id,guage_name from qw_guage where guage_type=2 [ RunTime:0.0003s ]
SQL: SHOW COLUMNS FROM `qw_meteorology_scen` [ RunTime:0.0332s ]
SQL: SHOW COLUMNS FROM `qw_temp_scen` [ RunTime:0.0374s ]
SQL: SHOW COLUMNS FROM `qw_scenario` [ RunTime:0.0410s ]
SQL: SELECT `scen_id`,`scen_name` FROM `qw_scenario`  [ RunTime:0.0010s ]
SQL: SELECT `scen_id`,`scen_name` FROM `qw_meteorology_scen` WHERE ( idata=1 )  [ RunTime:0.0005s ]
SQL: SELECT `scen_id`,`scen_name` FROM `qw_temp_scen` WHERE ( idata=1 )  [ RunTime:0.0004s ]
INFO: [ view_parse ] --START--
INFO: [ template_filter ] --START--
INFO: Run Behavior\ContentReplaceBehavior [ RunTime:0.000345s ]
INFO: [ template_filter ] --END-- [ RunTime:0.000494s ]
INFO: Run Behavior\ParseTemplateBehavior [ RunTime:0.129370s ]
INFO: [ view_parse ] --END-- [ RunTime:0.129559s ]
INFO: [ view_filter ] --START--
INFO: Run Behavior\WriteHtmlCacheBehavior [ RunTime:0.000340s ]
INFO: [ view_filter ] --END-- [ RunTime:0.000453s ]
INFO: [ app_end ] --START--
INFO: Run Behavior\ShowPageTraceBehavior [ RunTime:0.000467s ]
INFO: [ app_end ] --END-- [ RunTime:0.000572s ]

[ 2018-02-28T14:32:08+08:00 ] ::1 /wms/qwadmin/index/getdatas?pvar=1&guage=1&scens=2
INFO: [ app_init ] --START--
INFO: Run Behavior\BuildLiteBehavior [ RunTime:0.000024s ]
INFO: [ app_init ] --END-- [ RunTime:0.000338s ]
INFO: [ app_begin ] --START--
INFO: Run Behavior\ReadHtmlCacheBehavior [ RunTime:0.000447s ]
INFO: [ app_begin ] --END-- [ RunTime:0.000557s ]
NOTIC: [8] A session had already been started - ignoring session_start() E:\php\Apache24\htdocs\wms\App\Qwadmin\Controller\ComController.class.php 第 112 行.
SQL: SHOW COLUMNS FROM `qw_member` [ RunTime:0.0051s ]
SQL: SELECT * FROM `qw_member` WHERE `uid` = 1 LIMIT 1   [ RunTime:0.0008s ]
SQL: SELECT * FROM qw_auth_group g left join qw_auth_group_access a on g.id=a.group_id where a.uid=1 [ RunTime:0.0008s ]
SQL: SHOW COLUMNS FROM `qw_member` [ RunTime:0.0049s ]
SQL: SELECT * FROM `qw_member` WHERE `uid` = 1 LIMIT 1   [ RunTime:0.0007s ]
SQL: SELECT s.id,s.title,s.name,s.tips,s.pid,p.pid as ppid,p.title as ptitle FROM qw_auth_rule s left join qw_auth_rule p on p.id=s.pid where s.name='Index/getdatas' [ RunTime:0.0008s ]
NOTIC: [8] Undefined offset: 0 E:\php\Apache24\htdocs\wms\App\Qwadmin\Controller\ComController.class.php 第 61 行.
SQL: SHOW COLUMNS FROM `qw_auth_rule` [ RunTime:0.0048s ]
SQL: SELECT `id`,`title`,`pid`,`name`,`icon` FROM `qw_auth_rule` WHERE ( islink=1   ) ORDER BY o ASC  [ RunTime:0.0017s ]
SQL: SHOW COLUMNS FROM `qw_scenario` [ RunTime:0.0046s ]
SQL: SELECT `scen_name`,`scen_type`,`scen_desc`,`is_base` FROM `qw_scenario` WHERE ( scen_id in(2) )  [ RunTime:0.0006s ]

[ 2018-02-28T14:32:13+08:00 ] ::1 /wms/index.php/Qwadmin/HMS/forcast.html
INFO: [ app_init ] --START--
INFO: Run Behavior\BuildLiteBehavior [ RunTime:0.000027s ]
INFO: [ app_init ] --END-- [ RunTime:0.000404s ]
INFO: [ app_begin ] --START--
INFO: Run Behavior\ReadHtmlCacheBehavior [ RunTime:0.000438s ]
INFO: [ app_begin ] --END-- [ RunTime:0.000572s ]
NOTIC: [8] A session had already been started - ignoring session_start() E:\php\Apache24\htdocs\wms\App\Qwadmin\Controller\ComController.class.php 第 112 行.
SQL: SHOW COLUMNS FROM `qw_member` [ RunTime:0.0062s ]
SQL: SELECT * FROM `qw_member` WHERE `uid` = 1 LIMIT 1   [ RunTime:0.0010s ]
SQL: SELECT * FROM qw_auth_group g left join qw_auth_group_access a on g.id=a.group_id where a.uid=1 [ RunTime:0.0008s ]
SQL: SHOW COLUMNS FROM `qw_member` [ RunTime:0.0058s ]
SQL: SELECT * FROM `qw_member` WHERE `uid` = 1 LIMIT 1   [ RunTime:0.0007s ]
SQL: SELECT s.id,s.title,s.name,s.tips,s.pid,p.pid as ppid,p.title as ptitle FROM qw_auth_rule s left join qw_auth_rule p on p.id=s.pid where s.name='HMS/forcast' [ RunTime:0.0009s ]
SQL: SHOW COLUMNS FROM `qw_auth_rule` [ RunTime:0.0060s ]
SQL: SELECT `id`,`title`,`pid`,`name`,`icon` FROM `qw_auth_rule` WHERE ( islink=1   ) ORDER BY o ASC  [ RunTime:0.0019s ]
SQL: SHOW COLUMNS FROM `qw_hec_pcpguages` [ RunTime:0.0445s ]
SQL: SELECT * FROM `qw_hec_pcpguages`  [ RunTime:0.0024s ]
SQL: SHOW COLUMNS FROM `qw_hec_flowgagues` [ RunTime:0.0199s ]
SQL: SELECT * FROM `qw_hec_flowgagues`  [ RunTime:0.0013s ]
SQL: SHOW COLUMNS FROM `qw_hecprojects` [ RunTime:0.0065s ]
NOTIC: [8] Undefined variable: page E:\php\Apache24\htdocs\wms\App\Qwadmin\Controller\HMSController.class.php 第 58 行.
NOTIC: [8] Undefined variable: rows E:\php\Apache24\htdocs\wms\App\Qwadmin\Controller\HMSController.class.php 第 58 行.
NOTIC: [8] Undefined index: limit E:\php\Apache24\htdocs\wms\ThinkPHP\Library\Think\Db\Driver.class.php 第 950 行.
SQL: SELECT `id`,`projectname`,`outputfile`,`opathname`,`starttime`,`endtime`,`interval`,`ipcppathname`,`inputfile`,`iflowpathname` FROM `qw_hecprojects` ORDER BY id desc LIMIT 0,20   [ RunTime:0.0009s ]
SQL: SHOW COLUMNS FROM `qw_forcast` [ RunTime:0.0055s ]
SQL: SELECT * FROM `qw_forcast`  [ RunTime:0.0010s ]
INFO: [ view_parse ] --START--
INFO: [ template_filter ] --START--
INFO: Run Behavior\ContentReplaceBehavior [ RunTime:0.000384s ]
INFO: [ template_filter ] --END-- [ RunTime:0.000564s ]
INFO: Run Behavior\ParseTemplateBehavior [ RunTime:0.098253s ]
INFO: [ view_parse ] --END-- [ RunTime:0.098531s ]
INFO: [ view_filter ] --START--
INFO: Run Behavior\WriteHtmlCacheBehavior [ RunTime:0.000635s ]
INFO: [ view_filter ] --END-- [ RunTime:0.000841s ]
INFO: [ app_end ] --START--
INFO: Run Behavior\ShowPageTraceBehavior [ RunTime:0.000994s ]
INFO: [ app_end ] --END-- [ RunTime:0.001212s ]

[ 2018-02-28T14:32:14+08:00 ] ::1 /wms/qwadmin/HMS/retrievepcpDataf?id=1&guages=1&type=1
INFO: [ app_init ] --START--
INFO: Run Behavior\BuildLiteBehavior [ RunTime:0.000029s ]
INFO: [ app_init ] --END-- [ RunTime:0.000802s ]
INFO: [ app_begin ] --START--
INFO: Run Behavior\ReadHtmlCacheBehavior [ RunTime:0.000482s ]
INFO: [ app_begin ] --END-- [ RunTime:0.000613s ]
NOTIC: [8] A session had already been started - ignoring session_start() E:\php\Apache24\htdocs\wms\App\Qwadmin\Controller\ComController.class.php 第 112 行.
SQL: SHOW COLUMNS FROM `qw_member` [ RunTime:0.0055s ]
SQL: SELECT * FROM `qw_member` WHERE `uid` = 1 LIMIT 1   [ RunTime:0.0008s ]
SQL: SELECT * FROM qw_auth_group g left join qw_auth_group_access a on g.id=a.group_id where a.uid=1 [ RunTime:0.0007s ]
SQL: SHOW COLUMNS FROM `qw_member` [ RunTime:0.0055s ]
SQL: SELECT * FROM `qw_member` WHERE `uid` = 1 LIMIT 1   [ RunTime:0.0006s ]
SQL: SELECT s.id,s.title,s.name,s.tips,s.pid,p.pid as ppid,p.title as ptitle FROM qw_auth_rule s left join qw_auth_rule p on p.id=s.pid where s.name='HMS/retrievepcpDataf' [ RunTime:0.0008s ]
NOTIC: [8] Undefined offset: 0 E:\php\Apache24\htdocs\wms\App\Qwadmin\Controller\ComController.class.php 第 61 行.
SQL: SHOW COLUMNS FROM `qw_auth_rule` [ RunTime:0.0049s ]
SQL: SELECT `id`,`title`,`pid`,`name`,`icon` FROM `qw_auth_rule` WHERE ( islink=1   ) ORDER BY o ASC  [ RunTime:0.0016s ]
SQL: SHOW COLUMNS FROM `qw_hec_pcpguages` [ RunTime:0.0052s ]
SQL: SELECT `name` FROM `qw_hec_pcpguages` WHERE ( id in(1) )  [ RunTime:0.0008s ]

[ 2018-02-28T14:32:16+08:00 ] ::1 /wms/qwadmin/HMS/retrieveflowDataf?id=1&guages=1&type=1
INFO: [ app_init ] --START--
INFO: Run Behavior\BuildLiteBehavior [ RunTime:0.000025s ]
INFO: [ app_init ] --END-- [ RunTime:0.000378s ]
INFO: [ app_begin ] --START--
INFO: Run Behavior\ReadHtmlCacheBehavior [ RunTime:0.000393s ]
INFO: [ app_begin ] --END-- [ RunTime:0.000494s ]
NOTIC: [8] A session had already been started - ignoring session_start() E:\php\Apache24\htdocs\wms\App\Qwadmin\Controller\ComController.class.php 第 112 行.
SQL: SHOW COLUMNS FROM `qw_member` [ RunTime:0.0028s ]
SQL: SELECT * FROM `qw_member` WHERE `uid` = 1 LIMIT 1   [ RunTime:0.0004s ]
SQL: SELECT * FROM qw_auth_group g left join qw_auth_group_access a on g.id=a.group_id where a.uid=1 [ RunTime:0.0002s ]
SQL: SHOW COLUMNS FROM `qw_member` [ RunTime:0.0027s ]
SQL: SELECT * FROM `qw_member` WHERE `uid` = 1 LIMIT 1   [ RunTime:0.0004s ]
SQL: SELECT s.id,s.title,s.name,s.tips,s.pid,p.pid as ppid,p.title as ptitle FROM qw_auth_rule s left join qw_auth_rule p on p.id=s.pid where s.name='HMS/retrieveflowDataf' [ RunTime:0.0003s ]
NOTIC: [8] Undefined offset: 0 E:\php\Apache24\htdocs\wms\App\Qwadmin\Controller\ComController.class.php 第 61 行.
SQL: SHOW COLUMNS FROM `qw_auth_rule` [ RunTime:0.0024s ]
SQL: SELECT `id`,`title`,`pid`,`name`,`icon` FROM `qw_auth_rule` WHERE ( islink=1   ) ORDER BY o ASC  [ RunTime:0.0007s ]
SQL: SHOW COLUMNS FROM `qw_hec_flowgagues` [ RunTime:0.0024s ]
SQL: SELECT `name`,`type`,`oname` FROM `qw_hec_flowgagues` WHERE ( id in(1) )  [ RunTime:0.0003s ]
SQL: SHOW COLUMNS FROM `qw_forcast` [ RunTime:0.0025s ]
SQL: SELECT * FROM `qw_forcast`  [ RunTime:0.0004s ]

[ 2018-02-28T14:35:15+08:00 ] ::1 /wms/qwadmin/HMS/runforcast?sheetid=1
INFO: [ app_init ] --START--
INFO: Run Behavior\BuildLiteBehavior [ RunTime:0.000022s ]
INFO: [ app_init ] --END-- [ RunTime:0.000388s ]
INFO: [ app_begin ] --START--
INFO: Run Behavior\ReadHtmlCacheBehavior [ RunTime:0.000457s ]
INFO: [ app_begin ] --END-- [ RunTime:0.000542s ]
NOTIC: [8] A session had already been started - ignoring session_start() E:\php\Apache24\htdocs\wms\App\Qwadmin\Controller\ComController.class.php 第 112 行.
SQL: SHOW COLUMNS FROM `qw_member` [ RunTime:0.0062s ]
SQL: SELECT * FROM `qw_member` WHERE `uid` = 1 LIMIT 1   [ RunTime:0.0008s ]
SQL: SELECT * FROM qw_auth_group g left join qw_auth_group_access a on g.id=a.group_id where a.uid=1 [ RunTime:0.0007s ]
SQL: SHOW COLUMNS FROM `qw_member` [ RunTime:0.0055s ]
SQL: SELECT * FROM `qw_member` WHERE `uid` = 1 LIMIT 1   [ RunTime:0.0006s ]
SQL: SELECT s.id,s.title,s.name,s.tips,s.pid,p.pid as ppid,p.title as ptitle FROM qw_auth_rule s left join qw_auth_rule p on p.id=s.pid where s.name='HMS/runforcast' [ RunTime:0.0008s ]
NOTIC: [8] Undefined offset: 0 E:\php\Apache24\htdocs\wms\App\Qwadmin\Controller\ComController.class.php 第 61 行.
SQL: SHOW COLUMNS FROM `qw_auth_rule` [ RunTime:0.0051s ]
SQL: SELECT `id`,`title`,`pid`,`name`,`icon` FROM `qw_auth_rule` WHERE ( islink=1   ) ORDER BY o ASC  [ RunTime:0.0016s ]
SQL: SHOW COLUMNS FROM `qw_data` [ RunTime:0.0049s ]
SQL: SELECT `parsed` FROM `qw_data` WHERE ( sheetid=1 and parsed is not null and columnid=1 ) ORDER BY rowid asc  [ RunTime:0.0035s ]
SQL: SELECT `parsed` FROM `qw_data` WHERE ( sheetid=1 and parsed is not null and columnid=2 ) ORDER BY rowid asc  [ RunTime:0.0023s ]
SQL: SELECT `parsed` FROM `qw_data` WHERE ( sheetid=1 and parsed is not null and columnid=3 ) ORDER BY rowid asc  [ RunTime:0.0023s ]
SQL: SELECT `parsed` FROM `qw_data` WHERE ( sheetid=1 and parsed is not null and columnid=4 ) ORDER BY rowid asc  [ RunTime:0.0023s ]
SQL: SELECT `parsed` FROM `qw_data` WHERE ( sheetid=1 and parsed is not null and columnid=5 ) ORDER BY rowid asc  [ RunTime:0.0023s ]
SQL: SELECT `parsed` FROM `qw_data` WHERE ( sheetid=1 and parsed is not null and columnid=6 ) ORDER BY rowid asc  [ RunTime:0.0023s ]
SQL: SELECT `parsed` FROM `qw_data` WHERE ( sheetid=1 and parsed is not null and columnid=7 ) ORDER BY rowid asc  [ RunTime:0.0022s ]
SQL: SELECT `parsed` FROM `qw_data` WHERE ( sheetid=1 and parsed is not null and columnid=8 ) ORDER BY rowid asc  [ RunTime:0.0022s ]
SQL: SELECT `parsed` FROM `qw_data` WHERE ( sheetid=1 and parsed is not null and columnid=9 ) ORDER BY rowid asc  [ RunTime:0.0023s ]
SQL: SELECT `parsed` FROM `qw_data` WHERE ( sheetid=1 and parsed is not null and columnid=10 ) ORDER BY rowid asc  [ RunTime:0.0022s ]
SQL: SELECT `parsed` FROM `qw_data` WHERE ( sheetid=1 and parsed is not null and columnid=11 ) ORDER BY rowid asc  [ RunTime:0.0019s ]
SQL: SELECT `parsed` FROM `qw_data` WHERE ( sheetid=1 and parsed is not null and columnid=12 ) ORDER BY rowid asc  [ RunTime:0.0019s ]
SQL: SELECT `parsed` FROM `qw_data` WHERE ( sheetid=1 and parsed is not null and columnid=13 ) ORDER BY rowid asc  [ RunTime:0.0016s ]
SQL: SELECT `parsed` FROM `qw_data` WHERE ( sheetid=1 and parsed is not null and columnid=14 ) ORDER BY rowid asc  [ RunTime:0.0016s ]
SQL: SELECT `parsed` FROM `qw_data` WHERE ( sheetid=1 and parsed is not null and columnid=15 ) ORDER BY rowid asc  [ RunTime:0.0015s ]
SQL: SELECT `parsed` FROM `qw_data` WHERE ( sheetid=1 and parsed is not null and columnid=16 ) ORDER BY rowid asc  [ RunTime:0.0014s ]
SQL: SELECT `parsed` FROM `qw_data` WHERE ( sheetid=1 and parsed is not null and columnid=17 ) ORDER BY rowid asc  [ RunTime:0.0015s ]
SQL: SELECT `parsed` FROM `qw_data` WHERE ( sheetid=1 and parsed is not null and columnid=18 ) ORDER BY rowid asc  [ RunTime:0.0015s ]
SQL: SELECT `parsed` FROM `qw_data` WHERE ( sheetid=1 and parsed is not null and columnid=19 ) ORDER BY rowid asc  [ RunTime:0.0015s ]
SQL: SELECT `parsed` FROM `qw_data` WHERE ( sheetid=1 and parsed is not null and columnid=20 ) ORDER BY rowid asc  [ RunTime:0.0015s ]
SQL: SELECT `parsed` FROM `qw_data` WHERE ( sheetid=1 and parsed is not null and columnid=21 ) ORDER BY rowid asc  [ RunTime:0.0015s ]
SQL: SELECT `parsed` FROM `qw_data` WHERE ( sheetid=1 and parsed is not null and columnid=22 ) ORDER BY rowid asc  [ RunTime:0.0015s ]
SQL: SELECT `parsed` FROM `qw_data` WHERE ( sheetid=1 and parsed is not null and columnid=23 ) ORDER BY rowid asc  [ RunTime:0.0015s ]
SQL: SELECT `parsed` FROM `qw_data` WHERE ( sheetid=1 and parsed is not null and columnid=24 ) ORDER BY rowid asc  [ RunTime:0.0015s ]
SQL: SELECT `parsed` FROM `qw_data` WHERE ( sheetid=1 and parsed is not null and columnid=25 ) ORDER BY rowid asc  [ RunTime:0.0015s ]
SQL: SELECT `parsed` FROM `qw_data` WHERE ( sheetid=1 and parsed is not null and columnid=26 ) ORDER BY rowid asc  [ RunTime:0.0015s ]
SQL: SELECT `parsed` FROM `qw_data` WHERE ( sheetid=1 and parsed is not null and columnid=27 ) ORDER BY rowid asc  [ RunTime:0.0016s ]
SQL: SELECT `parsed` FROM `qw_data` WHERE ( sheetid=1 and parsed is not null and columnid=28 ) ORDER BY rowid asc  [ RunTime:0.0015s ]
SQL: SELECT `parsed` FROM `qw_data` WHERE ( sheetid=1 and parsed is not null and columnid=29 ) ORDER BY rowid asc  [ RunTime:0.0015s ]
SQL: SELECT `parsed` FROM `qw_data` WHERE ( sheetid=1 and parsed is not null and columnid=30 ) ORDER BY rowid asc  [ RunTime:0.0015s ]
SQL: SHOW COLUMNS FROM `qw_forcast` [ RunTime:0.0023s ]
SQL: SELECT * FROM `qw_forcast` WHERE ( sheetid=1 ) LIMIT 1   [ RunTime:0.0005s ]
SQL: UPDATE `qw_forcast` SET `start_date`='28 February 2018',`start_time`='14:00',`end_date`='02 March 2018',`end_time`='05:00' WHERE `sheetid` = '1' [ RunTime:0.0485s ]
SQL: SELECT * FROM `qw_forcast` WHERE ( sheetid=1 ) LIMIT 1   [ RunTime:0.0003s ]
SQL: SHOW COLUMNS FROM `qw_hec_pcpguages` [ RunTime:0.0021s ]
SQL: SELECT * FROM `qw_hec_pcpguages`  [ RunTime:0.0004s ]
SQL: SHOW COLUMNS FROM `qw_hec_flowgagues` [ RunTime:0.0030s ]
SQL: SELECT * FROM `qw_hec_flowgagues`  [ RunTime:0.0006s ]

[ 2018-02-28T14:35:16+08:00 ] ::1 /wms/qwadmin/HMS/retrievepcpDataf?id=1&guages=1&type=1
INFO: [ app_init ] --START--
INFO: Run Behavior\BuildLiteBehavior [ RunTime:0.000023s ]
INFO: [ app_init ] --END-- [ RunTime:0.000359s ]
INFO: [ app_begin ] --START--
INFO: Run Behavior\ReadHtmlCacheBehavior [ RunTime:0.000417s ]
INFO: [ app_begin ] --END-- [ RunTime:0.000514s ]
NOTIC: [8] A session had already been started - ignoring session_start() E:\php\Apache24\htdocs\wms\App\Qwadmin\Controller\ComController.class.php 第 112 行.
SQL: SHOW COLUMNS FROM `qw_member` [ RunTime:0.0031s ]
SQL: SELECT * FROM `qw_member` WHERE `uid` = 1 LIMIT 1   [ RunTime:0.0003s ]
SQL: SELECT * FROM qw_auth_group g left join qw_auth_group_access a on g.id=a.group_id where a.uid=1 [ RunTime:0.0003s ]
SQL: SHOW COLUMNS FROM `qw_member` [ RunTime:0.0026s ]
SQL: SELECT * FROM `qw_member` WHERE `uid` = 1 LIMIT 1   [ RunTime:0.0004s ]
SQL: SELECT s.id,s.title,s.name,s.tips,s.pid,p.pid as ppid,p.title as ptitle FROM qw_auth_rule s left join qw_auth_rule p on p.id=s.pid where s.name='HMS/retrievepcpDataf' [ RunTime:0.0004s ]
NOTIC: [8] Undefined offset: 0 E:\php\Apache24\htdocs\wms\App\Qwadmin\Controller\ComController.class.php 第 61 行.
SQL: SHOW COLUMNS FROM `qw_auth_rule` [ RunTime:0.0024s ]
SQL: SELECT `id`,`title`,`pid`,`name`,`icon` FROM `qw_auth_rule` WHERE ( islink=1   ) ORDER BY o ASC  [ RunTime:0.0006s ]
SQL: SHOW COLUMNS FROM `qw_hec_pcpguages` [ RunTime:0.0027s ]
SQL: SELECT `name` FROM `qw_hec_pcpguages` WHERE ( id in(1) )  [ RunTime:0.0003s ]

[ 2018-02-28T14:35:17+08:00 ] ::1 /wms/qwadmin/HMS/retrieveflowDataf?id=1&guages=1&type=1
INFO: [ app_init ] --START--
INFO: Run Behavior\BuildLiteBehavior [ RunTime:0.000021s ]
INFO: [ app_init ] --END-- [ RunTime:0.000338s ]
INFO: [ app_begin ] --START--
INFO: Run Behavior\ReadHtmlCacheBehavior [ RunTime:0.000491s ]
INFO: [ app_begin ] --END-- [ RunTime:0.000586s ]
NOTIC: [8] A session had already been started - ignoring session_start() E:\php\Apache24\htdocs\wms\App\Qwadmin\Controller\ComController.class.php 第 112 行.
SQL: SHOW COLUMNS FROM `qw_member` [ RunTime:0.0031s ]
SQL: SELECT * FROM `qw_member` WHERE `uid` = 1 LIMIT 1   [ RunTime:0.0004s ]
SQL: SELECT * FROM qw_auth_group g left join qw_auth_group_access a on g.id=a.group_id where a.uid=1 [ RunTime:0.0004s ]
SQL: SHOW COLUMNS FROM `qw_member` [ RunTime:0.0029s ]
SQL: SELECT * FROM `qw_member` WHERE `uid` = 1 LIMIT 1   [ RunTime:0.0004s ]
SQL: SELECT s.id,s.title,s.name,s.tips,s.pid,p.pid as ppid,p.title as ptitle FROM qw_auth_rule s left join qw_auth_rule p on p.id=s.pid where s.name='HMS/retrieveflowDataf' [ RunTime:0.0004s ]
NOTIC: [8] Undefined offset: 0 E:\php\Apache24\htdocs\wms\App\Qwadmin\Controller\ComController.class.php 第 61 行.
SQL: SHOW COLUMNS FROM `qw_auth_rule` [ RunTime:0.0031s ]
SQL: SELECT `id`,`title`,`pid`,`name`,`icon` FROM `qw_auth_rule` WHERE ( islink=1   ) ORDER BY o ASC  [ RunTime:0.0006s ]
SQL: SHOW COLUMNS FROM `qw_hec_flowgagues` [ RunTime:0.0022s ]
SQL: SELECT `name`,`type`,`oname` FROM `qw_hec_flowgagues` WHERE ( id in(1) )  [ RunTime:0.0003s ]
SQL: SHOW COLUMNS FROM `qw_forcast` [ RunTime:0.0021s ]
SQL: SELECT * FROM `qw_forcast`  [ RunTime:0.0004s ]

[ 2018-02-28T14:35:34+08:00 ] ::1 /wms/qwadmin/HMS/runforcast?sheetid=2
INFO: [ app_init ] --START--
INFO: Run Behavior\BuildLiteBehavior [ RunTime:0.000022s ]
INFO: [ app_init ] --END-- [ RunTime:0.000335s ]
INFO: [ app_begin ] --START--
INFO: Run Behavior\ReadHtmlCacheBehavior [ RunTime:0.000402s ]
INFO: [ app_begin ] --END-- [ RunTime:0.000484s ]
NOTIC: [8] A session had already been started - ignoring session_start() E:\php\Apache24\htdocs\wms\App\Qwadmin\Controller\ComController.class.php 第 112 行.
SQL: SHOW COLUMNS FROM `qw_member` [ RunTime:0.0055s ]
SQL: SELECT * FROM `qw_member` WHERE `uid` = 1 LIMIT 1   [ RunTime:0.0008s ]
SQL: SELECT * FROM qw_auth_group g left join qw_auth_group_access a on g.id=a.group_id where a.uid=1 [ RunTime:0.0007s ]
SQL: SHOW COLUMNS FROM `qw_member` [ RunTime:0.0055s ]
SQL: SELECT * FROM `qw_member` WHERE `uid` = 1 LIMIT 1   [ RunTime:0.0007s ]
SQL: SELECT s.id,s.title,s.name,s.tips,s.pid,p.pid as ppid,p.title as ptitle FROM qw_auth_rule s left join qw_auth_rule p on p.id=s.pid where s.name='HMS/runforcast' [ RunTime:0.0008s ]
NOTIC: [8] Undefined offset: 0 E:\php\Apache24\htdocs\wms\App\Qwadmin\Controller\ComController.class.php 第 61 行.
SQL: SHOW COLUMNS FROM `qw_auth_rule` [ RunTime:0.0055s ]
SQL: SELECT `id`,`title`,`pid`,`name`,`icon` FROM `qw_auth_rule` WHERE ( islink=1   ) ORDER BY o ASC  [ RunTime:0.0016s ]
SQL: SHOW COLUMNS FROM `qw_data` [ RunTime:0.0053s ]
SQL: SELECT `parsed` FROM `qw_data` WHERE ( sheetid=2 and parsed is not null and columnid=1 ) ORDER BY rowid asc  [ RunTime:0.0030s ]
SQL: SELECT `parsed` FROM `qw_data` WHERE ( sheetid=2 and parsed is not null and columnid=2 ) ORDER BY rowid asc  [ RunTime:0.0029s ]
SQL: SELECT `parsed` FROM `qw_data` WHERE ( sheetid=2 and parsed is not null and columnid=3 ) ORDER BY rowid asc  [ RunTime:0.0029s ]
SQL: SELECT `parsed` FROM `qw_data` WHERE ( sheetid=2 and parsed is not null and columnid=4 ) ORDER BY rowid asc  [ RunTime:0.0029s ]
SQL: SELECT `parsed` FROM `qw_data` WHERE ( sheetid=2 and parsed is not null and columnid=5 ) ORDER BY rowid asc  [ RunTime:0.0029s ]
SQL: SELECT `parsed` FROM `qw_data` WHERE ( sheetid=2 and parsed is not null and columnid=6 ) ORDER BY rowid asc  [ RunTime:0.0029s ]
SQL: SELECT `parsed` FROM `qw_data` WHERE ( sheetid=2 and parsed is not null and columnid=7 ) ORDER BY rowid asc  [ RunTime:0.0029s ]
SQL: SELECT `parsed` FROM `qw_data` WHERE ( sheetid=2 and parsed is not null and columnid=8 ) ORDER BY rowid asc  [ RunTime:0.0027s ]
SQL: SELECT `parsed` FROM `qw_data` WHERE ( sheetid=2 and parsed is not null and columnid=9 ) ORDER BY rowid asc  [ RunTime:0.0019s ]
SQL: SELECT `parsed` FROM `qw_data` WHERE ( sheetid=2 and parsed is not null and columnid=10 ) ORDER BY rowid asc  [ RunTime:0.0017s ]
SQL: SELECT `parsed` FROM `qw_data` WHERE ( sheetid=2 and parsed is not null and columnid=11 ) ORDER BY rowid asc  [ RunTime:0.0016s ]
SQL: SELECT `parsed` FROM `qw_data` WHERE ( sheetid=2 and parsed is not null and columnid=12 ) ORDER BY rowid asc  [ RunTime:0.0016s ]
SQL: SELECT `parsed` FROM `qw_data` WHERE ( sheetid=2 and parsed is not null and columnid=13 ) ORDER BY rowid asc  [ RunTime:0.0016s ]
SQL: SELECT `parsed` FROM `qw_data` WHERE ( sheetid=2 and parsed is not null and columnid=14 ) ORDER BY rowid asc  [ RunTime:0.0016s ]
SQL: SELECT `parsed` FROM `qw_data` WHERE ( sheetid=2 and parsed is not null and columnid=15 ) ORDER BY rowid asc  [ RunTime:0.0016s ]
SQL: SELECT `parsed` FROM `qw_data` WHERE ( sheetid=2 and parsed is not null and columnid=16 ) ORDER BY rowid asc  [ RunTime:0.0018s ]
SQL: SELECT `parsed` FROM `qw_data` WHERE ( sheetid=2 and parsed is not null and columnid=17 ) ORDER BY rowid asc  [ RunTime:0.0016s ]
SQL: SELECT `parsed` FROM `qw_data` WHERE ( sheetid=2 and parsed is not null and columnid=18 ) ORDER BY rowid asc  [ RunTime:0.0016s ]
SQL: SELECT `parsed` FROM `qw_data` WHERE ( sheetid=2 and parsed is not null and columnid=19 ) ORDER BY rowid asc  [ RunTime:0.0017s ]
SQL: SELECT `parsed` FROM `qw_data` WHERE ( sheetid=2 and parsed is not null and columnid=20 ) ORDER BY rowid asc  [ RunTime:0.0016s ]
SQL: SELECT `parsed` FROM `qw_data` WHERE ( sheetid=2 and parsed is not null and columnid=21 ) ORDER BY rowid asc  [ RunTime:0.0016s ]
SQL: SELECT `parsed` FROM `qw_data` WHERE ( sheetid=2 and parsed is not null and columnid=22 ) ORDER BY rowid asc  [ RunTime:0.0016s ]
SQL: SELECT `parsed` FROM `qw_data` WHERE ( sheetid=2 and parsed is not null and columnid=23 ) ORDER BY rowid asc  [ RunTime:0.0016s ]
SQL: SELECT `parsed` FROM `qw_data` WHERE ( sheetid=2 and parsed is not null and columnid=24 ) ORDER BY rowid asc  [ RunTime:0.0015s ]
SQL: SELECT `parsed` FROM `qw_data` WHERE ( sheetid=2 and parsed is not null and columnid=25 ) ORDER BY rowid asc  [ RunTime:0.0016s ]
SQL: SELECT `parsed` FROM `qw_data` WHERE ( sheetid=2 and parsed is not null and columnid=26 ) ORDER BY rowid asc  [ RunTime:0.0016s ]
SQL: SELECT `parsed` FROM `qw_data` WHERE ( sheetid=2 and parsed is not null and columnid=27 ) ORDER BY rowid asc  [ RunTime:0.0016s ]
SQL: SELECT `parsed` FROM `qw_data` WHERE ( sheetid=2 and parsed is not null and columnid=28 ) ORDER BY rowid asc  [ RunTime:0.0015s ]
SQL: SELECT `parsed` FROM `qw_data` WHERE ( sheetid=2 and parsed is not null and columnid=29 ) ORDER BY rowid asc  [ RunTime:0.0016s ]
SQL: SELECT `parsed` FROM `qw_data` WHERE ( sheetid=2 and parsed is not null and columnid=30 ) ORDER BY rowid asc  [ RunTime:0.0016s ]
SQL: SHOW COLUMNS FROM `qw_forcast` [ RunTime:0.0021s ]
SQL: SELECT * FROM `qw_forcast` WHERE ( sheetid=2 ) LIMIT 1   [ RunTime:0.0004s ]
SQL: UPDATE `qw_forcast` SET `start_date`='28 February 2018',`start_time`='14:00',`end_date`='02 March 2018',`end_time`='05:00' WHERE `sheetid` = '2' [ RunTime:0.1012s ]
SQL: SELECT * FROM `qw_forcast` WHERE ( sheetid=2 ) LIMIT 1   [ RunTime:0.0007s ]
SQL: SHOW COLUMNS FROM `qw_hec_pcpguages` [ RunTime:0.0020s ]
SQL: SELECT * FROM `qw_hec_pcpguages`  [ RunTime:0.0006s ]
SQL: SHOW COLUMNS FROM `qw_hec_flowgagues` [ RunTime:0.0038s ]
SQL: SELECT * FROM `qw_hec_flowgagues`  [ RunTime:0.0008s ]

[ 2018-02-28T14:35:36+08:00 ] ::1 /wms/qwadmin/HMS/retrieveflowDataf?id=2&guages=1&type=1
INFO: [ app_init ] --START--
INFO: Run Behavior\BuildLiteBehavior [ RunTime:0.000051s ]
INFO: [ app_init ] --END-- [ RunTime:0.000437s ]
INFO: [ app_begin ] --START--
INFO: Run Behavior\ReadHtmlCacheBehavior [ RunTime:0.000445s ]
INFO: [ app_begin ] --END-- [ RunTime:0.000555s ]
NOTIC: [8] A session had already been started - ignoring session_start() E:\php\Apache24\htdocs\wms\App\Qwadmin\Controller\ComController.class.php 第 112 行.
SQL: SHOW COLUMNS FROM `qw_member` [ RunTime:0.0136s ]
SQL: SELECT * FROM `qw_member` WHERE `uid` = 1 LIMIT 1   [ RunTime:0.0009s ]
SQL: SELECT * FROM qw_auth_group g left join qw_auth_group_access a on g.id=a.group_id where a.uid=1 [ RunTime:0.0007s ]
SQL: SHOW COLUMNS FROM `qw_member` [ RunTime:0.0053s ]
SQL: SELECT * FROM `qw_member` WHERE `uid` = 1 LIMIT 1   [ RunTime:0.0007s ]
SQL: SELECT s.id,s.title,s.name,s.tips,s.pid,p.pid as ppid,p.title as ptitle FROM qw_auth_rule s left join qw_auth_rule p on p.id=s.pid where s.name='HMS/retrieveflowDataf' [ RunTime:0.0008s ]
NOTIC: [8] Undefined offset: 0 E:\php\Apache24\htdocs\wms\App\Qwadmin\Controller\ComController.class.php 第 61 行.
SQL: SHOW COLUMNS FROM `qw_auth_rule` [ RunTime:0.0049s ]
SQL: SELECT `id`,`title`,`pid`,`name`,`icon` FROM `qw_auth_rule` WHERE ( islink=1   ) ORDER BY o ASC  [ RunTime:0.0016s ]
SQL: SHOW COLUMNS FROM `qw_hec_flowgagues` [ RunTime:0.0049s ]
SQL: SELECT `name`,`type`,`oname` FROM `qw_hec_flowgagues` WHERE ( id in(1) )  [ RunTime:0.0004s ]
SQL: SHOW COLUMNS FROM `qw_forcast` [ RunTime:0.0028s ]
SQL: SELECT * FROM `qw_forcast`  [ RunTime:0.0006s ]

[ 2018-02-28T14:35:37+08:00 ] ::1 /wms/qwadmin/HMS/retrievepcpDataf?id=2&guages=1&type=1
INFO: [ app_init ] --START--
INFO: Run Behavior\BuildLiteBehavior [ RunTime:0.000022s ]
INFO: [ app_init ] --END-- [ RunTime:0.000345s ]
INFO: [ app_begin ] --START--
INFO: Run Behavior\ReadHtmlCacheBehavior [ RunTime:0.000342s ]
INFO: [ app_begin ] --END-- [ RunTime:0.000429s ]
NOTIC: [8] A session had already been started - ignoring session_start() E:\php\Apache24\htdocs\wms\App\Qwadmin\Controller\ComController.class.php 第 112 行.
SQL: SHOW COLUMNS FROM `qw_member` [ RunTime:0.0064s ]
SQL: SELECT * FROM `qw_member` WHERE `uid` = 1 LIMIT 1   [ RunTime:0.0009s ]
SQL: SELECT * FROM qw_auth_group g left join qw_auth_group_access a on g.id=a.group_id where a.uid=1 [ RunTime:0.0007s ]
SQL: SHOW COLUMNS FROM `qw_member` [ RunTime:0.0053s ]
SQL: SELECT * FROM `qw_member` WHERE `uid` = 1 LIMIT 1   [ RunTime:0.0007s ]
SQL: SELECT s.id,s.title,s.name,s.tips,s.pid,p.pid as ppid,p.title as ptitle FROM qw_auth_rule s left join qw_auth_rule p on p.id=s.pid where s.name='HMS/retrievepcpDataf' [ RunTime:0.0008s ]
NOTIC: [8] Undefined offset: 0 E:\php\Apache24\htdocs\wms\App\Qwadmin\Controller\ComController.class.php 第 61 行.
SQL: SHOW COLUMNS FROM `qw_auth_rule` [ RunTime:0.0086s ]
SQL: SELECT `id`,`title`,`pid`,`name`,`icon` FROM `qw_auth_rule` WHERE ( islink=1   ) ORDER BY o ASC  [ RunTime:0.0017s ]
SQL: SHOW COLUMNS FROM `qw_hec_pcpguages` [ RunTime:0.0049s ]
SQL: SELECT `name` FROM `qw_hec_pcpguages` WHERE ( id in(1) )  [ RunTime:0.0005s ]

[ 2018-02-28T14:35:53+08:00 ] ::1 /wms/qwadmin/HMS/retrievepcpDataf?id=2&guages=1,2&type=1
INFO: [ app_init ] --START--
INFO: Run Behavior\BuildLiteBehavior [ RunTime:0.000022s ]
INFO: [ app_init ] --END-- [ RunTime:0.000359s ]
INFO: [ app_begin ] --START--
INFO: Run Behavior\ReadHtmlCacheBehavior [ RunTime:0.000345s ]
INFO: [ app_begin ] --END-- [ RunTime:0.000467s ]
NOTIC: [8] A session had already been started - ignoring session_start() E:\php\Apache24\htdocs\wms\App\Qwadmin\Controller\ComController.class.php 第 112 行.
SQL: SHOW COLUMNS FROM `qw_member` [ RunTime:0.0027s ]
SQL: SELECT * FROM `qw_member` WHERE `uid` = 1 LIMIT 1   [ RunTime:0.0004s ]
SQL: SELECT * FROM qw_auth_group g left join qw_auth_group_access a on g.id=a.group_id where a.uid=1 [ RunTime:0.0004s ]
SQL: SHOW COLUMNS FROM `qw_member` [ RunTime:0.0023s ]
SQL: SELECT * FROM `qw_member` WHERE `uid` = 1 LIMIT 1   [ RunTime:0.0003s ]
SQL: SELECT s.id,s.title,s.name,s.tips,s.pid,p.pid as ppid,p.title as ptitle FROM qw_auth_rule s left join qw_auth_rule p on p.id=s.pid where s.name='HMS/retrievepcpDataf' [ RunTime:0.0004s ]
NOTIC: [8] Undefined offset: 0 E:\php\Apache24\htdocs\wms\App\Qwadmin\Controller\ComController.class.php 第 61 行.
SQL: SHOW COLUMNS FROM `qw_auth_rule` [ RunTime:0.0028s ]
SQL: SELECT `id`,`title`,`pid`,`name`,`icon` FROM `qw_auth_rule` WHERE ( islink=1   ) ORDER BY o ASC  [ RunTime:0.0008s ]
SQL: SHOW COLUMNS FROM `qw_hec_pcpguages` [ RunTime:0.0022s ]
SQL: SELECT `name` FROM `qw_hec_pcpguages` WHERE ( id in(1,2) )  [ RunTime:0.0004s ]

