[ 2020-11-07T23:56:47+08:00 ] ::1 /wms/qwadmin/index/index.html
INFO: [ app_init ] --START--
INFO: Run Behavior\BuildLiteBehavior [ RunTime:0.000096s ]
INFO: [ app_init ] --END-- [ RunTime:0.031274s ]
INFO: [ app_begin ] --START--
INFO: Run Behavior\ReadHtmlCacheBehavior [ RunTime:0.002443s ]
INFO: [ app_begin ] --END-- [ RunTime:0.002840s ]
NOTIC: [8] A session had already been started - ignoring session_start() E:\php\Apache24\htdocs\wms\App\Qwadmin\Controller\ComController.class.php 第 133 行.
NOTIC: [8] A session had already been started - ignoring session_start() E:\php\Apache24\htdocs\wms\App\Qwadmin\Controller\ComController.class.php 第 51 行.
INFO: [ view_parse ] --START--
INFO: [ template_filter ] --START--
INFO: Run Behavior\ContentReplaceBehavior [ RunTime:0.000803s ]
INFO: [ template_filter ] --END-- [ RunTime:0.001201s ]
INFO: Run Behavior\ParseTemplateBehavior [ RunTime:0.357370s ]
INFO: [ view_parse ] --END-- [ RunTime:0.357733s ]
INFO: [ view_filter ] --START--
INFO: Run Behavior\WriteHtmlCacheBehavior [ RunTime:0.016198s ]
INFO: [ view_filter ] --END-- [ RunTime:0.016604s ]
INFO: [ app_end ] --START--
INFO: Run Behavior\ShowPageTraceBehavior [ RunTime:0.012761s ]
INFO: [ app_end ] --END-- [ RunTime:0.013189s ]

[ 2020-11-07T23:56:50+08:00 ] ::1 /wms/qwadmin/index/getdatas?pvar=1&guage=1&scens=34
INFO: [ app_init ] --START--
INFO: Run Behavior\BuildLiteBehavior [ RunTime:0.000042s ]
INFO: [ app_init ] --END-- [ RunTime:0.000691s ]
INFO: [ app_begin ] --START--
INFO: Run Behavior\ReadHtmlCacheBehavior [ RunTime:0.000860s ]
INFO: [ app_begin ] --END-- [ RunTime:0.000962s ]
NOTIC: [8] A session had already been started - ignoring session_start() E:\php\Apache24\htdocs\wms\App\Qwadmin\Controller\ComController.class.php 第 133 行.
NOTIC: [8] Undefined offset: 0 E:\php\Apache24\htdocs\wms\App\Qwadmin\Controller\ComController.class.php 第 82 行.
NOTIC: [2] file_get_contents(modeloutput00034_1_1.json): failed to open stream: No such file or directory E:\php\Apache24\htdocs\wms\App\Qwadmin\Controller\IndexController.class.php 第 97 行.

[ 2020-11-07T23:57:11+08:00 ] ::1 /wms/index.php/Qwadmin/Index/index.html
INFO: [ app_init ] --START--
INFO: Run Behavior\BuildLiteBehavior [ RunTime:0.000025s ]
INFO: [ app_init ] --END-- [ RunTime:0.000388s ]
INFO: [ app_begin ] --START--
INFO: Run Behavior\ReadHtmlCacheBehavior [ RunTime:0.000390s ]
INFO: [ app_begin ] --END-- [ RunTime:0.000508s ]
NOTIC: [8] A session had already been started - ignoring session_start() E:\php\Apache24\htdocs\wms\App\Qwadmin\Controller\ComController.class.php 第 133 行.
INFO: [ view_parse ] --START--
INFO: [ template_filter ] --START--
INFO: Run Behavior\ContentReplaceBehavior [ RunTime:0.000246s ]
INFO: [ template_filter ] --END-- [ RunTime:0.000360s ]
INFO: Run Behavior\ParseTemplateBehavior [ RunTime:0.044327s ]
INFO: [ view_parse ] --END-- [ RunTime:0.044479s ]
INFO: [ view_filter ] --START--
INFO: Run Behavior\WriteHtmlCacheBehavior [ RunTime:0.000451s ]
INFO: [ view_filter ] --END-- [ RunTime:0.000556s ]
INFO: [ app_end ] --START--
INFO: Run Behavior\ShowPageTraceBehavior [ RunTime:0.000882s ]
INFO: [ app_end ] --END-- [ RunTime:0.001070s ]

[ 2020-11-07T23:57:12+08:00 ] ::1 /wms/qwadmin/index/getdatas?pvar=1&guage=1&scens=34
INFO: [ app_init ] --START--
INFO: Run Behavior\BuildLiteBehavior [ RunTime:0.000025s ]
INFO: [ app_init ] --END-- [ RunTime:0.000418s ]
INFO: [ app_begin ] --START--
INFO: Run Behavior\ReadHtmlCacheBehavior [ RunTime:0.000492s ]
INFO: [ app_begin ] --END-- [ RunTime:0.000623s ]
NOTIC: [8] A session had already been started - ignoring session_start() E:\php\Apache24\htdocs\wms\App\Qwadmin\Controller\ComController.class.php 第 133 行.
NOTIC: [8] Undefined offset: 0 E:\php\Apache24\htdocs\wms\App\Qwadmin\Controller\ComController.class.php 第 82 行.
NOTIC: [2] file_get_contents(modeloutput00034_1_1.json): failed to open stream: No such file or directory E:\php\Apache24\htdocs\wms\App\Qwadmin\Controller\IndexController.class.php 第 97 行.

[ 2020-11-07T23:57:15+08:00 ] ::1 /wms/qwadmin/index/getdatas?pvar=1&guage=1&scens=34
INFO: [ app_init ] --START--
INFO: Run Behavior\BuildLiteBehavior [ RunTime:0.000026s ]
INFO: [ app_init ] --END-- [ RunTime:0.000606s ]
INFO: [ app_begin ] --START--
INFO: Run Behavior\ReadHtmlCacheBehavior [ RunTime:0.000710s ]
INFO: [ app_begin ] --END-- [ RunTime:0.000845s ]
NOTIC: [8] A session had already been started - ignoring session_start() E:\php\Apache24\htdocs\wms\App\Qwadmin\Controller\ComController.class.php 第 133 行.
NOTIC: [8] Undefined offset: 0 E:\php\Apache24\htdocs\wms\App\Qwadmin\Controller\ComController.class.php 第 82 行.
NOTIC: [2] file_get_contents(modeloutput00034_1_1.json): failed to open stream: No such file or directory E:\php\Apache24\htdocs\wms\App\Qwadmin\Controller\IndexController.class.php 第 97 行.

[ 2020-11-07T23:57:19+08:00 ] ::1 /wms/qwadmin/index/getdatas?pvar=1&guage=1&scens=34,36
INFO: [ app_init ] --START--
INFO: Run Behavior\BuildLiteBehavior [ RunTime:0.000029s ]
INFO: [ app_init ] --END-- [ RunTime:0.000836s ]
INFO: [ app_begin ] --START--
INFO: Run Behavior\ReadHtmlCacheBehavior [ RunTime:0.000551s ]
INFO: [ app_begin ] --END-- [ RunTime:0.000690s ]
NOTIC: [8] A session had already been started - ignoring session_start() E:\php\Apache24\htdocs\wms\App\Qwadmin\Controller\ComController.class.php 第 133 行.
NOTIC: [8] Undefined offset: 0 E:\php\Apache24\htdocs\wms\App\Qwadmin\Controller\ComController.class.php 第 82 行.
NOTIC: [2] file_get_contents(modeloutput00034_1_1.json): failed to open stream: No such file or directory E:\php\Apache24\htdocs\wms\App\Qwadmin\Controller\IndexController.class.php 第 97 行.
NOTIC: [2] file_get_contents(modeloutput00036_1_1.json): failed to open stream: No such file or directory E:\php\Apache24\htdocs\wms\App\Qwadmin\Controller\IndexController.class.php 第 97 行.

[ 2020-11-07T23:57:51+08:00 ] ::1 /wms/qwadmin/index/getdatas?pvar=7&guage=102&scens=4
INFO: [ app_init ] --START--
INFO: Run Behavior\BuildLiteBehavior [ RunTime:0.000114s ]
INFO: [ app_init ] --END-- [ RunTime:0.000688s ]
INFO: [ app_begin ] --START--
INFO: Run Behavior\ReadHtmlCacheBehavior [ RunTime:0.000389s ]
INFO: [ app_begin ] --END-- [ RunTime:0.000486s ]
NOTIC: [8] A session had already been started - ignoring session_start() E:\php\Apache24\htdocs\wms\App\Qwadmin\Controller\ComController.class.php 第 133 行.
NOTIC: [8] Undefined offset: 0 E:\php\Apache24\htdocs\wms\App\Qwadmin\Controller\ComController.class.php 第 82 行.

[ 2020-11-07T23:57:53+08:00 ] ::1 /wms/qwadmin/index/getdatas?pvar=7&guage=102&scens=4,10
INFO: [ app_init ] --START--
INFO: Run Behavior\BuildLiteBehavior [ RunTime:0.000025s ]
INFO: [ app_init ] --END-- [ RunTime:0.000383s ]
INFO: [ app_begin ] --START--
INFO: Run Behavior\ReadHtmlCacheBehavior [ RunTime:0.000589s ]
INFO: [ app_begin ] --END-- [ RunTime:0.000787s ]
NOTIC: [8] A session had already been started - ignoring session_start() E:\php\Apache24\htdocs\wms\App\Qwadmin\Controller\ComController.class.php 第 133 行.
NOTIC: [8] Undefined offset: 0 E:\php\Apache24\htdocs\wms\App\Qwadmin\Controller\ComController.class.php 第 82 行.

[ 2020-11-07T23:59:07+08:00 ] ::1 /wms/index.php/Qwadmin/Index/index.html
INFO: [ app_init ] --START--
INFO: Run Behavior\BuildLiteBehavior [ RunTime:0.000024s ]
INFO: [ app_init ] --END-- [ RunTime:0.000409s ]
INFO: [ app_begin ] --START--
INFO: Run Behavior\ReadHtmlCacheBehavior [ RunTime:0.000706s ]
INFO: [ app_begin ] --END-- [ RunTime:0.000845s ]
NOTIC: [8] A session had already been started - ignoring session_start() E:\php\Apache24\htdocs\wms\App\Qwadmin\Controller\ComController.class.php 第 133 行.
INFO: [ view_parse ] --START--
INFO: [ template_filter ] --START--
INFO: Run Behavior\ContentReplaceBehavior [ RunTime:0.000258s ]
INFO: [ template_filter ] --END-- [ RunTime:0.000379s ]
INFO: Run Behavior\ParseTemplateBehavior [ RunTime:0.037507s ]
INFO: [ view_parse ] --END-- [ RunTime:0.037719s ]
INFO: [ view_filter ] --START--
INFO: Run Behavior\WriteHtmlCacheBehavior [ RunTime:0.000536s ]
INFO: [ view_filter ] --END-- [ RunTime:0.000638s ]
INFO: [ app_end ] --START--
INFO: Run Behavior\ShowPageTraceBehavior [ RunTime:0.000665s ]
INFO: [ app_end ] --END-- [ RunTime:0.000831s ]

[ 2020-11-07T23:59:09+08:00 ] ::1 /wms/qwadmin/index/getdatas?pvar=1&guage=1&scens=34
INFO: [ app_init ] --START--
INFO: Run Behavior\BuildLiteBehavior [ RunTime:0.000025s ]
INFO: [ app_init ] --END-- [ RunTime:0.000391s ]
INFO: [ app_begin ] --START--
INFO: Run Behavior\ReadHtmlCacheBehavior [ RunTime:0.000473s ]
INFO: [ app_begin ] --END-- [ RunTime:0.000589s ]
NOTIC: [8] A session had already been started - ignoring session_start() E:\php\Apache24\htdocs\wms\App\Qwadmin\Controller\ComController.class.php 第 133 行.
NOTIC: [8] Undefined offset: 0 E:\php\Apache24\htdocs\wms\App\Qwadmin\Controller\ComController.class.php 第 82 行.
NOTIC: [2] file_get_contents(modeloutput00034_1_1.json): failed to open stream: No such file or directory E:\php\Apache24\htdocs\wms\App\Qwadmin\Controller\IndexController.class.php 第 97 行.

