1    5.774000
2    8.212000
3    8.804000
4    7.718000
5    8.049000
6    8.141000
7    7.553000
8    7.941000
9    7.605000
10    7.661000
11    7.601000
12    7.501000
13    7.452000
14    41.099998
15    75.910004
16    51.630001
17    32.419998
18    31.129999
19    24.780001
20    23.110001
21    18.990000
22    17.850000
23    15.360000
24    25.490000
25    60.049999
26    75.900002
27    66.750000
28    56.060001
29    44.950001
30    50.840000
31    38.270000
32    34.630001
33    42.520000
34    27.330000
35    30.410000
36    31.879999
37    26.760000
38    24.770000
39    20.110001
40    21.469999
41    19.840000
42    15.690000
43    19.680000
44    13.800000
45    13.060000
46    18.129999
47    14.630000
48    9.088000
49    9.555000
50    9.894000
51    7.961000
52    9.165000
53    7.609000
54    8.190000
55    7.427000
56    7.271000
57    4.474000
58    6.962000
59    9.994000
60    4.954000
61    5.064000
62    5.620000
63    4.546000
64    5.287000
65    4.509000
66    4.936000
67    4.409000
68    4.628000
69    4.472000
70    4.365000
71    4.344000
72    4.282000
73    4.465000
74    29.260000
75    56.099998
76    40.790001
77    25.780001
78    22.309999
79    17.629999
80    15.880000
81    13.770000
82    18.260000
83    58.849998
84    96.589996
85    70.160004
86    51.709999
87    62.799999
88    125.500000
89    170.699997
90    104.000000
91    73.889999
92    76.339996
93    57.590000
94    53.110001
95    37.759998
96    37.619999
97    45.560001
98    105.599998
99    223.399994
100    279.200012
101    266.299988
102    193.699997
103    123.400002
104    109.500000
105    94.790001
106    78.349998
107    72.110001
108    70.070000
109    68.889999
110    62.480000
111    67.750000
112    73.309998
113    56.799999
114    65.199997
115    60.900002
116    36.709999
117    41.799999
118    40.290001
119    34.369999
120    35.209999
121    45.049999
122    45.340000
123    52.430000
124    59.680000
125    46.070000
126    39.970001
127    41.270000
128    47.610001
129    50.320000
130    75.860001
131    120.699997
132    126.500000
133    101.400002
134    121.000000
135    150.800003
136    111.300003
137    97.639999
138    92.820000
139    86.040001
140    94.370003
141    66.849998
142    69.180000
143    63.119999
144    56.700001
145    59.880001
146    61.209999
147    59.480000
148    32.849998
149    42.090000
150    79.339996
151    83.699997
152    42.660000
153    52.040001
154    48.639999
155    23.240000
156    35.860001
157    51.540001
158    50.709999
159    38.560001
160    34.160000
161    33.310001
162    45.430000
163    105.900002
164    105.900002
165    105.900002
166    105.900002
167    105.900002
168    105.900002
169    105.900002
170    105.900002
171    105.900002
172    105.900002
173    105.900002
174    105.900002
175    105.900002
176    105.900002
177    105.900002
178    105.900002
179    105.900002
180    105.900002
181    105.900002
182    105.900002
183    105.900002
184    105.900002
185    105.900002
186    105.900002
187    105.900002
188    105.900002
189    105.900002
190    105.900002
191    105.900002
192    105.900002
193    105.900002
194    105.900002
195    105.900002
196    105.900002
197    105.900002
198    105.900002
199    105.900002
200    105.900002
201    105.900002
202    105.900002
203    105.900002
204    105.900002
205    105.900002
206    105.900002
207    105.900002
208    105.900002
209    105.900002
210    105.900002
211    105.900002
212    105.900002
213    105.900002
214    105.900002
215    105.900002
216    105.900002
217    105.900002
218    105.900002
219    105.900002
220    105.900002
221    105.900002
222    105.900002
223    105.900002
224    105.900002
225    105.900002
226    105.900002
227    105.900002
228    105.900002
229    105.900002
230    105.900002
231    105.900002
232    105.900002
233    105.900002
234    105.900002
235    105.900002
236    105.900002
237    105.900002
238    105.900002
239    105.900002
240    105.900002
241    105.900002
242    105.900002
243    105.900002
244    105.900002
245    105.900002
246    105.900002
247    105.900002
248    105.900002
249    105.900002
250    105.900002
251    105.900002
252    105.900002
253    105.900002
254    105.900002
255    105.900002
256    105.900002
257    105.900002
258    105.900002
259    105.900002
260    105.900002
261    105.900002
262    105.900002
263    105.900002
264    105.900002
265    105.900002
266    105.900002
267    105.900002
268    105.900002
269    105.900002
270    105.900002
271    105.900002
272    105.900002
273    105.900002
274    105.900002
275    105.900002
276    105.900002
277    105.900002
278    105.900002
279    105.900002
280    105.900002
281    105.900002
282    105.900002
283    105.900002
284    105.900002
285    105.900002
286    105.900002
287    105.900002
288    105.900002
289    105.900002
290    105.900002
291    105.900002
292    105.900002
293    105.900002
294    105.900002
295    105.900002
296    105.900002
297    105.900002
298    105.900002
299    105.900002
300    105.900002
301    105.900002
302    105.900002
303    105.900002
304    105.900002
305    105.900002
306    105.900002
307    105.900002
308    105.900002
309    105.900002
310    105.900002
311    105.900002
312    105.900002
313    105.900002
314    105.900002
315    105.900002
316    105.900002
317    105.900002
318    105.900002
319    105.900002
320    105.900002
321    105.900002
322    105.900002
323    105.900002
324    105.900002
325    105.900002
326    105.900002
327    105.900002
328    105.900002
329    105.900002
330    105.900002
331    105.900002
332    105.900002
333    105.900002
334    105.900002
335    105.900002
336    105.900002
337    105.900002
338    105.900002
339    105.900002
340    105.900002
341    105.900002
342    105.900002
343    105.900002
344    105.900002
345    105.900002
346    105.900002
347    105.900002
348    105.900002
349    105.900002
350    105.900002
351    105.900002
352    105.900002
353    105.900002
354    105.900002
355    105.900002
356    105.900002
357    105.900002
358    105.900002
359    105.900002
360    105.900002
361    105.900002
362    105.900002
363    105.900002
364    105.900002
365    105.900002
366    105.900002
367    105.900002
368    105.900002
369    105.900002
370    105.900002
371    105.900002
372    105.900002
373    105.900002
374    105.900002
375    105.900002
376    105.900002
377    105.900002
378    105.900002
379    105.900002
380    105.900002
381    105.900002
382    105.900002
383    105.900002
384    105.900002
385    105.900002
386    105.900002
387    105.900002
388    105.900002
389    105.900002
390    105.900002
391    105.900002
392    105.900002
393    105.900002
394    105.900002
395    105.900002
396    105.900002
397    105.900002
398    105.900002
399    105.900002
400    105.900002
401    105.900002
402    105.900002
403    105.900002
404    105.900002
405    105.900002
406    105.900002
407    105.900002
408    105.900002
409    105.900002
410    105.900002
411    105.900002
412    105.900002
413    105.900002
414    105.900002
415    105.900002
416    105.900002
417    105.900002
418    105.900002
419    105.900002
420    105.900002
421    105.900002
422    105.900002
423    105.900002
424    105.900002
425    105.900002
426    105.900002
427    105.900002
428    105.900002
429    105.900002
430    105.900002
431    105.900002
432    105.900002
433    105.900002
434    105.900002
435    105.900002
436    105.900002
437    105.900002
438    105.900002
439    105.900002
440    105.900002
441    105.900002
442    105.900002
443    105.900002
444    105.900002
445    105.900002
446    105.900002
447    105.900002
448    105.900002
449    105.900002
450    105.900002
451    105.900002
452    105.900002
453    105.900002
454    105.900002
455    105.900002
456    105.900002
457    105.900002
458    105.900002
459    105.900002
460    105.900002
461    105.900002
462    105.900002
463    105.900002
464    105.900002
465    105.900002
466    105.900002
467    105.900002
468    105.900002
469    105.900002
470    105.900002
471    105.900002
472    105.900002
473    105.900002
474    105.900002
475    105.900002
476    105.900002
477    105.900002
478    105.900002
479    105.900002
480    105.900002
481    105.900002
482    105.900002
483    105.900002
484    105.900002
485    105.900002
486    105.900002
487    105.900002
488    105.900002
489    105.900002
490    105.900002
491    105.900002
492    105.900002
493    105.900002
494    105.900002
495    105.900002
496    105.900002
497    105.900002
498    105.900002
499    105.900002
500    105.900002
501    105.900002
502    105.900002
503    105.900002
504    105.900002
505    105.900002
506    105.900002
507    105.900002
508    105.900002
509    105.900002
510    105.900002
511    105.900002
512    105.900002
513    105.900002
514    105.900002
515    105.900002
516    105.900002
517    105.900002
518    105.900002
519    105.900002
520    105.900002
521    105.900002
522    105.900002
523    105.900002
524    105.900002
525    105.900002
526    105.900002
527    105.900002
528    105.900002
529    105.900002
530    105.900002
531    105.900002
532    105.900002
533    105.900002
534    105.900002
535    105.900002
536    105.900002
537    105.900002
538    105.900002
539    105.900002
540    105.900002
541    105.900002
542    105.900002
543    105.900002
544    105.900002
545    105.900002
546    105.900002
547    105.900002
548    105.900002
549    105.900002
550    105.900002
551    105.900002
552    105.900002
553    105.900002
554    105.900002
555    105.900002
556    105.900002
557    105.900002
558    105.900002
559    105.900002
560    105.900002
561    105.900002
562    105.900002
563    105.900002
564    105.900002
565    105.900002
566    105.900002
567    105.900002
568    105.900002
569    105.900002
570    105.900002
571    105.900002
572    105.900002
573    105.900002
574    105.900002
575    105.900002
576    105.900002
577    105.900002
578    105.900002
579    105.900002
580    105.900002
581    105.900002
582    105.900002
583    105.900002
584    105.900002
585    105.900002
586    105.900002
587    105.900002
588    105.900002
589    105.900002
590    105.900002
591    105.900002
592    105.900002
593    105.900002
594    105.900002
595    105.900002
596    105.900002
597    105.900002
598    105.900002
599    105.900002
600    105.900002
601    105.900002
602    105.900002
603    105.900002
604    105.900002
605    105.900002
606    105.900002
607    105.900002
608    105.900002
609    105.900002
610    105.900002
611    105.900002
612    105.900002
613    105.900002
614    105.900002
615    105.900002
616    105.900002
617    105.900002
618    105.900002
619    105.900002
620    105.900002
621    105.900002
622    105.900002
623    105.900002
624    105.900002
625    105.900002
626    105.900002
627    105.900002
628    105.900002
629    105.900002
630    105.900002
631    105.900002
632    105.900002
633    105.900002
634    105.900002
635    105.900002
636    105.900002
637    105.900002
638    105.900002
639    105.900002
640    105.900002
641    105.900002
642    105.900002
643    105.900002
644    105.900002
645    105.900002
646    105.900002
647    105.900002
648    105.900002
649    105.900002
650    105.900002
651    105.900002
652    105.900002
653    105.900002
654    105.900002
655    105.900002
656    105.900002
657    105.900002
658    105.900002
659    105.900002
660    105.900002
661    105.900002
662    105.900002
663    105.900002
664    105.900002
665    105.900002
666    105.900002
667    105.900002
668    105.900002
669    105.900002
670    105.900002
671    105.900002
672    105.900002
673    105.900002
674    105.900002
675    105.900002
676    105.900002
677    105.900002
678    105.900002
679    105.900002
680    105.900002
681    105.900002
682    105.900002
683    105.900002
684    105.900002
685    105.900002
686    105.900002
687    105.900002
688    105.900002
689    105.900002
690    105.900002
691    105.900002
692    105.900002
693    105.900002
694    105.900002
695    105.900002
696    105.900002
697    105.900002
698    105.900002
699    105.900002
700    105.900002
701    105.900002
702    105.900002
703    105.900002
704    105.900002
705    105.900002
706    105.900002
707    105.900002
708    105.900002
709    105.900002
710    105.900002
711    105.900002
712    105.900002
713    105.900002
714    105.900002
715    105.900002
716    105.900002
717    105.900002
718    105.900002
719    105.900002
720    105.900002
721    105.900002
722    105.900002
723    105.900002
724    105.900002
725    105.900002
726    105.900002
727    105.900002
728    105.900002
729    105.900002
730    105.900002
731    105.900002
732    105.900002
733    105.900002
734    105.900002
735    105.900002
736    105.900002
737    105.900002
738    105.900002
739    105.900002
740    105.900002
741    105.900002
742    105.900002
743    105.900002
744    105.900002
745    105.900002
746    105.900002
747    105.900002
748    105.900002
749    105.900002
750    105.900002
751    105.900002
752    105.900002
753    105.900002
754    105.900002
755    105.900002
756    105.900002
757    105.900002
758    105.900002
759    105.900002
760    105.900002
761    105.900002
762    105.900002
763    105.900002
764    105.900002
765    105.900002
766    105.900002
767    105.900002
768    105.900002
769    105.900002
770    105.900002
771    105.900002
772    105.900002
773    105.900002
774    105.900002
775    105.900002
776    105.900002
777    105.900002
778    105.900002
779    105.900002
780    105.900002
781    105.900002
782    105.900002
783    105.900002
784    105.900002
785    105.900002
786    105.900002
787    105.900002
788    105.900002
789    105.900002
790    105.900002
791    105.900002
792    105.900002
793    105.900002
794    105.900002
795    105.900002
796    105.900002
797    105.900002
798    105.900002
799    105.900002
800    105.900002
801    105.900002
802    105.900002
803    105.900002
804    105.900002
805    105.900002
806    105.900002
807    105.900002
808    105.900002
809    105.900002
810    105.900002
811    105.900002
812    105.900002
813    105.900002
814    105.900002
815    105.900002
816    105.900002
817    105.900002
818    105.900002
819    105.900002
820    105.900002
821    105.900002
822    105.900002
823    105.900002
824    105.900002
825    105.900002
826    105.900002
827    105.900002
828    105.900002
829    105.900002
830    105.900002
831    105.900002
832    105.900002
833    105.900002
834    105.900002
835    105.900002
836    105.900002
837    105.900002
838    105.900002
839    105.900002
840    105.900002
841    105.900002
842    105.900002
843    105.900002
844    105.900002
845    105.900002
846    105.900002
847    105.900002
848    105.900002
849    105.900002
850    105.900002
851    105.900002
852    105.900002
853    105.900002
854    105.900002
855    105.900002
856    105.900002
857    105.900002
858    105.900002
859    105.900002
860    105.900002
861    105.900002
862    105.900002
863    105.900002
864    105.900002
865    105.900002
866    105.900002
867    105.900002
868    105.900002
869    105.900002
870    105.900002
871    105.900002
872    105.900002
873    105.900002
874    105.900002
875    105.900002
876    105.900002
877    105.900002
878    105.900002
879    105.900002
880    105.900002
881    105.900002
882    105.900002
883    105.900002
884    105.900002
885    105.900002
886    105.900002
887    105.900002
888    105.900002
889    105.900002
890    105.900002
891    105.900002
892    105.900002
893    105.900002
894    105.900002
895    105.900002
896    105.900002
897    105.900002
898    105.900002
899    105.900002
900    105.900002
901    105.900002
902    105.900002
903    105.900002
904    105.900002
905    105.900002
906    105.900002
907    105.900002
908    105.900002
909    105.900002
910    105.900002
911    105.900002
912    105.900002
913    105.900002
914    105.900002
915    105.900002
916    105.900002
917    105.900002
918    105.900002
919    105.900002
920    105.900002
921    105.900002
922    105.900002
923    105.900002
924    105.900002
925    105.900002
926    105.900002
927    105.900002
928    105.900002
929    105.900002
930    105.900002
931    105.900002
932    105.900002
933    105.900002
934    105.900002
935    105.900002
936    105.900002
937    105.900002
938    105.900002
939    105.900002
940    105.900002
941    105.900002
942    105.900002
943    105.900002
944    105.900002
945    105.900002
946    105.900002
947    105.900002
948    105.900002
949    105.900002
950    105.900002
951    105.900002
952    105.900002
953    105.900002
954    105.900002
955    105.900002
956    105.900002
957    105.900002
958    105.900002
959    105.900002
960    105.900002
961    105.900002
962    105.900002
963    105.900002
964    105.900002
965    105.900002
966    105.900002
967    105.900002
968    105.900002
969    105.900002
970    105.900002
971    105.900002
972    105.900002
973    105.900002
974    105.900002
975    105.900002
976    105.900002
977    105.900002
978    105.900002
979    105.900002
980    105.900002
981    105.900002
982    105.900002
983    105.900002
984    105.900002
985    105.900002
986    105.900002
987    105.900002
988    105.900002
989    105.900002
990    105.900002
991    105.900002
992    105.900002
993    105.900002
994    105.900002
995    105.900002
996    105.900002
997    105.900002
998    105.900002
999    105.900002
1000    105.900002
1001    105.900002
1002    105.900002
1003    105.900002
1004    105.900002
1005    105.900002
1006    105.900002
1007    105.900002
1008    105.900002
1009    105.900002
1010    105.900002
1011    105.900002
1012    105.900002
1013    105.900002
1014    105.900002
1015    105.900002
1016    105.900002
1017    105.900002
1018    105.900002
1019    105.900002
1020    105.900002
1021    105.900002
1022    105.900002
1023    105.900002
1024    105.900002
1025    105.900002
1026    105.900002
1027    105.900002
1028    105.900002
1029    105.900002
1030    105.900002
1031    105.900002
1032    105.900002
1033    105.900002
1034    105.900002
1035    105.900002
1036    105.900002
1037    105.900002
1038    105.900002
1039    105.900002
1040    105.900002
1041    105.900002
1042    105.900002
1043    105.900002
1044    105.900002
1045    105.900002
1046    105.900002
1047    105.900002
1048    105.900002
1049    105.900002
1050    105.900002
1051    105.900002
1052    105.900002
1053    105.900002
1054    105.900002
1055    105.900002
1056    105.900002
1057    105.900002
1058    105.900002
1059    105.900002
1060    105.900002
1061    105.900002
1062    105.900002
1063    105.900002
1064    105.900002
1065    105.900002
1066    105.900002
1067    105.900002
1068    105.900002
1069    105.900002
1070    105.900002
1071    105.900002
1072    105.900002
1073    105.900002
1074    105.900002
1075    105.900002
1076    105.900002
1077    105.900002
1078    105.900002
1079    105.900002
1080    105.900002
1081    105.900002
1082    105.900002
1083    105.900002
1084    105.900002
1085    105.900002
1086    105.900002
1087    105.900002
1088    105.900002
1089    105.900002
1090    105.900002
1091    105.900002
1092    105.900002
1093    105.900002
1094    105.900002
1095    105.900002
1096    105.900002
1097    105.900002
1098    105.900002
1099    105.900002
1100    105.900002
1101    105.900002
1102    105.900002
1103    105.900002
1104    105.900002
1105    105.900002
1106    105.900002
1107    105.900002
1108    105.900002
1109    105.900002
1110    105.900002
1111    105.900002
1112    105.900002
1113    105.900002
1114    105.900002
1115    105.900002
1116    105.900002
1117    105.900002
1118    105.900002
1119    105.900002
1120    105.900002
1121    105.900002
1122    105.900002
1123    105.900002
1124    105.900002
1125    105.900002
1126    105.900002
1127    105.900002
1128    105.900002
1129    105.900002
1130    105.900002
1131    105.900002
1132    105.900002
1133    105.900002
1134    105.900002
1135    105.900002
1136    105.900002
1137    105.900002
1138    105.900002
1139    105.900002
1140    105.900002
1141    105.900002
1142    105.900002
1143    105.900002
1144    105.900002
1145    105.900002
1146    105.900002
1147    105.900002
1148    105.900002
1149    105.900002
1150    105.900002
1151    105.900002
1152    105.900002
1153    105.900002
1154    105.900002
1155    105.900002
1156    105.900002
1157    105.900002
1158    105.900002
1159    105.900002
1160    105.900002
1161    105.900002
1162    105.900002
1163    105.900002
1164    105.900002
1165    105.900002
1166    105.900002
1167    105.900002
1168    105.900002
1169    105.900002
1170    105.900002
1171    105.900002
1172    105.900002
1173    105.900002
1174    105.900002
1175    105.900002
1176    105.900002
1177    105.900002
1178    105.900002
1179    105.900002
1180    105.900002
1181    105.900002
1182    105.900002
1183    105.900002
1184    105.900002
1185    105.900002
1186    105.900002
1187    105.900002
1188    105.900002
1189    105.900002
1190    105.900002
1191    105.900002
1192    105.900002
1193    105.900002
1194    105.900002
1195    105.900002
1196    105.900002
1197    105.900002
1198    105.900002
1199    105.900002
1200    105.900002
1201    105.900002
1202    105.900002
1203    105.900002
1204    105.900002
1205    105.900002
1206    105.900002
1207    105.900002
1208    105.900002
1209    105.900002
1210    105.900002
1211    105.900002
1212    105.900002
1213    105.900002
1214    105.900002
1215    105.900002
1216    105.900002
1217    105.900002
1218    105.900002
1219    105.900002
1220    105.900002
1221    105.900002
1222    105.900002
1223    105.900002
1224    105.900002
1225    105.900002
1226    105.900002
1227    105.900002
1228    105.900002
1229    105.900002
1230    105.900002
1231    105.900002
1232    105.900002
1233    105.900002
1234    105.900002
1235    105.900002
1236    105.900002
1237    105.900002
1238    105.900002
1239    105.900002
1240    105.900002
1241    105.900002
1242    105.900002
1243    105.900002
1244    105.900002
1245    105.900002
1246    105.900002
1247    105.900002
1248    105.900002
1249    105.900002
1250    105.900002
1251    105.900002
1252    105.900002
1253    105.900002
1254    105.900002
1255    105.900002
1256    105.900002
1257    105.900002
1258    105.900002
1259    105.900002
1260    105.900002
1261    105.900002
1262    105.900002
1263    105.900002
1264    105.900002
1265    105.900002
1266    105.900002
1267    105.900002
1268    105.900002
1269    105.900002
1270    105.900002
1271    105.900002
1272    105.900002
1273    105.900002
1274    105.900002
1275    105.900002
1276    105.900002
1277    105.900002
1278    105.900002
1279    105.900002
1280    105.900002
1281    105.900002
1282    105.900002
1283    105.900002
1284    105.900002
1285    105.900002
1286    105.900002
1287    105.900002
1288    105.900002
1289    105.900002
1290    105.900002
1291    105.900002
1292    105.900002
1293    105.900002
1294    105.900002
1295    105.900002
1296    105.900002
1297    105.900002
1298    105.900002
1299    105.900002
1300    105.900002
1301    105.900002
1302    105.900002
1303    105.900002
1304    105.900002
1305    105.900002
1306    105.900002
1307    105.900002
1308    105.900002
1309    105.900002
1310    105.900002
1311    105.900002
1312    105.900002
1313    105.900002
1314    105.900002
1315    105.900002
1316    105.900002
1317    105.900002
1318    105.900002
1319    105.900002
1320    105.900002
1321    105.900002
1322    105.900002
1323    105.900002
1324    105.900002
1325    105.900002
1326    105.900002
1327    105.900002
1328    105.900002
1329    105.900002
1330    105.900002
1331    105.900002
1332    105.900002
1333    105.900002
1334    105.900002
1335    105.900002
1336    105.900002
1337    105.900002
1338    105.900002
1339    105.900002
1340    105.900002
1341    105.900002
1342    105.900002
1343    105.900002
1344    105.900002
1345    105.900002
1346    105.900002
1347    105.900002
1348    105.900002
1349    105.900002
1350    105.900002
1351    105.900002
1352    105.900002
1353    105.900002
1354    105.900002
1355    105.900002
1356    105.900002
1357    105.900002
1358    105.900002
1359    105.900002
1360    105.900002
1361    105.900002
1362    105.900002
1363    105.900002
1364    105.900002
1365    105.900002
1366    105.900002
1367    105.900002
1368    105.900002
1369    105.900002
1370    105.900002
1371    105.900002
1372    105.900002
1373    105.900002
1374    105.900002
1375    105.900002
1376    105.900002
1377    105.900002
1378    105.900002
1379    105.900002
1380    105.900002
1381    105.900002
1382    105.900002
1383    105.900002
1384    105.900002
1385    105.900002
1386    105.900002
1387    105.900002
1388    105.900002
1389    105.900002
1390    105.900002
1391    105.900002
1392    105.900002
1393    105.900002
1394    105.900002
1395    105.900002
1396    105.900002
1397    105.900002
1398    105.900002
1399    105.900002
1400    105.900002
1401    105.900002
1402    105.900002
1403    105.900002
1404    105.900002
1405    105.900002
1406    105.900002
1407    105.900002
1408    105.900002
1409    105.900002
1410    105.900002
1411    105.900002
1412    105.900002
1413    105.900002
1414    105.900002
1415    105.900002
1416    105.900002
1417    105.900002
1418    105.900002
1419    105.900002
1420    105.900002
1421    105.900002
1422    105.900002
1423    105.900002
1424    105.900002
1425    105.900002
1426    105.900002
1427    105.900002
1428    105.900002
1429    105.900002
1430    105.900002
1431    105.900002
1432    105.900002
1433    105.900002
1434    105.900002
1435    105.900002
1436    105.900002
1437    105.900002
1438    105.900002
1439    105.900002
1440    105.900002
1441    105.900002
1442    105.900002
1443    105.900002
1444    105.900002
1445    105.900002
1446    105.900002
1447    105.900002
1448    105.900002
1449    105.900002
1450    105.900002
1451    105.900002
1452    105.900002
1453    105.900002
1454    105.900002
1455    105.900002
1456    105.900002
1457    105.900002
1458    105.900002
1459    105.900002
1460    105.900002
1461    105.900002
1462    105.900002
1463    105.900002
1464    105.900002
1465    105.900002
1466    105.900002
1467    105.900002
1468    105.900002
1469    105.900002
1470    105.900002
1471    105.900002
1472    105.900002
1473    105.900002
1474    105.900002
1475    105.900002
1476    105.900002
1477    105.900002
1478    105.900002
1479    105.900002
1480    105.900002
1481    105.900002
1482    105.900002
1483    105.900002
1484    105.900002
1485    105.900002
1486    105.900002
1487    105.900002
1488    105.900002
1489    105.900002
1490    105.900002
1491    105.900002
1492    105.900002
1493    105.900002
1494    105.900002
1495    105.900002
1496    105.900002
1497    105.900002
1498    105.900002
1499    105.900002
1500    105.900002
1501    105.900002
1502    105.900002
1503    105.900002
1504    105.900002
1505    105.900002
1506    105.900002
1507    105.900002
1508    105.900002
1509    105.900002
1510    105.900002
1511    105.900002
1512    105.900002
1513    105.900002
1514    105.900002
1515    105.900002
1516    105.900002
1517    105.900002
1518    105.900002
1519    105.900002
1520    105.900002
1521    105.900002
1522    105.900002
1523    105.900002
1524    105.900002
1525    105.900002
1526    105.900002
1527    105.900002
1528    105.900002
1529    105.900002
1530    105.900002
1531    105.900002
1532    105.900002
1533    105.900002
1534    105.900002
1535    105.900002
1536    105.900002
1537    105.900002
1538    105.900002
1539    105.900002
1540    105.900002
1541    105.900002
1542    105.900002
1543    105.900002
1544    105.900002
1545    105.900002
1546    105.900002
1547    105.900002
1548    105.900002
1549    105.900002
1550    105.900002
1551    105.900002
1552    105.900002
1553    105.900002
1554    105.900002
1555    105.900002
1556    105.900002
1557    105.900002
1558    105.900002
1559    105.900002
1560    105.900002
1561    105.900002
1562    105.900002
1563    105.900002
1564    105.900002
1565    105.900002
1566    105.900002
1567    105.900002
1568    105.900002
1569    105.900002
1570    105.900002
1571    105.900002
1572    105.900002
1573    105.900002
1574    105.900002
1575    105.900002
1576    105.900002
1577    105.900002
1578    105.900002
1579    105.900002
1580    105.900002
1581    105.900002
1582    105.900002
1583    105.900002
1584    105.900002
1585    105.900002
1586    105.900002
1587    105.900002
1588    105.900002
1589    105.900002
1590    105.900002
1591    105.900002
1592    105.900002
1593    105.900002
1594    105.900002
1595    105.900002
1596    105.900002
1597    105.900002
1598    105.900002
1599    105.900002
1600    105.900002
1601    105.900002
1602    105.900002
1603    105.900002
1604    105.900002
1605    105.900002
1606    105.900002
1607    105.900002
1608    105.900002
1609    105.900002
1610    105.900002
1611    105.900002
1612    105.900002
1613    105.900002
1614    105.900002
1615    105.900002
1616    105.900002
1617    105.900002
1618    105.900002
1619    105.900002
1620    105.900002
1621    105.900002
1622    105.900002
1623    105.900002
1624    105.900002
1625    105.900002
1626    105.900002
1627    105.900002
1628    105.900002
1629    105.900002
1630    105.900002
1631    105.900002
1632    105.900002
1633    105.900002
1634    105.900002
1635    105.900002
1636    105.900002
1637    105.900002
1638    105.900002
1639    105.900002
1640    105.900002
1641    105.900002
1642    105.900002
1643    105.900002
1644    105.900002
1645    105.900002
1646    105.900002
1647    105.900002
1648    105.900002
1649    105.900002
1650    105.900002
1651    105.900002
1652    105.900002
1653    105.900002
1654    105.900002
1655    105.900002
1656    105.900002
1657    105.900002
1658    105.900002
1659    105.900002
1660    105.900002
1661    105.900002
1662    105.900002
1663    105.900002
1664    105.900002
1665    105.900002
1666    105.900002
1667    105.900002
1668    105.900002
1669    105.900002
1670    105.900002
1671    105.900002
1672    105.900002
1673    105.900002
1674    105.900002
1675    105.900002
1676    105.900002
1677    105.900002
1678    105.900002
1679    105.900002
1680    105.900002
1681    105.900002
1682    105.900002
1683    105.900002
1684    105.900002
1685    105.900002
1686    105.900002
1687    105.900002
1688    105.900002
1689    105.900002
1690    105.900002
1691    105.900002
1692    105.900002
1693    105.900002
1694    105.900002
1695    105.900002
1696    105.900002
1697    105.900002
1698    105.900002
1699    105.900002
1700    105.900002
1701    105.900002
1702    105.900002
1703    105.900002
1704    105.900002
1705    105.900002
1706    105.900002
1707    105.900002
1708    105.900002
1709    105.900002
1710    105.900002
1711    105.900002
1712    105.900002
1713    105.900002
1714    105.900002
1715    105.900002
1716    105.900002
1717    105.900002
1718    105.900002
1719    105.900002
1720    105.900002
1721    105.900002
1722    105.900002
1723    105.900002
1724    105.900002
1725    105.900002
1726    105.900002
1727    105.900002
1728    105.900002
1729    105.900002
1730    105.900002
1731    105.900002
1732    105.900002
1733    105.900002
1734    105.900002
1735    105.900002
1736    105.900002
1737    105.900002
1738    105.900002
1739    105.900002
1740    105.900002
1741    105.900002
1742    105.900002
1743    105.900002
1744    105.900002
1745    105.900002
1746    105.900002
1747    105.900002
1748    105.900002
1749    105.900002
1750    105.900002
1751    105.900002
1752    105.900002
1753    105.900002
1754    105.900002
1755    105.900002
1756    105.900002
1757    105.900002
1758    105.900002
1759    105.900002
1760    105.900002
1761    105.900002
1762    105.900002
1763    105.900002
1764    105.900002
1765    105.900002
1766    105.900002
1767    105.900002
1768    105.900002
1769    105.900002
1770    105.900002
1771    105.900002
1772    105.900002
1773    105.900002
1774    105.900002
1775    105.900002
1776    105.900002
1777    105.900002
1778    105.900002
1779    105.900002
1780    105.900002
1781    105.900002
1782    105.900002
1783    105.900002
1784    105.900002
1785    105.900002
1786    105.900002
1787    105.900002
1788    105.900002
1789    105.900002
1790    105.900002
1791    105.900002
1792    105.900002
1793    105.900002
1794    105.900002
1795    105.900002
1796    105.900002
1797    105.900002
1798    105.900002
1799    105.900002
1800    105.900002
1801    105.900002
1802    105.900002
1803    105.900002
1804    105.900002
1805    105.900002
1806    105.900002
1807    105.900002
1808    105.900002
1809    105.900002
1810    105.900002
1811    105.900002
1812    105.900002
1813    105.900002
1814    105.900002
1815    105.900002
1816    105.900002
1817    105.900002
1818    105.900002
1819    105.900002
1820    105.900002
1821    105.900002
1822    105.900002
1823    105.900002
1824    105.900002
1825    105.900002
1826    105.900002
1827    105.900002
1828    105.900002
1829    105.900002
1830    105.900002
1831    105.900002
1832    105.900002
1833    105.900002
1834    105.900002
1835    105.900002
1836    105.900002
1837    105.900002
1838    105.900002
1839    105.900002
1840    105.900002
1841    105.900002
1842    105.900002
1843    105.900002
1844    105.900002
1845    105.900002
1846    105.900002
1847    105.900002
1848    105.900002
1849    105.900002
1850    105.900002
1851    105.900002
1852    105.900002
1853    105.900002
1854    105.900002
1855    105.900002
1856    105.900002
1857    105.900002
1858    105.900002
1859    105.900002
1860    105.900002
1861    105.900002
1862    105.900002
1863    105.900002
1864    105.900002
1865    105.900002
1866    105.900002
1867    105.900002
1868    105.900002
1869    105.900002
1870    105.900002
1871    105.900002
1872    105.900002
1873    105.900002
1874    105.900002
1875    105.900002
1876    105.900002
1877    105.900002
1878    105.900002
1879    105.900002
1880    105.900002
1881    105.900002
1882    105.900002
1883    105.900002
1884    105.900002
1885    105.900002
1886    105.900002
1887    105.900002
1888    105.900002
1889    105.900002
1890    105.900002
1891    105.900002
1892    105.900002
1893    105.900002
1894    105.900002
1895    105.900002
1896    105.900002
1897    105.900002
1898    105.900002
1899    105.900002
1900    105.900002
1901    105.900002
1902    105.900002
1903    105.900002
1904    105.900002
1905    105.900002
1906    105.900002
1907    105.900002
1908    105.900002
1909    105.900002
1910    105.900002
1911    105.900002
1912    105.900002
1913    105.900002
1914    105.900002
1915    105.900002
1916    105.900002
1917    105.900002
1918    105.900002
1919    105.900002
1920    105.900002
1921    105.900002
1922    105.900002
1923    105.900002
1924    105.900002
1925    105.900002
1926    105.900002
1927    105.900002
1928    105.900002
1929    105.900002
1930    105.900002
1931    105.900002
1932    105.900002
1933    105.900002
1934    105.900002
1935    105.900002
1936    105.900002
1937    105.900002
1938    105.900002
1939    105.900002
1940    105.900002
1941    105.900002
1942    105.900002
1943    105.900002
1944    105.900002
1945    105.900002
1946    105.900002
1947    105.900002
1948    105.900002
1949    105.900002
1950    105.900002
1951    105.900002
1952    105.900002
1953    105.900002
1954    105.900002
1955    105.900002
1956    105.900002
1957    105.900002
1958    105.900002
1959    105.900002
1960    105.900002
1961    105.900002
1962    105.900002
1963    105.900002
1964    105.900002
1965    105.900002
1966    105.900002
1967    105.900002
1968    105.900002
1969    105.900002
1970    105.900002
1971    105.900002
1972    105.900002
1973    105.900002
1974    105.900002
1975    105.900002
1976    105.900002
1977    105.900002
1978    105.900002
1979    105.900002
1980    105.900002
1981    105.900002
1982    105.900002
1983    105.900002
1984    105.900002
1985    105.900002
1986    105.900002
1987    105.900002
1988    105.900002
1989    105.900002
1990    105.900002
1991    105.900002
1992    105.900002
1993    105.900002
1994    105.900002
1995    105.900002
1996    105.900002
1997    105.900002
1998    105.900002
1999    105.900002
2000    105.900002
2001    105.900002
2002    105.900002
2003    105.900002
2004    105.900002
2005    105.900002
2006    105.900002
2007    105.900002
2008    105.900002
2009    105.900002
2010    105.900002
2011    105.900002
2012    105.900002
2013    105.900002
2014    105.900002
2015    105.900002
2016    105.900002
2017    105.900002
2018    105.900002
2019    105.900002
2020    105.900002
2021    105.900002
2022    105.900002
2023    105.900002
2024    105.900002
2025    105.900002
2026    105.900002
2027    105.900002
2028    105.900002
2029    105.900002
2030    105.900002
2031    105.900002
2032    105.900002
2033    105.900002
2034    105.900002
2035    105.900002
2036    105.900002
2037    105.900002
2038    105.900002
2039    105.900002
2040    105.900002
2041    105.900002
2042    105.900002
2043    105.900002
2044    105.900002
2045    105.900002
2046    105.900002
2047    105.900002
2048    105.900002
2049    105.900002
2050    105.900002
2051    105.900002
2052    105.900002
2053    105.900002
2054    105.900002
2055    105.900002
2056    105.900002
2057    105.900002
2058    105.900002
2059    105.900002
2060    105.900002
2061    105.900002
2062    105.900002
2063    105.900002
2064    105.900002
2065    105.900002
2066    105.900002
2067    105.900002
2068    105.900002
2069    105.900002
2070    105.900002
2071    105.900002
2072    105.900002
2073    105.900002
2074    105.900002
2075    105.900002
2076    105.900002
2077    105.900002
2078    105.900002
2079    105.900002
2080    105.900002
2081    105.900002
2082    105.900002
2083    105.900002
2084    105.900002
2085    105.900002
2086    105.900002
2087    105.900002
2088    105.900002
2089    105.900002
2090    105.900002
2091    105.900002
2092    105.900002
2093    105.900002
2094    105.900002
2095    105.900002
2096    105.900002
2097    105.900002
2098    105.900002
2099    105.900002
2100    105.900002
2101    105.900002
2102    105.900002
2103    105.900002
2104    105.900002
2105    105.900002
2106    105.900002
2107    105.900002
2108    105.900002
2109    105.900002
2110    105.900002
2111    105.900002
2112    105.900002
2113    105.900002
2114    105.900002
2115    105.900002
2116    105.900002
2117    105.900002
2118    105.900002
2119    105.900002
2120    105.900002
2121    105.900002
2122    105.900002
2123    105.900002
2124    105.900002
2125    105.900002
2126    105.900002
2127    105.900002
2128    105.900002
2129    105.900002
2130    105.900002
2131    105.900002
2132    105.900002
2133    105.900002
2134    105.900002
2135    105.900002
2136    105.900002
2137    105.900002
2138    105.900002
2139    105.900002
2140    105.900002
2141    105.900002
2142    105.900002
2143    105.900002
2144    105.900002
2145    105.900002
2146    105.900002
2147    105.900002
2148    105.900002
2149    105.900002
2150    105.900002
2151    105.900002
2152    105.900002
2153    105.900002
2154    105.900002
2155    105.900002
2156    105.900002
2157    105.900002
2158    105.900002
2159    105.900002
2160    105.900002
2161    105.900002
2162    105.900002
2163    105.900002
2164    105.900002
2165    105.900002
2166    105.900002
2167    105.900002
2168    105.900002
2169    105.900002
2170    105.900002
2171    105.900002
2172    105.900002
2173    105.900002
2174    105.900002
2175    105.900002
2176    105.900002
2177    105.900002
2178    105.900002
2179    105.900002
2180    105.900002
2181    105.900002
2182    105.900002
2183    105.900002
2184    105.900002
2185    105.900002
2186    105.900002
2187    105.900002
2188    105.900002
2189    105.900002
2190    105.900002
2191    105.900002
2192    105.900002
2193    105.900002
2194    105.900002
2195    105.900002
2196    105.900002
2197    105.900002
2198    105.900002
2199    105.900002
2200    105.900002
2201    105.900002
2202    105.900002
2203    105.900002
2204    105.900002
2205    105.900002
2206    105.900002
2207    105.900002
2208    105.900002
2209    105.900002
2210    105.900002
2211    105.900002
2212    105.900002
2213    105.900002
2214    105.900002
2215    105.900002
2216    105.900002
2217    105.900002
2218    105.900002
2219    105.900002
2220    105.900002
2221    105.900002
2222    105.900002
2223    105.900002
2224    105.900002
2225    105.900002
2226    105.900002
2227    105.900002
2228    105.900002
2229    105.900002
2230    105.900002
2231    105.900002
2232    105.900002
2233    105.900002
2234    105.900002
2235    105.900002
2236    105.900002
2237    105.900002
2238    105.900002
2239    105.900002
2240    105.900002
2241    105.900002
2242    105.900002
2243    105.900002
2244    105.900002
2245    105.900002
2246    105.900002
2247    105.900002
2248    105.900002
2249    105.900002
2250    105.900002
2251    105.900002
2252    105.900002
2253    105.900002
2254    105.900002
2255    105.900002
2256    105.900002
2257    105.900002
2258    105.900002
2259    105.900002
2260    105.900002
2261    105.900002
2262    105.900002
2263    105.900002
2264    105.900002
2265    105.900002
2266    105.900002
2267    105.900002
2268    105.900002
2269    105.900002
2270    105.900002
2271    105.900002
2272    105.900002
2273    105.900002
2274    105.900002
2275    105.900002
2276    105.900002
2277    105.900002
2278    105.900002
2279    105.900002
2280    105.900002
2281    105.900002
2282    105.900002
2283    105.900002
2284    105.900002
2285    105.900002
2286    105.900002
2287    105.900002
2288    105.900002
2289    105.900002
2290    105.900002
2291    105.900002
2292    105.900002
2293    105.900002
2294    105.900002
2295    105.900002
2296    105.900002
2297    105.900002
2298    105.900002
2299    105.900002
2300    105.900002
2301    105.900002
2302    105.900002
2303    105.900002
2304    105.900002
2305    105.900002
2306    105.900002
2307    105.900002
2308    105.900002
2309    105.900002
2310    105.900002
2311    105.900002
2312    105.900002
2313    105.900002
2314    105.900002
2315    105.900002
2316    105.900002
2317    105.900002
2318    105.900002
2319    105.900002
2320    105.900002
2321    105.900002
2322    105.900002
2323    105.900002
2324    105.900002
2325    105.900002
2326    105.900002
2327    105.900002
2328    105.900002
2329    105.900002
2330    105.900002
2331    105.900002
2332    105.900002
2333    105.900002
2334    105.900002
2335    105.900002
2336    105.900002
2337    105.900002
2338    105.900002
2339    105.900002
2340    105.900002
2341    105.900002
2342    105.900002
2343    105.900002
2344    105.900002
2345    105.900002
2346    105.900002
2347    105.900002
2348    105.900002
2349    105.900002
2350    105.900002
2351    105.900002
2352    105.900002
2353    105.900002
2354    105.900002
2355    105.900002
2356    105.900002
2357    105.900002
2358    105.900002
2359    105.900002
2360    105.900002
2361    105.900002
2362    105.900002
2363    105.900002
2364    105.900002
2365    105.900002
2366    105.900002
2367    105.900002
2368    105.900002
2369    105.900002
2370    105.900002
2371    105.900002
2372    105.900002
2373    105.900002
2374    105.900002
2375    105.900002
2376    105.900002
2377    105.900002
2378    105.900002
2379    105.900002
2380    105.900002
2381    105.900002
2382    105.900002
2383    105.900002
2384    105.900002
2385    105.900002
2386    105.900002
2387    105.900002
2388    105.900002
2389    105.900002
2390    105.900002
2391    105.900002
2392    105.900002
2393    105.900002
2394    105.900002
2395    105.900002
2396    105.900002
2397    105.900002
2398    105.900002
2399    105.900002
2400    105.900002
2401    105.900002
2402    105.900002
2403    105.900002
2404    105.900002
2405    105.900002
2406    105.900002
2407    105.900002
2408    105.900002
2409    105.900002
2410    105.900002
2411    105.900002
2412    105.900002
2413    105.900002
2414    105.900002
2415    105.900002
2416    105.900002
2417    105.900002
2418    105.900002
2419    105.900002
2420    105.900002
2421    105.900002
2422    105.900002
2423    105.900002
2424    105.900002
2425    105.900002
2426    105.900002
2427    105.900002
2428    105.900002
2429    105.900002
2430    105.900002
2431    105.900002
2432    105.900002
2433    105.900002
2434    105.900002
2435    105.900002
2436    105.900002
2437    105.900002
2438    105.900002
2439    105.900002
2440    105.900002
2441    105.900002
2442    105.900002
2443    105.900002
2444    105.900002
2445    105.900002
2446    105.900002
2447    105.900002
2448    105.900002
2449    105.900002
2450    105.900002
2451    105.900002
2452    105.900002
2453    105.900002
2454    105.900002
2455    105.900002
2456    105.900002
2457    105.900002
2458    105.900002
2459    105.900002
2460    105.900002
2461    105.900002
2462    105.900002
2463    105.900002
2464    105.900002
2465    105.900002
2466    105.900002
2467    105.900002
2468    105.900002
2469    105.900002
2470    105.900002
2471    105.900002
2472    105.900002
2473    105.900002
2474    105.900002
2475    105.900002
2476    105.900002
2477    105.900002
2478    105.900002
2479    105.900002
2480    105.900002
2481    105.900002
2482    105.900002
2483    105.900002
2484    105.900002
2485    105.900002
2486    105.900002
2487    105.900002
2488    105.900002
2489    105.900002
2490    105.900002
2491    105.900002
2492    105.900002
2493    105.900002
2494    105.900002
2495    105.900002
2496    105.900002
2497    105.900002
2498    105.900002
2499    105.900002
2500    105.900002
2501    105.900002
2502    105.900002
2503    105.900002
2504    105.900002
2505    105.900002
2506    105.900002
2507    105.900002
2508    105.900002
2509    105.900002
2510    105.900002
2511    105.900002
2512    105.900002
2513    105.900002
2514    105.900002
2515    105.900002
2516    105.900002
2517    105.900002
2518    105.900002
2519    105.900002
2520    105.900002
2521    105.900002
2522    105.900002
2523    105.900002
2524    105.900002
2525    105.900002
2526    105.900002
2527    105.900002
2528    105.900002
2529    105.900002
2530    105.900002
2531    105.900002
2532    105.900002
2533    105.900002
2534    105.900002
2535    105.900002
2536    105.900002
2537    105.900002
2538    105.900002
2539    105.900002
2540    105.900002
2541    105.900002
2542    105.900002
2543    105.900002
2544    105.900002
2545    105.900002
2546    105.900002
2547    105.900002
2548    105.900002
2549    105.900002
2550    105.900002
2551    105.900002
2552    105.900002
2553    105.900002
2554    105.900002
2555    105.900002
2556    105.900002
2557    105.900002
2558    105.900002
2559    105.900002
2560    105.900002
2561    105.900002
2562    105.900002
2563    105.900002
2564    105.900002
2565    105.900002
2566    105.900002
2567    105.900002
2568    105.900002
2569    105.900002
2570    105.900002
2571    105.900002
2572    105.900002
2573    105.900002
2574    105.900002
2575    105.900002
2576    105.900002
2577    105.900002
2578    105.900002
2579    105.900002
2580    105.900002
2581    105.900002
2582    105.900002
2583    105.900002
2584    105.900002
2585    105.900002
2586    105.900002
2587    105.900002
2588    105.900002
2589    105.900002
2590    105.900002
2591    105.900002
2592    105.900002
2593    105.900002
2594    105.900002
2595    105.900002
2596    105.900002
2597    105.900002
2598    105.900002
2599    105.900002
2600    105.900002
2601    105.900002
2602    105.900002
2603    105.900002
2604    105.900002
2605    105.900002
2606    105.900002
2607    105.900002
2608    105.900002
2609    105.900002
2610    105.900002
2611    105.900002
2612    105.900002
2613    105.900002
2614    105.900002
2615    105.900002
2616    105.900002
2617    105.900002
2618    105.900002
2619    105.900002
2620    105.900002
2621    105.900002
2622    105.900002
2623    105.900002
2624    105.900002
2625    105.900002
2626    105.900002
2627    105.900002
2628    105.900002
2629    105.900002
2630    105.900002
2631    105.900002
2632    105.900002
2633    105.900002
2634    105.900002
2635    105.900002
2636    105.900002
2637    105.900002
2638    105.900002
2639    105.900002
2640    105.900002
2641    105.900002
2642    105.900002
2643    105.900002
2644    105.900002
2645    105.900002
2646    105.900002
2647    105.900002
2648    105.900002
2649    105.900002
2650    105.900002
2651    105.900002
2652    105.900002
2653    105.900002
2654    105.900002
2655    105.900002
2656    105.900002
2657    105.900002
2658    105.900002
2659    105.900002
2660    105.900002
2661    105.900002
2662    105.900002
2663    105.900002
2664    105.900002
2665    105.900002
2666    105.900002
2667    105.900002
2668    105.900002
2669    105.900002
2670    105.900002
2671    105.900002
2672    105.900002
2673    105.900002
2674    105.900002
2675    105.900002
2676    105.900002
2677    105.900002
2678    105.900002
2679    105.900002
2680    105.900002
2681    105.900002
2682    105.900002
2683    105.900002
2684    105.900002
2685    105.900002
2686    105.900002
2687    105.900002
2688    105.900002
2689    105.900002
2690    105.900002
2691    105.900002
2692    105.900002
2693    105.900002
2694    105.900002
2695    105.900002
2696    105.900002
2697    105.900002
2698    105.900002
2699    105.900002
2700    105.900002
2701    105.900002
2702    105.900002
2703    105.900002
2704    105.900002
2705    105.900002
2706    105.900002
2707    105.900002
2708    105.900002
2709    105.900002
2710    105.900002
2711    105.900002
2712    105.900002
2713    105.900002
2714    105.900002
2715    105.900002
2716    105.900002
2717    105.900002
2718    105.900002
2719    105.900002
2720    105.900002
2721    105.900002
2722    105.900002
2723    105.900002
2724    105.900002
2725    105.900002
2726    105.900002
2727    105.900002
2728    105.900002
2729    105.900002
2730    105.900002
2731    105.900002
2732    105.900002
2733    105.900002
2734    105.900002
2735    105.900002
2736    105.900002
2737    105.900002
2738    105.900002
2739    105.900002
2740    105.900002
2741    105.900002
2742    105.900002
2743    105.900002
2744    105.900002
2745    105.900002
2746    105.900002
2747    105.900002
2748    105.900002
2749    105.900002
2750    105.900002
2751    105.900002
2752    105.900002
2753    105.900002
2754    105.900002
2755    105.900002
2756    105.900002
2757    105.900002
2758    105.900002
2759    105.900002
2760    105.900002
2761    105.900002
2762    105.900002
2763    105.900002
2764    105.900002
2765    105.900002
2766    105.900002
2767    105.900002
2768    105.900002
2769    105.900002
2770    105.900002
2771    105.900002
2772    105.900002
2773    105.900002
2774    105.900002
2775    105.900002
2776    105.900002
2777    105.900002
2778    105.900002
2779    105.900002
2780    105.900002
2781    105.900002
2782    105.900002
2783    105.900002
2784    105.900002
2785    105.900002
2786    105.900002
2787    105.900002
2788    105.900002
2789    105.900002
2790    105.900002
2791    105.900002
2792    105.900002
2793    105.900002
2794    105.900002
2795    105.900002
2796    105.900002
2797    105.900002
2798    105.900002
2799    105.900002
2800    105.900002
2801    105.900002
2802    105.900002
2803    105.900002
2804    105.900002
2805    105.900002
2806    105.900002
2807    105.900002
2808    105.900002
2809    105.900002
2810    105.900002
2811    105.900002
2812    105.900002
2813    105.900002
2814    105.900002
2815    105.900002
2816    105.900002
2817    105.900002
2818    105.900002
2819    105.900002
2820    105.900002
2821    105.900002
2822    105.900002
2823    105.900002
2824    105.900002
2825    105.900002
2826    105.900002
2827    105.900002
2828    105.900002
2829    105.900002
2830    105.900002
2831    105.900002
2832    105.900002
2833    105.900002
2834    105.900002
2835    105.900002
2836    105.900002
2837    105.900002
2838    105.900002
2839    105.900002
2840    105.900002
2841    105.900002
2842    105.900002
2843    105.900002
2844    105.900002
2845    105.900002
2846    105.900002
2847    105.900002
2848    105.900002
2849    105.900002
2850    105.900002
2851    105.900002
2852    105.900002
2853    105.900002
2854    105.900002
2855    105.900002
2856    105.900002
2857    105.900002
2858    105.900002
2859    105.900002
2860    105.900002
2861    105.900002
2862    105.900002
2863    105.900002
2864    105.900002
2865    105.900002
2866    105.900002
2867    105.900002
2868    105.900002
2869    105.900002
2870    105.900002
2871    105.900002
2872    105.900002
2873    105.900002
2874    105.900002
2875    105.900002
2876    105.900002
2877    105.900002
2878    105.900002
2879    105.900002
2880    105.900002
2881    105.900002
2882    105.900002
2883    105.900002
2884    105.900002
2885    105.900002
2886    105.900002
2887    105.900002
2888    105.900002
2889    105.900002
2890    105.900002
2891    105.900002
2892    105.900002
2893    105.900002
2894    105.900002
2895    105.900002
2896    105.900002
2897    105.900002
2898    105.900002
2899    105.900002
2900    105.900002
2901    105.900002
2902    105.900002
2903    105.900002
2904    105.900002
2905    105.900002
2906    105.900002
2907    105.900002
2908    105.900002
2909    105.900002
2910    105.900002
2911    105.900002
2912    105.900002
2913    105.900002
2914    105.900002
2915    105.900002
2916    105.900002
2917    105.900002
2918    105.900002
2919    105.900002
2920    105.900002
2921    105.900002
2922    105.900002
2923    105.900002
2924    105.900002
2925    105.900002
2926    105.900002
2927    105.900002
2928    105.900002
2929    105.900002
2930    105.900002
2931    105.900002
2932    105.900002
2933    105.900002
2934    105.900002
2935    105.900002
2936    105.900002
2937    105.900002
2938    105.900002
2939    105.900002
2940    105.900002
2941    105.900002
2942    105.900002
2943    105.900002
2944    105.900002
2945    105.900002
2946    105.900002
2947    105.900002
2948    105.900002
2949    105.900002
2950    105.900002
2951    105.900002
2952    105.900002
2953    105.900002
2954    105.900002
2955    105.900002
2956    105.900002
2957    105.900002
2958    105.900002
2959    105.900002
2960    105.900002
2961    105.900002
2962    105.900002
2963    105.900002
2964    105.900002
2965    105.900002
2966    105.900002
2967    105.900002
2968    105.900002
2969    105.900002
2970    105.900002
2971    105.900002
2972    105.900002
2973    105.900002
2974    105.900002
2975    105.900002
2976    105.900002
2977    105.900002
2978    105.900002
2979    105.900002
2980    105.900002
2981    105.900002
2982    105.900002
2983    105.900002
2984    105.900002
2985    105.900002
2986    105.900002
2987    105.900002
2988    105.900002
2989    105.900002
2990    105.900002
2991    105.900002
2992    105.900002
2993    105.900002
2994    105.900002
2995    105.900002
2996    105.900002
2997    105.900002
2998    105.900002
2999    105.900002
3000    105.900002
3001    105.900002
3002    105.900002
3003    105.900002
3004    105.900002
3005    105.900002
3006    105.900002
3007    105.900002
3008    105.900002
3009    105.900002
3010    105.900002
3011    105.900002
3012    105.900002
3013    105.900002
3014    105.900002
3015    105.900002
3016    105.900002
3017    105.900002
3018    105.900002
3019    105.900002
3020    105.900002
3021    105.900002
3022    105.900002
3023    105.900002
3024    105.900002
3025    105.900002
3026    105.900002
3027    105.900002
3028    105.900002
3029    105.900002
3030    105.900002
3031    105.900002
3032    105.900002
3033    105.900002
3034    105.900002
3035    105.900002
3036    105.900002
3037    105.900002
3038    105.900002
3039    105.900002
3040    105.900002
3041    105.900002
3042    105.900002
3043    105.900002
3044    105.900002
3045    105.900002
3046    105.900002
3047    105.900002
3048    105.900002
3049    105.900002
3050    105.900002
3051    105.900002
3052    105.900002
3053    105.900002
3054    105.900002
3055    105.900002
3056    105.900002
3057    105.900002
3058    105.900002
3059    105.900002
3060    105.900002
3061    105.900002
3062    105.900002
3063    105.900002
3064    105.900002
3065    105.900002
3066    105.900002
3067    105.900002
3068    105.900002
3069    105.900002
3070    105.900002
3071    105.900002
3072    105.900002
3073    105.900002
3074    105.900002
3075    105.900002
3076    105.900002
3077    105.900002
3078    105.900002
3079    105.900002
3080    105.900002
3081    105.900002
3082    105.900002
3083    105.900002
3084    105.900002
3085    105.900002
3086    105.900002
3087    105.900002
3088    105.900002
3089    105.900002
3090    105.900002
3091    105.900002
3092    105.900002
3093    105.900002
3094    105.900002
3095    105.900002
3096    105.900002
3097    105.900002
3098    105.900002
3099    105.900002
3100    105.900002
3101    105.900002
3102    105.900002
3103    105.900002
3104    105.900002
3105    105.900002
3106    105.900002
3107    105.900002
3108    105.900002
3109    105.900002
3110    105.900002
3111    105.900002
3112    105.900002
3113    105.900002
3114    105.900002
3115    105.900002
3116    105.900002
3117    105.900002
3118    105.900002
3119    105.900002
3120    105.900002
3121    105.900002
3122    105.900002
3123    105.900002
3124    105.900002
3125    105.900002
3126    105.900002
3127    105.900002
3128    105.900002
3129    105.900002
3130    105.900002
3131    105.900002
3132    105.900002
3133    105.900002
3134    105.900002
3135    105.900002
3136    105.900002
3137    105.900002
3138    105.900002
3139    105.900002
3140    105.900002
3141    105.900002
3142    105.900002
3143    105.900002
3144    105.900002
3145    105.900002
3146    105.900002
3147    105.900002
3148    105.900002
3149    105.900002
3150    105.900002
3151    105.900002
3152    105.900002
3153    105.900002
3154    105.900002
3155    105.900002
3156    105.900002
3157    105.900002
3158    105.900002
3159    105.900002
3160    105.900002
3161    105.900002
3162    105.900002
3163    105.900002
3164    105.900002
3165    105.900002
3166    105.900002
3167    105.900002
3168    105.900002
3169    105.900002
3170    105.900002
3171    105.900002
3172    105.900002
3173    105.900002
3174    105.900002
3175    105.900002
3176    105.900002
3177    105.900002
3178    105.900002
3179    105.900002
3180    105.900002
3181    105.900002
3182    105.900002
3183    105.900002
3184    105.900002
3185    105.900002
3186    105.900002
3187    105.900002
3188    105.900002
3189    105.900002
3190    105.900002
3191    105.900002
3192    105.900002
3193    105.900002
3194    105.900002
3195    105.900002
3196    105.900002
3197    105.900002
3198    105.900002
3199    105.900002
3200    105.900002
3201    105.900002
3202    105.900002
3203    105.900002
3204    105.900002
3205    105.900002
3206    105.900002
3207    105.900002
3208    105.900002
3209    105.900002
3210    105.900002
3211    105.900002
3212    105.900002
3213    105.900002
3214    105.900002
3215    105.900002
3216    105.900002
3217    105.900002
3218    105.900002
3219    105.900002
3220    105.900002
3221    105.900002
3222    105.900002
3223    105.900002
3224    105.900002
3225    105.900002
3226    105.900002
3227    105.900002
3228    105.900002
3229    105.900002
3230    105.900002
3231    105.900002
3232    105.900002
3233    105.900002
3234    105.900002
3235    105.900002
3236    105.900002
3237    105.900002
3238    105.900002
3239    105.900002
3240    105.900002
3241    105.900002
3242    105.900002
3243    105.900002
3244    105.900002
3245    105.900002
3246    105.900002
3247    105.900002
3248    105.900002
3249    105.900002
3250    105.900002
3251    105.900002
3252    105.900002
3253    105.900002
3254    105.900002
3255    105.900002
3256    105.900002
3257    105.900002
3258    105.900002
3259    105.900002
3260    105.900002
3261    105.900002
3262    105.900002
3263    105.900002
3264    105.900002
3265    105.900002
3266    105.900002
3267    105.900002
3268    105.900002
3269    105.900002
3270    105.900002
3271    105.900002
3272    105.900002
3273    105.900002
3274    105.900002
3275    105.900002
3276    105.900002
3277    105.900002
3278    105.900002
3279    105.900002
3280    105.900002
3281    105.900002
3282    105.900002
3283    105.900002
3284    105.900002
3285    105.900002
3286    105.900002
3287    105.900002
