       1        1        1        0        0        0                         0.3238E+08  0.2692E+05  0.1181E+06  0.1605E+05  0.4648E+05  0.8127E+02  0.0000E+00  0.0000E+00
       1        2        2        0        0        0                         0.6082E+08  0.3408E+05  0.1596E+06  0.2198E+05  0.1550E+06  0.2367E+03  0.0000E+00  0.0000E+00
       1        3        3        0        0        0                         0.8284E+08  0.2156E+06  0.6289E+06  0.8804E+05  0.1223E+06  0.2253E+03  0.0000E+00  0.0000E+00
       1        4        4        0        0        0                         0.9270E+08  0.2271E+06  0.4665E+06  0.6807E+05  0.1720E+06  0.5105E+03  0.0000E+00  0.0000E+00
       1        5        5        0        0        0                         0.4031E+08  0.8235E+05  0.8989E+05  0.1529E+05  0.6246E+05  0.2301E+03  0.0000E+00  0.0000E+00
       1        6        6        0        0        0                         0.3347E+08  0.7515E+05  0.8682E+05  0.1474E+05  0.5502E+05  0.2652E+03  0.0000E+00  0.0000E+00
       1        7        7        0        0        0                         0.6610E+08  0.1190E+06  0.1561E+06  0.2489E+05  0.6611E+05  0.2872E+03  0.0000E+00  0.0000E+00
       1        8        8        0        0        0                         0.1062E+09  0.3176E+06  0.5737E+06  0.8523E+05  0.1780E+06  0.6045E+03  0.0000E+00  0.0000E+00
       1        9        9        0        0        0                         0.3332E+08  0.3598E+05  0.1498E+06  0.2064E+05  0.5607E+05  0.2681E+03  0.0000E+00  0.0000E+00
       1       10       10        0        0        0                         0.7420E+08  0.7735E+05  0.5677E+04  0.5252E+04  0.6487E+05  0.4667E+03  0.0000E+00  0.0000E+00
       1       11       11        0        0        0                         0.1717E+09  0.1937E+06  0.1396E+05  0.1289E+05  0.1439E+06  0.9702E+03  0.0000E+00  0.0000E+00
       1       12       12        0        0        0                         0.7665E+08  0.1198E+06  0.6614E+06  0.8727E+05  0.1745E+06  0.3059E+03  0.0000E+00  0.0000E+00
       1       13       13        0        0        0                         0.5703E+08  0.8551E+04  0.2932E+04  0.1375E+04  0.1331E+06  0.4819E+03  0.0000E+00  0.0000E+00
       1       14       14        0        0        0                         0.6471E+08  0.2464E+05  0.7334E+04  0.2597E+04  0.1398E+06  0.3746E+03  0.0000E+00  0.0000E+00
       1       15       15        0        0        0                         0.1911E+08  0.1090E+05  0.1183E+04  0.9272E+03  0.5450E+05  0.2091E+03  0.0000E+00  0.0000E+00
       1       16       16        0        0        0                         0.1610E+09  0.2651E+06  0.6070E+06  0.8797E+05  0.2539E+06  0.8378E+03  0.0000E+00  0.0000E+00
       1       17       17        0        0        0                         0.4163E+08  0.2678E+05  0.4433E+05  0.7123E+04  0.8997E+05  0.1437E+03  0.0000E+00  0.0000E+00
       1       18       18        0        0        0                         0.3608E+08  0.5482E+04  0.1377E+04  0.8979E+03  0.1430E+06  0.1869E+03  0.0000E+00  0.0000E+00
       1       19       19        0        0        0                         0.3186E+08  0.5600E+05  0.4312E+05  0.8128E+04  0.4247E+05  0.2469E+03  0.0000E+00  0.0000E+00
       1       20       20        0        0        0                         0.1179E+09  0.5528E+05  0.6497E+04  0.5016E+04  0.2857E+06  0.7999E+03  0.0000E+00  0.0000E+00
       1       21       21        0        0        0                         0.2992E+08  0.2882E+05  0.1129E+06  0.1546E+05  0.2810E+05  0.1399E+03  0.0000E+00  0.0000E+00
       1       22       22        0        0        0                         0.8851E+07  0.2891E+04  0.3398E+03  0.2627E+03  0.1565E+05  0.7086E+02  0.0000E+00  0.0000E+00
       1       23       23        0        0        0                         0.3359E+07  0.3531E+04  0.5626E+03  0.3286E+03  0.8762E+04  0.3252E+02  0.0000E+00  0.0000E+00
       1       24       24        0        0        0                         0.3560E+07  0.4575E+04  0.6176E+03  0.4225E+03  0.9626E+04  0.3520E+02  0.0000E+00  0.0000E+00
       1       25       25        0        0        0                         0.6940E+06  0.3141E+03  0.5986E+02  0.2512E+02  0.1185E+04  0.7944E+01  0.0000E+00  0.0000E+00
       1       26       26        0        0        0                         0.5945E+08  0.1371E+06  0.5536E+05  0.1340E+05  0.8069E+05  0.3168E+03  0.0000E+00  0.0000E+00
       1       27       27        0        0        0                         0.6217E+08  0.1271E+05  0.7148E+04  0.1929E+04  0.6021E+05  0.3569E+03  0.0000E+00  0.0000E+00
       1       28       28        0        0        0                         0.6846E+08  0.1346E+05  0.1427E+04  0.1252E+04  0.6345E+05  0.3199E+03  0.0000E+00  0.0000E+00
       1       29       29        0        0        0                         0.4552E+08  0.5263E+05  0.3642E+04  0.3397E+04  0.7759E+05  0.3335E+03  0.0000E+00  0.0000E+00
       1       30       30        0        0        0                         0.2005E+08  0.2157E+05  0.5229E+04  0.1875E+04  0.3374E+05  0.1612E+03  0.0000E+00  0.0000E+00
       1       31       31        0        0        0                         0.1080E+09  0.7246E+05  0.1333E+06  0.2177E+05  0.2819E+06  0.4743E+03  0.0000E+00  0.0000E+00
       1       32       32        0        0        0                         0.3290E+08  0.5265E+05  0.8766E+04  0.3897E+04  0.8296E+05  0.2455E+03  0.0000E+00  0.0000E+00
       1       33       33        0        0        0                         0.7555E+08  0.1343E+06  0.2235E+06  0.3509E+05  0.2310E+06  0.3813E+03  0.0000E+00  0.0000E+00
       1       34       34        0        0        0                         0.9980E+08  0.2856E+05  0.8293E+04  0.4040E+04  0.2235E+06  0.7220E+03  0.0000E+00  0.0000E+00
       1       35       35        0        0        0                         0.1538E+08  0.3759E+04  0.1392E+05  0.1921E+04  0.1749E+05  0.5884E+02  0.0000E+00  0.0000E+00
       1       36       36        0        0        0                         0.5081E+08  0.5796E+05  0.7845E+05  0.1305E+05  0.8979E+05  0.4896E+03  0.0000E+00  0.0000E+00
       1       37       37        0        0        0                         0.8095E+08  0.5730E+04  0.1774E+05  0.3023E+04  0.1990E+06  0.3434E+03  0.0000E+00  0.0000E+00
       1       38       38        0        0        0                         0.5992E+08  0.3368E+05  0.2964E+04  0.2553E+04  0.7887E+05  0.3624E+03  0.0000E+00  0.0000E+00
       1       39       39        0        0        0                         0.1804E+08  0.2089E+04  0.1649E+04  0.3752E+03  0.1854E+05  0.9218E+02  0.0000E+00  0.0000E+00
       1       40       40        0        0        0                         0.6041E+08  0.3713E+04  0.7502E+04  0.1329E+04  0.5633E+05  0.1950E+03  0.0000E+00  0.0000E+00
       1       41       41        0        0        0                         0.3541E+08  0.1059E+05  0.5828E+05  0.8162E+04  0.9933E+05  0.1732E+03  0.0000E+00  0.0000E+00
       1       42       42        0        0        0                         0.5480E+08  0.4074E+05  0.4142E+04  0.2753E+04  0.1172E+06  0.3188E+03  0.0000E+00  0.0000E+00
       1       43       43        0        0        0                         0.4837E+08  0.4021E+05  0.2359E+05  0.5315E+04  0.1265E+06  0.3234E+03  0.0000E+00  0.0000E+00
       1       44       44        0        0        0                         0.6617E+08  0.5129E+05  0.1122E+05  0.5038E+04  0.1585E+06  0.4872E+03  0.0000E+00  0.0000E+00
       1       45       45        0        0        0                         0.3183E+08  0.2136E+05  0.1099E+05  0.2673E+04  0.9890E+05  0.2191E+03  0.0000E+00  0.0000E+00
       1       46       46        0        0        0                         0.9326E+08  0.1582E+05  0.1798E+04  0.1547E+04  0.6917E+05  0.4152E+03  0.0000E+00  0.0000E+00
       1       47       47        0        0        0                         0.3744E+08  0.1355E+05  0.2111E+04  0.1167E+04  0.3544E+05  0.1686E+03  0.0000E+00  0.0000E+00
       1       48       48        0        0        0                         0.1020E+09  0.7623E+04  0.5858E+04  0.1857E+04  0.2393E+06  0.5343E+03  0.0000E+00  0.0000E+00
       1       49       49        0        0        0                         0.5884E+08  0.2779E+05  0.3774E+05  0.6737E+04  0.1552E+06  0.4520E+03  0.0000E+00  0.0000E+00
       1       50       50        0        0        0                         0.1088E+08  0.1276E+05  0.8283E+03  0.7809E+03  0.7478E+04  0.2190E+02  0.0000E+00  0.0000E+00
       1       51       51        0        0        0                         0.4631E+08  0.2311E+05  0.8043E+05  0.1144E+05  0.2269E+06  0.3182E+03  0.0000E+00  0.0000E+00
       1       52       52        0        0        0                         0.5816E+08  0.6811E+05  0.3651E+06  0.4867E+05  0.1961E+06  0.4133E+03  0.0000E+00  0.0000E+00
       1       53       53        0        0        0                         0.2562E+08  0.1622E+05  0.2208E+04  0.1356E+04  0.6651E+05  0.1863E+03  0.0000E+00  0.0000E+00
       1       54       54        0        0        0                         0.5170E+07  0.5320E+03  0.2362E+03  0.1172E+03  0.1166E+05  0.7627E+02  0.0000E+00  0.0000E+00
       1       55       55        0        0        0                         0.3300E+08  0.3612E+05  0.3231E+04  0.2627E+04  0.6082E+05  0.2940E+03  0.0000E+00  0.0000E+00
       1       56       56        0        0        0                         0.1143E+08  0.9212E+04  0.7025E+03  0.6452E+03  0.2966E+05  0.1124E+03  0.0000E+00  0.0000E+00
       1       57       57        0        0        0                         0.1301E+09  0.7943E+05  0.7200E+05  0.1429E+05  0.2688E+06  0.7683E+03  0.0000E+00  0.0000E+00
       1       58       58        0        0        0                         0.8139E+07  0.1728E+05  0.2105E+04  0.1176E+04  0.1236E+05  0.3469E+02  0.0000E+00  0.0000E+00
       1       59       59        0        0        0                         0.4339E+08  0.2141E+05  0.1744E+04  0.1623E+04  0.5690E+05  0.2693E+03  0.0000E+00  0.0000E+00
       1       60       60        0        0        0                         0.2754E+08  0.8513E+04  0.7766E+03  0.7153E+03  0.3286E+05  0.1371E+03  0.0000E+00  0.0000E+00
       1       61       61        0        0        0                         0.4796E+08  0.1511E+05  0.1229E+06  0.1613E+05  0.1441E+06  0.1640E+03  0.0000E+00  0.0000E+00
       1       62       62        0        0        0                         0.3868E+08  0.2623E+05  0.2398E+04  0.2057E+04  0.7773E+05  0.3604E+03  0.0000E+00  0.0000E+00
       1       63       63        0        0        0                         0.1628E+08  0.1061E+05  0.1236E+04  0.8426E+03  0.2153E+05  0.1143E+03  0.0000E+00  0.0000E+00
       1       64       64        0        0        0                         0.8449E+07  0.2544E+04  0.4910E+03  0.3309E+03  0.2199E+05  0.4411E+02  0.0000E+00  0.0000E+00
       1       65       65        0        0        0                         0.5053E+08  0.5879E+05  0.5409E+04  0.4582E+04  0.1456E+06  0.3938E+03  0.0000E+00  0.0000E+00
       1       66       66        0        0        0                         0.1151E+08  0.4851E+03  0.3231E+03  0.1539E+03  0.4485E+05  0.1134E+03  0.0000E+00  0.0000E+00
       1       67       67        0        0        0                         0.9878E+08  0.3368E+05  0.4168E+04  0.3286E+04  0.2598E+06  0.7306E+03  0.0000E+00  0.0000E+00
       1       68       68        0        0        0                         0.1264E+09  0.6708E+04  0.2126E+04  0.1267E+04  0.2295E+06  0.4102E+03  0.0000E+00  0.0000E+00
       1       69       69        0        0        0                         0.3751E+08  0.2582E+05  0.2467E+04  0.2024E+04  0.6042E+05  0.1936E+03  0.0000E+00  0.0000E+00
       1       70       70        0        0        0                         0.1282E+09  0.1053E+06  0.3366E+05  0.1128E+05  0.2562E+06  0.9056E+03  0.0000E+00  0.0000E+00
       1       71       71        0        0        0                         0.7564E+08  0.5109E+05  0.9463E+04  0.4418E+04  0.8929E+05  0.3252E+03  0.0000E+00  0.0000E+00
       1       72       72        0        0        0                         0.4191E+08  0.1517E+04  0.6304E+03  0.3627E+03  0.1310E+06  0.3488E+03  0.0000E+00  0.0000E+00
       1       73       73        0        0        0                         0.4029E+08  0.1146E+05  0.6885E+04  0.1965E+04  0.1255E+06  0.3114E+03  0.0000E+00  0.0000E+00
       1       74       74        0        0        0                         0.4441E+08  0.4367E+04  0.1138E+04  0.6780E+03  0.8462E+05  0.2173E+03  0.0000E+00  0.0000E+00
       1       75       75        0        0        0                         0.4513E+08  0.3228E+04  0.8761E+03  0.5342E+03  0.1065E+06  0.2069E+03  0.0000E+00  0.0000E+00
       1       76       76        0        0        0                         0.9161E+06  0.1107E+03  0.9152E+02  0.3957E+02  0.7402E+03  0.9996E+01  0.0000E+00  0.0000E+00
       1       77       77        0        0        0                         0.2170E+08  0.1507E+04  0.5809E+03  0.3296E+03  0.5402E+05  0.2132E+03  0.0000E+00  0.0000E+00
       1       78       78        0        0        0                         0.5377E+08  0.7939E+04  0.4434E+04  0.1680E+04  0.1150E+06  0.2759E+03  0.0000E+00  0.0000E+00
       1       79       79        0        0        0                         0.4490E+08  0.3861E+04  0.3307E+04  0.8446E+03  0.1257E+06  0.2558E+03  0.0000E+00  0.0000E+00
       1       80       80        0        0        0                         0.1400E+09  0.3056E+05  0.4653E+04  0.3703E+04  0.2959E+06  0.7318E+03  0.0000E+00  0.0000E+00
       1       81       81        0        0        0                         0.7443E+08  0.1596E+05  0.3986E+04  0.2232E+04  0.1395E+06  0.3326E+03  0.0000E+00  0.0000E+00
       1       82       82        0        0        0                         0.9785E+08  0.1608E+05  0.2414E+04  0.1794E+04  0.2292E+06  0.8752E+03  0.0000E+00  0.0000E+00
       1       83       83        0        0        0                         0.1681E+09  0.1711E+06  0.1146E+05  0.1072E+05  0.2528E+06  0.1202E+04  0.0000E+00  0.0000E+00
       1       84       84        0        0        0                         0.1380E+07  0.2523E+03  0.1228E+03  0.4119E+02  0.6512E+04  0.2731E+02  0.0000E+00  0.0000E+00
       1       85       85        0        0        0                         0.4323E+08  0.2507E+05  0.1890E+05  0.3799E+04  0.7088E+05  0.2681E+03  0.0000E+00  0.0000E+00
       1       86       86        0        0        0                         0.4581E+08  0.6264E+05  0.1632E+06  0.2340E+05  0.8567E+05  0.2281E+03  0.0000E+00  0.0000E+00
       1       87       87        0        0        0                         0.1185E+09  0.1844E+05  0.3583E+04  0.2715E+04  0.2672E+06  0.1129E+04  0.0000E+00  0.0000E+00
       1       88       88        0        0        0                         0.8008E+07  0.1914E+04  0.2033E+04  0.4319E+03  0.3227E+05  0.5331E+02  0.0000E+00  0.0000E+00
       1       89       89        0        0        0                         0.8673E+08  0.3359E+05  0.8467E+04  0.4189E+04  0.1735E+06  0.6379E+03  0.0000E+00  0.0000E+00
       1       90       90        0        0        0                         0.5220E+08  0.7719E+04  0.2984E+04  0.1492E+04  0.1730E+06  0.4312E+03  0.0000E+00  0.0000E+00
       1       91       91        0        0        0                         0.1425E+08  0.4144E+04  0.1436E+04  0.6841E+03  0.3669E+05  0.1491E+03  0.0000E+00  0.0000E+00
       1       92       92        0        0        0                         0.9957E+07  0.4265E+04  0.8255E+03  0.5613E+03  0.1814E+05  0.9749E+02  0.0000E+00  0.0000E+00
       1       93       93        0        0        0                         0.9924E+07  0.1872E+04  0.4809E+03  0.2698E+03  0.1537E+05  0.5907E+02  0.0000E+00  0.0000E+00
       1       94       94        0        0        0                         0.4951E+08  0.5869E+04  0.1524E+04  0.1050E+04  0.7720E+05  0.3931E+03  0.0000E+00  0.0000E+00
       1       95       95        0        0        0                         0.5409E+08  0.5118E+04  0.1613E+04  0.8864E+03  0.1350E+06  0.4397E+03  0.0000E+00  0.0000E+00
       1       96       96        0        0        0                         0.1783E+09  0.2889E+05  0.1297E+06  0.1925E+05  0.5192E+06  0.7914E+03  0.0000E+00  0.0000E+00
       1       97       97        0        0        0                         0.9090E+08  0.2830E+05  0.3042E+04  0.2445E+04  0.2233E+06  0.7372E+03  0.0000E+00  0.0000E+00
       1       98       98        0        0        0                         0.3279E+09  0.6233E+05  0.8504E+04  0.6987E+04  0.4711E+06  0.2350E+04  0.0000E+00  0.0000E+00
       1       99       99        0        0        0                         0.1919E+09  0.8476E+05  0.1214E+06  0.2081E+05  0.2175E+06  0.1376E+04  0.0000E+00  0.0000E+00
      11      302        3        0        0        0                 ps_7    0.7310E+03  0.0000E+00  0.9503E+04  0.7310E+04  0.0000E+00  0.0000E+00  0.0000E+00  0.0000E+00
       5      303        1      302        0        0                         0.3238E+08  0.2692E+05  0.1276E+06  0.2336E+05  0.4648E+05  0.8127E+02  0.0000E+00  0.0000E+00
       2      100        1      303        0        0                         0.3237E+08  0.2670E+05  0.1271E+06  0.2305E+05  0.4644E+05  0.9643E+02  0.0000E+00  0.0000E+00
       5      101        5      100        0        0                         0.7268E+08  0.1090E+06  0.2170E+06  0.3834E+05  0.1089E+06  0.3265E+03  0.0000E+00  0.0000E+00
       2      102        2        2        0        0                         0.6077E+08  0.3360E+05  0.1598E+06  0.2203E+05  0.1546E+06  0.2667E+03  0.0000E+00  0.0000E+00
       5      103      101      102        0        0                         0.1334E+09  0.1426E+06  0.3768E+06  0.6036E+05  0.2635E+06  0.5932E+03  0.0000E+00  0.0000E+00
       2      104        5      103        0        0                         0.1330E+09  0.1255E+06  0.3758E+06  0.5991E+05  0.2606E+06  0.1010E+04  0.0000E+00  0.0000E+00
       5      105        7      104        0        0                         0.1991E+09  0.2446E+06  0.5319E+06  0.8480E+05  0.3267E+06  0.1297E+04  0.0000E+00  0.0000E+00
       2      106        3        3        0        0                         0.8239E+08  0.2012E+06  0.6192E+06  0.8617E+05  0.1206E+06  0.4395E+03  0.0000E+00  0.0000E+00
       5      107        6      106        0        0                         0.1159E+09  0.2763E+06  0.7060E+06  0.1009E+06  0.1756E+06  0.7047E+03  0.0000E+00  0.0000E+00
       2      108        4        4        0        0                         0.9228E+08  0.2126E+06  0.4622E+06  0.6712E+05  0.1696E+06  0.7748E+03  0.0000E+00  0.0000E+00
       5      109      107      108        0        0                         0.2081E+09  0.4889E+06  0.1168E+07  0.1680E+06  0.3453E+06  0.1480E+04  0.0000E+00  0.0000E+00
       2      110        6      109        0        0                         0.2074E+09  0.4349E+06  0.1155E+07  0.1653E+06  0.3417E+06  0.2802E+04  0.0000E+00  0.0000E+00
       5      111       26      110        0        0                         0.2669E+09  0.5719E+06  0.1210E+07  0.1787E+06  0.4224E+06  0.3119E+04  0.0000E+00  0.0000E+00
       2      112        8        8        0        0                         0.1055E+09  0.2933E+06  0.5652E+06  0.8336E+05  0.1740E+06  0.9758E+03  0.0000E+00  0.0000E+00
       5      113       21      112        0        0                         0.1354E+09  0.3221E+06  0.6781E+06  0.9883E+05  0.2021E+06  0.1116E+04  0.0000E+00  0.0000E+00
       2      114        9        9        0        0                         0.3325E+08  0.3494E+05  0.1495E+06  0.2059E+05  0.5564E+05  0.3031E+03  0.0000E+00  0.0000E+00
       5      115      111      114        0        0                         0.3001E+09  0.6069E+06  0.1360E+07  0.1993E+06  0.4780E+06  0.3422E+04  0.0000E+00  0.0000E+00
       2      116       26      115        0        0                         0.2985E+09  0.5133E+06  0.1335E+07  0.1939E+06  0.4698E+06  0.7032E+04  0.0000E+00  0.0000E+00
       5      117       30      116        0        0                         0.3186E+09  0.5348E+06  0.1340E+07  0.1958E+06  0.5036E+06  0.7193E+04  0.0000E+00  0.0000E+00
       7      118        1        0        0        0       10p               0.5828E+09  0.0000E+00  0.2914E+05  0.0000E+00  0.1748E+06  0.0000E+00  0.0000E+00  0.0000E+00
       5      119       10      118        0        0                         0.6570E+09  0.7735E+05  0.3482E+05  0.5252E+04  0.2397E+06  0.4667E+03  0.0000E+00  0.0000E+00
       2      120       10      119        0        0                         0.6568E+09  0.7289E+05  0.3480E+05  0.5246E+04  0.2395E+06  0.5242E+03  0.0000E+00  0.0000E+00
       5      121       15      120        0        0                         0.6759E+09  0.8379E+05  0.3598E+05  0.6173E+04  0.2940E+06  0.7334E+03  0.0000E+00  0.0000E+00
       2      122       11       11        0        0                         0.1712E+09  0.1749E+06  0.1420E+05  0.1257E+05  0.1429E+06  0.1178E+04  0.0000E+00  0.0000E+00
       5      123      121      122        0        0                         0.8471E+09  0.2587E+06  0.5018E+05  0.1874E+05  0.4369E+06  0.1911E+04  0.0000E+00  0.0000E+00
       2      124       15      123        0        0                         0.8469E+09  0.2406E+06  0.5038E+05  0.1865E+05  0.4366E+06  0.2056E+04  0.0000E+00  0.0000E+00
       5      125       27      124        0        0                         0.9091E+09  0.2533E+06  0.5753E+05  0.2058E+05  0.4968E+06  0.2413E+04  0.0000E+00  0.0000E+00
       2      126       12       12        0        0                         0.7648E+08  0.1138E+06  0.6576E+06  0.8652E+05  0.1738E+06  0.5771E+03  0.0000E+00  0.0000E+00
       5      127       18      126        0        0                         0.1126E+09  0.1193E+06  0.6590E+06  0.8742E+05  0.3168E+06  0.7640E+03  0.0000E+00  0.0000E+00
       2      128       13       13        0        0                         0.5697E+08  0.8219E+04  0.3168E+04  0.1424E+04  0.1325E+06  0.4641E+03  0.0000E+00  0.0000E+00
       5      129      127      128        0        0                         0.1695E+09  0.1275E+06  0.6622E+06  0.8884E+05  0.4493E+06  0.1228E+04  0.0000E+00  0.0000E+00
       2      130       18      129        0        0                         0.1692E+09  0.1122E+06  0.6579E+06  0.8792E+05  0.4467E+06  0.1898E+04  0.0000E+00  0.0000E+00
       5      131       31      130        0        0                         0.2772E+09  0.1847E+06  0.7912E+06  0.1097E+06  0.7287E+06  0.2372E+04  0.0000E+00  0.0000E+00
       2      132       14       14        0        0                         0.6459E+08  0.2327E+05  0.7731E+04  0.2684E+04  0.1387E+06  0.3602E+03  0.0000E+00  0.0000E+00
       5      133      125      132        0        0                         0.9736E+09  0.2766E+06  0.6526E+05  0.2326E+05  0.6356E+06  0.2773E+04  0.0000E+00  0.0000E+00
       7      134        2        0        0        0       27p               0.0000E+00  0.0000E+00  0.0000E+00  0.0000E+00  0.0000E+00  0.0000E+00  0.0000E+00  0.0000E+00
       5      135      133      134        0        0                         0.9736E+09  0.2766E+06  0.6526E+05  0.2326E+05  0.6356E+06  0.2773E+04  0.0000E+00  0.0000E+00
       2      136       27      135        0        0                         0.9728E+09  0.2537E+06  0.6681E+05  0.2319E+05  0.6337E+06  0.3005E+04  0.0000E+00  0.0000E+00
       5      137       35      136        0        0                         0.9882E+09  0.2575E+06  0.8073E+05  0.2511E+05  0.6512E+06  0.3064E+04  0.0000E+00  0.0000E+00
       2      138       16       16        0        0                         0.1601E+09  0.2344E+06  0.5952E+06  0.8546E+05  0.2498E+06  0.1194E+04  0.0000E+00  0.0000E+00
       5      139      105      138        0        0                         0.3592E+09  0.4790E+06  0.1127E+07  0.1703E+06  0.5765E+06  0.2491E+04  0.0000E+00  0.0000E+00
       2      140        7      139        0        0                         0.3579E+09  0.4279E+06  0.1115E+07  0.1672E+06  0.5706E+06  0.4460E+04  0.0000E+00  0.0000E+00
       5      141      113      140        0        0                         0.4933E+09  0.7500E+06  0.1793E+07  0.2661E+06  0.7728E+06  0.5576E+04  0.0000E+00  0.0000E+00
       2      142       21      141        0        0                         0.4919E+09  0.6588E+06  0.1773E+07  0.2613E+06  0.7659E+06  0.9663E+04  0.0000E+00  0.0000E+00
       5      143       23      142        0        0                         0.4952E+09  0.6623E+06  0.1773E+07  0.2616E+06  0.7747E+06  0.9695E+04  0.0000E+00  0.0000E+00
       2      144       17       17        0        0                         0.4161E+08  0.2655E+05  0.4432E+05  0.7118E+04  0.8986E+05  0.1504E+03  0.0000E+00  0.0000E+00
       5      145      131      144        0        0                         0.3188E+09  0.2113E+06  0.8355E+06  0.1168E+06  0.8185E+06  0.2522E+04  0.0000E+00  0.0000E+00
       2      146       31      145        0        0                         0.3174E+09  0.1650E+06  0.8219E+06  0.1136E+06  0.8083E+06  0.5461E+04  0.0000E+00  0.0000E+00
       5      147       34      146        0        0                         0.4172E+09  0.1935E+06  0.8302E+06  0.1176E+06  0.1032E+07  0.6183E+04  0.0000E+00  0.0000E+00
       2      148       19       19        0        0                         0.3175E+08  0.5364E+05  0.4293E+05  0.8067E+04  0.4193E+05  0.2794E+03  0.0000E+00  0.0000E+00
       5      149       25      148        0        0                         0.3244E+08  0.5396E+05  0.4298E+05  0.8092E+04  0.4311E+05  0.2873E+03  0.0000E+00  0.0000E+00
       2      150       20       20        0        0                         0.1176E+09  0.4883E+05  0.8365E+04  0.5478E+04  0.2808E+06  0.7418E+03  0.0000E+00  0.0000E+00
       5      151      147      150        0        0                         0.5348E+09  0.2424E+06  0.8385E+06  0.1231E+06  0.1313E+07  0.6925E+04  0.0000E+00  0.0000E+00
       2      152       34      151        0        0                         0.5338E+09  0.2004E+06  0.8420E+06  0.1233E+06  0.1293E+07  0.9105E+04  0.0000E+00  0.0000E+00
       5      153       46      152        0        0                         0.6270E+09  0.2162E+06  0.8438E+06  0.1248E+06  0.1362E+07  0.9520E+04  0.0000E+00  0.0000E+00
       2      154       28       28        0        0                         0.6820E+08  0.1260E+05  0.1550E+04  0.1298E+04  0.6260E+05  0.3236E+03  0.0000E+00  0.0000E+00
       5      155      137      154        0        0                         0.1056E+10  0.2701E+06  0.8228E+05  0.2641E+05  0.7138E+06  0.3388E+04  0.0000E+00  0.0000E+00
       2      156       35      155        0        0                         0.1056E+10  0.2594E+06  0.8390E+05  0.2673E+05  0.7117E+06  0.3496E+04  0.0000E+00  0.0000E+00
       5      157      153      156        0        0                         0.1683E+10  0.4757E+06  0.9277E+06  0.1516E+06  0.2074E+07  0.1302E+05  0.0000E+00  0.0000E+00
       2      158       46      157        0        0                         0.1681E+10  0.4137E+06  0.9368E+06  0.1520E+06  0.2060E+07  0.1616E+05  0.0000E+00  0.0000E+00
       5      159       50      158        0        0                         0.1692E+10  0.4264E+06  0.9376E+06  0.1528E+06  0.2068E+07  0.1618E+05  0.0000E+00  0.0000E+00
       2      160       29       29        0        0                         0.4540E+08  0.5206E+05  0.3646E+04  0.3369E+04  0.7635E+05  0.3427E+03  0.0000E+00  0.0000E+00
       5      161       44      160        0        0                         0.1116E+09  0.1034E+06  0.1487E+05  0.8407E+04  0.2348E+06  0.8300E+03  0.0000E+00  0.0000E+00
       2      162       32       32        0        0                         0.3283E+08  0.5208E+05  0.8733E+04  0.3866E+04  0.8213E+05  0.2575E+03  0.0000E+00  0.0000E+00
       5      163       24      162        0        0                         0.3639E+08  0.5665E+05  0.9350E+04  0.4289E+04  0.9176E+05  0.2927E+03  0.0000E+00  0.0000E+00
       2      164       33       33        0        0                         0.7520E+08  0.1312E+06  0.2200E+06  0.3441E+05  0.2279E+06  0.5523E+03  0.0000E+00  0.0000E+00
       5      165      163      164        0        0                         0.1116E+09  0.1878E+06  0.2293E+06  0.3870E+05  0.3196E+06  0.8450E+03  0.0000E+00  0.0000E+00
       2      166       24      165        0        0                         0.1114E+09  0.1817E+06  0.2281E+06  0.3843E+05  0.3186E+06  0.9958E+03  0.0000E+00  0.0000E+00
       5      167      143      166        0        0                         0.6066E+09  0.8441E+06  0.2001E+07  0.3001E+06  0.1093E+07  0.1069E+05  0.0000E+00  0.0000E+00
       2      168       23      167        0        0                         0.6063E+09  0.8060E+06  0.1995E+07  0.2984E+06  0.1092E+07  0.1208E+05  0.0000E+00  0.0000E+00
       5      169       22      168        0        0                         0.6151E+09  0.8089E+06  0.1995E+07  0.2987E+06  0.1107E+07  0.1215E+05  0.0000E+00  0.0000E+00
       2      170       36       36        0        0                         0.5059E+08  0.5577E+05  0.7766E+05  0.1285E+05  0.8755E+05  0.5368E+03  0.0000E+00  0.0000E+00
       5      171      169      170        0        0                         0.6657E+09  0.8646E+06  0.2073E+07  0.3115E+06  0.1195E+07  0.1268E+05  0.0000E+00  0.0000E+00
       2      172       22      171        0        0                         0.6649E+09  0.8244E+06  0.2063E+07  0.3091E+06  0.1191E+07  0.1459E+05  0.0000E+00  0.0000E+00
       5      173      149      172        0        0                         0.6974E+09  0.8784E+06  0.2106E+07  0.3172E+06  0.1234E+07  0.1488E+05  0.0000E+00  0.0000E+00
       2      174       25      173        0        0                         0.6971E+09  0.8533E+06  0.2101E+07  0.3161E+06  0.1233E+07  0.1584E+05  0.0000E+00  0.0000E+00
       5      175      117      174        0        0                         0.1016E+10  0.1388E+07  0.3441E+07  0.5118E+06  0.1736E+07  0.2303E+05  0.0000E+00  0.0000E+00
       2      176       30      175        0        0                         0.1014E+10  0.1300E+07  0.3417E+07  0.5063E+06  0.1729E+07  0.2735E+05  0.0000E+00  0.0000E+00
       5      177      161      176        0        0                         0.1126E+10  0.1404E+07  0.3432E+07  0.5147E+06  0.1964E+07  0.2818E+05  0.0000E+00  0.0000E+00
       2      178       44      177        0        0                         0.1122E+10  0.1257E+07  0.3386E+07  0.5038E+06  0.1944E+07  0.3660E+05  0.0000E+00  0.0000E+00
       5      179       49      178        0        0                         0.1181E+10  0.1285E+07  0.3424E+07  0.5106E+06  0.2100E+07  0.3705E+05  0.0000E+00  0.0000E+00
       2      180       37       37        0        0                         0.8072E+08  0.5288E+04  0.1887E+05  0.3218E+04  0.1973E+06  0.3413E+03  0.0000E+00  0.0000E+00
       5      181       57      180        0        0                         0.2109E+09  0.8471E+05  0.9087E+05  0.1751E+05  0.4661E+06  0.1110E+04  0.0000E+00  0.0000E+00
       2      182       38       38        0        0                         0.5980E+08  0.3168E+05  0.3084E+04  0.2550E+04  0.7834E+05  0.3661E+03  0.0000E+00  0.0000E+00
       5      183       67      182        0        0                         0.1586E+09  0.6536E+05  0.7252E+04  0.5836E+04  0.3381E+06  0.1097E+04  0.0000E+00  0.0000E+00
       2      184       40       40        0        0                         0.6028E+08  0.3409E+04  0.7597E+04  0.1341E+04  0.5602E+05  0.1901E+03  0.0000E+00  0.0000E+00
       5      185       39      184        0        0                         0.7832E+08  0.5499E+04  0.9246E+04  0.1716E+04  0.7456E+05  0.2823E+03  0.0000E+00  0.0000E+00
       2      186       41       41        0        0                         0.3541E+08  0.1050E+05  0.5844E+05  0.8193E+04  0.9903E+05  0.1714E+03  0.0000E+00  0.0000E+00
       5      187      185      186        0        0                         0.1137E+09  0.1600E+05  0.6769E+05  0.9909E+04  0.1736E+06  0.4537E+03  0.0000E+00  0.0000E+00
       2      188       39      187        0        0                         0.1135E+09  0.1460E+05  0.6973E+05  0.1024E+05  0.1720E+06  0.5008E+03  0.0000E+00  0.0000E+00
       5      189      183      188        0        0                         0.2721E+09  0.7996E+05  0.7698E+05  0.1608E+05  0.5101E+06  0.1597E+04  0.0000E+00  0.0000E+00
       2      190       67      189        0        0                         0.2710E+09  0.5750E+05  0.9005E+05  0.1812E+05  0.4940E+06  0.1872E+04  0.0000E+00  0.0000E+00
       5      191       72      190        0        0                         0.3129E+09  0.5902E+05  0.9069E+05  0.1848E+05  0.6250E+06  0.2221E+04  0.0000E+00  0.0000E+00
       2      192       42       42        0        0                         0.5466E+08  0.3941E+05  0.4178E+04  0.2728E+04  0.1163E+06  0.3293E+03  0.0000E+00  0.0000E+00
       5      193       55      192        0        0                         0.8765E+08  0.7553E+05  0.7409E+04  0.5356E+04  0.1771E+06  0.6232E+03  0.0000E+00  0.0000E+00
       2      194       43       43        0        0                         0.4824E+08  0.3910E+05  0.2382E+05  0.5327E+04  0.1253E+06  0.3285E+03  0.0000E+00  0.0000E+00
       5      195      193      194        0        0                         0.1359E+09  0.1146E+06  0.3123E+05  0.1068E+05  0.3024E+06  0.9517E+03  0.0000E+00  0.0000E+00
       2      196       55      195        0        0                         0.1353E+09  0.9778E+05  0.3275E+05  0.1076E+05  0.2980E+06  0.1026E+04  0.0000E+00  0.0000E+00
       5      197       56      196        0        0                         0.1467E+09  0.1070E+06  0.3345E+05  0.1140E+05  0.3277E+06  0.1139E+04  0.0000E+00  0.0000E+00
       2      198       45       45        0        0                         0.3177E+08  0.2095E+05  0.1105E+05  0.2677E+04  0.9812E+05  0.2185E+03  0.0000E+00  0.0000E+00
       5      199      179      198        0        0                         0.1213E+10  0.1306E+07  0.3435E+07  0.5132E+06  0.2198E+07  0.3727E+05  0.0000E+00  0.0000E+00
       2      200       49      199        0        0                         0.1210E+10  0.1113E+07  0.3384E+07  0.5011E+06  0.2179E+07  0.4719E+05  0.0000E+00  0.0000E+00
       5      201       54      200        0        0                         0.1215E+10  0.1114E+07  0.3384E+07  0.5012E+06  0.2191E+07  0.4727E+05  0.0000E+00  0.0000E+00
       2      202       47       47        0        0                         0.3738E+08  0.1295E+05  0.2212E+04  0.1181E+04  0.3433E+05  0.1642E+03  0.0000E+00  0.0000E+00
       5      203      159      202        0        0                         0.1729E+10  0.4394E+06  0.9398E+06  0.1540E+06  0.2102E+07  0.1635E+05  0.0000E+00  0.0000E+00
       2      204       50      203        0        0                         0.1729E+10  0.4129E+06  0.9417E+06  0.1538E+06  0.2099E+07  0.1756E+05  0.0000E+00  0.0000E+00
       3      205        1      204       50        0                         0.1731E+10  0.4061E+05  0.8738E+06  0.1418E+06  0.1626E+07  0.1556E+05  0.0000E+00  0.0000E+00
       5      206       58      205        0        0                         0.1739E+10  0.5788E+05  0.8759E+06  0.1430E+06  0.1638E+07  0.1560E+05  0.0000E+00  0.0000E+00
       2      207       58      206        0        0                         0.1738E+10  0.5691E+05  0.8713E+06  0.1418E+06  0.1637E+07  0.1664E+05  0.0000E+00  0.0000E+00
       5      208       64      207        0        0                         0.1747E+10  0.5945E+05  0.8718E+06  0.1421E+06  0.1659E+07  0.1668E+05  0.0000E+00  0.0000E+00
       2      209       48       48        0        0                         0.1017E+09  0.6407E+04  0.6813E+04  0.2069E+04  0.2368E+06  0.5274E+03  0.0000E+00  0.0000E+00
       5      210      181      209        0        0                         0.3126E+09  0.9112E+05  0.9768E+05  0.1958E+05  0.7029E+06  0.1637E+04  0.0000E+00  0.0000E+00
       2      211       57      210        0        0                         0.3115E+09  0.7274E+05  0.1044E+06  0.2061E+05  0.6888E+06  0.2050E+04  0.0000E+00  0.0000E+00
       5      212      208      211        0        0                         0.2058E+10  0.1322E+06  0.9762E+06  0.1627E+06  0.2348E+07  0.1873E+05  0.0000E+00  0.0000E+00
       2      213       64      212        0        0                         0.2058E+10  0.1278E+06  0.9729E+06  0.1615E+06  0.2343E+07  0.2021E+05  0.0000E+00  0.0000E+00
       5      214       66      213        0        0                         0.2069E+10  0.1283E+06  0.9732E+06  0.1617E+06  0.2388E+07  0.2032E+05  0.0000E+00  0.0000E+00
       2      215       51       51        0        0                         0.4607E+08  0.2239E+05  0.7958E+05  0.1128E+05  0.2251E+06  0.3994E+03  0.0000E+00  0.0000E+00
       5      216       60      215        0        0                         0.7361E+08  0.3090E+05  0.8036E+05  0.1200E+05  0.2579E+06  0.5365E+03  0.0000E+00  0.0000E+00
       2      217       52       52        0        0                         0.5804E+08  0.6544E+05  0.3614E+06  0.4807E+05  0.1950E+06  0.5324E+03  0.0000E+00  0.0000E+00
       5      218       53      217        0        0                         0.8366E+08  0.8166E+05  0.3636E+06  0.4943E+05  0.2615E+06  0.7187E+03  0.0000E+00  0.0000E+00
       2      219       59       59        0        0                         0.4325E+08  0.2112E+05  0.1772E+04  0.1614E+04  0.5610E+05  0.2709E+03  0.0000E+00  0.0000E+00
       5      220       69      219        0        0                         0.8077E+08  0.4694E+05  0.4239E+04  0.3638E+04  0.1165E+06  0.4645E+03  0.0000E+00  0.0000E+00
       2      221       61       61        0        0                         0.4787E+08  0.1476E+05  0.1222E+06  0.1602E+05  0.1437E+06  0.2217E+03  0.0000E+00  0.0000E+00
       5      222      218      221        0        0                         0.1315E+09  0.9643E+05  0.4858E+06  0.6545E+05  0.4052E+06  0.9404E+03  0.0000E+00  0.0000E+00
       2      223       53      222        0        0                         0.1312E+09  0.9027E+05  0.4822E+06  0.6484E+05  0.4026E+06  0.1312E+04  0.0000E+00  0.0000E+00
       5      224      216      223        0        0                         0.2048E+09  0.1212E+06  0.5625E+06  0.7684E+05  0.6605E+06  0.1848E+04  0.0000E+00  0.0000E+00
       2      225       60      224        0        0                         0.2041E+09  0.1157E+06  0.5565E+06  0.7584E+05  0.6562E+06  0.2412E+04  0.0000E+00  0.0000E+00
       5      226      220      225        0        0                         0.2849E+09  0.1627E+06  0.5608E+06  0.7948E+05  0.7728E+06  0.2876E+04  0.0000E+00  0.0000E+00
       2      227       69      226        0        0                         0.2842E+09  0.1521E+06  0.5555E+06  0.7847E+05  0.7690E+06  0.3549E+04  0.0000E+00  0.0000E+00
       5      228       70      227        0        0                         0.4124E+09  0.2573E+06  0.5891E+06  0.8975E+05  0.1025E+07  0.4455E+04  0.0000E+00  0.0000E+00
       2      229       62       62        0        0                         0.3861E+08  0.2400E+05  0.2485E+04  0.2038E+04  0.7703E+05  0.3637E+03  0.0000E+00  0.0000E+00
       5      230       75      229        0        0                         0.8374E+08  0.2723E+05  0.3361E+04  0.2572E+04  0.1835E+06  0.5706E+03  0.0000E+00  0.0000E+00
       2      231       65       65        0        0                         0.5034E+08  0.5459E+05  0.6473E+04  0.4760E+04  0.1417E+06  0.3761E+03  0.0000E+00  0.0000E+00
       5      232       63      231        0        0                         0.6662E+08  0.6520E+05  0.7709E+04  0.5602E+04  0.1632E+06  0.4904E+03  0.0000E+00  0.0000E+00
       2      233       68       68        0        0                         0.1259E+09  0.5600E+04  0.3085E+04  0.1518E+04  0.2246E+06  0.4092E+03  0.0000E+00  0.0000E+00
       5      234      214      233        0        0                         0.2195E+10  0.1339E+06  0.9763E+06  0.1632E+06  0.2613E+07  0.2073E+05  0.0000E+00  0.0000E+00
       2      235       66      234        0        0                         0.2194E+10  0.1266E+06  0.9747E+06  0.1618E+06  0.2605E+07  0.2316E+05  0.0000E+00  0.0000E+00
       5      236      191      235        0        0                         0.2507E+10  0.1856E+06  0.1065E+07  0.1803E+06  0.3230E+07  0.2538E+05  0.0000E+00  0.0000E+00
       2      237       72      236        0        0                         0.2506E+10  0.1757E+06  0.1075E+07  0.1808E+06  0.3217E+07  0.2756E+05  0.0000E+00  0.0000E+00
       5      238       77      237        0        0                         0.2527E+10  0.1772E+06  0.1075E+07  0.1811E+06  0.3271E+07  0.2777E+05  0.0000E+00  0.0000E+00
       2      239       71       71        0        0                         0.7541E+08  0.4960E+05  0.9720E+04  0.4382E+04  0.8828E+05  0.3521E+03  0.0000E+00  0.0000E+00
       5      240      228      239        0        0                         0.4878E+09  0.3069E+06  0.5988E+06  0.9413E+05  0.1113E+07  0.4807E+04  0.0000E+00  0.0000E+00
       2      241       70      240        0        0                         0.4846E+09  0.2377E+06  0.5823E+06  0.8997E+05  0.1087E+07  0.7780E+04  0.0000E+00  0.0000E+00
       5      242      201      241        0        0                         0.1700E+10  0.1351E+07  0.3967E+07  0.5912E+06  0.3278E+07  0.5505E+05  0.0000E+00  0.0000E+00
       2      243       54      242        0        0                         0.1699E+10  0.1328E+07  0.3958E+07  0.5892E+06  0.3274E+07  0.5672E+05  0.0000E+00  0.0000E+00
       5      244      197      243        0        0                         0.1846E+10  0.1435E+07  0.3992E+07  0.6006E+06  0.3602E+07  0.5785E+05  0.0000E+00  0.0000E+00
       2      245       56      244        0        0                         0.1845E+10  0.1411E+07  0.3987E+07  0.5993E+06  0.3599E+07  0.5899E+05  0.0000E+00  0.0000E+00
       5      246      232      245        0        0                         0.1912E+10  0.1476E+07  0.3994E+07  0.6049E+06  0.3763E+07  0.5948E+05  0.0000E+00  0.0000E+00
       2      247       63      246        0        0                         0.1910E+10  0.1361E+07  0.3973E+07  0.5993E+06  0.3751E+07  0.6479E+05  0.0000E+00  0.0000E+00
       5      248      230      247        0        0                         0.1994E+10  0.1388E+07  0.3977E+07  0.6019E+06  0.3934E+07  0.6536E+05  0.0000E+00  0.0000E+00
       2      249       75      248        0        0                         0.1990E+10  0.1270E+07  0.3948E+07  0.5942E+06  0.3911E+07  0.7257E+05  0.0000E+00  0.0000E+00
       5      250       76      249        0        0                         0.1991E+10  0.1270E+07  0.3948E+07  0.5942E+06  0.3912E+07  0.7258E+05  0.0000E+00  0.0000E+00
       2      251       73       73        0        0                         0.4022E+08  0.1047E+05  0.8982E+04  0.2421E+04  0.1223E+06  0.2472E+03  0.0000E+00  0.0000E+00
       5      252      238      251        0        0                         0.2568E+10  0.1876E+06  0.1084E+07  0.1835E+06  0.3393E+07  0.2802E+05  0.0000E+00  0.0000E+00
       2      253       77      252        0        0                         0.2567E+10  0.1848E+06  0.1096E+07  0.1851E+06  0.3388E+07  0.2871E+05  0.0000E+00  0.0000E+00
       5      254       87      253        0        0                         0.2685E+10  0.2032E+06  0.1099E+07  0.1878E+06  0.3655E+07  0.2984E+05  0.0000E+00  0.0000E+00
       2      255       74       74        0        0                         0.4435E+08  0.4161E+04  0.1434E+04  0.7489E+03  0.8304E+05  0.2024E+03  0.0000E+00  0.0000E+00
       5      256       81      255        0        0                         0.1188E+09  0.2012E+05  0.5419E+04  0.2981E+04  0.2226E+06  0.5350E+03  0.0000E+00  0.0000E+00
       2      257       79       79        0        0                         0.4482E+08  0.3505E+04  0.4344E+04  0.1082E+04  0.1199E+06  0.1988E+03  0.0000E+00  0.0000E+00
       5      258      254      257        0        0                         0.2730E+10  0.2067E+06  0.1104E+07  0.1889E+06  0.3775E+07  0.3004E+05  0.0000E+00  0.0000E+00
       2      259       87      258        0        0                         0.2727E+10  0.1870E+06  0.1183E+07  0.2010E+06  0.3728E+07  0.3267E+05  0.0000E+00  0.0000E+00
       5      260       88      259        0        0                         0.2735E+10  0.1889E+06  0.1186E+07  0.2014E+06  0.3760E+07  0.3272E+05  0.0000E+00  0.0000E+00
       2      261       83       83        0        0                         0.1672E+09  0.1609E+06  0.1134E+05  0.1035E+05  0.2450E+06  0.1359E+04  0.0000E+00  0.0000E+00
       5      262       84      261        0        0                         0.1685E+09  0.1611E+06  0.1146E+05  0.1039E+05  0.2515E+06  0.1387E+04  0.0000E+00  0.0000E+00
       2      263       85       85        0        0                         0.4318E+08  0.2467E+05  0.1884E+05  0.3781E+04  0.7072E+05  0.2737E+03  0.0000E+00  0.0000E+00
       5      264       82      263        0        0                         0.1410E+09  0.4076E+05  0.2126E+05  0.5574E+04  0.2999E+06  0.1149E+04  0.0000E+00  0.0000E+00
       2      265       86       86        0        0                         0.4568E+08  0.6131E+05  0.1615E+06  0.2311E+05  0.8506E+05  0.2914E+03  0.0000E+00  0.0000E+00
       5      266      262      265        0        0                         0.2142E+09  0.2224E+06  0.1730E+06  0.3351E+05  0.3366E+06  0.1678E+04  0.0000E+00  0.0000E+00
       2      267       84      266        0        0                         0.2141E+09  0.2159E+06  0.1730E+06  0.3348E+05  0.3362E+06  0.1742E+04  0.0000E+00  0.0000E+00
       5      268      264      267        0        0                         0.3552E+09  0.2566E+06  0.1943E+06  0.3905E+05  0.6361E+06  0.2891E+04  0.0000E+00  0.0000E+00
       2      269       82      268        0        0                         0.3540E+09  0.2293E+06  0.1945E+06  0.3877E+05  0.6279E+06  0.3246E+04  0.0000E+00  0.0000E+00
       5      270       80      269        0        0                         0.4940E+09  0.2599E+06  0.1991E+06  0.4247E+05  0.9238E+06  0.3978E+04  0.0000E+00  0.0000E+00
       2      271       90       90        0        0                         0.5203E+08  0.6639E+04  0.4347E+04  0.1858E+04  0.1681E+06  0.3729E+03  0.0000E+00  0.0000E+00
       5      272       91      271        0        0                         0.6628E+08  0.1078E+05  0.5782E+04  0.2543E+04  0.2048E+06  0.5220E+03  0.0000E+00  0.0000E+00
       2      273       94       94        0        0                         0.4950E+08  0.5753E+04  0.1709E+04  0.1120E+04  0.7591E+05  0.3713E+03  0.0000E+00  0.0000E+00
       5      274       93      273        0        0                         0.5943E+08  0.7625E+04  0.2190E+04  0.1390E+04  0.9128E+05  0.4304E+03  0.0000E+00  0.0000E+00
       2      275       96       96        0        0                         0.1775E+09  0.2494E+05  0.1290E+06  0.1898E+05  0.5140E+06  0.1386E+04  0.0000E+00  0.0000E+00
       5      276       89      275        0        0                         0.2642E+09  0.5853E+05  0.1374E+06  0.2317E+05  0.6875E+06  0.2024E+04  0.0000E+00  0.0000E+00
       2      277       97       97        0        0                         0.9072E+08  0.2734E+05  0.3295E+04  0.2514E+04  0.2219E+06  0.7110E+03  0.0000E+00  0.0000E+00
       5      278       95      277        0        0                         0.1448E+09  0.3246E+05  0.4908E+04  0.3400E+04  0.3569E+06  0.1151E+04  0.0000E+00  0.0000E+00
       2      279       98       98        0        0                         0.3269E+09  0.4776E+05  0.1362E+05  0.8742E+04  0.4521E+06  0.2339E+04  0.0000E+00  0.0000E+00
       5      280       92      279        0        0                         0.3368E+09  0.5202E+05  0.1444E+05  0.9303E+04  0.4702E+06  0.2436E+04  0.0000E+00  0.0000E+00
       2      281       99       99        0        0                         0.1912E+09  0.7887E+05  0.1198E+06  0.2041E+05  0.2125E+06  0.1507E+04  0.0000E+00  0.0000E+00
       5      282      278      281        0        0                         0.3360E+09  0.1113E+06  0.1247E+06  0.2381E+05  0.5694E+06  0.2658E+04  0.0000E+00  0.0000E+00
       2      283       95      282        0        0                         0.3353E+09  0.9430E+05  0.1279E+06  0.2427E+05  0.5633E+06  0.2959E+04  0.0000E+00  0.0000E+00
       5      284      270      283        0        0                         0.8293E+09  0.3542E+06  0.3270E+06  0.6674E+05  0.1487E+07  0.6936E+04  0.0000E+00  0.0000E+00
       2      285       80      284        0        0                         0.8272E+09  0.3191E+06  0.3354E+06  0.6773E+05  0.1473E+07  0.7416E+04  0.0000E+00  0.0000E+00
       5      286      250      285        0        0                         0.2818E+10  0.1589E+07  0.4283E+07  0.6619E+06  0.5385E+07  0.7999E+05  0.0000E+00  0.0000E+00
       2      287       76      286        0        0                         0.2818E+10  0.1548E+07  0.4278E+07  0.6604E+06  0.5381E+07  0.8179E+05  0.0000E+00  0.0000E+00
       5      288       78      287        0        0                         0.2872E+10  0.1556E+07  0.4283E+07  0.6621E+06  0.5496E+07  0.8207E+05  0.0000E+00  0.0000E+00
       2      289       78      288        0        0                         0.2869E+10  0.1234E+07  0.4277E+07  0.6564E+06  0.5463E+07  0.9457E+05  0.0000E+00  0.0000E+00
       5      290      256      289        0        0                         0.2988E+10  0.1254E+07  0.4282E+07  0.6593E+06  0.5685E+07  0.9511E+05  0.0000E+00  0.0000E+00
       2      291       81      290        0        0                         0.2985E+10  0.1082E+07  0.4272E+07  0.6533E+06  0.5658E+07  0.1065E+06  0.0000E+00  0.0000E+00
       5      292      276      291        0        0                         0.3250E+10  0.1141E+07  0.4410E+07  0.6765E+06  0.6345E+07  0.1085E+06  0.0000E+00  0.0000E+00
       2      293       89      292        0        0                         0.3246E+10  0.9977E+06  0.4412E+07  0.6719E+06  0.6304E+07  0.1214E+06  0.0000E+00  0.0000E+00
       5      294      272      293        0        0                         0.3312E+10  0.1008E+07  0.4417E+07  0.6744E+06  0.6509E+07  0.1220E+06  0.0000E+00  0.0000E+00
       2      295       91      294        0        0                         0.3312E+10  0.9830E+06  0.4422E+07  0.6743E+06  0.6503E+07  0.1244E+06  0.0000E+00  0.0000E+00
       5      296      280      295        0        0                         0.3648E+10  0.1035E+07  0.4436E+07  0.6836E+06  0.6973E+07  0.1268E+06  0.0000E+00  0.0000E+00
       2      297       92      296        0        0                         0.3647E+10  0.9867E+06  0.4451E+07  0.6847E+06  0.6957E+07  0.1308E+06  0.0000E+00  0.0000E+00
       5      298      274      297        0        0                         0.3707E+10  0.9944E+06  0.4453E+07  0.6861E+06  0.7048E+07  0.1312E+06  0.0000E+00  0.0000E+00
       2      299       93      298        0        0                         0.3706E+10  0.9628E+06  0.4465E+07  0.6871E+06  0.7039E+07  0.1343E+06  0.0000E+00  0.0000E+00
       5      300      260      299        0        0                         0.6441E+10  0.1152E+07  0.5651E+07  0.8885E+06  0.1080E+08  0.1670E+06  0.0000E+00  0.0000E+00
       2      301       88      300        0        0                         0.6441E+10  0.1141E+07  0.5660E+07  0.8895E+06  0.1079E+08  0.1686E+06  0.0000E+00  0.0000E+00
      14      301        1        0        0        0                         0.6441E+10  0.1141E+07  0.5660E+07  0.8895E+06  0.1079E+08  0.1686E+06  0.0000E+00  0.0000E+00
