1    25.790001
2    27.750000
3    24.389999
4    26.250000
5    28.299999
6    26.500000
7    27.410000
8    28.010000
9    29.770000
10    38.580002
11    42.730000
12    38.889999
13    40.200001
14    73.260002
15    92.669998
16    61.150002
17    50.590000
18    49.180000
19    42.889999
20    41.709999
21    37.380001
22    37.700001
23    33.470001
24    44.029999
25    74.779999
26    87.209999
27    77.889999
28    61.700001
29    54.220001
30    56.009998
31    46.150002
32    51.150002
33    55.310001
34    30.520000
35    36.450001
36    38.250000
37    37.439999
38    34.709999
39    24.690001
40    26.270000
41    24.139999
42    18.840000
43    22.920000
44    16.760000
45    15.580000
46    22.910000
47    24.950001
48    22.110001
49    24.690001
50    30.240000
51    20.730000
52    12.300000
53    16.030001
54    14.310000
55    14.020000
56    22.070000
57    7.697000
58    6.467000
59    13.770000
60    10.120000
61    10.970000
62    10.490000
63    10.710000
64    13.550000
65    13.600000
66    13.310000
67    9.569000
68    13.170000
69    16.530001
70    15.780000
71    21.510000
72    28.879999
73    26.740000
74    52.000000
75    72.330002
76    53.700001
77    46.939999
78    34.209999
79    31.389999
80    30.709999
81    22.930000
82    31.000000
83    74.730003
84    122.800003
85    89.589996
86    60.139999
87    78.080002
88    164.500000
89    217.100006
90    124.900002
91    83.660004
92    90.050003
93    64.959999
94    59.980000
95    44.619999
96    42.400002
97    52.020000
98    123.900002
99    275.399994
100    346.299988
101    321.299988
102    223.699997
103    135.899994
104    122.699997
105    106.099998
106    86.540001
107    80.629997
108    77.029999
109    75.220001
110    68.910004
111    72.949997
112    79.059998
113    61.790001
114    70.690002
115    66.830002
116    42.860001
117    46.980000
118    46.250000
119    39.439999
120    40.540001
121    50.020000
122    50.230000
123    57.220001
124    64.349998
125    50.360001
126    43.980000
127    46.230000
128    54.709999
129    58.119999
130    86.360001
131    145.800003
132    158.100006
133    121.199997
134    141.800003
135    182.100006
136    133.100006
137    110.000000
138    107.199997
139    97.620003
140    105.400002
141    77.809998
142    79.019997
143    73.790001
144    64.660004
145    68.139999
146    67.800003
147    65.940002
148    38.439999
149    47.000000
150    87.279999
151    125.300003
152    75.820000
153    51.599998
154    59.950001
155    26.500000
156    37.279999
157    56.130001
158    60.180000
159    56.639999
160    39.020000
161    38.119999
162    49.549999
163    125.699997
164    230.399994
165    253.199997
166    176.100006
167    133.399994
168    349.799988
169    519.299988
170    324.700012
171    173.199997
172    183.899994
173    128.399994
174    116.000000
175    111.800003
176    74.629997
177    80.919998
178    74.660004
179    64.680000
180    66.970001
181    69.720001
182    68.190002
183    66.050003
184    59.320000
185    71.230003
186    85.510002
187    153.800003
188    344.200012
189    549.500000
190    604.400024
191    427.000000
192    296.799988
193    259.700012
194    224.000000
195    211.600006
196    180.600006
197    189.800003
198    234.199997
199    369.700012
200    545.099976
201    470.700012
202    264.100006
203    251.399994
204    238.199997
205    203.699997
206    207.300003
207    194.100006
208    182.699997
209    175.100006
210    196.100006
211    190.699997
212    176.699997
213    175.399994
214    171.100006
215    199.600006
216    406.299988
217    2047.000000
218    3675.000000
219    1946.000000
220    552.500000
221    867.000000
222    462.899994
223    595.500000
224    857.400024
225    714.099976
226    478.700012
227    342.799988
228    387.399994
229    321.299988
230    298.799988
231    304.600006
232    260.799988
233    270.899994
234    244.000000
235    255.100006
236    255.199997
237    252.399994
238    249.800003
239    237.300003
240    236.699997
241    229.600006
242    265.000000
243    298.000000
244    299.899994
245    268.000000
246    255.800003
247    237.899994
248    243.399994
249    232.300003
250    212.500000
251    208.800003
252    210.500000
253    209.100006
254    205.300003
255    380.100006
256    563.200012
257    595.200012
258    631.700012
259    531.700012
260    400.799988
261    335.000000
262    247.199997
263    217.100006
264    203.699997
265    173.800003
266    179.899994
267    160.300003
268    172.899994
269    172.399994
270    152.899994
271    152.300003
272    140.199997
273    152.300003
274    140.399994
275    125.599998
276    118.000000
277    115.000000
278    108.500000
279    99.849998
280    95.419998
281    91.750000
282    87.029999
283    89.330002
284    81.209999
285    67.529999
286    66.419998
287    59.110001
288    60.770000
289    65.769997
290    64.010002
291    86.169998
292    116.300003
293    109.699997
294    96.570000
295    111.000000
296    110.699997
297    101.199997
298    105.599998
299    95.559998
300    91.989998
301    116.500000
302    160.100006
303    166.699997
304    139.000000
305    121.900002
306    114.400002
307    112.800003
308    108.500000
309    101.000000
310    93.550003
311    91.150002
312    79.019997
313    69.680000
314    69.879997
315    66.349998
316    62.730000
317    62.380001
318    59.410000
319    81.250000
320    89.620003
321    68.290001
322    69.900002
323    88.419998
324    81.290001
325    73.180000
326    66.650002
327    63.049999
328    59.939999
329    57.470001
330    63.639999
331    65.370003
332    80.879997
333    106.000000
334    89.260002
335    89.029999
336    115.199997
337    97.150002
338    85.650002
339    80.660004
340    73.870003
341    91.250000
342    102.400002
343    81.870003
344    72.870003
345    84.010002
346    90.959999
347    83.680000
348    73.389999
349    80.760002
350    65.680000
351    61.610001
352    163.199997
353    216.500000
354    149.800003
355    136.800003
356    126.000000
357    98.529999
358    106.599998
359    97.930000
360    132.500000
361    184.100006
362    137.500000
363    113.300003
364    110.699997
365    91.800003
366    79.410004
367    76.339996
368    80.379997
369    71.279999
370    72.510002
371    144.000000
372    199.699997
373    128.100006
374    96.690002
375    105.199997
376    90.419998
377    88.620003
378    86.559998
379    86.559998
380    79.559998
381    85.839996
382    87.519997
383    86.669998
384    73.470001
385    66.239998
386    79.480003
387    88.870003
388    73.750000
389    64.480003
390    80.720001
391    132.699997
392    174.399994
393    111.699997
394    73.300003
395    79.110001
396    59.980000
397    59.919998
398    54.040001
399    50.070000
400    47.419998
401    43.340000
402    41.740002
403    44.639999
404    57.259998
405    74.209999
406    80.040001
407    66.470001
408    65.559998
409    66.099998
410    61.849998
411    62.750000
412    48.919998
413    50.400002
414    64.370003
415    67.550003
416    64.529999
417    64.559998
418    62.470001
419    68.150002
420    68.589996
421    59.520000
422    57.570000
423    52.830002
424    49.939999
425    50.040001
426    50.070000
427    54.900002
428    81.690002
429    143.500000
430    163.800003
431    115.699997
432    100.800003
433    102.800003
434    87.870003
435    85.260002
436    80.290001
437    75.970001
438    72.809998
439    61.570000
440    54.709999
441    49.230000
442    33.599998
443    37.919998
444    56.299999
445    64.120003
446    56.970001
447    66.879997
448    66.769997
449    55.529999
450    62.820000
451    57.869999
452    56.470001
453    59.830002
454    52.240002
455    48.650002
456    44.509998
457    50.830002
458    83.489998
459    92.449997
460    70.160004
461    63.230000
462    88.169998
463    114.599998
464    112.199997
465    105.000000
466    96.519997
467    110.500000
468    260.100006
469    397.799988
470    240.699997
471    131.800003
472    164.600006
473    122.000000
474    117.599998
475    122.099998
476    118.599998
477    98.139999
478    76.010002
479    95.570000
480    99.349998
481    91.290001
482    75.480003
483    72.639999
484    73.290001
485    55.680000
486    51.310001
487    51.990002
488    55.570000
489    59.040001
490    55.540001
491    49.320000
492    62.160000
493    64.029999
494    43.220001
495    46.980000
496    50.070000
497    44.910000
498    58.660000
499    96.870003
500    124.099998
501    312.700012
502    594.700012
503    475.200012
504    196.899994
505    216.000000
506    213.899994
507    146.100006
508    174.199997
509    157.899994
510    145.800003
511    138.399994
512    133.699997
513    131.300003
514    114.300003
515    116.699997
516    103.000000
517    84.959999
518    82.970001
519    79.690002
520    50.540001
521    33.930000
522    103.500000
523    183.399994
524    152.100006
525    107.000000
526    119.300003
527    144.800003
528    210.699997
529    299.600006
530    303.000000
531    270.700012
532    234.399994
533    213.399994
534    230.300003
535    201.399994
536    156.899994
537    242.699997
538    284.100006
539    175.600006
540    147.199997
541    170.399994
542    196.600006
543    308.600006
544    328.100006
545    207.399994
546    195.500000
547    183.000000
548    160.699997
549    145.300003
550    107.500000
551    105.199997
552    98.099998
553    87.580002
554    84.550003
555    83.900002
556    85.879997
557    78.739998
558    65.279999
559    67.370003
560    52.360001
561    38.090000
562    41.610001
563    41.349998
564    35.880001
565    26.059999
566    30.770000
567    37.480000
568    31.920000
569    30.760000
570    31.870001
571    27.809999
572    39.980000
573    61.410000
574    68.080002
575    47.380001
576    35.740002
577    37.330002
578    21.070000
579    24.240000
580    34.639999
581    530.000000
582    1611.000000
583    1516.000000
584    483.799988
585    302.100006
586    300.700012
587    174.899994
588    171.199997
589    146.800003
590    133.199997
591    194.199997
592    311.700012
593    353.299988
594    260.799988
595    147.100006
596    175.199997
597    549.000000
598    1134.000000
599    1190.000000
600    601.400024
601    254.399994
602    368.000000
603    277.899994
604    205.100006
605    255.500000
606    208.199997
607    191.800003
608    186.199997
609    196.199997
610    216.000000
611    218.399994
612    193.000000
613    162.800003
614    163.899994
615    156.699997
616    149.399994
617    118.800003
618    138.199997
619    159.500000
620    126.800003
621    114.300003
622    118.900002
623    114.300003
624    96.980003
625    96.370003
626    97.139999
627    115.599998
628    344.399994
629    573.500000
630    354.100006
631    192.399994
632    237.000000
633    175.600006
634    164.100006
635    150.600006
636    129.100006
637    138.199997
638    127.699997
639    109.300003
640    106.199997
641    110.000000
642    116.800003
643    118.400002
644    101.599998
645    95.070000
646    74.739998
647    79.480003
648    77.370003
649    66.940002
650    71.510002
651    268.200012
652    410.899994
653    196.100006
654    139.500000
655    154.500000
656    95.949997
657    101.900002
658    86.639999
659    89.089996
660    80.570000
661    75.669998
662    81.879997
663    80.980003
664    86.070000
665    71.160004
666    56.880001
667    54.430000
668    43.700001
669    33.279999
670    49.240002
671    43.180000
672    36.540001
673    59.570000
674    54.880001
675    40.419998
676    39.400002
677    36.480000
678    33.730000
679    39.840000
680    49.669998
681    46.529999
682    41.529999
683    29.030001
684    30.600000
685    39.299999
686    42.959999
687    44.900002
688    33.250000
689    32.880001
690    51.009998
691    59.000000
692    43.310001
693    41.790001
694    46.360001
695    38.410000
696    47.770000
697    39.900002
698    30.750000
699    47.680000
700    33.980000
701    32.049999
702    36.779999
703    19.250000
704    17.730000
705    14.510000
706    18.629999
707    21.799999
708    19.719999
709    20.400000
710    21.780001
711    26.940001
712    24.450001
713    24.469999
714    27.440001
715    25.219999
716    27.500000
717    24.990000
718    27.540001
719    36.169998
720    30.879999
721    22.049999
722    19.580000
723    22.049999
724    25.559999
725    27.559999
726    22.030001
727    16.190001
728    10.820000
729    2.103000
730    4.778000
731    4.147000
732    3.582000
733    8.063000
734    10.480000
735    12.910000
736    17.809999
737    22.610001
738    22.620001
739    21.530001
740    22.190001
741    19.530001
742    18.400000
743    17.570000
744    11.630000
745    12.620000
746    17.040001
747    11.320000
748    10.150000
749    6.499000
750    20.700001
751    36.590000
752    20.250000
753    17.540001
754    18.480000
755    14.480000
756    16.719999
757    13.360000
758    30.049999
759    41.299999
760    28.170000
761    19.620001
762    23.980000
763    26.760000
764    33.919998
765    61.770000
766    74.930000
767    50.060001
768    49.009998
769    82.930000
770    94.500000
771    78.360001
772    57.790001
773    56.750000
774    57.070000
775    49.290001
776    46.900002
777    54.970001
778    66.669998
779    62.380001
780    62.029999
781    60.720001
782    56.230000
783    56.700001
784    52.509998
785    51.240002
786    48.860001
787    42.410000
788    24.120001
789    20.250000
790    27.010000
791    61.900002
792    154.800003
793    173.500000
794    113.000000
795    94.910004
796    88.250000
797    73.459999
798    68.110001
799    68.419998
800    74.129997
801    68.559998
802    61.950001
803    50.540001
804    43.450001
805    43.450001
806    29.940001
807    34.490002
808    35.900002
809    32.590000
810    34.209999
811    28.709999
812    32.849998
813    52.980000
814    71.980003
815    107.199997
816    164.399994
817    132.600006
818    87.370003
819    87.279999
820    71.699997
821    94.160004
822    118.699997
823    104.699997
824    86.940002
825    80.080002
826    71.250000
827    67.349998
828    103.599998
829    126.099998
830    87.760002
831    74.290001
832    66.070000
833    79.660004
834    142.100006
835    156.199997
836    123.400002
837    89.949997
838    129.699997
839    162.800003
840    105.199997
841    86.550003
842    85.510002
843    81.279999
844    74.139999
845    91.089996
846    107.199997
847    89.129997
848    110.199997
849    97.250000
850    77.930000
851    80.540001
852    72.510002
853    82.470001
854    83.180000
855    70.410004
856    72.160004
857    65.660004
858    64.180000
859    126.400002
860    162.600006
861    110.599998
862    96.959999
863    141.600006
864    155.399994
865    129.699997
866    107.500000
867    162.100006
868    227.000000
869    174.699997
870    343.700012
871    538.200012
872    322.299988
873    152.600006
874    149.699997
875    115.500000
876    96.330002
877    93.879997
878    75.860001
879    74.879997
880    86.169998
881    153.699997
882    411.600006
883    561.200012
884    286.200012
885    160.800003
886    210.000000
887    115.300003
888    126.500000
889    116.599998
890    94.199997
891    103.699997
892    80.199997
893    86.980003
894    73.970001
895    72.349998
896    67.690002
897    62.959999
898    65.959999
899    65.489998
900    64.160004
901    55.139999
902    84.300003
903    120.900002
904    120.400002
905    105.599998
906    89.419998
907    80.760002
908    84.260002
909    70.750000
910    77.580002
911    92.199997
912    102.699997
913    98.269997
914    60.580002
915    41.939999
916    83.410004
917    107.199997
918    81.120003
919    99.320000
920    129.600006
921    110.199997
922    86.959999
923    79.870003
924    74.779999
925    62.970001
926    60.320000
927    62.070000
928    64.809998
929    71.510002
930    56.860001
931    76.110001
932    85.820000
933    58.549999
934    62.389999
935    51.369999
936    48.380001
937    54.759998
938    48.080002
939    104.800003
940    219.600006
941    241.100006
942    159.699997
943    115.900002
944    137.000000
945    193.399994
946    215.399994
947    159.100006
948    119.099998
949    135.800003
950    112.099998
951    105.000000
952    113.800003
953    94.750000
954    84.959999
955    64.150002
956    86.690002
957    94.370003
958    80.169998
959    76.650002
960    55.200001
961    66.779999
962    165.800003
963    238.600006
964    179.600006
965    145.199997
966    198.399994
967    184.100006
968    282.200012
969    730.299988
970    1084.000000
971    782.700012
972    360.000000
973    308.600006
974    241.600006
975    189.199997
976    189.199997
977    160.699997
978    207.500000
979    266.399994
980    270.399994
981    405.600006
982    583.000000
983    767.200012
984    765.000000
985    433.899994
986    268.700012
987    267.299988
988    390.700012
989    810.799988
990    747.400024
991    392.600006
992    367.899994
993    290.899994
994    301.799988
995    401.299988
996    544.500000
997    419.299988
998    235.600006
999    289.899994
1000    249.199997
1001    239.300003
1002    222.100006
1003    179.600006
1004    191.800003
1005    174.500000
1006    179.199997
1007    177.600006
1008    168.399994
1009    168.699997
1010    154.800003
1011    153.800003
1012    160.100006
1013    147.300003
1014    135.899994
1015    149.199997
1016    160.899994
1017    173.000000
1018    168.100006
1019    163.199997
1020    129.800003
1021    101.199997
1022    112.000000
1023    105.900002
1024    104.099998
1025    103.900002
1026    95.540001
1027    94.290001
1028    94.209999
1029    90.650002
1030    92.419998
1031    93.510002
1032    80.779999
1033    71.980003
1034    53.669998
1035    55.730000
1036    55.700001
1037    46.680000
1038    58.930000
1039    73.089996
1040    53.470001
1041    39.139999
1042    47.419998
1043    44.330002
1044    39.209999
1045    40.889999
1046    34.439999
1047    34.180000
1048    30.080000
1049    27.700001
1050    31.059999
1051    31.190001
1052    30.360001
1053    29.150000
1054    28.940001
1055    30.740000
1056    33.160000
1057    30.790001
1058    28.740000
1059    27.200001
1060    24.799999
1061    25.549999
1062    29.610001
1063    17.950001
1064    17.920000
1065    27.480000
1066    27.850000
1067    27.100000
1068    40.299999
1069    54.310001
1070    39.750000
1071    34.270000
1072    41.160000
1073    29.240000
1074    27.700001
1075    26.870001
1076    23.740000
1077    24.430000
1078    25.110001
1079    21.040001
1080    19.780001
1081    18.879999
1082    18.799999
1083    22.400000
1084    27.209999
1085    26.670000
1086    18.000000
1087    19.219999
1088    24.660000
1089    24.700001
1090    20.120001
1091    19.530001
1092    21.969999
1093    23.139999
1094    19.799999
1095    17.410000
1096    20.070000
1097    16.360001
1098    16.230000
1099    21.809999
1100    21.580000
1101    20.450001
1102    27.780001
1103    28.389999
1104    23.950001
1105    24.660000
1106    26.180000
1107    34.290001
1108    35.450001
1109    35.669998
1110    29.160000
1111    22.799999
1112    27.049999
1113    27.280001
1114    31.459999
1115    27.639999
1116    23.290001
1117    25.570000
1118    24.459999
1119    24.709999
1120    24.230000
1121    21.490000
1122    21.469999
1123    24.120001
1124    25.010000
1125    21.990000
1126    21.639999
1127    24.959999
1128    28.000000
1129    31.070000
1130    29.780001
1131    20.290001
1132    18.870001
1133    22.200001
1134    16.629999
1135    14.760000
1136    22.459999
1137    32.279999
1138    33.470001
1139    25.100000
1140    20.850000
1141    21.320000
1142    24.260000
1143    39.900002
1144    112.900002
1145    175.000000
1146    122.400002
1147    86.480003
1148    96.529999
1149    77.279999
1150    67.010002
1151    44.470001
1152    44.150002
1153    119.500000
1154    219.000000
1155    223.899994
1156    222.899994
1157    287.200012
1158    239.500000
1159    165.500000
1160    156.899994
1161    134.100006
1162    114.699997
1163    110.699997
1164    105.300003
1165    95.209999
1166    102.599998
1167    127.300003
1168    134.300003
1169    108.800003
1170    103.599998
1171    99.410004
1172    92.389999
1173    91.500000
1174    83.510002
1175    89.599998
1176    84.180000
1177    92.370003
1178    97.529999
1179    81.389999
1180    90.129997
1181    88.980003
1182    74.660004
1183    120.500000
1184    252.399994
1185    349.899994
1186    300.899994
1187    222.500000
1188    170.600006
1189    141.699997
1190    144.399994
1191    127.500000
1192    113.199997
1193    141.100006
1194    130.600006
1195    105.000000
1196    103.699997
1197    103.300003
1198    125.500000
1199    143.000000
1200    117.099998
1201    95.650002
1202    119.000000
1203    108.599998
1204    95.160004
1205    96.410004
1206    97.830002
1207    93.430000
1208    85.080002
1209    226.300003
1210    322.100006
1211    193.899994
1212    150.199997
1213    151.800003
1214    122.599998
1215    117.500000
1216    112.099998
1217    105.099998
1218    170.199997
1219    222.899994
1220    120.900002
1221    259.899994
1222    430.299988
1223    296.700012
1224    186.000000
1225    421.399994
1226    702.200012
1227    434.700012
1228    183.199997
1229    306.899994
1230    677.000000
1231    1070.000000
1232    758.099976
1233    273.399994
1234    361.500000
1235    345.100006
1236    197.300003
1237    247.500000
1238    202.500000
1239    407.000000
1240    600.099976
1241    467.299988
1242    339.700012
1243    298.700012
1244    331.899994
1245    283.600006
1246    244.399994
1247    234.600006
1248    234.899994
1249    265.700012
1250    301.700012
1251    298.399994
1252    248.100006
1253    226.100006
1254    220.500000
1255    203.500000
1256    200.300003
1257    192.199997
1258    225.300003
1259    300.500000
1260    300.799988
1261    287.799988
1262    397.500000
1263    483.500000
1264    358.200012
1265    250.399994
1266    313.000000
1267    357.799988
1268    403.500000
1269    509.799988
1270    546.599976
1271    472.799988
1272    368.899994
1273    357.100006
1274    312.000000
1275    282.700012
1276    352.600006
1277    379.000000
1278    298.700012
1279    252.600006
1280    253.800003
1281    222.600006
1282    218.199997
1283    206.000000
1284    204.000000
1285    205.000000
1286    205.300003
1287    205.500000
1288    184.699997
1289    172.800003
1290    163.300003
1291    156.000000
1292    151.000000
1293    140.800003
1294    135.500000
1295    131.300003
1296    130.199997
1297    128.899994
1298    129.699997
1299    142.699997
1300    146.800003
1301    127.099998
1302    116.900002
1303    113.400002
1304    109.699997
1305    104.800003
1306    101.800003
1307    100.800003
1308    92.709999
1309    82.410004
1310    78.559998
1311    89.129997
1312    109.000000
1313    94.540001
1314    68.089996
1315    80.889999
1316    77.959999
1317    77.379997
1318    80.550003
1319    60.500000
1320    92.269997
1321    993.799988
1322    2616.000000
1323    2264.000000
1324    613.799988
1325    470.399994
1326    574.000000
1327    440.799988
1328    503.799988
1329    386.000000
1330    413.399994
1331    414.899994
1332    382.299988
1333    366.000000
1334    308.200012
1335    295.000000
1336    261.399994
1337    272.799988
1338    265.700012
1339    256.200012
1340    695.000000
1341    1254.000000
1342    978.000000
1343    490.700012
1344    463.600006
1345    386.100006
1346    295.899994
1347    336.399994
1348    275.799988
1349    269.700012
1350    273.700012
1351    237.300003
1352    262.500000
1353    236.899994
1354    248.899994
1355    225.100006
1356    216.899994
1357    205.300003
1358    209.600006
1359    190.600006
1360    158.600006
1361    181.500000
1362    187.800003
1363    188.300003
1364    177.500000
1365    162.300003
1366    155.000000
1367    149.899994
1368    131.699997
1369    131.000000
1370    126.199997
1371    397.899994
1372    956.599976
1373    1129.000000
1374    711.900024
1375    316.799988
1376    346.700012
1377    290.500000
1378    218.800003
1379    250.000000
1380    180.600006
1381    180.399994
1382    164.100006
1383    161.899994
1384    146.699997
1385    137.399994
1386    137.199997
1387    128.100006
1388    130.899994
1389    121.300003
1390    114.400002
1391    118.900002
1392    126.599998
1393    109.199997
1394    88.070000
1395    96.300003
1396    106.699997
1397    88.900002
1398    77.790001
1399    81.029999
1400    70.860001
1401    65.379997
1402    69.010002
1403    73.680000
1404    67.250000
1405    63.770000
1406    62.990002
1407    51.730000
1408    49.799999
1409    50.279999
1410    50.939999
1411    56.240002
1412    69.809998
1413    118.300003
1414    135.300003
1415    83.120003
1416    66.500000
1417    70.669998
1418    66.160004
1419    57.939999
1420    50.230000
1421    51.310001
1422    52.299999
1423    60.330002
1424    67.519997
1425    50.970001
1426    35.290001
1427    38.320000
1428    34.279999
1429    31.570000
1430    31.719999
1431    21.400000
1432    36.180000
1433    47.430000
1434    42.230000
1435    44.680000
1436    42.529999
1437    42.689999
1438    37.189999
1439    28.209999
1440    36.509998
1441    32.500000
1442    28.170000
1443    44.840000
1444    55.299999
1445    43.689999
1446    42.439999
1447    42.150002
1448    36.209999
1449    37.419998
1450    36.770000
1451    34.340000
1452    36.910000
1453    41.939999
1454    41.029999
1455    35.200001
1456    14.380000
1457    25.740000
1458    40.900002
1459    24.000000
1460    33.240002
1461    31.610001
1462    21.080000
1463    33.919998
1464    31.870001
1465    39.459999
1466    38.310001
1467    33.689999
1468    27.170000
1469    20.950001
1470    22.100000
1471    27.709999
1472    36.060001
1473    15.000000
1474    15.440000
1475    40.650002
1476    37.080002
1477    23.900000
1478    47.389999
1479    60.060001
1480    55.369999
1481    38.310001
1482    25.660000
1483    41.430000
1484    33.450001
1485    27.959999
1486    17.070000
1487    7.935000
1488    33.939999
1489    42.880001
1490    31.270000
1491    31.799999
1492    34.000000
1493    44.240002
1494    36.540001
1495    26.430000
1496    36.000000
1497    31.760000
1498    33.090000
1499    42.540001
1500    42.619999
1501    39.389999
1502    28.350000
1503    20.660000
1504    29.490000
1505    30.809999
1506    71.940002
1507    86.820000
1508    58.689999
1509    56.060001
1510    126.900002
1511    180.199997
1512    114.900002
1513    100.599998
1514    89.440002
1515    74.989998
1516    74.580002
1517    75.790001
1518    91.720001
1519    98.570000
1520    140.000000
1521    152.199997
1522    135.399994
1523    115.099998
1524    116.500000
1525    112.199997
1526    106.199997
1527    118.699997
1528    106.300003
1529    107.400002
1530    102.699997
1531    94.760002
1532    90.709999
1533    72.669998
1534    65.839996
1535    67.410004
1536    55.540001
1537    61.189999
1538    83.180000
1539    72.019997
1540    73.629997
1541    114.699997
1542    262.700012
1543    443.200012
1544    411.299988
1545    276.500000
1546    301.000000
1547    368.200012
1548    259.600006
1549    173.800003
1550    198.500000
1551    135.699997
1552    120.900002
1553    144.699997
1554    122.599998
1555    128.600006
1556    125.400002
1557    128.699997
1558    121.599998
1559    112.000000
1560    160.000000
1561    220.100006
1562    199.800003
1563    233.800003
1564    468.200012
1565    519.500000
1566    309.799988
1567    242.000000
1568    231.500000
1569    192.699997
1570    184.699997
1571    173.800003
1572    159.699997
1573    149.500000
1574    167.000000
1575    210.100006
1576    199.800003
1577    192.500000
1578    291.600006
1579    403.500000
1580    330.100006
1581    196.800003
1582    235.800003
1583    246.199997
1584    201.000000
1585    195.399994
1586    194.699997
1587    191.199997
1588    204.500000
1589    221.699997
1590    189.199997
1591    201.800003
1592    248.699997
1593    211.300003
1594    175.500000
1595    174.699997
1596    161.899994
1597    166.500000
1598    1056.000000
1599    1987.000000
1600    976.000000
1601    255.199997
1602    561.000000
1603    585.200012
1604    708.400024
1605    735.700012
1606    521.500000
1607    466.299988
1608    421.399994
1609    440.299988
1610    533.500000
1611    827.900024
1612    1079.000000
1613    884.000000
1614    742.400024
1615    649.700012
1616    472.700012
1617    439.500000
1618    537.000000
1619    673.500000
1620    1065.000000
1621    1208.000000
1622    786.299988
1623    468.100006
1624    567.200012
1625    699.500000
1626    536.299988
1627    483.600006
1628    545.599976
1629    487.899994
1630    448.799988
1631    474.100006
1632    487.500000
1633    429.000000
1634    394.100006
1635    375.700012
1636    339.799988
1637    330.100006
1638    299.200012
1639    280.700012
1640    311.500000
1641    310.399994
1642    288.299988
1643    260.299988
1644    256.000000
1645    242.899994
1646    224.600006
1647    192.500000
1648    187.600006
1649    221.800003
1650    221.300003
1651    241.399994
1652    263.399994
1653    253.300003
1654    236.100006
1655    238.399994
1656    442.799988
1657    1832.000000
1658    4022.000000
1659    3626.000000
1660    1157.000000
1661    650.700012
1662    790.000000
1663    379.399994
1664    502.000000
1665    389.399994
1666    359.100006
1667    966.200012
1668    1600.000000
1669    1237.000000
1670    796.200012
1671    810.000000
1672    526.799988
1673    440.299988
1674    446.899994
1675    401.100006
1676    512.400024
1677    663.400024
1678    573.799988
1679    420.299988
1680    396.299988
1681    379.299988
1682    334.600006
1683    340.500000
1684    330.799988
1685    312.200012
1686    302.600006
1687    287.899994
1688    290.799988
1689    273.200012
1690    280.200012
1691    286.100006
1692    271.600006
1693    221.100006
1694    219.899994
1695    234.399994
1696    259.000000
1697    308.200012
1698    324.100006
1699    261.899994
1700    222.500000
1701    215.100006
1702    204.600006
1703    206.199997
1704    221.800003
1705    256.000000
1706    280.500000
1707    233.600006
1708    186.300003
1709    236.699997
1710    288.600006
1711    249.699997
1712    207.600006
1713    197.199997
1714    187.199997
1715    186.899994
1716    205.300003
1717    224.300003
1718    258.000000
1719    253.199997
1720    186.199997
1721    164.800003
1722    155.899994
1723    144.600006
1724    143.600006
1725    127.800003
1726    125.000000
1727    113.400002
1728    115.500000
1729    103.099998
1730    98.500000
1731    88.919998
1732    88.050003
1733    100.699997
1734    65.550003
1735    69.860001
1736    83.790001
1737    66.989998
1738    77.760002
1739    72.470001
1740    37.910000
1741    51.250000
1742    72.000000
1743    61.799999
1744    43.709999
1745    61.389999
1746    40.480000
1747    27.290001
1748    50.470001
1749    45.200001
1750    33.970001
1751    31.549999
1752    26.770000
1753    30.570000
1754    31.290001
1755    42.860001
1756    38.450001
1757    37.930000
1758    39.630001
1759    34.669998
1760    35.779999
1761    32.689999
1762    32.580002
1763    30.780001
1764    33.110001
1765    31.700001
1766    36.779999
1767    36.529999
1768    33.470001
1769    33.959999
1770    36.880001
1771    39.480000
1772    34.340000
1773    33.209999
1774    29.150000
1775    23.350000
1776    27.730000
1777    30.950001
1778    26.549999
1779    23.370001
1780    24.090000
1781    25.010000
1782    22.959999
1783    27.690001
1784    35.200001
1785    31.580000
1786    111.900002
1787    169.300003
1788    96.910004
1789    70.260002
1790    64.430000
1791    61.779999
1792    121.400002
1793    158.199997
1794    119.199997
1795    100.500000
1796    91.669998
1797    74.980003
1798    71.900002
1799    62.840000
1800    61.310001
1801    55.060001
1802    52.000000
1803    47.340000
1804    48.730000
1805    45.810001
1806    43.270000
1807    48.200001
1808    225.600006
1809    461.600006
1810    354.700012
1811    171.800003
1812    159.100006
1813    134.199997
1814    107.500000
1815    110.000000
1816    105.300003
1817    98.089996
1818    85.430000
1819    74.639999
1820    70.660004
1821    72.779999
1822    75.550003
1823    75.059998
1824    69.570000
1825    62.750000
1826    62.720001
1827    63.779999
1828    66.720001
1829    61.430000
1830    61.349998
1831    67.139999
1832    64.519997
1833    61.299999
1834    62.080002
1835    55.490002
1836    50.869999
1837    53.119999
1838    52.619999
1839    56.230000
1840    57.230000
1841    48.200001
1842    48.709999
1843    68.500000
1844    78.709999
1845    63.970001
1846    86.320000
1847    126.500000
1848    104.500000
1849    85.309998
1850    81.419998
1851    73.650002
1852    69.349998
1853    64.550003
1854    61.790001
1855    59.970001
1856    58.060001
1857    55.330002
1858    50.389999
1859    47.730000
1860    47.400002
1861    46.290001
1862    45.009998
1863    38.599998
1864    37.830002
1865    34.930000
1866    32.700001
1867    31.209999
1868    33.330002
1869    31.940001
1870    30.930000
1871    33.549999
1872    31.510000
1873    43.549999
1874    71.370003
1875    157.800003
1876    251.300003
1877    212.800003
1878    157.800003
1879    167.199997
1880    131.899994
1881    116.699997
1882    126.699997
1883    98.900002
1884    92.610001
1885    87.070000
1886    80.190002
1887    75.660004
1888    70.830002
1889    68.930000
1890    68.080002
1891    85.629997
1892    121.099998
1893    157.899994
1894    183.500000
1895    185.199997
1896    160.899994
1897    139.800003
1898    121.500000
1899    110.500000
1900    103.800003
1901    94.339996
1902    92.290001
1903    90.489998
1904    83.269997
1905    79.120003
1906    80.029999
1907    83.470001
1908    76.980003
1909    100.800003
1910    118.699997
1911    98.930000
1912    104.599998
1913    100.500000
1914    91.470001
1915    91.769997
1916    82.660004
1917    145.300003
1918    365.100006
1919    464.399994
1920    257.200012
1921    149.000000
1922    187.399994
1923    140.399994
1924    128.300003
1925    130.399994
1926    125.800003
1927    125.699997
1928    104.699997
1929    118.199997
1930    102.500000
1931    97.489998
1932    99.529999
1933    146.300003
1934    203.100006
1935    146.399994
1936    125.099998
1937    121.900002
1938    113.300003
1939    149.600006
1940    261.600006
1941    363.299988
1942    270.000000
1943    140.600006
1944    162.500000
1945    157.300003
1946    150.300003
1947    180.000000
1948    142.399994
1949    140.899994
1950    134.199997
1951    142.500000
1952    154.300003
1953    133.600006
1954    122.900002
1955    108.199997
1956    95.470001
1957    87.410004
1958    93.970001
1959    99.459999
1960    77.989998
1961    67.570000
1962    79.959999
1963    76.139999
1964    75.779999
1965    91.940002
1966    96.389999
1967    85.169998
1968    78.760002
1969    77.540001
1970    71.949997
1971    105.800003
1972    179.899994
1973    202.800003
1974    139.300003
1975    140.399994
1976    183.500000
1977    138.600006
1978    109.699997
1979    118.500000
1980    246.800003
1981    355.200012
1982    302.299988
1983    704.400024
1984    1210.000000
1985    1100.000000
1986    970.500000
1987    1048.000000
1988    1174.000000
1989    878.400024
1990    517.200012
1991    576.099976
1992    495.700012
1993    447.600006
1994    464.299988
1995    417.799988
1996    412.500000
1997    406.799988
1998    322.100006
1999    265.600006
2000    298.700012
2001    325.700012
2002    357.100006
2003    375.600006
2004    379.200012
2005    388.899994
2006    341.600006
2007    324.200012
2008    321.700012
2009    302.299988
2010    274.899994
2011    257.200012
2012    257.600006
2013    244.500000
2014    251.699997
2015    231.199997
2016    225.199997
2017    226.399994
2018    210.399994
2019    186.699997
2020    218.100006
2021    244.199997
2022    195.600006
2023    186.100006
2024    213.000000
2025    193.000000
2026    173.800003
2027    157.899994
2028    145.100006
2029    147.399994
2030    145.300003
2031    140.300003
2032    113.500000
2033    113.400002
2034    93.209999
2035    93.330002
2036    99.230003
2037    80.019997
2038    72.260002
2039    62.459999
2040    68.239998
2041    76.830002
2042    118.500000
2043    163.300003
2044    144.199997
2045    120.900002
2046    100.699997
2047    114.099998
2048    175.000000
2049    403.799988
2050    538.700012
2051    525.500000
2052    1297.000000
2053    2447.000000
2054    2315.000000
2055    1104.000000
2056    793.099976
2057    1352.000000
2058    1180.000000
2059    883.799988
2060    897.299988
2061    651.500000
2062    591.099976
2063    520.200012
2064    445.200012
2065    458.700012
2066    389.700012
2067    419.600006
2068    443.700012
2069    464.700012
2070    499.100006
2071    543.500000
2072    501.200012
2073    486.600006
2074    494.299988
2075    403.399994
2076    345.899994
2077    311.100006
2078    291.899994
2079    270.899994
2080    242.800003
2081    241.199997
2082    228.800003
2083    245.300003
2084    236.699997
2085    231.699997
2086    267.100006
2087    238.000000
2088    191.000000
2089    203.300003
2090    189.199997
2091    186.699997
2092    216.600006
2093    203.699997
2094    203.100006
2095    192.199997
2096    216.600006
2097    232.000000
2098    163.699997
2099    109.900002
2100    115.099998
2101    122.199997
2102    114.800003
2103    122.900002
2104    138.000000
2105    134.000000
2106    131.500000
2107    113.699997
2108    93.930000
2109    90.040001
2110    81.760002
2111    81.290001
2112    76.209999
2113    67.489998
2114    66.889999
2115    63.099998
2116    57.180000
2117    50.599998
2118    52.730000
2119    54.349998
2120    52.450001
2121    51.480000
2122    53.509998
2123    50.470001
2124    45.169998
2125    45.279999
2126    34.549999
2127    34.650002
2128    45.369999
2129    47.950001
2130    56.349998
2131    72.860001
2132    60.630001
2133    49.990002
2134    47.950001
2135    46.410000
2136    47.590000
2137    41.720001
2138    40.810001
2139    46.279999
2140    44.330002
2141    39.400002
2142    42.680000
2143    47.139999
2144    40.799999
2145    33.310001
2146    39.330002
2147    41.020000
2148    41.209999
2149    41.770000
2150    38.250000
2151    32.750000
2152    29.010000
2153    32.160000
2154    31.600000
2155    27.540001
2156    30.280001
2157    29.780001
2158    28.580000
2159    29.580000
2160    24.540001
2161    24.709999
2162    25.350000
2163    23.270000
2164    24.690001
2165    24.940001
2166    22.540001
2167    25.030001
2168    26.080000
2169    19.730000
2170    22.719999
2171    30.520000
2172    27.030001
2173    20.540001
2174    21.129999
2175    20.650000
2176    23.120001
2177    10.390000
2178    9.433000
2179    15.580000
2180    21.790001
2181    24.020000
2182    16.910000
2183    31.559999
2184    53.759998
2185    32.740002
2186    25.150000
2187    34.880001
2188    28.480000
2189    25.070000
2190    19.480000
2191    12.210000
2192    9.397000
2193    20.110001
2194    25.760000
2195    24.340000
2196    34.169998
2197    27.820000
2198    26.370001
2199    29.270000
2200    25.190001
2201    27.139999
2202    27.580000
2203    29.459999
2204    27.709999
2205    28.480000
2206    27.330000
2207    28.400000
2208    28.350000
2209    23.100000
2210    22.910000
2211    18.910000
2212    18.360001
2213    28.549999
2214    30.559999
2215    29.620001
2216    32.770000
2217    45.930000
2218    52.820000
2219    45.840000
2220    65.250000
2221    116.199997
2222    228.100006
2223    304.399994
2224    221.399994
2225    144.100006
2226    185.199997
2227    177.000000
2228    115.699997
2229    98.239998
2230    77.300003
2231    76.190002
2232    71.129997
2233    60.549999
2234    66.540001
2235    57.130001
2236    54.669998
2237    54.279999
2238    52.180000
2239    56.020000
2240    49.810001
2241    44.669998
2242    46.310001
2243    47.480000
2244    57.020000
2245    59.810001
2246    60.049999
2247    79.220001
2248    79.820000
2249    66.690002
2250    64.919998
2251    57.139999
2252    56.619999
2253    49.919998
2254    50.709999
2255    48.130001
2256    41.139999
2257    43.400002
2258    40.520000
2259    42.369999
2260    38.919998
2261    38.900002
2262    40.169998
2263    39.060001
2264    37.869999
2265    37.299999
2266    36.320000
2267    34.410000
2268    62.639999
2269    96.910004
2270    77.830002
2271    61.779999
2272    67.120003
2273    81.690002
2274    94.250000
2275    78.260002
2276    67.790001
2277    65.160004
2278    61.630001
2279    70.290001
2280    82.720001
2281    88.589996
2282    247.000000
2283    442.500000
2284    349.000000
2285    180.100006
2286    162.399994
2287    152.699997
2288    131.399994
2289    132.500000
2290    108.300003
2291    107.900002
2292    107.599998
2293    100.500000
2294    127.400002
2295    131.300003
2296    99.610001
2297    93.550003
2298    112.599998
2299    110.199997
2300    88.480003
2301    103.400002
2302    206.600006
2303    259.600006
2304    340.299988
2305    441.600006
2306    289.200012
2307    170.800003
2308    172.699997
2309    110.199997
2310    112.099998
2311    109.500000
2312    88.660004
2313    93.279999
2314    78.669998
2315    81.650002
2316    81.989998
2317    136.600006
2318    207.000000
2319    184.000000
2320    139.399994
2321    175.800003
2322    174.399994
2323    120.900002
2324    121.900002
2325    103.800003
2326    100.599998
2327    94.629997
2328    94.779999
2329    91.989998
2330    73.650002
2331    90.660004
2332    87.839996
2333    77.519997
2334    84.089996
2335    75.839996
2336    77.269997
2337    186.800003
2338    316.399994
2339    218.399994
2340    129.100006
2341    206.600006
2342    318.100006
2343    360.299988
2344    241.300003
2345    175.899994
2346    211.399994
2347    158.899994
2348    135.600006
2349    151.399994
2350    145.399994
2351    167.500000
2352    157.100006
2353    139.000000
2354    138.399994
2355    214.899994
2356    1074.000000
2357    1439.000000
2358    630.599976
2359    604.900024
2360    934.900024
2361    753.299988
2362    443.799988
2363    404.600006
2364    326.100006
2365    296.399994
2366    324.299988
2367    261.000000
2368    326.399994
2369    435.700012
2370    496.700012
2371    413.899994
2372    463.600006
2373    483.799988
2374    358.200012
2375    277.600006
2376    249.199997
2377    213.899994
2378    195.300003
2379    190.399994
2380    216.600006
2381    456.100006
2382    604.599976
2383    422.200012
2384    343.600006
2385    341.399994
2386    306.200012
2387    293.200012
2388    259.899994
2389    216.300003
2390    180.000000
2391    285.299988
2392    388.799988
2393    283.399994
2394    218.000000
2395    218.899994
2396    183.800003
2397    182.100006
2398    186.800003
2399    206.300003
2400    213.000000
2401    282.799988
2402    865.099976
2403    1118.000000
2404    511.000000
2405    299.500000
2406    328.799988
2407    247.300003
2408    241.899994
2409    256.100006
2410    318.899994
2411    381.299988
2412    348.399994
2413    300.000000
2414    343.100006
2415    408.399994
2416    370.600006
2417    284.299988
2418    281.899994
2419    231.300003
2420    204.699997
2421    185.000000
2422    154.600006
2423    140.800003
2424    127.099998
2425    121.699997
2426    151.800003
2427    189.300003
2428    169.300003
2429    141.600006
2430    244.100006
2431    348.799988
2432    320.799988
2433    289.000000
2434    207.000000
2435    156.100006
2436    288.500000
2437    346.299988
2438    258.700012
2439    311.600006
2440    350.100006
2441    285.000000
2442    316.899994
2443    269.299988
2444    180.500000
2445    190.399994
2446    174.500000
2447    154.600006
2448    151.600006
2449    140.399994
2450    134.000000
2451    123.500000
2452    119.500000
2453    113.300003
2454    111.699997
2455    106.099998
2456    98.750000
2457    90.519997
2458    114.699997
2459    164.399994
2460    209.500000
2461    220.000000
2462    160.800003
2463    121.000000
2464    118.099998
2465    101.500000
2466    91.849998
2467    88.150002
2468    89.370003
2469    80.830002
2470    106.599998
2471    700.500000
2472    1140.000000
2473    520.500000
2474    161.500000
2475    250.800003
2476    176.600006
2477    139.300003
2478    158.699997
2479    120.099998
2480    117.199997
2481    111.699997
2482    106.099998
2483    110.599998
2484    87.559998
2485    97.400002
2486    85.860001
2487    83.500000
2488    74.000000
2489    74.669998
2490    76.620003
2491    73.449997
2492    63.240002
2493    63.709999
2494    61.380001
2495    55.750000
2496    59.099998
2497    60.060001
2498    65.480003
2499    63.799999
2500    68.050003
2501    63.900002
2502    66.050003
2503    62.709999
2504    154.399994
2505    193.000000
2506    108.099998
2507    94.029999
2508    88.540001
2509    75.639999
2510    71.750000
2511    66.040001
2512    64.410004
2513    61.000000
2514    59.290001
2515    56.139999
2516    51.209999
2517    56.080002
2518    61.450001
2519    61.689999
2520    42.619999
2521    50.410000
2522    53.189999
2523    41.660000
2524    47.709999
2525    41.950001
2526    41.750000
2527    43.930000
2528    42.790001
2529    43.840000
2530    40.660000
2531    40.790001
2532    39.650002
2533    41.660000
2534    40.709999
2535    37.299999
2536    36.570000
2537    37.099998
2538    35.799999
2539    32.549999
2540    30.990000
2541    32.259998
2542    35.810001
2543    32.560001
2544    33.139999
2545    34.480000
2546    32.950001
2547    33.000000
2548    31.959999
2549    31.240000
2550    30.750000
2551    34.730000
2552    37.669998
2553    35.599998
2554    36.669998
2555    31.680000
2556    27.150000
2557    11.920000
2558    4.304000
2559    16.889999
2560    45.869999
2561    62.259998
2562    42.240002
2563    23.350000
2564    31.410000
2565    30.740000
2566    28.940001
2567    29.709999
2568    29.040001
2569    32.259998
2570    29.400000
2571    30.110001
2572    28.969999
2573    29.000000
2574    29.020000
2575    27.660000
2576    29.959999
2577    30.920000
2578    29.820000
2579    30.260000
2580    29.330000
2581    17.969999
2582    20.629999
2583    40.230000
2584    41.410000
2585    35.669998
2586    31.719999
2587    27.740000
2588    31.150000
2589    29.959999
2590    30.420000
2591    29.219999
2592    30.680000
2593    31.629999
2594    30.350000
2595    29.629999
2596    28.639999
2597    30.959999
2598    31.620001
2599    27.990000
2600    23.520000
2601    24.580000
2602    25.650000
2603    25.910000
2604    24.709999
2605    25.400000
2606    24.639999
2607    25.559999
2608    25.000000
2609    25.080000
2610    24.480000
2611    24.160000
2612    24.840000
2613    24.290001
2614    23.799999
2615    24.750000
2616    25.290001
2617    20.730000
2618    21.379999
2619    27.280001
2620    28.030001
2621    57.669998
2622    119.699997
2623    131.500000
2624    123.099998
2625    145.300003
2626    120.599998
2627    78.370003
2628    74.470001
2629    91.209999
2630    109.500000
2631    85.239998
2632    66.849998
2633    67.339996
2634    56.720001
2635    51.430000
2636    46.529999
2637    45.380001
2638    40.220001
2639    49.730000
2640    63.220001
2641    50.220001
2642    45.209999
2643    43.830002
2644    77.339996
2645    129.000000
2646    102.800003
2647    60.630001
2648    60.490002
2649    60.009998
2650    51.970001
2651    48.560001
2652    56.730000
2653    65.349998
2654    57.660000
2655    51.180000
2656    49.189999
2657    43.259998
2658    40.939999
2659    50.009998
2660    87.940002
2661    96.000000
2662    69.239998
2663    76.989998
2664    82.199997
2665    65.129997
2666    166.699997
2667    268.899994
2668    169.500000
2669    96.489998
2670    100.500000
2671    81.320000
2672    117.900002
2673    156.699997
2674    121.800003
2675    91.160004
2676    88.550003
2677    74.080002
2678    68.019997
2679    65.459999
2680    62.049999
2681    57.000000
2682    55.169998
2683    52.790001
2684    47.049999
2685    45.369999
2686    41.810001
2687    41.450001
2688    37.770000
2689    36.220001
2690    37.029999
2691    38.180000
2692    36.900002
2693    34.799999
2694    56.330002
2695    137.500000
2696    207.800003
2697    160.800003
2698    94.879997
2699    92.580002
2700    84.610001
2701    65.260002
2702    66.410004
2703    95.750000
2704    156.100006
2705    165.199997
2706    116.900002
2707    97.650002
2708    91.010002
2709    76.690002
2710    73.580002
2711    85.750000
2712    98.629997
2713    106.000000
2714    95.379997
2715    78.419998
2716    72.180000
2717    66.739998
2718    70.720001
2719    94.769997
2720    139.899994
2721    311.000000
2722    569.400024
2723    534.200012
2724    324.799988
2725    279.200012
2726    308.299988
2727    236.600006
2728    147.199997
2729    388.100006
2730    532.599976
2731    294.200012
2732    216.100006
2733    278.200012
2734    244.000000
2735    246.600006
2736    274.399994
2737    221.199997
2738    195.899994
2739    184.399994
2740    213.300003
2741    293.399994
2742    401.100006
2743    398.100006
2744    250.500000
2745    212.500000
2746    206.600006
2747    214.899994
2748    215.500000
2749    181.600006
2750    169.199997
2751    206.300003
2752    545.099976
2753    801.299988
2754    483.200012
2755    242.399994
2756    281.700012
2757    248.399994
2758    211.699997
2759    218.600006
2760    191.300003
2761    187.699997
2762    176.399994
2763    173.199997
2764    205.199997
2765    142.300003
2766    104.500000
2767    97.650002
2768    113.800003
2769    126.900002
2770    113.099998
2771    107.599998
2772    117.699997
2773    128.500000
2774    157.600006
2775    181.399994
2776    188.600006
2777    199.899994
2778    520.099976
2779    749.200012
2780    577.799988
2781    617.900024
2782    514.799988
2783    239.800003
2784    265.600006
2785    269.899994
2786    238.600006
2787    253.399994
2788    184.699997
2789    209.500000
2790    220.199997
2791    199.600006
2792    194.500000
2793    182.399994
2794    168.100006
2795    133.699997
2796    137.100006
2797    147.500000
2798    179.199997
2799    166.300003
2800    166.300003
2801    166.800003
2802    126.599998
2803    129.699997
2804    119.800003
2805    110.699997
2806    105.900002
2807    96.669998
2808    72.980003
2809    64.269997
2810    63.230000
2811    65.080002
2812    69.419998
2813    62.439999
2814    60.299999
2815    74.360001
2816    71.040001
2817    63.240002
2818    80.089996
2819    123.300003
2820    130.800003
2821    92.209999
2822    99.989998
2823    96.510002
2824    65.699997
2825    65.769997
2826    54.310001
2827    53.689999
2828    53.459999
2829    55.450001
2830    61.720001
2831    56.419998
2832    44.389999
2833    44.500000
2834    46.419998
2835    38.930000
2836    39.119999
2837    40.099998
2838    32.619999
2839    34.820000
2840    36.689999
2841    28.379999
2842    29.900000
2843    32.389999
2844    27.959999
2845    24.110001
2846    24.680000
2847    23.270000
2848    30.590000
2849    41.419998
2850    40.220001
2851    41.830002
2852    43.500000
2853    36.759998
2854    28.920000
2855    30.290001
2856    27.660000
2857    22.530001
2858    26.680000
2859    18.230000
2860    13.950000
2861    16.330000
2862    16.520000
2863    15.740000
2864    17.930000
2865    22.620001
2866    23.950001
2867    23.450001
2868    25.000000
2869    24.230000
2870    30.500000
2871    20.730000
2872    19.469999
2873    80.370003
2874    115.400002
2875    67.910004
2876    47.669998
2877    62.970001
2878    72.650002
2879    56.400002
2880    41.900002
2881    39.639999
2882    31.750000
2883    29.980000
2884    25.299999
2885    22.760000
2886    19.650000
2887    18.200001
2888    16.379999
2889    15.470000
2890    20.000000
2891    25.770000
2892    26.969999
2893    32.860001
2894    31.010000
2895    25.490000
2896    29.549999
2897    30.240000
2898    35.459999
2899    50.540001
2900    63.400002
2901    69.250000
2902    65.680000
2903    50.619999
2904    40.020000
2905    43.560001
2906    50.070000
2907    48.639999
2908    43.119999
2909    41.669998
2910    38.160000
2911    32.430000
2912    34.080002
2913    31.760000
2914    28.440001
2915    29.000000
2916    26.760000
2917    27.820000
2918    33.980000
2919    42.830002
2920    68.739998
2921    89.809998
2922    66.910004
2923    41.000000
2924    81.290001
2925    134.199997
2926    120.400002
2927    96.349998
2928    92.379997
2929    86.139999
2930    78.629997
2931    70.150002
2932    65.550003
2933    74.199997
2934    83.519997
2935    70.559998
2936    64.279999
2937    58.959999
2938    46.509998
2939    42.360001
2940    42.570000
2941    43.340000
2942    41.560001
2943    64.040001
2944    87.260002
2945    64.660004
2946    51.450001
2947    59.130001
2948    57.790001
2949    54.480000
2950    52.939999
2951    55.720001
2952    52.810001
2953    49.150002
2954    49.040001
2955    42.860001
2956    39.360001
2957    41.720001
2958    38.310001
2959    69.180000
2960    101.000000
2961    75.580002
2962    64.190002
2963    66.320000
2964    120.400002
2965    209.399994
2966    155.600006
2967    162.600006
2968    284.899994
2969    237.399994
2970    159.100006
2971    179.100006
2972    175.500000
2973    139.600006
2974    126.300003
2975    127.199997
2976    112.800003
2977    114.500000
2978    115.400002
2979    103.699997
2980    96.580002
2981    88.199997
2982    90.949997
2983    93.870003
2984    84.379997
2985    74.559998
2986    78.129997
2987    127.400002
2988    284.799988
2989    422.100006
2990    332.700012
2991    203.600006
2992    185.300003
2993    238.000000
2994    342.600006
2995    303.700012
2996    210.899994
2997    219.399994
2998    200.699997
2999    171.699997
3000    164.100006
3001    149.899994
3002    143.899994
3003    137.699997
3004    130.399994
3005    138.199997
3006    153.100006
3007    146.000000
3008    129.800003
3009    125.699997
3010    122.300003
3011    119.699997
3012    119.599998
3013    119.699997
3014    126.000000
3015    134.399994
3016    132.800003
3017    129.699997
3018    143.600006
3019    183.300003
3020    265.299988
3021    284.799988
3022    232.300003
3023    214.199997
3024    195.399994
3025    198.600006
3026    235.800003
3027    235.000000
3028    227.699997
3029    233.800003
3030    271.500000
3031    325.100006
3032    267.799988
3033    215.899994
3034    493.899994
3035    679.799988
3036    379.200012
3037    250.899994
3038    272.500000
3039    228.399994
3040    248.699997
3041    199.899994
3042    193.800003
3043    170.399994
3044    150.899994
3045    175.600006
3046    153.600006
3047    153.500000
3048    149.699997
3049    233.000000
3050    327.000000
3051    242.800003
3052    233.800003
3053    253.300003
3054    201.899994
3055    201.300003
3056    224.500000
3057    265.399994
3058    230.800003
3059    181.600006
3060    170.399994
3061    156.000000
3062    152.000000
3063    141.000000
3064    301.700012
3065    407.100006
3066    277.200012
3067    221.500000
3068    211.399994
3069    191.699997
3070    181.100006
3071    278.399994
3072    357.299988
3073    255.100006
3074    174.000000
3075    394.100006
3076    562.200012
3077    357.600006
3078    224.800003
3079    229.199997
3080    192.000000
3081    169.800003
3082    181.100006
3083    387.600006
3084    472.299988
3085    250.399994
3086    260.899994
3087    584.200012
3088    1236.000000
3089    1546.000000
3090    1019.000000
3091    487.100006
3092    469.600006
3093    469.500000
3094    346.799988
3095    431.000000
3096    462.600006
3097    516.799988
3098    569.299988
3099    580.700012
3100    582.799988
3101    445.600006
3102    412.100006
3103    399.600006
3104    362.700012
3105    355.500000
3106    333.000000
3107    305.799988
3108    276.000000
3109    272.799988
3110    263.899994
3111    230.199997
3112    196.800003
3113    197.500000
3114    190.000000
3115    178.100006
3116    171.100006
3117    153.800003
3118    155.699997
3119    136.800003
3120    117.900002
3121    129.100006
3122    138.199997
3123    109.599998
3124    103.099998
3125    174.600006
3126    237.500000
3127    234.600006
3128    383.700012
3129    569.599976
3130    562.400024
3131    510.100006
3132    436.100006
3133    380.200012
3134    376.200012
3135    333.299988
3136    295.700012
3137    293.399994
3138    281.399994
3139    307.299988
3140    339.399994
3141    285.799988
3142    212.100006
3143    171.699997
3144    174.100006
3145    174.100006
3146    182.899994
3147    156.199997
3148    125.599998
3149    123.000000
3150    110.500000
3151    98.400002
3152    77.540001
3153    77.000000
3154    71.889999
3155    60.660000
3156    58.810001
3157    60.639999
3158    120.400002
3159    180.899994
3160    228.000000
3161    254.600006
3162    243.699997
3163    317.200012
3164    287.000000
3165    221.399994
3166    281.899994
3167    444.899994
3168    612.799988
3169    411.399994
3170    194.500000
3171    237.500000
3172    214.500000
3173    172.899994
3174    491.799988
3175    799.200012
3176    584.799988
3177    353.700012
3178    292.799988
3179    247.399994
3180    273.600006
3181    302.200012
3182    269.500000
3183    310.399994
3184    383.500000
3185    639.700012
3186    1073.000000
3187    930.000000
3188    607.799988
3189    735.200012
3190    555.700012
3191    363.700012
3192    477.799988
3193    455.500000
3194    522.700012
3195    470.700012
3196    314.200012
3197    282.299988
3198    270.799988
3199    258.200012
3200    240.000000
3201    233.300003
3202    203.300003
3203    182.000000
3204    180.399994
3205    175.100006
3206    164.699997
3207    165.300003
3208    164.000000
3209    175.300003
3210    175.100006
3211    162.199997
3212    161.699997
3213    159.100006
3214    152.899994
3215    148.800003
3216    180.399994
3217    307.600006
3218    959.200012
3219    1381.000000
3220    694.599976
3221    291.299988
3222    350.799988
3223    232.100006
3224    214.199997
3225    221.300003
3226    178.399994
3227    188.500000
3228    166.500000
3229    157.300003
3230    159.000000
3231    148.199997
3232    166.399994
3233    132.300003
3234    128.399994
3235    110.300003
3236    109.199997
3237    106.300003
3238    102.199997
3239    97.690002
3240    89.089996
3241    92.440002
3242    88.519997
3243    83.849998
3244    78.169998
3245    75.129997
3246    62.730000
3247    63.529999
3248    62.980000
3249    62.869999
3250    60.169998
3251    59.400002
3252    56.680000
3253    57.830002
3254    55.560001
3255    52.610001
3256    50.369999
3257    50.080002
3258    46.139999
3259    44.950001
3260    46.389999
3261    46.590000
3262    45.599998
3263    45.700001
3264    45.470001
3265    46.020000
3266    44.720001
3267    44.410000
3268    40.779999
3269    35.470001
3270    35.240002
3271    84.370003
3272    128.800003
3273    89.230003
3274    65.889999
3275    67.540001
3276    56.349998
3277    55.400002
3278    51.290001
3279    48.959999
3280    50.730000
3281    40.700001
3282    44.529999
3283    50.419998
3284    46.060001
3285    43.490002
3286    40.980000
3287    38.400002
