[ 2017-12-11T10:29:21+08:00 ] ::1 /wms/Public/qwadmin/js/ace/grid.locale-en.js
INFO: [ app_init ] --START--
INFO: Run Behavior\BuildLiteBehavior [ RunTime:0.000031s ]
INFO: [ app_init ] --END-- [ RunTime:0.000456s ]
ERR: 无法加载模块:Public



[ 2017-12-11T10:29:22+08:00 ] ::1 /wms/Public/qwadmin/js/ace/jquery.jqGrid.min.js
INFO: [ app_init ] --START--
INFO: Run Behavior\BuildLiteBehavior [ RunTime:0.000025s ]
INFO: [ app_init ] --END-- [ RunTime:0.000484s ]
ERR: 无法加载模块:Public

[ 2017-12-11T10:29:22+08:00 ] ::1 /wms/Public/qwadmin/js/ace/grid.locale-en.js
INFO: [ app_init ] --START--
INFO: Run Behavior\BuildLiteBehavior [ RunTime:0.000024s ]
INFO: [ app_init ] --END-- [ RunTime:0.000486s ]
ERR: 无法加载模块:Public

[ 2017-12-11T10:31:18+08:00 ] ::1 /wms/Public/qwadmin/js/ace/jquery.jqGrid.min.js
INFO: [ app_init ] --START--
INFO: Run Behavior\BuildLiteBehavior [ RunTime:0.000025s ]
INFO: [ app_init ] --END-- [ RunTime:0.000433s ]
ERR: 无法加载模块:Public

[ 2017-12-11T10:31:18+08:00 ] ::1 /wms/Public/qwadmin/js/ace/grid.locale-en.js
INFO: [ app_init ] --START--
INFO: Run Behavior\BuildLiteBehavior [ RunTime:0.000025s ]
INFO: [ app_init ] --END-- [ RunTime:0.000492s ]
ERR: 无法加载模块:Public

[ 2017-12-11T10:31:19+08:00 ] ::1 /wms/Public/qwadmin/js/ace/jquery.jqGrid.min.js
INFO: [ app_init ] --START--
INFO: Run Behavior\BuildLiteBehavior [ RunTime:0.000022s ]
INFO: [ app_init ] --END-- [ RunTime:0.000378s ]
ERR: 无法加载模块:Public

[ 2017-12-11T10:31:19+08:00 ] ::1 /wms/Public/qwadmin/js/ace/grid.locale-en.js
INFO: [ app_init ] --START--
INFO: Run Behavior\BuildLiteBehavior [ RunTime:0.000022s ]
INFO: [ app_init ] --END-- [ RunTime:0.000365s ]
ERR: 无法加载模块:Public

[ 2017-12-11T10:31:36+08:00 ] ::1 /wms/Public/qwadmin/js/ace/grid.locale-en.js
INFO: [ app_init ] --START--
INFO: Run Behavior\BuildLiteBehavior [ RunTime:0.000028s ]
INFO: [ app_init ] --END-- [ RunTime:0.000398s ]
ERR: 无法加载模块:Public

[ 2017-12-11T10:31:36+08:00 ] ::1 /wms/Public/qwadmin/js/ace/jquery.jqGrid.min.js
INFO: [ app_init ] --START--
INFO: Run Behavior\BuildLiteBehavior [ RunTime:0.000039s ]
INFO: [ app_init ] --END-- [ RunTime:0.000419s ]
ERR: 无法加载模块:Public

[ 2017-12-11T10:31:37+08:00 ] ::1 /wms/Public/qwadmin/js/ace/jquery.jqGrid.min.js
INFO: [ app_init ] --START--
INFO: Run Behavior\BuildLiteBehavior [ RunTime:0.000024s ]
INFO: [ app_init ] --END-- [ RunTime:0.000355s ]
ERR: 无法加载模块:Public

[ 2017-12-11T10:31:37+08:00 ] ::1 /wms/Public/qwadmin/js/ace/grid.locale-en.js
INFO: [ app_init ] --START--
INFO: Run Behavior\BuildLiteBehavior [ RunTime:0.000049s ]
INFO: [ app_init ] --END-- [ RunTime:0.000481s ]
ERR: 无法加载模块:Public

[ 2017-12-11T16:00:43+08:00 ] ::1 /wms/Public/qwadmin/js/bootstrap-datepicker.min.js
INFO: [ app_init ] --START--
INFO: Run Behavior\BuildLiteBehavior [ RunTime:0.000026s ]
INFO: [ app_init ] --END-- [ RunTime:0.000363s ]
ERR: 无法加载模块:Public

[ 2017-12-11T16:00:44+08:00 ] ::1 /wms/Public/qwadmin/js/bootstrap-datepicker.min.js
INFO: [ app_init ] --START--
INFO: Run Behavior\BuildLiteBehavior [ RunTime:0.000061s ]
INFO: [ app_init ] --END-- [ RunTime:0.000492s ]
ERR: 无法加载模块:Public

[ 2017-12-11T16:01:58+08:00 ] ::1 /wms/Public/qwadmin/js/bootstrap-datepicker.js
INFO: [ app_init ] --START--
INFO: Run Behavior\BuildLiteBehavior [ RunTime:0.000023s ]
INFO: [ app_init ] --END-- [ RunTime:0.000389s ]
ERR: 无法加载模块:Public

[ 2017-12-11T16:01:58+08:00 ] ::1 /wms/Public/qwadmin/js/bootstrap-datepicker.js
INFO: [ app_init ] --START--
INFO: Run Behavior\BuildLiteBehavior [ RunTime:0.000059s ]
INFO: [ app_init ] --END-- [ RunTime:0.000812s ]
ERR: 无法加载模块:Public

