[ 2018-01-02T10:43:16+08:00 ] ::1 /wms/Public/qwadmin/js/function.js
INFO: [ app_init ] --START--
INFO: Run Behavior\BuildLiteBehavior [ RunTime:0.000025s ]
INFO: [ app_init ] --END-- [ RunTime:0.000367s ]
ERR: 无法加载模块:Public

[ 2018-01-02T10:45:59+08:00 ] ::1 /wms/Public/qwadmin/js/function.js
INFO: [ app_init ] --START--
INFO: Run Behavior\BuildLiteBehavior [ RunTime:0.000026s ]
INFO: [ app_init ] --END-- [ RunTime:0.000582s ]
ERR: 无法加载模块:Public

[ 2018-01-02T10:45:59+08:00 ] ::1 /wms/Public/qwadmin/js/function.js
INFO: [ app_init ] --START--
INFO: Run Behavior\BuildLiteBehavior [ RunTime:0.000022s ]
INFO: [ app_init ] --END-- [ RunTime:0.000341s ]
ERR: 无法加载模块:Public

[ 2018-01-02T10:53:40+08:00 ] ::1 /wms/wms/Public/attached/2018/01/02/5a4af434b24ae.JPG
INFO: [ app_init ] --START--
INFO: Run Behavior\BuildLiteBehavior [ RunTime:0.000044s ]
INFO: [ app_init ] --END-- [ RunTime:0.000528s ]
ERR: 无法加载模块:Wms

[ 2018-01-02T11:12:56+08:00 ] ::1 /wms/Public/qwadmin/js/bootstrap.min.js
INFO: [ app_init ] --START--
INFO: Run Behavior\BuildLiteBehavior [ RunTime:0.000029s ]
INFO: [ app_init ] --END-- [ RunTime:0.000405s ]
ERR: 无法加载模块:Public

[ 2018-01-02T11:12:56+08:00 ] ::1 /wms/Public/qwadmin/js/ace-elements.min.js
INFO: [ app_init ] --START--
INFO: Run Behavior\BuildLiteBehavior [ RunTime:0.000023s ]
INFO: [ app_init ] --END-- [ RunTime:0.000370s ]
ERR: 无法加载模块:Public

[ 2018-01-02T11:12:56+08:00 ] ::1 /wms/Public/qwadmin/js/dropzone.min.js
INFO: [ app_init ] --START--
INFO: Run Behavior\BuildLiteBehavior [ RunTime:0.000022s ]
INFO: [ app_init ] --END-- [ RunTime:0.000379s ]
ERR: 无法加载模块:Public

[ 2018-01-02T11:12:56+08:00 ] ::1 /wms/Public/qwadmin/js/ace.min.js
INFO: [ app_init ] --START--
INFO: Run Behavior\BuildLiteBehavior [ RunTime:0.000022s ]
INFO: [ app_init ] --END-- [ RunTime:0.000322s ]
ERR: 无法加载模块:Public

[ 2018-01-02T11:12:56+08:00 ] ::1 /wms/Public/qwadmin/js/bootstrap.min.js
INFO: [ app_init ] --START--
INFO: Run Behavior\BuildLiteBehavior [ RunTime:0.000021s ]
INFO: [ app_init ] --END-- [ RunTime:0.000370s ]
ERR: 无法加载模块:Public

[ 2018-01-02T11:12:56+08:00 ] ::1 /wms/Public/qwadmin/js/dropzone.min.js
INFO: [ app_init ] --START--
INFO: Run Behavior\BuildLiteBehavior [ RunTime:0.000060s ]
INFO: [ app_init ] --END-- [ RunTime:0.000517s ]
ERR: 无法加载模块:Public

[ 2018-01-02T11:12:56+08:00 ] ::1 /wms/Public/qwadmin/js/ace-elements.min.js
INFO: [ app_init ] --START--
INFO: Run Behavior\BuildLiteBehavior [ RunTime:0.000022s ]
INFO: [ app_init ] --END-- [ RunTime:0.000325s ]
ERR: 无法加载模块:Public

[ 2018-01-02T11:12:56+08:00 ] ::1 /wms/Public/qwadmin/js/ace.min.js
INFO: [ app_init ] --START--
INFO: Run Behavior\BuildLiteBehavior [ RunTime:0.000021s ]
INFO: [ app_init ] --END-- [ RunTime:0.000351s ]
ERR: 无法加载模块:Public

[ 2018-01-02T12:32:02+08:00 ] ::1 /wms/Public/qwadmin/js/function.js
INFO: [ app_init ] --START--
INFO: Run Behavior\BuildLiteBehavior [ RunTime:0.000027s ]
INFO: [ app_init ] --END-- [ RunTime:0.000442s ]
ERR: 无法加载模块:Public

[ 2018-01-02T12:32:03+08:00 ] ::1 /wms/Public/qwadmin/js/function.js
INFO: [ app_init ] --START--
INFO: Run Behavior\BuildLiteBehavior [ RunTime:0.000028s ]
INFO: [ app_init ] --END-- [ RunTime:0.000405s ]
ERR: 无法加载模块:Public

[ 2018-01-02T12:50:26+08:00 ] ::1 /wms/Public/qwadmin/js/function.js
INFO: [ app_init ] --START--
INFO: Run Behavior\BuildLiteBehavior [ RunTime:0.000025s ]
INFO: [ app_init ] --END-- [ RunTime:0.000447s ]
ERR: 无法加载模块:Public

[ 2018-01-02T12:50:27+08:00 ] ::1 /wms/Public/qwadmin/js/function.js
INFO: [ app_init ] --START--
INFO: Run Behavior\BuildLiteBehavior [ RunTime:0.000026s ]
INFO: [ app_init ] --END-- [ RunTime:0.000360s ]
ERR: 无法加载模块:Public

