  icode   ic inum1 inum2 inum3   subed  recmonps reccnstps  flow(m^3)   sed(t)      orgn(kg)    orgp(kg)    nitrate(kg) sol.p(kg)   sol.pst(mg) sor.pst(mg)
       1        1        1        0        0        0                         0.2591E+09  0.3707E+05  0.1397E+06  0.2076E+05  0.3556E+06  0.1348E+04  0.0000E+00  0.0000E+00
       1        2        2        0        0        0                         0.4520E+09  0.7258E+05  0.2444E+06  0.3903E+05  0.9947E+06  0.2775E+04  0.0000E+00  0.0000E+00
       1        3        3        0        0        0                         0.6572E+09  0.2712E+06  0.7656E+06  0.1088E+06  0.9092E+06  0.3838E+04  0.0000E+00  0.0000E+00
       1        4        4        0        0        0                         0.7716E+09  0.4107E+06  0.7164E+06  0.1135E+06  0.1325E+07  0.6636E+04  0.0000E+00  0.0000E+00
       1        5        5        0        0        0                         0.3177E+09  0.1150E+06  0.1159E+06  0.2186E+05  0.4663E+06  0.2770E+04  0.0000E+00  0.0000E+00
       1        6        6        0        0        0                         0.2562E+09  0.1772E+06  0.1943E+06  0.3539E+05  0.3535E+06  0.2353E+04  0.0000E+00  0.0000E+00
       1        7        7        0        0        0                         0.5874E+09  0.2159E+06  0.2792E+06  0.4543E+05  0.5215E+06  0.3798E+04  0.0000E+00  0.0000E+00
       1        8        8        0        0        0                         0.8375E+09  0.4050E+06  0.9481E+06  0.1356E+06  0.1362E+07  0.7455E+04  0.0000E+00  0.0000E+00
       1        9        9        0        0        0                         0.2600E+09  0.5910E+05  0.2539E+06  0.3707E+05  0.5426E+06  0.2542E+04  0.0000E+00  0.0000E+00
       1       10       10        0        0        0                         0.5760E+09  0.1160E+06  0.1677E+05  0.1087E+05  0.3144E+06  0.5908E+04  0.0000E+00  0.0000E+00
       1       11       11        0        0        0                         0.1335E+10  0.2893E+06  0.4189E+05  0.2675E+05  0.7162E+06  0.1304E+05  0.0000E+00  0.0000E+00
       1       12       12        0        0        0                         0.6331E+09  0.2936E+06  0.1209E+07  0.1698E+06  0.1340E+07  0.4909E+04  0.0000E+00  0.0000E+00
       1       13       13        0        0        0                         0.5063E+09  0.5502E+05  0.6502E+05  0.1626E+05  0.9878E+06  0.5711E+04  0.0000E+00  0.0000E+00
       1       14       14        0        0        0                         0.5783E+09  0.1829E+06  0.5336E+05  0.1948E+05  0.8684E+06  0.5597E+04  0.0000E+00  0.0000E+00
       1       15       15        0        0        0                         0.1642E+09  0.3137E+05  0.9885E+04  0.3810E+04  0.3771E+06  0.2632E+04  0.0000E+00  0.0000E+00
       1       16       16        0        0        0                         0.1211E+10  0.3239E+06  0.8725E+06  0.1267E+06  0.1764E+07  0.9803E+04  0.0000E+00  0.0000E+00
       1       17       17        0        0        0                         0.3261E+09  0.1310E+06  0.2264E+06  0.3729E+05  0.4548E+06  0.2124E+04  0.0000E+00  0.0000E+00
       1       18       18        0        0        0                         0.2761E+09  0.3019E+05  0.1487E+05  0.6825E+04  0.7708E+06  0.2177E+04  0.0000E+00  0.0000E+00
       1       19       19        0        0        0                         0.2859E+09  0.9539E+05  0.7735E+05  0.1488E+05  0.3658E+06  0.3272E+04  0.0000E+00  0.0000E+00
       1       20       20        0        0        0                         0.8451E+09  0.3286E+06  0.5607E+05  0.3184E+05  0.1518E+07  0.8698E+04  0.0000E+00  0.0000E+00
       1       21       21        0        0        0                         0.2653E+09  0.4230E+05  0.1844E+06  0.2559E+05  0.3701E+06  0.1792E+04  0.0000E+00  0.0000E+00
       1       22       22        0        0        0                         0.8022E+08  0.1709E+05  0.2882E+04  0.1336E+04  0.1436E+06  0.9021E+03  0.0000E+00  0.0000E+00
       1       23       23        0        0        0                         0.2871E+08  0.1862E+05  0.4460E+04  0.1493E+04  0.6162E+05  0.3222E+03  0.0000E+00  0.0000E+00
       1       24       24        0        0        0                         0.2958E+08  0.2212E+05  0.4387E+04  0.1759E+04  0.6379E+05  0.3141E+03  0.0000E+00  0.0000E+00
       1       25       25        0        0        0                         0.6155E+07  0.1463E+04  0.3789E+03  0.1138E+03  0.1333E+05  0.8998E+02  0.0000E+00  0.0000E+00
       1       26       26        0        0        0                         0.4540E+09  0.1978E+06  0.6640E+05  0.1912E+05  0.4706E+06  0.5471E+04  0.0000E+00  0.0000E+00
       1       27       27        0        0        0                         0.4694E+09  0.6363E+05  0.4133E+05  0.1069E+05  0.3622E+06  0.5283E+04  0.0000E+00  0.0000E+00
       1       28       28        0        0        0                         0.6657E+09  0.7293E+05  0.1692E+05  0.9624E+04  0.4370E+06  0.6743E+04  0.0000E+00  0.0000E+00
       1       29       29        0        0        0                         0.4104E+09  0.9536E+05  0.1101E+05  0.7630E+04  0.5420E+06  0.4820E+04  0.0000E+00  0.0000E+00
       1       30       30        0        0        0                         0.1656E+09  0.2997E+05  0.1445E+05  0.4014E+04  0.2214E+06  0.1945E+04  0.0000E+00  0.0000E+00
       1       31       31        0        0        0                         0.9673E+09  0.4893E+06  0.7501E+06  0.1301E+06  0.1891E+07  0.8085E+04  0.0000E+00  0.0000E+00
       1       32       32        0        0        0                         0.3030E+09  0.1427E+06  0.4819E+05  0.1297E+05  0.5632E+06  0.3429E+04  0.0000E+00  0.0000E+00
       1       33       33        0        0        0                         0.7246E+09  0.5245E+06  0.7551E+06  0.1209E+06  0.1683E+07  0.5991E+04  0.0000E+00  0.0000E+00
       1       34       34        0        0        0                         0.7324E+09  0.1496E+06  0.5493E+05  0.2397E+05  0.1161E+07  0.7417E+04  0.0000E+00  0.0000E+00
       1       35       35        0        0        0                         0.1148E+09  0.2552E+05  0.8278E+05  0.1114E+05  0.1111E+06  0.8595E+03  0.0000E+00  0.0000E+00
       1       36       36        0        0        0                         0.4187E+09  0.9531E+05  0.1464E+06  0.2496E+05  0.7316E+06  0.5341E+04  0.0000E+00  0.0000E+00
       1       37       37        0        0        0                         0.6134E+09  0.4371E+05  0.1636E+06  0.2739E+05  0.1198E+07  0.4625E+04  0.0000E+00  0.0000E+00
       1       38       38        0        0        0                         0.3742E+09  0.1894E+06  0.3467E+05  0.1814E+05  0.3134E+06  0.3717E+04  0.0000E+00  0.0000E+00
       1       39       39        0        0        0                         0.1137E+09  0.6603E+04  0.1037E+05  0.1933E+04  0.9376E+05  0.9819E+03  0.0000E+00  0.0000E+00
       1       40       40        0        0        0                         0.3750E+09  0.2311E+05  0.4854E+05  0.8542E+04  0.2374E+06  0.2109E+04  0.0000E+00  0.0000E+00
       1       41       41        0        0        0                         0.2174E+09  0.5538E+05  0.2491E+06  0.3785E+05  0.4125E+06  0.1767E+04  0.0000E+00  0.0000E+00
       1       42       42        0        0        0                         0.4380E+09  0.5298E+05  0.3978E+05  0.1002E+05  0.7674E+06  0.3884E+04  0.0000E+00  0.0000E+00
       1       43       43        0        0        0                         0.3816E+09  0.7510E+05  0.1541E+06  0.2647E+05  0.7864E+06  0.3596E+04  0.0000E+00  0.0000E+00
       1       44       44        0        0        0                         0.5258E+09  0.1752E+06  0.6503E+05  0.2245E+05  0.1159E+07  0.5118E+04  0.0000E+00  0.0000E+00
       1       45       45        0        0        0                         0.2693E+09  0.3823E+05  0.3169E+05  0.7965E+04  0.7815E+06  0.2874E+04  0.0000E+00  0.0000E+00
       1       46       46        0        0        0                         0.6975E+09  0.9188E+05  0.1766E+05  0.1031E+05  0.4037E+06  0.5622E+04  0.0000E+00  0.0000E+00
       1       47       47        0        0        0                         0.3234E+09  0.4390E+05  0.1987E+05  0.5879E+04  0.2485E+06  0.2373E+04  0.0000E+00  0.0000E+00
       1       48       48        0        0        0                         0.7116E+09  0.3432E+05  0.9008E+05  0.1792E+05  0.1376E+07  0.5182E+04  0.0000E+00  0.0000E+00
       1       49       49        0        0        0                         0.4876E+09  0.7438E+05  0.1984E+06  0.3307E+05  0.1252E+07  0.5030E+04  0.0000E+00  0.0000E+00
       1       50       50        0        0        0                         0.1014E+09  0.3282E+04  0.8570E+03  0.4973E+03  0.3352E+05  0.4372E+03  0.0000E+00  0.0000E+00
       1       51       51        0        0        0                         0.4711E+09  0.1354E+06  0.5992E+06  0.8150E+05  0.1812E+07  0.5214E+04  0.0000E+00  0.0000E+00
       1       52       52        0        0        0                         0.4608E+09  0.1003E+06  0.5138E+06  0.7105E+05  0.1391E+07  0.4849E+04  0.0000E+00  0.0000E+00
       1       53       53        0        0        0                         0.1959E+09  0.2651E+05  0.1221E+05  0.3551E+04  0.4147E+06  0.2016E+04  0.0000E+00  0.0000E+00
       1       54       54        0        0        0                         0.3898E+08  0.1194E+04  0.1343E+04  0.4810E+03  0.9595E+05  0.6631E+03  0.0000E+00  0.0000E+00
       1       55       55        0        0        0                         0.2617E+09  0.7908E+05  0.1494E+05  0.7947E+04  0.3957E+06  0.3080E+04  0.0000E+00  0.0000E+00
       1       56       56        0        0        0                         0.9052E+08  0.1225E+05  0.2320E+04  0.1380E+04  0.2102E+06  0.1271E+04  0.0000E+00  0.0000E+00
       1       57       57        0        0        0                         0.9380E+09  0.2390E+06  0.3887E+06  0.6372E+05  0.1495E+07  0.8318E+04  0.0000E+00  0.0000E+00
       1       58       58        0        0        0                         0.6836E+08  0.1631E+05  0.6471E+04  0.1816E+04  0.6648E+05  0.4902E+03  0.0000E+00  0.0000E+00
       1       59       59        0        0        0                         0.3284E+09  0.2630E+05  0.5275E+04  0.3137E+04  0.3873E+06  0.3324E+04  0.0000E+00  0.0000E+00
       1       60       60        0        0        0                         0.2072E+09  0.1510E+05  0.3675E+04  0.2132E+04  0.2171E+06  0.1823E+04  0.0000E+00  0.0000E+00
       1       61       61        0        0        0                         0.3515E+09  0.4215E+05  0.3338E+06  0.4510E+05  0.8504E+06  0.2064E+04  0.0000E+00  0.0000E+00
       1       62       62        0        0        0                         0.3064E+09  0.7368E+05  0.1436E+05  0.8077E+04  0.6154E+06  0.4005E+04  0.0000E+00  0.0000E+00
       1       63       63        0        0        0                         0.1248E+09  0.1058E+05  0.5671E+04  0.1858E+04  0.1351E+06  0.1234E+04  0.0000E+00  0.0000E+00
       1       64       64        0        0        0                         0.6771E+08  0.5573E+04  0.3284E+04  0.1199E+04  0.1215E+06  0.4646E+03  0.0000E+00  0.0000E+00
       1       65       65        0        0        0                         0.3865E+09  0.1486E+06  0.3178E+05  0.1726E+05  0.8343E+06  0.4557E+04  0.0000E+00  0.0000E+00
       1       66       66        0        0        0                         0.8974E+08  0.6903E+03  0.1720E+04  0.6958E+03  0.2629E+06  0.8910E+03  0.0000E+00  0.0000E+00
       1       67       67        0        0        0                         0.8365E+09  0.9342E+05  0.3422E+05  0.1651E+05  0.1909E+07  0.1036E+05  0.0000E+00  0.0000E+00
       1       68       68        0        0        0                         0.1037E+10  0.4741E+05  0.2761E+05  0.1116E+05  0.1617E+07  0.5098E+04  0.0000E+00  0.0000E+00
       1       69       69        0        0        0                         0.2828E+09  0.7636E+05  0.1359E+05  0.7441E+04  0.3639E+06  0.2461E+04  0.0000E+00  0.0000E+00
       1       70       70        0        0        0                         0.9498E+09  0.2617E+06  0.1355E+06  0.3665E+05  0.1643E+07  0.1002E+05  0.0000E+00  0.0000E+00
       1       71       71        0        0        0                         0.5602E+09  0.1375E+06  0.5814E+05  0.1676E+05  0.5343E+06  0.4039E+04  0.0000E+00  0.0000E+00
       1       72       72        0        0        0                         0.2929E+09  0.1202E+05  0.4838E+04  0.2550E+04  0.8272E+06  0.3914E+04  0.0000E+00  0.0000E+00
       1       73       73        0        0        0                         0.3497E+09  0.4732E+05  0.3054E+05  0.1006E+05  0.8593E+06  0.4007E+04  0.0000E+00  0.0000E+00
       1       74       74        0        0        0                         0.3353E+09  0.3260E+05  0.1045E+05  0.5289E+04  0.4714E+06  0.2873E+04  0.0000E+00  0.0000E+00
       1       75       75        0        0        0                         0.3307E+09  0.2536E+05  0.1051E+05  0.5607E+04  0.7052E+06  0.2836E+04  0.0000E+00  0.0000E+00
       1       76       76        0        0        0                         0.5996E+07  0.3994E+03  0.5717E+03  0.1802E+03  0.3240E+04  0.4927E+02  0.0000E+00  0.0000E+00
       1       77       77        0        0        0                         0.1434E+09  0.9918E+04  0.4735E+04  0.2405E+04  0.3942E+06  0.2119E+04  0.0000E+00  0.0000E+00
       1       78       78        0        0        0                         0.3890E+09  0.4575E+05  0.4322E+05  0.1253E+05  0.7339E+06  0.2841E+04  0.0000E+00  0.0000E+00
       1       79       79        0        0        0                         0.2984E+09  0.2428E+05  0.1917E+05  0.5121E+04  0.8746E+06  0.3310E+04  0.0000E+00  0.0000E+00
       1       80       80        0        0        0                         0.9148E+09  0.1767E+06  0.4180E+05  0.2336E+05  0.1745E+07  0.6641E+04  0.0000E+00  0.0000E+00
       1       81       81        0        0        0                         0.5504E+09  0.1053E+06  0.4820E+05  0.1506E+05  0.8335E+06  0.3709E+04  0.0000E+00  0.0000E+00
       1       82       82        0        0        0                         0.6550E+09  0.8527E+05  0.2069E+05  0.1166E+05  0.1388E+07  0.8644E+04  0.0000E+00  0.0000E+00
       1       83       83        0        0        0                         0.1265E+10  0.1876E+06  0.3084E+05  0.1902E+05  0.1451E+07  0.1535E+05  0.0000E+00  0.0000E+00
       1       84       84        0        0        0                         0.9988E+07  0.4011E+03  0.6293E+03  0.1524E+03  0.3897E+05  0.2358E+03  0.0000E+00  0.0000E+00
       1       85       85        0        0        0                         0.3300E+09  0.3189E+05  0.4786E+05  0.8792E+04  0.4828E+06  0.3619E+04  0.0000E+00  0.0000E+00
       1       86       86        0        0        0                         0.3508E+09  0.8761E+05  0.3543E+06  0.4958E+05  0.5827E+06  0.3211E+04  0.0000E+00  0.0000E+00
       1       87       87        0        0        0                         0.6813E+09  0.7074E+05  0.2655E+05  0.1406E+05  0.1857E+07  0.1301E+05  0.0000E+00  0.0000E+00
       1       88       88        0        0        0                         0.4361E+08  0.7166E+04  0.6637E+04  0.1681E+04  0.1969E+06  0.4561E+03  0.0000E+00  0.0000E+00
       1       89       89        0        0        0                         0.5608E+09  0.1288E+06  0.6434E+05  0.1949E+05  0.1060E+07  0.5105E+04  0.0000E+00  0.0000E+00
       1       90       90        0        0        0                         0.4731E+09  0.4292E+05  0.3293E+05  0.9688E+04  0.1354E+07  0.5133E+04  0.0000E+00  0.0000E+00
       1       91       91        0        0        0                         0.8753E+08  0.1812E+05  0.1095E+05  0.3641E+04  0.2164E+06  0.9898E+03  0.0000E+00  0.0000E+00
       1       92       92        0        0        0                         0.6224E+08  0.1535E+05  0.5446E+04  0.2576E+04  0.1046E+06  0.6747E+03  0.0000E+00  0.0000E+00
       1       93       93        0        0        0                         0.5534E+08  0.7653E+04  0.3287E+04  0.1407E+04  0.9628E+05  0.5329E+03  0.0000E+00  0.0000E+00
       1       94       94        0        0        0                         0.3136E+09  0.2242E+05  0.1024E+05  0.5338E+04  0.4034E+06  0.2645E+04  0.0000E+00  0.0000E+00
       1       95       95        0        0        0                         0.3598E+09  0.1739E+05  0.1391E+05  0.5027E+04  0.8167E+06  0.4272E+04  0.0000E+00  0.0000E+00
       1       96       96        0        0        0                         0.1412E+10  0.3092E+06  0.9306E+06  0.1472E+06  0.3178E+07  0.1132E+05  0.0000E+00  0.0000E+00
       1       97       97        0        0        0                         0.5743E+09  0.1061E+06  0.2380E+05  0.1275E+05  0.1214E+07  0.6752E+04  0.0000E+00  0.0000E+00
       1       98       98        0        0        0                         0.2107E+10  0.3430E+06  0.7544E+05  0.4308E+05  0.3011E+07  0.1982E+05  0.0000E+00  0.0000E+00
       1       99       99        0        0        0                         0.1204E+10  0.1718E+06  0.2691E+06  0.4932E+05  0.1211E+07  0.1192E+05  0.0000E+00  0.0000E+00
       2      100        1        1        0        0                         0.2590E+09  0.3688E+05  0.1118E+06  0.1400E+05  0.3499E+06  0.3050E+04  0.0000E+00  0.0000E+00
       5      101        5      100        0        0                         0.5767E+09  0.1519E+06  0.2277E+06  0.3586E+05  0.8162E+06  0.5819E+04  0.0000E+00  0.0000E+00
       2      102        2        2        0        0                         0.4518E+09  0.7157E+05  0.2136E+06  0.2972E+05  0.9565E+06  0.6140E+04  0.0000E+00  0.0000E+00
       5      103      101      102        0        0                         0.1029E+10  0.2235E+06  0.4413E+06  0.6557E+05  0.1773E+07  0.1196E+05  0.0000E+00  0.0000E+00
       2      104        5      103        0        0                         0.1027E+10  0.2035E+06  0.3713E+06  0.4708E+05  0.1737E+07  0.1954E+05  0.0000E+00  0.0000E+00
       5      105        7      104        0        0                         0.1614E+10  0.4194E+06  0.6505E+06  0.9251E+05  0.2258E+07  0.2334E+05  0.0000E+00  0.0000E+00
       2      106        3        3        0        0                         0.6558E+09  0.2549E+06  0.6002E+06  0.7230E+05  0.8834E+06  0.9921E+04  0.0000E+00  0.0000E+00
       5      107        6      106        0        0                         0.9120E+09  0.4321E+06  0.7945E+06  0.1077E+06  0.1237E+07  0.1227E+05  0.0000E+00  0.0000E+00
       2      108        4        4        0        0                         0.7702E+09  0.3872E+06  0.5397E+06  0.6953E+05  0.1294E+07  0.1870E+05  0.0000E+00  0.0000E+00
       5      109      107      108        0        0                         0.1682E+10  0.8193E+06  0.1334E+07  0.1772E+06  0.2531E+07  0.3098E+05  0.0000E+00  0.0000E+00
       2      110        6      109        0        0                         0.1680E+10  0.7411E+06  0.1071E+07  0.1220E+06  0.2445E+07  0.5406E+05  0.0000E+00  0.0000E+00
       5      111       26      110        0        0                         0.2134E+10  0.9390E+06  0.1137E+07  0.1411E+06  0.2916E+07  0.5953E+05  0.0000E+00  0.0000E+00
       2      112        8        8        0        0                         0.8351E+09  0.3758E+06  0.7152E+06  0.8421E+05  0.1330E+07  0.1990E+05  0.0000E+00  0.0000E+00
       5      113       21      112        0        0                         0.1100E+10  0.4181E+06  0.8996E+06  0.1098E+06  0.1700E+07  0.2170E+05  0.0000E+00  0.0000E+00
       2      114        9        9        0        0                         0.2598E+09  0.5759E+05  0.2150E+06  0.2724E+05  0.5098E+06  0.4742E+04  0.0000E+00  0.0000E+00
       5      115      111      114        0        0                         0.2394E+10  0.9966E+06  0.1352E+07  0.1683E+06  0.3425E+07  0.6428E+05  0.0000E+00  0.0000E+00
       2      116       26      115        0        0                         0.2388E+10  0.8725E+06  0.1049E+07  0.1106E+06  0.3389E+07  0.9413E+05  0.0000E+00  0.0000E+00
       5      117       30      116        0        0                         0.2554E+10  0.9025E+06  0.1064E+07  0.1146E+06  0.3610E+07  0.9607E+05  0.0000E+00  0.0000E+00
       7      118        1        0        0        0       10p               0.3632E+10  0.0000E+00  0.1816E+06  0.0000E+00  0.1089E+07  0.0000E+00  0.0000E+00  0.0000E+00
       5      119       10      118        0        0                         0.4208E+10  0.1160E+06  0.1984E+06  0.1087E+05  0.1404E+07  0.5908E+04  0.0000E+00  0.0000E+00
       2      120       10      119        0        0                         0.4206E+10  0.1098E+06  0.1546E+06  0.8051E+04  0.1393E+07  0.8008E+04  0.0000E+00  0.0000E+00
       5      121       15      120        0        0                         0.4370E+10  0.1412E+06  0.1645E+06  0.1186E+05  0.1770E+07  0.1064E+05  0.0000E+00  0.0000E+00
       2      122       11       11        0        0                         0.1332E+10  0.2611E+06  0.3846E+05  0.1737E+05  0.6980E+06  0.1835E+05  0.0000E+00  0.0000E+00
       5      123      121      122        0        0                         0.5702E+10  0.4023E+06  0.2030E+06  0.2923E+05  0.2468E+07  0.2899E+05  0.0000E+00  0.0000E+00
       2      124       15      123        0        0                         0.5701E+10  0.3833E+06  0.1853E+06  0.2399E+05  0.2424E+07  0.3343E+05  0.0000E+00  0.0000E+00
       5      125       27      124        0        0                         0.6171E+10  0.4469E+06  0.2267E+06  0.3467E+05  0.2787E+07  0.3871E+05  0.0000E+00  0.0000E+00
       2      126       12       12        0        0                         0.6322E+09  0.2760E+06  0.9183E+06  0.1047E+06  0.1298E+07  0.1517E+05  0.0000E+00  0.0000E+00
       5      127       18      126        0        0                         0.9083E+09  0.3062E+06  0.9332E+06  0.1116E+06  0.2069E+07  0.1735E+05  0.0000E+00  0.0000E+00
       2      128       13       13        0        0                         0.5060E+09  0.5266E+05  0.7211E+05  0.1523E+05  0.9297E+06  0.7080E+04  0.0000E+00  0.0000E+00
       5      129      127      128        0        0                         0.1414E+10  0.3588E+06  0.1005E+07  0.1268E+06  0.2999E+07  0.2443E+05  0.0000E+00  0.0000E+00
       2      130       18      129        0        0                         0.1413E+10  0.3155E+06  0.8061E+06  0.8667E+05  0.2886E+07  0.5087E+05  0.0000E+00  0.0000E+00
       5      131       31      130        0        0                         0.2380E+10  0.8048E+06  0.1556E+07  0.2167E+06  0.4777E+07  0.5896E+05  0.0000E+00  0.0000E+00
       2      132       14       14        0        0                         0.5777E+09  0.1722E+06  0.5723E+05  0.1564E+05  0.8264E+06  0.8796E+04  0.0000E+00  0.0000E+00
       5      133      125      132        0        0                         0.6748E+10  0.6191E+06  0.2839E+06  0.5032E+05  0.3613E+07  0.4751E+05  0.0000E+00  0.0000E+00
       7      134        2        0        0        0       27p               0.0000E+00  0.0000E+00  0.0000E+00  0.0000E+00  0.0000E+00  0.0000E+00  0.0000E+00  0.0000E+00
       5      135      133      134        0        0                         0.6748E+10  0.6191E+06  0.2839E+06  0.5032E+05  0.3613E+07  0.4751E+05  0.0000E+00  0.0000E+00
       2      136       27      135        0        0                         0.6744E+10  0.5814E+06  0.2445E+06  0.3740E+05  0.3575E+07  0.6173E+05  0.0000E+00  0.0000E+00
       5      137       35      136        0        0                         0.6859E+10  0.6069E+06  0.3273E+06  0.4853E+05  0.3686E+07  0.6259E+05  0.0000E+00  0.0000E+00
       2      138       16       16        0        0                         0.1208E+10  0.2894E+06  0.6742E+06  0.8147E+05  0.1722E+07  0.2213E+05  0.0000E+00  0.0000E+00
       5      139      105      138        0        0                         0.2822E+10  0.7087E+06  0.1325E+07  0.1740E+06  0.3981E+07  0.4547E+05  0.0000E+00  0.0000E+00
       2      140        7      139        0        0                         0.2818E+10  0.6622E+06  0.9957E+06  0.1081E+06  0.3948E+07  0.6995E+05  0.0000E+00  0.0000E+00
       5      141      113      140        0        0                         0.3918E+10  0.1080E+07  0.1895E+07  0.2179E+06  0.5648E+07  0.9164E+05  0.0000E+00  0.0000E+00
       2      142       21      141        0        0                         0.3914E+10  0.9816E+06  0.1461E+07  0.1425E+06  0.5566E+07  0.1245E+06  0.0000E+00  0.0000E+00
       5      143       23      142        0        0                         0.3943E+10  0.1000E+07  0.1465E+07  0.1440E+06  0.5627E+07  0.1248E+06  0.0000E+00  0.0000E+00
       2      144       17       17        0        0                         0.3261E+09  0.1297E+06  0.1817E+06  0.2476E+05  0.4375E+06  0.5620E+04  0.0000E+00  0.0000E+00
       5      145      131      144        0        0                         0.2706E+10  0.9345E+06  0.1738E+07  0.2415E+06  0.5214E+07  0.6458E+05  0.0000E+00  0.0000E+00
       2      146       31      145        0        0                         0.2699E+10  0.7747E+06  0.1395E+07  0.1631E+06  0.4963E+07  0.1243E+06  0.0000E+00  0.0000E+00
       5      147       34      146        0        0                         0.3431E+10  0.9243E+06  0.1450E+07  0.1871E+06  0.6124E+07  0.1317E+06  0.0000E+00  0.0000E+00
       2      148       19       19        0        0                         0.2855E+09  0.9177E+05  0.6444E+05  0.1062E+05  0.3524E+06  0.3221E+04  0.0000E+00  0.0000E+00
       5      149       25      148        0        0                         0.2917E+09  0.9324E+05  0.6482E+05  0.1074E+05  0.3658E+06  0.3311E+04  0.0000E+00  0.0000E+00
       2      150       20       20        0        0                         0.8438E+09  0.2878E+06  0.8402E+05  0.2899E+05  0.1386E+07  0.1375E+05  0.0000E+00  0.0000E+00
       5      151      147      150        0        0                         0.4275E+10  0.1212E+07  0.1534E+07  0.2161E+06  0.7510E+07  0.1454E+06  0.0000E+00  0.0000E+00
       2      152       34      151        0        0                         0.4270E+10  0.1038E+07  0.1310E+07  0.1617E+06  0.7252E+07  0.1983E+06  0.0000E+00  0.0000E+00
       5      153       46      152        0        0                         0.4967E+10  0.1130E+07  0.1328E+07  0.1720E+06  0.7656E+07  0.2039E+06  0.0000E+00  0.0000E+00
       2      154       28       28        0        0                         0.6644E+09  0.6773E+05  0.1954E+05  0.7450E+04  0.4211E+06  0.8930E+04  0.0000E+00  0.0000E+00
       5      155      137      154        0        0                         0.7523E+10  0.6746E+06  0.3468E+06  0.5598E+05  0.4107E+07  0.7152E+05  0.0000E+00  0.0000E+00
       2      156       35      155        0        0                         0.7521E+10  0.6546E+06  0.2635E+06  0.3463E+05  0.4094E+07  0.9007E+05  0.0000E+00  0.0000E+00
       5      157      153      156        0        0                         0.1249E+11  0.1785E+07  0.1591E+07  0.2067E+06  0.1175E+08  0.2940E+06  0.0000E+00  0.0000E+00
       2      158       46      157        0        0                         0.1248E+11  0.1633E+07  0.1190E+07  0.1273E+06  0.1169E+08  0.3617E+06  0.0000E+00  0.0000E+00
       5      159       50      158        0        0                         0.1258E+11  0.1636E+07  0.1191E+07  0.1278E+06  0.1173E+08  0.3621E+06  0.0000E+00  0.0000E+00
       2      160       29       29        0        0                         0.4101E+09  0.9319E+05  0.1411E+05  0.6211E+04  0.5277E+06  0.4919E+04  0.0000E+00  0.0000E+00
       5      161       44      160        0        0                         0.9359E+09  0.2684E+06  0.7913E+05  0.2866E+05  0.1687E+07  0.1004E+05  0.0000E+00  0.0000E+00
       2      162       32       32        0        0                         0.3028E+09  0.1398E+06  0.4423E+05  0.9862E+04  0.5456E+06  0.4470E+04  0.0000E+00  0.0000E+00
       5      163       24      162        0        0                         0.3324E+09  0.1619E+06  0.4862E+05  0.1162E+05  0.6094E+06  0.4784E+04  0.0000E+00  0.0000E+00
       2      164       33       33        0        0                         0.7235E+09  0.5048E+06  0.5914E+06  0.7871E+05  0.1644E+07  0.1615E+05  0.0000E+00  0.0000E+00
       5      165      163      164        0        0                         0.1056E+10  0.6667E+06  0.6400E+06  0.9033E+05  0.2254E+07  0.2093E+05  0.0000E+00  0.0000E+00
       2      166       24      165        0        0                         0.1055E+10  0.6440E+06  0.5160E+06  0.6276E+05  0.2218E+07  0.3231E+05  0.0000E+00  0.0000E+00
       5      167      143      166        0        0                         0.4998E+10  0.1644E+07  0.1981E+07  0.2068E+06  0.7845E+07  0.1571E+06  0.0000E+00  0.0000E+00
       2      168       23      167        0        0                         0.4997E+10  0.1575E+07  0.1533E+07  0.1379E+06  0.7793E+07  0.2060E+06  0.0000E+00  0.0000E+00
       5      169       22      168        0        0                         0.5077E+10  0.1592E+07  0.1536E+07  0.1392E+06  0.7937E+07  0.2069E+06  0.0000E+00  0.0000E+00
       2      170       36       36        0        0                         0.4180E+09  0.9102E+05  0.1332E+06  0.1979E+05  0.6947E+06  0.7591E+04  0.0000E+00  0.0000E+00
       5      171      169      170        0        0                         0.5495E+10  0.1683E+07  0.1669E+07  0.1590E+06  0.8631E+07  0.2145E+06  0.0000E+00  0.0000E+00
       2      172       22      171        0        0                         0.5492E+10  0.1622E+07  0.1306E+07  0.1094E+06  0.8595E+07  0.2609E+06  0.0000E+00  0.0000E+00
       5      173      149      172        0        0                         0.5784E+10  0.1716E+07  0.1371E+07  0.1201E+06  0.8960E+07  0.2642E+06  0.0000E+00  0.0000E+00
       2      174       25      173        0        0                         0.5783E+10  0.1671E+07  0.1035E+07  0.7640E+05  0.8933E+07  0.2967E+06  0.0000E+00  0.0000E+00
       5      175      117      174        0        0                         0.8337E+10  0.2573E+07  0.2099E+07  0.1910E+06  0.1254E+08  0.3928E+06  0.0000E+00  0.0000E+00
       2      176       30      175        0        0                         0.8333E+10  0.2449E+07  0.1583E+07  0.1200E+06  0.1248E+08  0.4505E+06  0.0000E+00  0.0000E+00
       5      177      161      176        0        0                         0.9269E+10  0.2717E+07  0.1662E+07  0.1487E+06  0.1416E+08  0.4605E+06  0.0000E+00  0.0000E+00
       2      178       44      177        0        0                         0.9257E+10  0.2537E+07  0.1474E+07  0.1215E+06  0.1382E+08  0.4765E+06  0.0000E+00  0.0000E+00
       5      179       49      178        0        0                         0.9745E+10  0.2611E+07  0.1672E+07  0.1546E+06  0.1508E+08  0.4815E+06  0.0000E+00  0.0000E+00
       2      180       37       37        0        0                         0.6123E+09  0.3909E+05  0.1798E+06  0.2711E+05  0.1127E+07  0.8880E+04  0.0000E+00  0.0000E+00
       5      181       57      180        0        0                         0.1550E+10  0.2781E+06  0.5685E+06  0.9083E+05  0.2622E+07  0.1720E+05  0.0000E+00  0.0000E+00
       2      182       38       38        0        0                         0.3736E+09  0.1801E+06  0.3272E+05  0.1231E+05  0.2996E+06  0.7767E+04  0.0000E+00  0.0000E+00
       5      183       67      182        0        0                         0.1210E+10  0.2736E+06  0.6694E+05  0.2882E+05  0.2208E+07  0.1813E+05  0.0000E+00  0.0000E+00
       2      184       40       40        0        0                         0.3743E+09  0.2180E+05  0.4028E+05  0.5801E+04  0.2314E+06  0.4631E+04  0.0000E+00  0.0000E+00
       5      185       39      184        0        0                         0.4880E+09  0.2840E+05  0.5065E+05  0.7734E+04  0.3252E+06  0.5613E+04  0.0000E+00  0.0000E+00
       2      186       41       41        0        0                         0.2174E+09  0.5499E+05  0.2347E+06  0.3110E+05  0.3786E+06  0.4457E+04  0.0000E+00  0.0000E+00
       5      187      185      186        0        0                         0.7054E+09  0.8338E+05  0.2853E+06  0.3884E+05  0.7038E+06  0.1007E+05  0.0000E+00  0.0000E+00
       2      188       39      187        0        0                         0.7045E+09  0.7742E+05  0.2211E+06  0.2503E+05  0.6889E+06  0.2066E+05  0.0000E+00  0.0000E+00
       5      189      183      188        0        0                         0.1915E+10  0.3510E+06  0.2880E+06  0.5385E+05  0.2897E+07  0.3879E+05  0.0000E+00  0.0000E+00
       2      190       67      189        0        0                         0.1909E+10  0.2849E+06  0.3328E+06  0.5322E+05  0.2688E+07  0.4747E+05  0.0000E+00  0.0000E+00
       5      191       72      190        0        0                         0.2202E+10  0.2969E+06  0.3376E+06  0.5577E+05  0.3515E+07  0.5138E+05  0.0000E+00  0.0000E+00
       2      192       42       42        0        0                         0.4375E+09  0.5067E+05  0.3853E+05  0.8013E+04  0.7508E+06  0.5405E+04  0.0000E+00  0.0000E+00
       5      193       55      192        0        0                         0.6992E+09  0.1297E+06  0.5347E+05  0.1596E+05  0.1147E+07  0.8485E+04  0.0000E+00  0.0000E+00
       2      194       43       43        0        0                         0.3812E+09  0.7224E+05  0.1426E+06  0.2149E+05  0.7260E+06  0.6839E+04  0.0000E+00  0.0000E+00
       5      195      193      194        0        0                         0.1080E+10  0.2020E+06  0.1960E+06  0.3745E+05  0.1872E+07  0.1532E+05  0.0000E+00  0.0000E+00
       2      196       55      195        0        0                         0.1078E+10  0.1795E+06  0.2061E+06  0.3442E+05  0.1820E+07  0.2262E+05  0.0000E+00  0.0000E+00
       5      197       56      196        0        0                         0.1169E+10  0.1917E+06  0.2085E+06  0.3580E+05  0.2030E+07  0.2390E+05  0.0000E+00  0.0000E+00
       2      198       45       45        0        0                         0.2691E+09  0.3726E+05  0.3417E+05  0.7180E+04  0.7555E+06  0.3569E+04  0.0000E+00  0.0000E+00
       5      199      179      198        0        0                         0.1001E+11  0.2648E+07  0.1707E+07  0.1618E+06  0.1583E+08  0.4851E+06  0.0000E+00  0.0000E+00
       2      200       49      199        0        0                         0.1000E+11  0.2345E+07  0.1603E+07  0.1549E+06  0.1561E+08  0.5093E+06  0.0000E+00  0.0000E+00
       5      201       54      200        0        0                         0.1004E+11  0.2346E+07  0.1605E+07  0.1554E+06  0.1571E+08  0.5099E+06  0.0000E+00  0.0000E+00
       2      202       47       47        0        0                         0.3232E+09  0.4174E+05  0.2470E+05  0.5697E+04  0.2304E+06  0.3114E+04  0.0000E+00  0.0000E+00
       5      203      159      202        0        0                         0.1290E+11  0.1678E+07  0.1215E+07  0.1335E+06  0.1196E+08  0.3652E+06  0.0000E+00  0.0000E+00
       2      204       50      203        0        0                         0.1290E+11  0.1609E+07  0.8978E+06  0.8144E+05  0.1194E+08  0.4106E+06  0.0000E+00  0.0000E+00
       3      205        1      204       50        0                         0.1238E+11  0.2184E+05  0.8284E+06  0.7259E+05  0.1084E+08  0.3638E+06  0.0000E+00  0.0000E+00
       5      206       58      205        0        0                         0.1245E+11  0.3815E+05  0.8348E+06  0.7441E+05  0.1090E+08  0.3643E+06  0.0000E+00  0.0000E+00
       2      207       58      206        0        0                         0.1245E+11  0.3733E+05  0.7215E+06  0.6232E+05  0.1068E+08  0.3634E+06  0.0000E+00  0.0000E+00
       5      208       64      207        0        0                         0.1251E+11  0.4291E+05  0.7248E+06  0.6352E+05  0.1080E+08  0.3638E+06  0.0000E+00  0.0000E+00
       2      209       48       48        0        0                         0.7104E+09  0.2696E+05  0.9850E+05  0.1716E+05  0.1294E+07  0.9117E+04  0.0000E+00  0.0000E+00
       5      210      181      209        0        0                         0.2261E+10  0.3051E+06  0.6670E+06  0.1080E+06  0.3916E+07  0.2631E+05  0.0000E+00  0.0000E+00
       2      211       57      210        0        0                         0.2255E+10  0.2620E+06  0.6259E+06  0.8896E+05  0.3748E+07  0.5618E+05  0.0000E+00  0.0000E+00
       5      212      208      211        0        0                         0.1477E+11  0.3049E+06  0.1351E+07  0.1525E+06  0.1455E+08  0.4200E+06  0.0000E+00  0.0000E+00
       2      213       64      212        0        0                         0.1477E+11  0.2939E+06  0.1172E+07  0.1206E+06  0.1439E+08  0.4510E+06  0.0000E+00  0.0000E+00
       5      214       66      213        0        0                         0.1486E+11  0.2946E+06  0.1174E+07  0.1212E+06  0.1465E+08  0.4519E+06  0.0000E+00  0.0000E+00
       2      215       51       51        0        0                         0.4703E+09  0.1294E+06  0.4746E+06  0.5404E+05  0.1758E+07  0.1175E+05  0.0000E+00  0.0000E+00
       5      216       60      215        0        0                         0.6776E+09  0.1445E+06  0.4783E+06  0.5618E+05  0.1975E+07  0.1358E+05  0.0000E+00  0.0000E+00
       2      217       52       52        0        0                         0.4604E+09  0.9547E+05  0.4316E+06  0.5096E+05  0.1333E+07  0.1173E+05  0.0000E+00  0.0000E+00
       5      218       53      217        0        0                         0.6562E+09  0.1220E+06  0.4439E+06  0.5451E+05  0.1747E+07  0.1374E+05  0.0000E+00  0.0000E+00
       2      219       59       59        0        0                         0.3280E+09  0.2568E+05  0.9189E+04  0.3508E+04  0.3700E+06  0.2767E+04  0.0000E+00  0.0000E+00
       5      220       69      219        0        0                         0.6108E+09  0.1020E+06  0.2278E+05  0.1095E+05  0.7339E+06  0.5229E+04  0.0000E+00  0.0000E+00
       2      221       61       61        0        0                         0.3512E+09  0.4092E+05  0.2789E+06  0.3208E+05  0.8229E+06  0.5536E+04  0.0000E+00  0.0000E+00
       5      222      218      221        0        0                         0.1007E+10  0.1629E+06  0.7228E+06  0.8659E+05  0.2570E+07  0.1928E+05  0.0000E+00  0.0000E+00
       2      223       53      222        0        0                         0.1006E+10  0.1558E+06  0.6619E+06  0.7220E+05  0.2456E+07  0.3297E+05  0.0000E+00  0.0000E+00
       5      224      216      223        0        0                         0.1684E+10  0.3002E+06  0.1140E+07  0.1284E+06  0.4431E+07  0.4655E+05  0.0000E+00  0.0000E+00
       2      225       60      224        0        0                         0.1682E+10  0.2920E+06  0.8691E+06  0.8099E+05  0.4387E+07  0.7478E+05  0.0000E+00  0.0000E+00
       5      226      220      225        0        0                         0.2292E+10  0.3941E+06  0.8919E+06  0.9194E+05  0.5121E+07  0.8001E+05  0.0000E+00  0.0000E+00
       2      227       69      226        0        0                         0.2290E+10  0.3778E+06  0.7215E+06  0.6576E+05  0.5072E+07  0.1041E+06  0.0000E+00  0.0000E+00
       5      228       70      227        0        0                         0.3240E+10  0.6395E+06  0.8570E+06  0.1024E+06  0.6714E+07  0.1141E+06  0.0000E+00  0.0000E+00
       2      229       62       62        0        0                         0.3062E+09  0.6592E+05  0.2081E+05  0.6989E+04  0.5954E+06  0.4701E+04  0.0000E+00  0.0000E+00
       5      230       75      229        0        0                         0.6369E+09  0.9128E+05  0.3132E+05  0.1260E+05  0.1301E+07  0.7536E+04  0.0000E+00  0.0000E+00
       2      231       65       65        0        0                         0.3859E+09  0.1352E+06  0.5255E+05  0.1795E+05  0.7514E+06  0.6051E+04  0.0000E+00  0.0000E+00
       5      232       63      231        0        0                         0.5107E+09  0.1458E+06  0.5822E+05  0.1981E+05  0.8866E+06  0.7286E+04  0.0000E+00  0.0000E+00
       2      233       68       68        0        0                         0.1035E+10  0.3961E+05  0.4426E+05  0.1302E+05  0.1517E+07  0.7340E+04  0.0000E+00  0.0000E+00
       5      234      214      233        0        0                         0.1589E+11  0.3342E+06  0.1218E+07  0.1343E+06  0.1617E+08  0.4592E+06  0.0000E+00  0.0000E+00
       2      235       66      234        0        0                         0.1589E+11  0.3164E+06  0.1112E+07  0.1162E+06  0.1604E+08  0.4887E+06  0.0000E+00  0.0000E+00
       5      236      191      235        0        0                         0.1809E+11  0.6134E+06  0.1449E+07  0.1720E+06  0.1955E+08  0.5401E+06  0.0000E+00  0.0000E+00
       2      237       72      236        0        0                         0.1808E+11  0.5812E+06  0.1609E+07  0.1895E+06  0.1904E+08  0.5436E+06  0.0000E+00  0.0000E+00
       5      238       77      237        0        0                         0.1823E+11  0.5911E+06  0.1614E+07  0.1919E+06  0.1944E+08  0.5457E+06  0.0000E+00  0.0000E+00
       2      239       71       71        0        0                         0.5595E+09  0.1320E+06  0.6473E+05  0.1484E+05  0.5120E+06  0.6252E+04  0.0000E+00  0.0000E+00
       5      240      228      239        0        0                         0.3799E+10  0.7715E+06  0.9217E+06  0.1172E+06  0.7226E+07  0.1204E+06  0.0000E+00  0.0000E+00
       2      241       70      240        0        0                         0.3789E+10  0.6695E+06  0.8931E+06  0.1051E+06  0.7035E+07  0.1398E+06  0.0000E+00  0.0000E+00
       5      242      201      241        0        0                         0.1383E+11  0.3015E+07  0.2498E+07  0.2605E+06  0.2274E+08  0.6497E+06  0.0000E+00  0.0000E+00
       2      243       54      242        0        0                         0.1383E+11  0.2993E+07  0.2077E+07  0.1962E+06  0.2254E+08  0.6903E+06  0.0000E+00  0.0000E+00
       5      244      197      243        0        0                         0.1500E+11  0.3185E+07  0.2285E+07  0.2320E+06  0.2457E+08  0.7142E+06  0.0000E+00  0.0000E+00
       2      245       56      244        0        0                         0.1500E+11  0.3143E+07  0.1880E+07  0.1712E+06  0.2444E+08  0.7649E+06  0.0000E+00  0.0000E+00
       5      246      232      245        0        0                         0.1551E+11  0.3289E+07  0.1939E+07  0.1910E+06  0.2533E+08  0.7722E+06  0.0000E+00  0.0000E+00
       2      247       63      246        0        0                         0.1550E+11  0.3090E+07  0.1665E+07  0.1536E+06  0.2520E+08  0.8069E+06  0.0000E+00  0.0000E+00
       5      248      230      247        0        0                         0.1614E+11  0.3182E+07  0.1696E+07  0.1662E+06  0.2650E+08  0.8144E+06  0.0000E+00  0.0000E+00
       2      249       75      248        0        0                         0.1613E+11  0.3046E+07  0.1524E+07  0.1459E+06  0.2620E+08  0.8282E+06  0.0000E+00  0.0000E+00
       5      250       76      249        0        0                         0.1613E+11  0.3046E+07  0.1525E+07  0.1461E+06  0.2621E+08  0.8282E+06  0.0000E+00  0.0000E+00
       2      251       73       73        0        0                         0.3495E+09  0.4246E+05  0.5447E+05  0.1348E+05  0.7576E+06  0.3846E+04  0.0000E+00  0.0000E+00
       5      252      238      251        0        0                         0.1857E+11  0.6336E+06  0.1668E+07  0.2053E+06  0.2020E+08  0.5496E+06  0.0000E+00  0.0000E+00
       2      253       77      252        0        0                         0.1857E+11  0.6242E+06  0.2109E+07  0.2696E+06  0.2001E+08  0.5678E+06  0.0000E+00  0.0000E+00
       5      254       87      253        0        0                         0.1925E+11  0.6949E+06  0.2135E+07  0.2837E+06  0.2187E+08  0.5808E+06  0.0000E+00  0.0000E+00
       2      255       74       74        0        0                         0.3351E+09  0.3071E+05  0.2332E+05  0.7596E+04  0.4213E+06  0.2541E+04  0.0000E+00  0.0000E+00
       5      256       81      255        0        0                         0.8855E+09  0.1360E+06  0.7153E+05  0.2266E+05  0.1255E+07  0.6251E+04  0.0000E+00  0.0000E+00
       2      257       79       79        0        0                         0.2982E+09  0.2229E+05  0.2742E+05  0.6790E+04  0.7773E+06  0.2347E+04  0.0000E+00  0.0000E+00
       5      258      254      257        0        0                         0.1955E+11  0.7172E+06  0.2163E+07  0.2904E+06  0.2265E+08  0.5832E+06  0.0000E+00  0.0000E+00
       2      259       87      258        0        0                         0.1954E+11  0.6499E+06  0.2293E+07  0.2942E+06  0.2207E+08  0.5920E+06  0.0000E+00  0.0000E+00
       5      260       88      259        0        0                         0.1958E+11  0.6570E+06  0.2300E+07  0.2959E+06  0.2227E+08  0.5925E+06  0.0000E+00  0.0000E+00
       2      261       83       83        0        0                         0.1262E+10  0.1717E+06  0.3393E+05  0.1485E+05  0.1413E+07  0.1814E+05  0.0000E+00  0.0000E+00
       5      262       84      261        0        0                         0.1272E+10  0.1721E+06  0.3456E+05  0.1500E+05  0.1452E+07  0.1838E+05  0.0000E+00  0.0000E+00
       2      263       85       85        0        0                         0.3298E+09  0.3122E+05  0.4501E+05  0.7139E+04  0.4676E+06  0.4738E+04  0.0000E+00  0.0000E+00
       5      264       82      263        0        0                         0.9848E+09  0.1165E+06  0.6570E+05  0.1880E+05  0.1856E+07  0.1338E+05  0.0000E+00  0.0000E+00
       2      265       86       86        0        0                         0.3504E+09  0.8518E+05  0.2818E+06  0.3284E+05  0.5666E+06  0.8270E+04  0.0000E+00  0.0000E+00
       5      266      262      265        0        0                         0.1622E+10  0.2572E+06  0.3163E+06  0.4784E+05  0.2019E+07  0.2665E+05  0.0000E+00  0.0000E+00
       2      267       84      266        0        0                         0.1622E+10  0.2498E+06  0.3112E+06  0.4474E+05  0.1970E+07  0.3443E+05  0.0000E+00  0.0000E+00
       5      268      264      267        0        0                         0.2607E+10  0.3662E+06  0.3769E+06  0.6354E+05  0.3826E+07  0.4781E+05  0.0000E+00  0.0000E+00
       2      269       82      268        0        0                         0.2603E+10  0.3405E+06  0.3478E+06  0.5227E+05  0.3718E+07  0.5922E+05  0.0000E+00  0.0000E+00
       5      270       80      269        0        0                         0.3518E+10  0.5172E+06  0.3896E+06  0.7562E+05  0.5463E+07  0.6586E+05  0.0000E+00  0.0000E+00
       2      271       90       90        0        0                         0.4721E+09  0.3550E+05  0.5529E+05  0.1297E+05  0.1213E+07  0.5294E+04  0.0000E+00  0.0000E+00
       5      272       91      271        0        0                         0.5596E+09  0.5362E+05  0.6623E+05  0.1661E+05  0.1429E+07  0.6283E+04  0.0000E+00  0.0000E+00
       2      273       94       94        0        0                         0.3136E+09  0.2182E+05  0.2042E+05  0.7552E+04  0.3561E+06  0.2661E+04  0.0000E+00  0.0000E+00
       5      274       93      273        0        0                         0.3689E+09  0.2948E+05  0.2371E+05  0.8959E+04  0.4523E+06  0.3193E+04  0.0000E+00  0.0000E+00
       2      275       96       96        0        0                         0.1409E+10  0.2676E+06  0.7340E+06  0.9340E+05  0.3059E+07  0.3406E+05  0.0000E+00  0.0000E+00
       5      276       89      275        0        0                         0.1969E+10  0.3964E+06  0.7984E+06  0.1129E+06  0.4119E+07  0.3916E+05  0.0000E+00  0.0000E+00
       2      277       97       97        0        0                         0.5737E+09  0.1020E+06  0.3151E+05  0.1132E+05  0.1164E+07  0.8510E+04  0.0000E+00  0.0000E+00
       5      278       95      277        0        0                         0.9335E+09  0.1194E+06  0.4543E+05  0.1635E+05  0.1981E+07  0.1278E+05  0.0000E+00  0.0000E+00
       2      279       98       98        0        0                         0.2102E+10  0.2704E+06  0.1068E+06  0.3834E+05  0.2822E+07  0.2818E+05  0.0000E+00  0.0000E+00
       5      280       92      279        0        0                         0.2164E+10  0.2858E+06  0.1122E+06  0.4091E+05  0.2927E+07  0.2886E+05  0.0000E+00  0.0000E+00
       2      281       99       99        0        0                         0.1201E+10  0.1576E+06  0.2298E+06  0.3584E+05  0.1148E+07  0.2081E+05  0.0000E+00  0.0000E+00
       5      282      278      281        0        0                         0.2135E+10  0.2770E+06  0.2753E+06  0.5218E+05  0.3129E+07  0.3359E+05  0.0000E+00  0.0000E+00
       2      283       95      282        0        0                         0.2132E+10  0.2466E+06  0.2665E+06  0.4435E+05  0.3042E+07  0.4355E+05  0.0000E+00  0.0000E+00
       5      284      270      283        0        0                         0.5650E+10  0.7638E+06  0.6562E+06  0.1200E+06  0.8505E+07  0.1094E+06  0.0000E+00  0.0000E+00
       2      285       80      284        0        0                         0.5643E+10  0.7128E+06  0.7058E+06  0.1182E+06  0.8348E+07  0.1349E+06  0.0000E+00  0.0000E+00
       5      286      250      285        0        0                         0.2178E+11  0.3759E+07  0.2230E+07  0.2643E+06  0.3456E+08  0.9631E+06  0.0000E+00  0.0000E+00
       2      287       76      286        0        0                         0.2177E+11  0.3679E+07  0.1745E+07  0.1743E+06  0.3449E+08  0.1037E+07  0.0000E+00  0.0000E+00
       5      288       78      287        0        0                         0.2216E+11  0.3725E+07  0.1788E+07  0.1868E+06  0.3522E+08  0.1040E+07  0.0000E+00  0.0000E+00
       2      289       78      288        0        0                         0.2215E+11  0.2911E+07  0.1714E+07  0.1790E+06  0.3484E+08  0.1062E+07  0.0000E+00  0.0000E+00
       5      290      256      289        0        0                         0.2304E+11  0.3047E+07  0.1786E+07  0.2016E+06  0.3609E+08  0.1069E+07  0.0000E+00  0.0000E+00
       2      291       81      290        0        0                         0.2303E+11  0.2787E+07  0.1779E+07  0.2010E+06  0.3574E+08  0.1079E+07  0.0000E+00  0.0000E+00
       5      292      276      291        0        0                         0.2499E+11  0.3183E+07  0.2577E+07  0.3139E+06  0.3986E+08  0.1118E+07  0.0000E+00  0.0000E+00
       2      293       89      292        0        0                         0.2498E+11  0.2940E+07  0.2380E+07  0.2647E+06  0.3913E+08  0.1134E+07  0.0000E+00  0.0000E+00
       5      294      272      293        0        0                         0.2554E+11  0.2993E+07  0.2446E+07  0.2814E+06  0.4056E+08  0.1141E+07  0.0000E+00  0.0000E+00
       2      295       91      294        0        0                         0.2553E+11  0.2945E+07  0.2592E+07  0.2950E+06  0.4032E+08  0.1180E+07  0.0000E+00  0.0000E+00
       5      296      280      295        0        0                         0.2770E+11  0.3231E+07  0.2704E+07  0.3359E+06  0.4324E+08  0.1209E+07  0.0000E+00  0.0000E+00
       2      297       92      296        0        0                         0.2769E+11  0.3134E+07  0.2549E+07  0.2987E+06  0.4299E+08  0.1261E+07  0.0000E+00  0.0000E+00
       5      298      274      297        0        0                         0.2806E+11  0.3163E+07  0.2573E+07  0.3077E+06  0.4345E+08  0.1264E+07  0.0000E+00  0.0000E+00
       2      299       93      298        0        0                         0.2806E+11  0.3097E+07  0.2220E+07  0.2424E+06  0.4313E+08  0.1301E+07  0.0000E+00  0.0000E+00
       5      300      260      299        0        0                         0.4763E+11  0.3754E+07  0.4520E+07  0.5383E+06  0.6540E+08  0.1893E+07  0.0000E+00  0.0000E+00
       2      301       88      300        0        0                         0.4763E+11  0.3726E+07  0.3793E+07  0.4066E+06  0.6519E+08  0.1993E+07  0.0000E+00  0.0000E+00
      14      301        1        0        0        0                         0.4763E+11  0.3726E+07  0.3793E+07  0.4066E+06  0.6519E+08  0.1993E+07  0.0000E+00  0.0000E+00
