5.884000
8.166000
8.966000
7.736000
8.225000
8.189000
7.732000
8.056000
7.745000
7.777000
7.717000
7.616000
7.568000
49.939999
90.110001
56.169998
33.480000
32.439999
24.700001
23.629999
19.059999
17.980000
15.390000
26.790001
66.269997
82.989998
68.330002
56.740002
45.730000
51.029999
39.840000
36.419998
43.200001
27.480000
30.799999
32.070000
27.100000
24.790001
20.290001
21.410000
19.740000
15.540000
19.570000
13.640000
12.890000
18.240000
14.600000
9.001000
9.474000
9.825000
7.906000
9.180000
7.631000
8.309000
7.570000
7.445000
4.587000
7.134000
10.110000
5.073000
5.185000
5.725000
4.667000
5.419000
4.668000
5.100000
4.573000
4.788000
4.629000
4.522000
4.471000
4.447000
4.589000
38.610001
74.449997
49.070000
25.150000
23.730000
18.040001
15.800000
14.450000
18.719999
72.470001
124.099998
81.820000
47.169998
74.699997
167.300003
212.899994
109.500000
69.830002
80.629997
54.180000
52.639999
37.110001
36.730000
46.669998
140.699997
314.399994
358.200012
312.299988
210.899994
112.199997
107.400002
92.150002
72.169998
71.360001
65.320000
67.529999
59.669998
65.339996
71.269997
54.669998
64.470001
60.060001
35.470001
39.810001
39.169998
32.639999
33.860001
43.360001
43.939999
50.820000
58.259998
44.490002
38.599998
43.820000
57.779999
55.660000
78.839996
148.000000
162.100006
111.400002
131.800003
181.800003
121.699997
89.959999
94.410004
82.830002
91.269997
65.510002
67.339996
63.230000
53.860001
58.470001
59.549999
58.110001
31.440001
40.779999
80.629997
118.199997
66.400002
44.230000
53.029999
21.309999
34.150002
53.180000
57.320000
54.189999
36.959999
36.490002
52.779999
143.500000
244.300003
247.300003
161.899994
119.500000
360.000000
539.299988
309.700012
141.100006
158.199997
103.300003
94.849998
92.220001
55.869999
66.230003
61.340000
50.480000
49.860001
53.709999
53.230000
51.919998
44.779999
57.529999
75.940002
166.899994
373.700012
551.299988
581.500000
403.200012
266.200012
228.000000
195.699997
180.000000
152.500000
163.500000
220.199997
384.000000
559.799988
444.600006
221.000000
213.800003
199.100006
170.199997
173.699997
162.300003
153.100006
149.100006
174.899994
165.100006
145.699997
146.800003
141.699997
175.199997
412.500000
1995.000000
3469.000000
1786.000000
504.799988
791.599976
405.600006
566.700012
843.799988
677.500000
410.600006
285.200012
336.100006
268.000000
251.699997
256.200012
217.199997
227.300003
202.399994
218.199997
221.500000
224.899994
216.800003
200.199997
200.899994
197.100006
236.100006
274.000000
273.100006
235.399994
222.600006
204.199997
210.699997
200.500000
181.899994
181.000000
184.199997
185.800003
182.199997
384.500000
585.500000
582.200012
596.500000
500.600006
370.000000
295.899994
203.000000
179.300003
168.199997
138.100006
149.000000
129.399994
145.199997
140.800003
120.000000
122.000000
108.500000
121.800003
108.800003
96.849998
89.879997
88.169998
81.680000
74.900002
70.820000
68.730003
65.430000
68.959999
61.720001
48.799999
49.189999
43.230000
44.689999
50.689999
49.279999
74.290001
107.300003
92.459999
71.690002
91.449997
88.129997
78.099998
85.949997
75.589996
73.459999
103.800003
157.199997
156.800003
115.400002
98.610001
93.739998
92.320000
90.010002
83.040001
76.279999
74.769997
63.410000
55.270000
56.189999
53.669998
50.919998
51.049999
48.139999
75.550003
88.900002
57.790001
52.310001
72.919998
65.440002
57.980000
53.549999
50.490002
48.320000
46.439999
53.250000
54.759998
70.269997
93.250000
74.019997
76.339996
106.300003
85.180000
69.699997
67.160004
61.630001
80.559998
93.709999
69.540001
60.650002
72.389999
78.330002
71.529999
62.220001
70.320000
56.580002
53.110001
173.699997
231.699997
137.500000
119.699997
114.800003
84.309998
93.370003
85.510002
131.800003
192.199997
126.599998
94.000000
98.410004
77.220001
65.750000
64.230003
67.709999
59.790001
60.990002
153.399994
222.699997
121.800003
76.680000
92.730003
76.099998
73.820000
74.680000
72.730003
68.019997
73.610001
76.599998
75.550003
63.169998
56.439999
69.279999
77.080002
59.770000
52.250000
68.930000
132.500000
179.399994
98.250000
57.230000
66.500000
46.400002
47.299999
42.180000
38.689999
37.169998
33.189999
32.160000
34.880001
47.939999
64.669998
69.379997
56.529999
55.970001
56.270000
51.700001
52.439999
39.330002
41.209999
55.820000
59.209999
56.060001
55.910000
54.459999
60.250000
60.680000
51.849998
51.299999
48.029999
46.689999
47.099998
46.830002
51.330002
79.760002
149.800003
167.000000
102.400002
86.910004
93.070000
76.839996
76.660004
71.930000
68.059998
65.570000
54.099998
47.220001
41.459999
26.090000
30.100000
47.770000
54.709999
48.480000
58.380001
56.669998
45.849998
54.250000
49.750000
47.549999
50.619999
44.290001
41.939999
38.070000
45.619999
81.029999
91.839996
62.340000
50.169998
78.489998
104.500000
99.610001
91.669998
83.180000
101.400002
279.299988
431.700012
231.899994
104.599998
149.100006
103.500000
100.699997
108.099998
103.699997
85.959999
63.529999
85.389999
90.790001
79.510002
63.919998
61.590000
62.310001
44.180000
40.410000
43.060001
46.630001
49.230000
45.799999
39.040001
52.560001
53.459999
31.330000
37.540001
41.029999
35.230000
52.639999
99.760002
124.599998
326.700012
635.299988
475.000000
154.300003
193.000000
185.800003
121.699997
156.899994
136.100006
130.000000
120.500000
118.300003
115.500000
99.470001
102.000000
88.709999
70.879997
69.610001
67.900002
38.910000
23.980000
111.699997
207.300003
147.000000
78.089996
103.099998
128.600006
200.000000
302.299988
294.799988
259.100006
212.800003
181.399994
207.500000
178.500000
135.199997
232.800003
273.399994
152.399994
124.800003
152.800003
176.699997
298.100006
318.000000
184.899994
174.600006
163.300003
143.399994
129.699997
93.940002
94.250000
87.720001
78.160004
75.099998
75.330002
76.660004
69.680000
57.070000
60.250000
45.580002
33.090000
36.840000
36.889999
31.860001
22.309999
27.590000
35.150002
29.910000
28.799999
29.799999
25.870001
39.049999
59.990002
64.669998
43.169998
32.419998
34.389999
19.000000
22.450001
33.840000
626.799988
1662.000000
1409.000000
422.600006
275.799988
267.600006
148.899994
153.199997
127.000000
118.800003
196.500000
323.100006
352.000000
235.199997
124.699997
154.800003
609.599976
1229.000000
1157.000000
516.700012
228.300003
328.899994
238.199997
177.899994
221.199997
182.300003
165.100006
165.199997
182.600006
193.399994
193.800003
165.399994
134.000000
136.899994
130.300003
124.199997
93.519997
122.400002
149.399994
105.199997
84.889999
95.419998
87.860001
73.370003
73.699997
76.860001
97.800003
363.200012
617.200012
339.500000
142.000000
204.600006
142.000000
127.699997
123.800003
98.050003
113.900002
102.800003
84.330002
84.410004
85.919998
96.449997
96.279999
82.080002
75.139999
56.500000
60.720001
59.169998
49.509998
54.060001
293.899994
453.600006
173.500000
110.199997
136.199997
72.169998
82.360001
69.260002
71.830002
65.070000
60.400002
66.830002
67.040001
71.519997
58.580002
44.250000
44.500000
33.529999
24.209999
38.860001
33.799999
26.160000
49.689999
45.220001
31.420000
30.889999
28.650000
26.330000
32.130001
42.340000
39.209999
34.950001
22.950001
24.590000
33.470001
36.860001
38.959999
27.590000
26.799999
43.650002
51.029999
36.020000
36.080002
42.330002
34.020000
44.130001
36.310001
26.950001
44.580002
31.139999
29.200001
33.990002
16.200001
14.730000
11.660000
15.780000
18.900000
17.660000
18.650000
19.750000
24.910000
22.290001
22.330000
25.200001
23.090000
25.459999
23.559999
26.340000
34.810001
29.510000
20.820000
18.830000
21.469999
25.170000
27.350000
21.790001
15.810000
10.540000
1.913000
4.273000
3.777000
3.463000
7.862000
10.400000
12.760000
17.690001
22.450001
22.450001
21.370001
21.980000
19.330000
18.150000
17.350000
11.410000
12.570000
16.760000
11.020000
9.780000
5.805000
19.080000
33.389999
17.870001
16.040001
16.870001
13.800000
15.940000
12.830000
28.370001
37.299999
24.570000
17.320000
21.620001
24.480000
29.420000
54.990002
67.190002
42.650002
42.790001
74.589996
83.709999
68.410004
50.110001
50.270000
51.250000
44.490002
42.580002
51.189999
63.410000
59.349998
59.459999
58.250000
54.139999
54.830002
50.880001
49.709999
47.490002
41.259998
23.129999
19.520000
26.370001
71.650002
176.899994
174.600006
92.949997
84.940002
79.010002
63.919998
62.580002
60.990002
69.570000
63.279999
57.610001
46.590000
39.470001
39.910000
26.450001
31.430000
32.750000
29.530001
30.860001
26.030001
30.360001
51.000000
67.830002
107.400002
170.899994
126.000000
71.870003
78.550003
62.200001
85.910004
111.900002
92.860001
75.089996
69.750000
62.259998
58.750000
102.699997
130.300003
82.160004
61.540001
56.099998
71.440002
137.399994
156.199997
113.400002
74.970001
125.300003
164.399994
92.900002
69.500000
73.489998
67.239998
64.019997
85.089996
95.779999
72.830002
98.029999
83.760002
60.810001
66.250000
62.150002
78.940002
73.800003
51.939999
58.139999
50.459999
50.049999
125.000000
160.600006
91.879997
79.900002
129.300003
143.000000
114.400002
92.470001
160.100006
235.899994
163.800003
348.600006
575.400024
307.399994
114.099998
128.300003
89.480003
73.330002
73.709999
56.150002
57.189999
76.839996
160.699997
445.100006
582.900024
259.799988
132.699997
181.699997
81.650002
100.000000
89.279999
68.800003
79.459999
55.540001
64.720001
51.540001
51.889999
47.509998
43.709999
45.619999
45.250000
44.259998
35.090000
68.519997
102.800003
97.720001
87.419998
68.309998
62.020000
68.199997
55.320000
63.270000
78.000000
89.809998
87.699997
51.930000
34.599998
85.190002
117.000000
74.089996
92.360001
130.199997
96.239998
69.580002
66.730003
61.509998
50.779999
49.509998
52.779999
56.310001
61.900002
47.939999
67.930000
80.129997
50.689999
55.290001
46.259998
43.209999
49.910000
43.430000
115.199997
240.100006
241.300003
144.800003
100.099998
127.099998
194.100006
214.000000
142.300003
98.580002
119.199997
95.489998
91.199997
100.300003
82.239998
72.910004
52.570000
77.150002
89.029999
72.879997
63.490002
44.419998
56.980000
184.899994
247.000000
157.500000
146.100006
201.600006
171.000000
289.700012
755.200012
1075.000000
755.700012
325.100006
267.799988
208.199997
156.100006
159.100006
133.600006
190.600006
269.500000
265.700012
384.200012
569.599976
743.599976
734.599976
394.799988
218.699997
228.100006
387.600006
809.400024
700.700012
347.700012
330.000000
253.600006
270.500000
383.899994
542.299988
388.000000
178.500000
246.300003
204.899994
195.699997
184.300003
139.199997
156.300003
137.899994
144.899994
143.600006
135.000000
136.500000
122.500000
123.000000
129.199997
117.500000
106.099998
120.300003
132.000000
144.800003
139.899994
135.199997
101.000000
73.080002
83.900002
78.050003
77.070000
77.870003
71.300003
70.129997
69.660004
66.800003
69.589996
70.309998
57.720001
49.590000
32.799999
36.160000
36.020000
27.340000
39.360001
54.099998
35.380001
22.219999
31.520000
29.610001
25.930000
28.820000
21.540001
22.219999
20.180000
17.219999
20.660000
20.510000
20.270000
19.270000
19.080000
21.400000
23.959999
22.660000
22.209999
21.799999
20.469999
21.139999
24.780001
13.270000
12.590000
22.450001
22.480000
21.680000
36.150002
50.200001
32.680000
27.450001
34.639999
22.959999
22.219999
22.200001
20.139999
20.549999
21.440001
18.020000
17.799999
17.900000
17.700001
21.200001
25.850000
25.340000
16.730000
18.389999
23.920000
24.129999
19.610001
19.190001
21.620001
22.660000
19.230000
16.750000
19.330000
15.570000
15.390000
20.910000
20.620001
19.480000
26.959999
27.650000
23.430000
24.350000
26.020000
34.139999
35.259998
35.480000
28.900000
22.540001
26.790001
27.020000
31.309999
27.559999
23.209999
25.490000
24.379999
24.629999
24.139999
21.410000
21.389999
24.040001
24.910000
21.870001
21.450001
24.820000
27.889999
30.080000
27.770000
18.840000
18.270000
21.809999
16.540001
14.430000
22.100000
30.990000
31.719999
24.059999
19.940001
20.670000
23.879999
40.070000
121.400002
183.800003
111.699997
72.160004
89.230003
67.570000
59.709999
38.209999
37.529999
119.900002
229.500000
228.600006
220.500000
296.600006
237.199997
141.600006
139.199997
118.900002
99.180000
98.349998
91.910004
83.540001
91.040001
117.300003
123.300003
93.900002
89.790001
86.059998
79.510002
78.540001
71.349998
77.360001
72.389999
80.820000
85.449997
67.699997
76.879997
75.550003
59.860001
115.599998
264.399994
367.600006
298.200012
195.199997
142.399994
116.599998
120.500000
106.099998
92.849998
122.099998
112.199997
87.440002
87.330002
87.820000
113.199997
131.199997
98.430000
76.059998
101.300003
89.500000
77.440002
79.290001
81.529999
78.089996
70.699997
246.000000
358.299988
184.899994
125.400002
134.800003
100.400002
98.879997
96.870003
88.279999
166.600006
219.800003
102.699997
270.700012
462.200012
279.600006
148.000000
436.000000
748.900024
414.100006
134.600006
285.399994
681.700012
1094.000000
729.700012
216.100006
326.100006
307.700012
152.899994
214.600006
168.600006
415.299988
611.799988
450.600006
313.799988
258.899994
304.299988
248.699997
202.899994
203.500000
203.500000
241.600006
276.700012
264.100006
212.600006
191.500000
188.100006
171.600006
169.399994
162.699997
207.800003
304.799988
293.100006
262.799988
395.799988
472.500000
304.700012
205.000000
284.299988
331.000000
386.299988
490.899994
528.500000
440.500000
323.600006
321.799988
270.000000
238.899994
331.299988
360.500000
262.500000
213.199997
219.300003
186.699997
182.899994
171.199997
168.800003
170.600006
171.100006
171.699997
149.199997
136.399994
126.699997
122.800003
121.300003
110.900002
107.400002
106.500000
105.900002
105.800003
108.400002
123.699997
127.400002
107.000000
99.709999
96.699997
93.430000
90.330002
88.459999
87.309998
79.570000
70.169998
67.099998
78.480003
99.040001
85.639999
59.080002
72.019997
68.599998
68.269997
72.589996
53.790001
87.650002
1115.000000
2742.000000
2131.000000
468.600006
451.700012
510.500000
407.700012
483.600006
340.899994
388.799988
383.299988
357.600006
330.299988
278.299988
266.299988
228.199997
247.800003
238.199997
229.800003
727.700012
1315.000000
953.099976
425.000000
420.899994
334.500000
244.800003
298.700012
229.899994
234.500000
236.699997
200.800003
231.800003
205.100006
220.199997
190.899994
185.300003
175.300003
181.800003
162.699997
126.199997
150.399994
156.000000
157.199997
147.100006
132.000000
126.500000
120.800003
101.400002
100.599998
94.680000
439.200012
1044.000000
1100.000000
618.700012
273.200012
292.799988
231.899994
179.800003
201.500000
140.399994
142.199997
126.900002
129.199997
111.800003
108.500000
106.500000
101.500000
103.699997
96.010002
90.849998
95.970001
105.500000
88.089996
68.139999
76.870003
89.110001
71.410004
60.869999
63.639999
54.360001
48.599998
53.580002
58.830002
53.990002
50.369999
49.650002
38.500000
38.029999
39.040001
39.080002
44.590000
58.240002
110.300003
127.800003
68.650002
51.939999
58.290001
52.779999
45.770000
38.639999
40.730000
42.369999
50.939999
58.060001
42.130001
27.020000
30.350000
28.010000
25.790001
25.299999
15.430000
30.139999
42.139999
36.849998
39.099998
36.730000
36.790001
31.110001
21.959999
30.150000
26.049999
21.850000
39.070000
50.439999
39.099998
38.110001
37.900002
32.180000
33.700001
34.959999
33.279999
35.259998
40.189999
39.220001
33.279999
12.690000
23.889999
37.950001
19.830000
29.570000
27.670000
18.480000
32.400002
31.000000
38.070000
36.340000
31.540001
25.299999
19.120001
20.389999
26.000000
34.500000
13.790000
14.360000
39.790001
36.349998
23.580000
46.820000
59.119999
54.209999
37.220001
24.340000
40.520000
32.680000
27.209999
16.389999
7.397000
33.490002
41.790001
29.860001
31.020000
33.380001
43.750000
36.040001
26.049999
35.619999
31.389999
32.810001
42.279999
42.470001
39.279999
28.219999
20.590000
29.459999
30.760000
72.830002
87.860001
57.180000
53.799999
133.699997
185.600006
104.199997
89.870003
82.570000
67.430000
68.730003
70.599998
85.470001
90.529999
136.000000
149.600006
124.000000
103.000000
108.599998
105.400002
99.949997
108.699997
94.120003
95.550003
91.970001
84.680000
81.540001
63.240002
56.709999
58.689999
46.689999
53.110001
75.120003
64.320000
65.839996
119.099998
293.000000
471.299988
409.000000
259.899994
290.000000
370.000000
243.600006
140.600006
179.199997
113.199997
99.379997
126.199997
102.300003
111.699997
107.500000
112.199997
103.300003
94.540001
155.300003
221.699997
181.600006
224.199997
501.899994
529.799988
271.500000
209.800003
202.899994
160.899994
160.500000
147.800003
136.399994
127.300003
149.899994
202.600006
184.600006
166.899994
285.000000
420.899994
317.200012
155.699997
213.199997
226.199997
171.699997
167.199997
170.100006
167.800003
186.399994
210.899994
165.600006
184.100006
246.199997
190.699997
145.000000
151.600006
136.100006
140.500000
1102.000000
2049.000000
913.000000
197.000000
533.000000
590.900024
704.200012
703.700012
479.799988
415.299988
381.100006
413.500000
514.700012
824.099976
1073.000000
853.200012
709.400024
604.599976
410.399994
393.200012
507.500000
662.299988
1064.000000
1172.000000
725.500000
409.500000
544.500000
704.099976
497.299988
428.299988
504.200012
439.899994
400.100006
447.600006
456.399994
382.299988
347.500000
333.500000
295.700012
289.200012
259.799988
241.399994
274.799988
271.700012
251.899994
223.000000
219.399994
205.300003
186.899994
155.399994
151.199997
184.300003
182.199997
199.600006
217.000000
209.600006
197.899994
202.899994
454.200012
1796.000000
3779.000000
3350.000000
1037.000000
575.200012
704.400024
323.100006
443.600006
334.600006
313.899994
1023.000000
1746.000000
1215.000000
685.599976
759.099976
448.299988
367.899994
396.600006
338.000000
486.700012
638.900024
523.400024
362.299988
342.500000
333.899994
282.299988
295.399994
283.500000
269.100006
257.500000
244.899994
250.600006
233.500000
242.399994
247.500000
235.699997
183.300003
181.399994
199.300003
225.899994
276.200012
290.399994
221.800003
185.399994
182.500000
174.100006
177.699997
192.800003
230.100006
258.899994
211.600006
160.300003
216.500000
277.700012
223.399994
171.600006
165.000000
156.300003
155.000000
169.100006
192.800003
234.399994
228.600006
150.399994
131.699997
127.400002
116.199997
118.699997
102.599998
100.900002
90.019997
92.230003
81.360001
77.699997
70.379997
70.720001
84.550003
48.470001
52.340000
67.739998
51.470001
62.730000
57.430000
23.049999
36.540001
57.930000
47.930000
32.580002
51.650002
30.340000
16.459999
40.580002
34.759998
24.090000
22.309999
19.209999
24.040001
25.270000
36.060001
31.379999
30.559999
32.330002
29.010000
31.230000
27.440001
28.700001
27.959999
29.540001
27.750000
32.740002
31.889999
28.760000
28.809999
31.750000
34.090000
28.790001
27.480000
23.680000
18.920000
24.780001
28.190001
23.370001
20.120001
21.209999
23.070000
21.639999
25.809999
31.889999
27.809999
122.599998
182.399994
91.330002
60.689999
59.360001
56.110001
117.300003
153.699997
104.800003
84.589996
79.300003
63.610001
61.610001
53.310001
52.360001
46.560001
44.169998
40.180000
42.430000
39.740002
37.660000
42.150002
250.300003
502.500000
347.899994
139.600006
139.100006
114.000000
88.010002
94.510002
87.739998
83.300003
69.110001
59.509998
56.730000
58.230000
62.669998
61.299999
57.150002
49.689999
50.560001
51.360001
54.549999
49.270000
49.400002
55.490002
52.910000
50.080002
50.820000
44.590000
40.040001
42.590000
42.000000
46.040001
47.209999
38.369999
39.209999
59.660000
68.760002
52.389999
80.519997
126.500000
95.839996
67.940002
68.699997
61.189999
56.900002
53.959999
50.500000
49.930000
48.119999
46.310001
41.740002
39.189999
39.980000
39.349998
38.740002
32.869999
34.029999
31.940001
29.660000
28.250000
30.510000
28.990000
28.100000
30.440001
28.240000
40.570000
68.389999
166.300003
266.399994
211.100006
145.300003
154.800003
117.099998
101.000000
112.800003
84.320000
79.360001
75.239998
68.110001
64.860001
59.900002
58.930000
57.660000
75.220001
113.099998
155.100006
184.000000
173.800003
141.199997
125.000000
105.000000
95.400002
90.639999
80.389999
80.330002
77.750000
71.230003
67.139999
68.620003
72.500000
66.230003
95.019997
112.099998
86.449997
91.709999
87.809998
77.910004
79.180000
70.330002
149.699997
409.799988
491.500000
221.899994
121.199997
171.300003
110.699997
112.000000
111.199997
105.199997
107.400002
84.459999
103.900002
86.989998
82.919998
85.260002
144.800003
209.699997
134.000000
104.500000
107.099998
98.040001
141.500000
275.200012
379.799988
255.899994
110.800003
143.199997
135.199997
133.600006
166.800003
121.099998
121.800003
114.900002
122.900002
134.000000
113.900002
104.300003
91.139999
79.839996
73.269997
85.220001
94.610001
67.019997
52.830002
68.160004
63.000000
63.480000
78.080002
78.900002
69.059998
63.950001
63.169998
57.520000
100.400002
186.399994
201.899994
117.800003
133.899994
188.800003
123.099998
91.559998
104.000000
252.399994
373.000000
300.200012
699.500000
1204.000000
1076.000000
941.000000
1019.000000
1132.000000
824.799988
470.399994
543.299988
459.899994
407.700012
430.200012
383.000000
379.500000
377.600006
288.200012
233.300003
276.399994
309.899994
347.299988
371.399994
367.000000
366.299988
310.600006
285.600006
286.500000
269.100006
239.899994
224.199997
224.899994
213.800003
220.899994
201.000000
195.199997
196.199997
181.000000
157.899994
201.699997
233.300003
168.600006
154.000000
186.600006
161.100006
142.699997
127.000000
115.599998
119.699997
116.300003
113.400002
85.839996
85.650002
63.619999
66.160004
72.279999
54.180000
50.279999
43.119999
50.160000
62.860001
109.000000
158.899994
134.399994
98.529999
78.349998
98.050003
165.899994
407.600006
537.900024
519.000000
1299.000000
2376.000000
2170.000000
1013.000000
781.099976
1352.000000
1139.000000
830.000000
850.099976
597.299988
543.099976
476.000000
397.299988
412.299988
346.600006
385.299988
425.100006
439.899994
473.200012
526.599976
471.399994
455.600006
464.100006
355.799988
300.799988
270.299988
250.899994
233.699997
205.300003
205.899994
194.300003
211.899994
204.000000
210.300003
261.899994
215.899994
149.699997
172.000000
156.000000
152.399994
186.100006
171.000000
171.699997
159.300003
185.699997
200.699997
132.500000
79.269997
84.150002
89.709999
81.370003
91.050003
108.000000
105.900002
103.699997
86.080002
66.949997
63.549999
55.439999
54.380001
50.619999
42.369999
42.849998
41.570000
37.959999
32.230000
34.720001
37.770000
36.750000
36.939999
40.040001
38.709999
33.669998
34.290001
23.590000
23.139999
34.040001
36.450001
45.299999
61.470001
48.310001
38.930000
37.709999
35.950001
38.500000
33.770000
33.930000
38.639999
36.709999
31.440001
34.669998
38.980000
32.849998
25.980000
33.099998
35.189999
35.200001
35.980000
34.310001
29.629999
25.450001
29.900000
29.520000
25.700001
28.180000
26.980000
25.959999
26.879999
21.860001
21.629999
23.330000
22.410000
23.639999
23.910000
21.190001
23.799999
25.389999
19.480000
22.200001
30.180000
26.559999
20.240000
20.889999
20.370001
22.920000
10.240000
9.214000
15.390000
21.570000
23.840000
16.490000
33.720001
58.380001
31.510000
20.730000
32.660000
25.650000
22.410000
17.260000
10.040000
7.474000
18.490000
24.549999
23.520000
33.590000
27.299999
25.969999
28.889999
24.840000
26.620001
27.020000
29.120001
27.379999
28.219999
27.080000
28.200001
28.160000
22.950001
22.799999
18.830000
18.280001
28.510000
30.500000
29.620001
31.750000
42.709999
47.770000
40.320000
59.750000
114.800003
239.800003
312.500000
206.000000
123.300003
173.100006
165.899994
99.730003
81.529999
64.160004
63.639999
59.119999
50.200001
55.740002
47.610001
44.900002
45.080002
43.110001
46.980000
41.029999
35.750000
37.730000
38.709999
48.619999
51.180000
51.439999
69.809998
70.070000
57.119999
56.040001
47.869999
48.290001
41.060001
42.820000
40.200001
33.860001
36.410000
34.450001
36.980000
33.540001
33.750000
35.230000
34.540001
33.029999
32.220001
32.209999
31.240000
62.189999
97.599998
71.519997
51.889999
60.240002
75.720001
88.470001
71.570000
60.770000
59.619999
56.360001
66.129997
77.790001
82.940002
268.299988
487.899994
357.700012
157.899994
146.100006
131.100006
111.400002
118.500000
89.599998
94.370003
92.519997
85.980003
116.699997
117.900002
84.339996
78.419998
100.800003
99.830002
74.739998
88.290001
210.500000
263.600006
327.700012
429.200012
264.500000
145.300003
151.399994
88.370003
91.449997
90.620003
69.839996
75.750000
61.320000
64.830002
65.930000
136.199997
226.500000
176.600006
104.599998
161.100006
157.100006
95.239998
104.000000
81.500000
83.029999
76.080002
78.660004
76.110001
57.349998
74.440002
70.790001
60.459999
66.959999
61.580002
62.200001
187.500000
333.500000
206.100006
102.099998
202.800003
316.399994
355.500000
220.699997
138.399994
187.100006
130.800003
111.599998
130.699997
123.500000
149.600006
134.399994
115.800003
116.800003
205.199997
1069.000000
1433.000000
599.799988
567.500000
920.099976
715.500000
398.899994
361.899994
285.000000
261.100006
290.200012
230.699997
305.500000
429.299988
490.700012
397.500000
437.399994
456.500000
320.700012
240.399994
216.300003
181.500000
164.000000
160.199997
196.699997
465.500000
610.299988
395.000000
313.500000
306.200012
269.700012
260.799988
227.199997
186.800003
150.300003
292.100006
414.000000
257.299988
176.600006
188.199997
148.600006
151.800003
162.800003
182.000000
191.199997
267.700012
862.400024
1112.000000
474.799988
247.199997
291.500000
209.399994
206.600006
232.399994
310.799988
375.799988
322.200012
267.100006
314.799988
381.600006
334.899994
246.600006
249.399994
195.399994
169.300003
153.100006
123.000000
112.500000
98.639999
94.720001
131.000000
172.500000
143.500000
115.000000
245.800003
362.899994
315.500000
271.700012
177.300003
121.400002
281.899994
342.600006
236.600006
315.700012
346.299988
255.100006
304.799988
243.600006
134.699997
158.600006
139.300003
120.800003
122.000000
107.599998
105.800003
95.209999
96.489998
93.070000
88.769997
81.040001
75.089996
68.330002
102.099998
163.500000
200.399994
197.399994
134.399994
93.699997
92.639999
77.279999
68.150002
65.900002
67.250000
60.369999
93.160004
748.200012
1221.000000
489.600006
112.500000
221.300003
138.399994
105.599998
130.100006
87.440002
91.779999
83.400002
79.050003
85.849998
62.099998
74.260002
60.939999
62.009998
51.200001
53.439999
55.410000
53.430000
44.580002
45.599998
44.439999
37.410000
44.580002
46.619999
51.259998
44.939999
52.139999
46.580002
50.419998
48.000000
167.899994
207.699997
91.050003
77.250000
73.349998
59.470001
56.880001
51.770000
50.570000
48.549999
47.090000
43.560001
39.150002
43.400002
50.049999
50.139999
34.450001
41.619999
44.680000
32.410000
38.939999
32.660000
32.590000
34.970001
33.759998
34.959999
31.910000
32.400002
31.180000
33.759998
32.980000
31.190001
30.450001
31.299999
30.670000
28.469999
27.400000
28.209999
31.870001
28.680000
29.170000
30.379999
29.180000
30.820000
30.200001
29.010000
28.510000
32.490002
35.549999
33.279999
34.430000
30.000000
24.680000
11.190000
2.496000
15.370000
44.330002
60.650002
41.049999
22.559999
30.860001
30.049999
28.379999
29.010000
28.370001
31.549999
28.730000
29.490000
28.360001
28.530001
28.730000
27.620001
29.809999
30.820000
29.650000
29.809999
28.719999
17.870001
20.330000
38.980000
38.570000
33.270000
29.959999
25.969999
29.920000
29.200001
29.980000
28.950001
30.549999
31.480000
30.280001
29.510000
28.580000
30.889999
31.540001
27.920000
23.440001
24.530001
25.059999
24.950001
24.370001
25.190001
24.049999
24.520000
24.410000
24.620001
24.379999
23.870001
24.790001
24.120001
23.780001
24.629999
25.219999
20.590000
21.389999
26.629999
26.600000
59.720001
125.000000
129.199997
113.900002
144.100006
114.500000
62.330002
65.889999
84.180000
104.000000
77.820000
56.580002
60.889999
49.400002
45.740002
41.230000
40.490002
35.939999
45.400002
59.520000
45.189999
40.040001
39.250000
79.949997
142.000000
104.300003
47.310001
53.910000
53.540001
43.849998
43.880001
50.650002
61.220001
50.930000
43.650002
42.970001
36.869999
35.070000
45.580002
85.099998
88.629997
58.389999
72.190002
77.379997
56.299999
182.199997
303.200012
170.199997
75.470001
90.470001
69.050003
110.500000
161.399994
111.699997
72.839996
75.860001
60.750000
54.660000
54.009998
49.639999
46.029999
44.000000
43.380001
38.700001
37.919998
35.410000
36.060001
32.860001
32.240002
33.560001
34.400002
33.959999
32.349998
56.419998
152.199997
235.500000
163.699997
72.889999
82.199997
73.779999
52.020000
59.099998
91.699997
166.399994
163.699997
97.349998
83.139999
77.860001
62.930000
62.959999
77.230003
90.040001
98.459999
85.500000
64.650002
60.910000
56.209999
59.610001
88.440002
143.699997
324.299988
575.000000
526.799988
308.299988
253.800003
295.299988
214.699997
113.599998
393.200012
544.799988
272.600006
187.300003
262.200012
217.800003
217.100006
252.300003
187.699997
162.899994
153.699997
187.199997
283.399994
407.399994
385.799988
208.500000
176.600006
172.800003
181.100006
185.399994
150.399994
140.899994
183.399994
561.900024
860.000000
469.100006
179.699997
252.000000
208.100006
171.899994
188.300003
155.100006
158.699997
145.300003
147.699997
180.199997
112.199997
77.720001
71.550003
90.029999
103.699997
93.339996
89.720001
100.300003
109.800003
137.000000
160.399994
164.899994
177.699997
535.700012
787.599976
577.500000
600.500000
493.200012
193.399994
229.399994
244.800003
204.899994
219.800003
150.100006
180.899994
193.500000
171.000000
166.000000
155.300003
142.399994
105.199997
113.500000
128.300003
167.199997
149.100006
154.300003
147.199997
92.860001
104.199997
93.199997
84.419998
83.180000
74.190002
54.459999
43.849998
45.259998
45.900002
53.000000
46.610001
45.040001
59.470001
56.200001
48.939999
69.699997
121.699997
122.500000
72.589996
89.000000
84.989998
47.680000
53.209999
42.360001
39.820000
41.389999
41.310001
48.509998
44.369999
33.560001
33.689999
35.849998
28.799999
29.490000
30.639999
23.809999
25.940001
28.110001
19.950001
21.340000
24.570000
20.719999
17.209999
17.610001
16.799999
24.610001
35.860001
35.790001
37.410000
39.520000
33.590000
25.930000
26.889999
24.799999
19.770000
24.629999
17.120001
12.400000
14.910000
14.900000
14.050000
16.080000
20.660000
21.860001
21.250000
22.709999
21.920000
27.469999
16.600000
14.970000
77.209999
109.900002
56.759998
37.900002
53.560001
61.189999
45.490002
32.189999
30.959999
23.580000
22.500000
18.410000
16.830000
14.590000
13.330000
11.870000
10.850000
15.600000
21.379999
23.110001
29.240000
27.670000
22.410000
26.530001
27.340000
32.580002
47.230000
58.930000
61.930000
55.930000
42.590000
33.720001
37.330002
43.369999
41.230000
36.459999
35.380001
32.080002
26.830000
28.480000
26.540001
23.160000
24.320000
22.500000
23.639999
28.700001
36.450001
63.090000
83.139999
58.349998
32.619999
74.690002
126.400002
110.800003
86.230003
81.250000
74.779999
68.480003
61.049999
56.730000
65.309998
74.050003
61.400002
55.669998
51.090000
38.849998
35.240002
35.630001
36.709999
35.119999
61.230000
88.889999
58.830002
38.650002
49.799999
48.139999
45.139999
44.619999
45.680000
45.180000
41.650002
42.450001
36.470001
32.860001
35.529999
32.400002
67.040001
100.000000
68.290001
55.070000
59.810001
125.099998
224.800003
153.600006
162.500000
304.299988
233.800003
135.000000
162.899994
162.500000
121.800003
108.400002
110.400002
96.449997
99.970001
101.199997
90.349998
83.809998
75.930000
79.160004
82.089996
72.879997
63.230000
67.230003
136.000000
338.200012
467.399994
315.000000
175.800003
164.399994
226.500000
356.700012
289.299988
181.000000
201.199997
176.399994
146.300003
141.399994
128.699997
123.000000
118.599998
111.400002
123.699997
145.100006
133.699997
109.199997
107.900002
105.500000
101.400002
103.800003
102.900002
111.800003
120.099998
115.300003
109.900002
125.500000
169.300003
262.500000
284.399994
215.100006
191.500000
173.800003
183.199997
224.399994
210.199997
198.800003
210.500000
258.500000
327.600006
252.600006
185.899994
523.700012
737.799988
365.600006
210.399994
250.800003
202.399994
220.000000
173.500000
167.699997
146.600006
127.699997
152.899994
131.500000
130.899994
128.699997
228.899994
336.700012
219.399994
200.699997
228.300003
172.300003
175.100006
210.600006
260.700012
208.800003
148.600006
144.899994
130.500000
126.500000
115.699997
298.600006
421.700012
259.100006
184.899994
185.699997
164.500000
154.199997
277.100006
372.100006
233.600006
136.899994
405.500000
581.500000
330.100006
183.199997
201.300003
160.899994
141.600006
155.000000
391.100006
482.899994
218.699997
236.100006
594.700012
1242.000000
1505.000000
957.200012
440.200012
422.899994
417.600006
307.899994
401.700012
452.000000
511.899994
549.099976
560.500000
558.799988
403.100006
365.100006
357.600006
320.200012
317.600006
296.000000
270.299988
242.399994
240.500000
231.800003
197.600006
163.699997
165.399994
156.300003
143.000000
139.399994
123.699997
125.599998
107.599998
90.440002
103.199997
114.300003
87.410004
81.760002
167.300003
229.600006
216.300003
380.700012
567.799988
541.299988
480.200012
401.899994
344.399994
347.200012
297.000000
259.000000
264.600006
249.699997
288.399994
326.299988
260.100006
178.199997
141.699997
149.100006
154.100006
160.899994
128.199997
102.300003
98.000000
88.080002
78.809998
58.900002
59.610001
54.270000
42.470001
41.580002
44.250000
117.099998
186.899994
222.699997
240.100006
237.899994
319.500000
272.100006
194.199997
263.500000
445.399994
619.200012
387.200012
149.399994
202.800003
179.800003
139.800003
521.400024
816.900024
529.700012
309.600006
254.199997
212.300003
247.300003
274.100006
237.500000
283.700012
363.000000
638.900024
1083.000000
895.799988
566.099976
723.900024
508.200012
313.299988
445.500000
425.600006
496.899994
436.100006
270.500000
238.399994
232.800003
218.899994
204.000000
196.600006
169.699997
148.199997
148.800003
143.199997
134.300003
135.199997
136.000000
149.600006
147.199997
131.000000
132.399994
130.399994
125.199997
121.599998
151.500000
286.600006
959.500000
1380.000000
654.700012
240.500000
310.000000
190.699997
176.500000
186.800003
143.800003
156.399994
135.500000
126.500000
130.600006
120.800003
138.699997
104.500000
101.500000
83.589996
82.349998
79.779999
76.800003
73.419998
66.099998
71.309998
66.849998
63.619999
57.970001
56.950001
44.709999
47.189999
45.700001
46.570000
43.820000
44.410000
42.270000
43.570000
41.639999
39.480000
37.529999
37.439999
34.200001
32.959999
34.400002
34.470001
34.189999
34.680000
34.369999
34.869999
33.860001
33.520000
31.740000
28.030001
27.309999
86.849998
135.899994
79.360001
50.150002
56.669998
43.860001
43.650002
40.540001
37.779999
40.450001
29.320000
33.790001
39.770000
35.810001
34.470001
33.470001
31.700001
